Fri May  3 08:27:54 UTC 2024
KB: 834528	/lfs_build

checking for a BSD-compatible install... /usr/bin/install -c
checking whether build environment is sane... yes
checking for x86_64-lfs-linux-uclibc-strip... x86_64-lfs-linux-uclibc-strip
checking for a race-free mkdir -p... /usr/bin/mkdir -p
checking for gawk... gawk
checking whether make sets $(MAKE)... yes
checking whether make supports nested variables... yes
checking whether make supports nested variables... (cached) yes
checking for x86_64-lfs-linux-uclibc-gcc... x86_64-lfs-linux-uclibc-gcc
checking whether the C compiler works... yes
checking for C compiler default output file name... a.out
checking for suffix of executables... 
checking whether we are cross compiling... yes
checking for suffix of object files... o
checking whether the compiler supports GNU C... yes
checking whether x86_64-lfs-linux-uclibc-gcc accepts -g... yes
checking for x86_64-lfs-linux-uclibc-gcc option to enable C11 features... none needed
checking whether x86_64-lfs-linux-uclibc-gcc understands -c and -o together... yes
checking whether the compiler is clang... no
checking for compiler option needed when checking for declarations... none
checking whether make supports the include directive... yes (GNU style)
checking dependency style of x86_64-lfs-linux-uclibc-gcc... gcc3
checking for stdio.h... yes
checking for stdlib.h... yes
checking for string.h... yes
checking for inttypes.h... yes
checking for stdint.h... yes
checking for strings.h... yes
checking for sys/stat.h... yes
checking for sys/types.h... yes
checking for unistd.h... yes
checking for wchar.h... yes
checking for minix/config.h... no
checking for pthread.h... yes
checking for sys/param.h... yes
checking for sys/socket.h... yes
checking for dirent.h... yes
checking for stdio_ext.h... yes
checking for getopt.h... yes
checking for sys/cdefs.h... yes
checking for threads.h... no
checking for iconv.h... yes
checking for limits.h... yes
checking for crtdefs.h... no
checking for wctype.h... yes
checking for langinfo.h... yes
checking for xlocale.h... yes
checking for math.h... yes
checking for sys/mman.h... yes
checking for malloc.h... yes
checking for spawn.h... yes
checking for sys/time.h... yes
checking for sys/random.h... yes
checking for sys/wait.h... yes
checking for features.h... yes
checking for arpa/inet.h... yes
checking for semaphore.h... yes
checking for netdb.h... yes
checking for netinet/in.h... yes
checking for sys/select.h... yes
checking for sys/ioctl.h... yes
checking for sys/uio.h... yes
checking whether it is safe to define __EXTENSIONS__... yes
checking whether _XOPEN_SOURCE should be defined... no
checking build system type... x86_64-pc-linux-gnu
checking host system type... x86_64-lfs-linux-uclibc
checking how to run the C preprocessor... x86_64-lfs-linux-uclibc-gcc -E
checking for grep that handles long lines and -e... /usr/bin/grep
checking for egrep... /usr/bin/grep -E
checking for Minix Amsterdam compiler... no
checking for x86_64-lfs-linux-uclibc-ar... x86_64-lfs-linux-uclibc-ar
checking for x86_64-lfs-linux-uclibc-ranlib... x86_64-lfs-linux-uclibc-ranlib
checking whether to use C++... no
checking for _LARGEFILE_SOURCE value needed for large files... no
checking for special C compiler options needed for large files... no
checking for _FILE_OFFSET_BITS value needed for large files... no
configure: autobuild project... GNU M4
configure: autobuild revision... 1.4.19
configure: autobuild hostname... fv-az1208-498
configure: autobuild timestamp... 20240503T082755Z
checking for unsigned long long int... yes
checking for long long int... yes
checking for unsigned long long int... (cached) yes
checking for size_t... yes
checking for working alloca.h... yes
checking for alloca... yes
checking for inline... inline
checking whether <wchar.h> uses 'inline' correctly... yes
checking for btowc... yes
checking for canonicalize_file_name... yes
checking for faccessat... yes
checking for realpath... yes
checking for lstat... yes
checking for _set_invalid_parameter_handler... no
checking for fchdir... yes
checking for fcntl... yes
checking for symlink... yes
checking for fdopendir... yes
checking for mempcpy... yes
checking for fpurge... no
checking for __fpurge... yes
checking for __freadahead... no
checking for __freading... yes
checking for fstatat... yes
checking for getdtablesize... yes
checking for getprogname... no
checking for getexecname... no
checking for getrandom... yes
checking for iswcntrl... yes
checking for iswblank... yes
checking for uselocale... yes
checking for newlocale... yes
checking for duplocale... yes
checking for freelocale... yes
checking for mbsinit... yes
checking for mbrtowc... yes
checking for mbslen... no
checking for mprotect... yes
checking for mkstemp... yes
checking for nl_langinfo... yes
checking for openat... yes
checking for pipe... yes
checking for pipe2... yes
checking for posix_spawn_file_actions_addchdir_np... no
checking for posix_spawn_file_actions_addchdir... no
checking for readlink... yes
checking for isblank... yes
checking for iswctype... yes
checking for link... yes
checking for secure_getenv... yes
checking for getuid... yes
checking for geteuid... yes
checking for getgid... yes
checking for getegid... yes
checking for sigaction... yes
checking for sigaltstack... yes
checking for siginterrupt... yes
checking for setrlimit... yes
checking for getrlimit... yes
checking for snprintf... yes
checking for strerror_r... yes
checking for __xpg_strerror_r... yes
checking for strndup... yes
checking for vasnprintf... no
checking for wcrtomb... yes
checking for wcwidth... yes
checking for explicit_bzero... yes
checking for memset_s... no
checking for ftruncate... yes
checking for gettimeofday... yes
checking for pthread_sigmask... yes
checking for setenv... yes
checking for sleep... yes
checking for catgets... no
checking for shutdown... yes
checking for mquery... no
checking for pstat_getprocvm... no
checking for wctob... yes
checking for nl_langinfo and CODESET... yes
checking for a traditional french locale... none
checking whether malloc is ptrdiff_t safe... yes
checking whether malloc, realloc, calloc set errno on failure... yes
checking whether lstat correctly handles trailing slash... guessing yes
checking whether // is distinct from /... unknown, assuming no
checking whether realpath works... guessing no
checking for getcwd... yes
checking whether the preprocessor supports include_next... yes
checking whether source code line length is unlimited... yes
checking for x86_64-lfs-linux-uclibc-gcc options needed to detect all undeclared functions... none needed
checking if environ is properly declared... yes
checking for complete errno.h... yes
checking whether strerror_r is declared... yes
checking whether strerror_r returns char *... yes
checking for mode_t... yes
checking for sig_atomic_t... yes
checking whether fchdir is declared... yes
checking for working fcntl.h... cross-compiling
checking for pid_t... yes
checking for eaccess... yes
checking whether frexp() can be used without linking with libm... yes
checking whether alarm is declared... yes
checking whether long double and double are the same... no
checking whether stdin defaults to large file offsets... yes
checking whether fseeko is declared... yes
checking for fseeko... yes
checking whether fflush works on input streams... cross
checking whether stat file-mode macros are broken... no
checking for C/C++ restrict keyword... __restrict__
checking for nlink_t... yes
checking whether ftello is declared... yes
checking whether ungetc works on arbitrary bytes... guessing no
checking for ftello... yes
checking whether ftello works... guessing yes
checking whether getcwd (NULL, 0) allocates memory for result... guessing no
checking for getcwd with POSIX signature... yes
checking whether getcwd is declared... yes
checking whether getdtablesize is declared... yes
checking for getopt.h... (cached) yes
checking for getopt_long_only... yes
checking whether getopt is POSIX compatible... guessing yes
checking for working GNU getopt function... guessing no
checking for pthread.h... (cached) yes
checking for pthread_kill in -lpthread... yes
checking whether POSIX threads API is available... yes
checking whether setlocale (LC_ALL, NULL) is multithread-safe... guessing no
checking whether setlocale (category, NULL) is multithread-safe... guessing no
checking whether imported symbols can be declared weak... guessing yes
checking host CPU and C ABI... x86_64
checking for ld used by x86_64-lfs-linux-uclibc-gcc... /lfs_build/tools/x86_64-lfs-linux-uclibc/bin/ld
checking if the linker (/lfs_build/tools/x86_64-lfs-linux-uclibc/bin/ld) is GNU ld... yes
checking for shared library run path origin... done
checking 32-bit host C ABI... no
checking for ELF binary format... yes
checking for the common suffixes of directories in the library search path... lib,lib,lib64
checking for iconv... yes
checking for working iconv... guessing yes
checking whether iconv is compatible with its POSIX signature... yes
checking whether limits.h has LLONG_MAX, WORD_BIT, ULLONG_WIDTH etc.... yes
checking for wint_t... yes
checking whether wint_t is large enough... yes
checking whether the compiler produces multi-arch binaries... no
checking whether stdint.h conforms to C99... guessing yes
checking whether stdint.h works without ISO C predefines... yes
checking whether stdint.h has UINTMAX_WIDTH etc.... no
checking where to find the exponent in a 'double'... word 1 bit 20
checking where to find the exponent in a 'float'... word 0 bit 23
checking whether byte ordering is bigendian... (cached) no
checking whether iswcntrl works... guessing yes
checking for towlower... yes
checking for wctype_t... yes
checking for wctrans_t... yes
checking for a traditional japanese locale... none
checking for a french Unicode locale... none
checking for a transitional chinese locale... none
checking whether langinfo.h defines CODESET... yes
checking whether langinfo.h defines T_FMT_AMPM... yes
checking whether langinfo.h defines ALTMON_1... no
checking whether langinfo.h defines ERA... yes
checking whether langinfo.h defines YESEXPR... yes
checking for wchar_t... yes
checking for good max_align_t... yes
checking whether NULL can be used in arbitrary expressions... yes
checking whether locale.h defines locale_t... yes
checking whether locale.h conforms to POSIX:2001... yes
checking whether struct lconv is properly defined... yes
checking for LC_MESSAGES... yes
checking whether uselocale works... guessing yes
checking for fake locale system (OpenBSD)... guessing no
checking for Solaris 11.4 locale system... no
checking for getlocalename_l... no
checking for CFPreferencesCopyAppValue... no
checking for CFLocaleCopyPreferredLanguages... no
checking for multithread API to use... none
checking for a sed that does not truncate output... /usr/bin/sed
checking whether malloc (0) returns nonnull... guessing no
checking whether NAN macro works... yes
checking whether HUGE_VAL works... yes
checking for mbstate_t... yes
checking for mmap... yes
checking for MAP_ANONYMOUS... yes
checking whether memchr works... guessing no
checking whether memrchr is declared... yes
checking whether <limits.h> defines MIN and MAX... no
checking whether <sys/param.h> defines MIN and MAX... yes
checking for O_CLOEXEC... yes
checking for promoted mode_t type... mode_t
checking for library containing posix_spawn... none required
checking for posix_spawn... yes
checking whether posix_spawn is declared... yes
checking for sigset_t... yes
checking for SIGPIPE... yes
checking for sched.h... yes
checking for struct sched_param... yes
checking for uid_t in sys/types.h... yes
checking for volatile sig_atomic_t... yes
checking for sighandler_t... yes
checking whether C symbols are prefixed with underscore at the linker level... no
checking whether snprintf returns a byte count as in C99... guessing no
checking whether snprintf is declared... yes
checking for posix_spawnattr_t... yes
checking for posix_spawn_file_actions_t... yes
checking for stdbool.h that conforms to C99... yes
checking for _Bool... yes
checking whether fcloseall is declared... yes
checking which flavor of printf attribute matches inttypes macros... system
checking whether ecvt is declared... no
checking whether fcvt is declared... no
checking whether gcvt is declared... yes
checking whether strdup is declared... yes
checking whether strerror(0) succeeds... guessing no
checking whether strndup is declared... yes
checking whether strnlen is declared... yes
checking whether strsignal is declared... yes
checking whether ldexp() can be used without linking with libm... yes
checking for struct timespec in <time.h>... yes
checking for TIME_UTC in <time.h>... yes
checking whether execvpe is declared... yes
checking whether clearerr_unlocked is declared... yes
checking whether feof_unlocked is declared... yes
checking whether ferror_unlocked is declared... yes
checking whether fflush_unlocked is declared... yes
checking whether fgets_unlocked is declared... yes
checking whether fputc_unlocked is declared... yes
checking whether fputs_unlocked is declared... yes
checking whether fread_unlocked is declared... yes
checking whether fwrite_unlocked is declared... yes
checking whether getc_unlocked is declared... yes
checking whether getchar_unlocked is declared... yes
checking whether putc_unlocked is declared... yes
checking whether putchar_unlocked is declared... yes
checking for inttypes.h... yes
checking for stdint.h... yes
checking for intmax_t... yes
checking whether snprintf truncates the result as in C99... guessing no
checking for snprintf... (cached) yes
checking for strnlen... yes
checking for wcslen... yes
checking for wcsnlen... yes
checking for mbrtowc... (cached) yes
checking for wcrtomb... (cached) yes
checking whether _snprintf is declared... no
checking whether printf supports size specifiers as in C99... guessing no
checking whether printf supports 'long double' arguments... guessing yes
checking whether printf supports infinite 'double' arguments... guessing no
checking whether printf supports infinite 'long double' arguments... guessing no
checking whether printf supports the 'a' and 'A' directives... guessing no
checking whether printf supports the 'F' directive... guessing no
checking whether printf supports the 'n' directive... guessing yes
checking whether printf supports the 'ls' directive... guessing yes
checking whether printf supports the grouping flag... guessing yes
checking whether printf supports the left-adjust flag correctly... guessing yes
checking whether printf supports the zero flag correctly... guessing no
checking whether printf supports large precisions... guessing yes
checking whether printf survives out-of-memory conditions... guessing no
checking whether wcsdup is declared... yes
checking whether <sys/socket.h> is self-contained... yes
checking for shutdown... (cached) yes
checking whether <sys/socket.h> defines the SHUT_* macros... yes
checking for struct sockaddr_storage... yes
checking for sa_family_t... yes
checking for struct sockaddr_storage.ss_family... yes
checking for library needed for semaphore functions... none
checking for struct timeval... yes
checking for wide-enough struct timeval.tv_sec member... yes
checking for IPv4 sockets... yes
checking for IPv6 sockets... yes
checking for off_t... yes
checking whether INT32_MAX < INTMAX_MAX... yes
checking whether INT64_MAX == LONG_MAX... yes
checking whether UINT32_MAX < UINTMAX_MAX... yes
checking whether UINT64_MAX == ULONG_MAX... yes
checking whether <sys/select.h> is self-contained... yes
checking for library containing setsockopt... none needed
checking whether select supports a 0 argument... guessing yes
checking whether select detects invalid fds... guessing yes
checking for pthread_t... yes
checking for pthread_spinlock_t... yes
checking for PTHREAD_CREATE_DETACHED... yes
checking for PTHREAD_MUTEX_RECURSIVE... yes
checking for PTHREAD_MUTEX_ROBUST... yes
checking for PTHREAD_PROCESS_SHARED... yes
checking whether setenv is declared... yes
checking for search.h... yes
checking for tsearch... yes
checking whether <sys/ioctl.h> declares ioctl... yes
checking whether unsetenv is declared... yes
checking for alloca as a compiler built-in... yes
checking whether to enable assertions... yes
checking whether btowc(0) is correct... guessing yes
checking whether btowc(EOF) is correct... guessing yes
checking for __builtin_expect... yes
checking whether calloc (0, n) and calloc (n, 0) return nonnull... guessing no
checking whether this system supports file names of any length... no
checking for library containing clock_gettime... none required
checking for clock_gettime... yes
checking for clock_settime... yes
checking for closedir... yes
checking for d_ino member in directory struct... guessing no
checking for dirfd... yes
checking whether dirfd is declared... yes
checking whether dirfd is a macro... no
checking whether // is distinct from /... (cached) unknown, assuming no
checking whether dup works... guessing yes
checking whether dup2 works... guessing yes
checking for error_at_line... yes
checking whether fflush works on input streams... (cached) cross
checking whether fcntl handles F_DUPFD correctly... guessing yes
checking whether fcntl understands F_DUPFD_CLOEXEC... guessing no
checking whether fdopendir is declared... yes
checking whether fdopendir works... guessing no
checking whether fflush works on input streams... (cached) cross
checking for flexible array member... yes
checking whether conversion from 'int' to 'long double' works... guessing yes
checking whether fopen recognizes a trailing slash... guessing yes
checking whether fopen supports the mode character 'x'... guessing no
checking whether fopen supports the mode character 'e'... guessing no
checking for __fpending... yes
checking whether __fpending is declared... yes
checking whether fpurge is declared... no
checking whether free is known to preserve errno... no
checking whether frexp works... guessing yes
checking whether frexpl is declared... yes
checking whether frexpl() can be used without linking with libm... yes
checking whether frexpl works... guessing yes
checking for fseeko... (cached) yes
checking whether fflush works on input streams... (cached) cross
checking for _fseeki64... no
checking whether fstatat (..., 0) works... guessing yes
checking for ftello... (cached) yes
checking whether ftello works... (cached) guessing yes
checking whether getcwd handles long file names properly... guessing no, but it is partly working
checking whether getdtablesize works... guessing yes
checking for getpagesize... yes
checking whether getpagesize is declared... yes
checking whether program_invocation_name is declared... yes
checking whether program_invocation_short_name is declared... yes
checking whether __argv is declared... no
checking whether getrandom is compatible with its GNU+BSD signature... no
checking whether the compiler generally respects inline... yes
checking whether isnan(double) can be used without linking with libm... yes
checking whether isnan(float) can be used without linking with libm... yes
checking whether isnan(float) works... guessing yes
checking whether isnan(long double) can be used without linking with libm... yes
checking whether isnanl works... guessing yes
checking whether iswblank is declared... yes
checking whether iswdigit is ISO C compliant... guessing yes
checking whether iswxdigit is ISO C compliant... guessing yes
checking whether the compiler supports the __inline keyword... yes
checking whether lseek detects pipes... yes
checking whether malloc (0) returns nonnull... (cached) guessing no
checking whether mbrtowc handles incomplete characters... guessing yes
checking whether mbrtowc works as well as mbtowc... guessing yes
checking whether mbrtowc handles a NULL pwc argument... guessing yes
checking whether mbrtowc handles a NULL string argument... guessing yes
checking whether mbrtowc has a correct return value... guessing yes
checking whether mbrtowc returns 0 when parsing a NUL character... guessing yes
checking whether mbrtowc stores incomplete characters... guessing no
checking whether mbrtowc works on empty input... guessing yes
checking whether the C locale is free of encoding errors... guessing no
checking whether mbrtowc handles incomplete characters... (cached) guessing yes
checking whether mbrtowc works as well as mbtowc... (cached) guessing yes
checking for mbtowc... yes
checking for bp-sym.h... no
checking for mempcpy... (cached) yes
checking for memrchr... yes
checking whether mkdir handles trailing slash... guessing yes
checking whether mkdir handles trailing dot... guessing no
checking for mkdtemp... yes
checking for working mkstemp... guessing no
checking whether YESEXPR works... guessing yes
checking for obstacks that work with any size object... no
checking whether open recognizes a trailing slash... guessing yes
checking for opendir... yes
checking for paths.h... yes
checking for confstr... yes
checking for sched_setparam... yes
checking for sched_setscheduler... yes
checking for setegid... yes
checking for seteuid... yes
checking for vfork... yes
checking whether frexp works... (cached) guessing yes
checking whether ldexp can be used without linking with libm... (cached) yes
checking whether frexpl() can be used without linking with libm... (cached) yes
checking whether frexpl works... (cached) guessing yes
checking whether frexpl is declared... (cached) yes
checking whether ldexpl() can be used without linking with libm... yes
checking whether ldexpl works... guessing yes
checking whether ldexpl is declared... yes
checking whether program_invocation_name is declared... (cached) yes
checking whether program_invocation_short_name is declared... (cached) yes
checking for raise... yes
checking for sigprocmask... yes
checking for rawmemchr... yes
checking for readdir... yes
checking whether readlink signature is correct... yes
checking whether readlink handles trailing slash correctly... guessing yes
checking whether readlink truncates results correctly... guessing yes
checking whether realloc (0, 0) returns nonnull... guessing no
checking for reallocarray... yes
checking for working re_compile_pattern... guessing no
checking for libintl.h... no
checking whether isblank is declared... yes
checking whether rename honors trailing slash on destination... guessing yes
checking whether rename honors trailing slash on source... guessing yes
checking whether rename manages hard links correctly... guessing yes
checking whether rename manages existing destinations correctly... guessing yes
checking for rewinddir... yes
checking whether rmdir works... guessing yes
checking whether setlocale supports the C locale... guessing yes
checking whether setlocale (LC_ALL, NULL) is multithread-safe... (cached) guessing no
checking whether setlocale (category, NULL) is multithread-safe... (cached) guessing no
checking whether imported symbols can be declared weak... (cached) guessing yes
checking whether the -Werror option is usable... yes
checking for simple visibility declarations... yes
checking for struct sigaction.sa_sigaction... yes
checking for signbit macro... guessing no
checking for signbit compiler built-ins... guessing no
checking where to find the sign bit in a 'float'... unknown
checking where to find the sign bit in a 'double'... unknown
checking where to find the sign bit in a 'long double'... unknown
checking whether copysignf is declared... yes
checking whether copysignf can be used without linking with libm... yes
checking whether copysign is declared... yes
checking whether copysign can be used without linking with libm... yes
checking whether copysignl is declared... yes
checking whether copysignl can be used without linking with libm... yes
checking for sigprocmask... (cached) yes
checking for stack direction... grows down
checking for stack_t... yes
checking for working sigaltstack... guessing yes
checking for correct stack_t interpretation... guessing yes
checking for stdint.h... (cached) yes
checking for SIZE_MAX... yes
checking for snprintf... (cached) yes
checking whether snprintf respects a size of 1... guessing yes
checking for ssize_t... yes
checking whether stat handles trailing slashes on files... guessing yes
checking for struct stat.st_atim.tv_nsec... yes
checking whether struct stat.st_atim is of type struct timespec... yes
checking for struct stat.st_birthtimespec.tv_nsec... no
checking for struct stat.st_birthtimensec... no
checking for struct stat.st_birthtim.tv_nsec... no
checking for working stdalign.h... yes
checking for va_copy... yes
checking for stpcpy... yes
checking for strchrnul... yes
checking whether strchrnul works... guessing yes
checking for working strndup... guessing yes
checking for working strnlen... yes
checking for strsignal... yes
checking whether strsignal always returns a string... guessing yes
checking whether strtod obeys C99... guessing no
checking for nl_langinfo... (cached) yes
checking for sys/single_threaded.h... no
checking for ptrdiff_t... yes
checking for vasprintf... yes
checking for vasprintf... (cached) yes
checking for nl_langinfo... (cached) yes
checking for ptrdiff_t... (cached) yes
checking for waitid... yes
checking whether mbrtowc handles incomplete characters... (cached) guessing yes
checking whether mbrtowc works as well as mbtowc... (cached) guessing yes
checking whether wcrtomb works in the C locale... guessing yes
checking whether wcrtomb return value is correct... guessing yes
checking whether wcwidth is declared... yes
checking whether wcwidth works reasonably in UTF-8 locales... guessing no
checking for stdint.h... (cached) yes
checking for a traditional french locale... (cached) none
checking for a french Unicode locale... (cached) none
checking for a traditional french locale... (cached) none
checking for a turkish Unicode locale... none
checking whether open recognizes a trailing slash... (cached) guessing yes
checking for close_range... no
checking whether fdopen sets errno... guessing yes
checking whether freopen works on closed fds... guessing yes
checking for gettimeofday with POSIX signature... almost
checking for library containing inet_pton... none required
checking whether inet_pton is declared... yes
checking whether byte ordering is bigendian... (cached) no
checking for ioctl... yes
checking for ioctl with POSIX signature... no
checking where to find the exponent in a 'double'... (cached) word 1 bit 20
checking where to find the exponent in a 'float'... (cached) word 0 bit 23
checking where to find the exponent in a 'long double'... unknown
checking for a traditional french locale... (cached) none
checking for a french Unicode locale... (cached) none
checking for a traditional japanese locale... (cached) none
checking for a transitional chinese locale... (cached) none
checking for a traditional french locale... (cached) none
checking for a french Unicode locale... (cached) none
checking for a traditional japanese locale... (cached) none
checking for a transitional chinese locale... (cached) none
checking whether link obeys POSIX... guessing yes
checking for a traditional french locale... (cached) none
checking for a french Unicode locale... (cached) none
checking for a traditional japanese locale... (cached) none
checking for a transitional chinese locale... (cached) none
checking for a french Unicode locale... (cached) none
checking for a french Unicode locale... (cached) none
checking for a transitional chinese locale... (cached) none
checking for library containing nanosleep... none required
checking for working nanosleep... guessing no (mishandles large arguments)
checking whether <netinet/in.h> is self-contained... yes
checking for a traditional french locale... (cached) none
checking for a french Unicode locale... (cached) none
checking whether perror matches strerror... guessing no
checking whether pthread_create exists as a global function... yes
checking whether pthread_sigmask is a macro... no
checking whether pthread_sigmask works without -lpthread... guessing yes
checking whether pthread_sigmask returns error numbers... guessing yes
checking whether pthread_sigmask unblocks signals correctly... guessing yes
checking for putenv compatible with GNU and SVID... guessing no
checking whether _putenv is declared... no
checking whether sched_yield is declared... yes
checking whether select supports a 0 argument... (cached) guessing yes
checking whether select detects invalid fds... (cached) guessing yes
checking whether setenv validates arguments... guessing no
checking for a traditional french locale... (cached) none
checking for a french Unicode locale... (cached) none
checking for a traditional japanese locale... (cached) none
checking for a transitional chinese locale... (cached) none
checking whether sleep is declared... yes
checking for working sleep... guessing no
checking for socklen_t... yes
checking for a traditional french locale... (cached) none
checking for a french Unicode locale... (cached) none
checking whether symlink handles trailing slash correctly... guessing yes
checking for unsetenv... yes
checking for unsetenv() return type... int
checking whether unsetenv obeys POSIX... guessing no
checking for a traditional french locale... (cached) none
checking for a french Unicode locale... (cached) none
checking for a traditional japanese locale... (cached) none
checking for a transitional chinese locale... (cached) none
checking whether wctob works... guessing yes
checking whether wctob is declared... yes
checking whether an open file can be renamed... guessing no
checking if changeword is wanted... no
checking which shell to use for syscmd... /bin/sh
checking if malloc debugging is wanted... no
checking whether NLS is requested... yes
checking for msgfmt... no
checking for gmsgfmt... :
checking for xgettext... no
checking for msgmerge... no
checking for CFPreferencesCopyAppValue... (cached) no
checking for CFLocaleCopyPreferredLanguages... (cached) no
checking for GNU gettext in libc... no
checking for iconv... (cached) yes
checking for working iconv... (cached) guessing yes
checking for GNU gettext in libintl... no
checking whether to use NLS... no
checking that generated files are newer than configure... done
configure: creating ./config.status
config.status: creating Makefile
config.status: creating doc/Makefile
config.status: creating lib/Makefile
config.status: creating po/Makefile.in
config.status: creating src/Makefile
config.status: creating tests/Makefile
config.status: creating checks/Makefile
config.status: creating examples/Makefile
config.status: creating lib/config.h
config.status: executing depfiles commands
config.status: executing stamp-h commands
config.status: executing po-directories commands
config.status: creating po/POTFILES
config.status: creating po/Makefile
make  all-recursive
make[1]: Entering directory '/lfs_build/sources/m4-1.4.19'
Making all in .
make[2]: Entering directory '/lfs_build/sources/m4-1.4.19'
make[2]: Nothing to be done for 'all-am'.
make[2]: Leaving directory '/lfs_build/sources/m4-1.4.19'
Making all in examples
make[2]: Entering directory '/lfs_build/sources/m4-1.4.19/examples'
make[2]: Nothing to be done for 'all'.
make[2]: Leaving directory '/lfs_build/sources/m4-1.4.19/examples'
Making all in lib
make[2]: Entering directory '/lfs_build/sources/m4-1.4.19/lib'
  GEN      alloca.h
  GEN      configmake.h
  GEN      dirent.h
  GEN      fcntl.h
  GEN      getopt.h
  GEN      getopt-cdefs.h
  GEN      iconv.h
  GEN      inttypes.h
  GEN      langinfo.h
  GEN      limits.h
  GEN      locale.h
  GEN      math.h
  GEN      sched.h
  GEN      signal.h
  GEN      sigsegv.h
  GEN      spawn.h
  GEN      stdint.h
  GEN      stdio.h
  GEN      stdlib.h
  GEN      string.h
  GEN      sys/random.h
  GEN      sys/stat.h
  GEN      sys/types.h
  GEN      sys/wait.h
  GEN      time.h
  GEN      unistd.h
  GEN      unistr.h
  GEN      unitypes.h
  GEN      uniwidth.h
  GEN      wchar.h
  GEN      wctype.h
make  all-am
make[3]: Entering directory '/lfs_build/sources/m4-1.4.19/lib'
  CC       asyncsafe-spin.o
  CC       openat-proc.o
  CC       basename-lgpl.o
  CC       gl_avltree_oset.o
  CC       binary-io.o
  CC       bitrotate.o
  CC       c-ctype.o
  CC       c-stack.o
  CC       c-strcasecmp.o
  CC       c-strncasecmp.o
  CC       canonicalize.o
  CC       clean-temp.o
  CC       clean-temp-simple.o
canonicalize.c: In function 'canonicalize_filename_mode':
canonicalize.c:484:5: warning: #warning "GCC might issue a bogus -Wreturn-local-addr warning here." [-Wcpp]
  484 |    #warning "GCC might issue a bogus -Wreturn-local-addr warning here."
      |     ^~~~~~~
canonicalize.c:485:5: warning: #warning "See <https://gcc.gnu.org/bugzilla/show_bug.cgi?id=93644>." [-Wcpp]
  485 |    #warning "See <https://gcc.gnu.org/bugzilla/show_bug.cgi?id=93644>."
      |     ^~~~~~~
  CC       cloexec.o
  CC       close-stream.o
  CC       closein.o
  CC       closeout.o
  CC       concat-filename.o
  CC       dirname.o
  CC       basename.o
  CC       dirname-lgpl.o
  CC       stripslash.o
  CC       execute.o
  CC       exitfail.o
  CC       fatal-signal.o
  CC       fd-hook.o
  CC       fd-safer-flag.o
  CC       dup-safer-flag.o
  CC       file-set.o
  CC       filenamecat.o
  CC       filenamecat-lgpl.o
  CC       findprog-in.o
  CC       fopen-safer.o
  CC       freading.o
  CC       getprogname.o
  CC       hard-locale.o
  CC       hash.o
  CC       hash-pjw.o
  CC       hash-triple-simple.o
  CC       gl_linked_list.o
  CC       gl_linkedhash_list.o
  CC       gl_list.o
  CC       localcharset.o
  CC       localename.o
  CC       localename-table.o
  CC       malloca.o
  CC       math.o
  CC       mbchar.o
  CC       mbiter.o
  CC       mbslen.o
  CC       mbsstr.o
  CC       mbuiter.o
  CC       memchr2.o
  CC       openat-die.o
  CC       gl_oset.o
  CC       pipe2.o
  CC       pipe2-safer.o
  CC       printf-frexp.o
  CC       printf-frexpl.o
  CC       progname.o
  CC       propername.o
  CC       quotearg.o
  CC       save-cwd.o
  CC       malloc/scratch_buffer_dupfree.o
  CC       malloc/scratch_buffer_grow.o
  CC       malloc/scratch_buffer_grow_preserve.o
  CC       malloc/scratch_buffer_set_array_size.o
  CC       setlocale_null.o
  CC       sig-handler.o
  CC       sigsegv.o
  CC       stackvma.o
  CC       spawn-pipe.o
  CC       stat-time.o
  CC       mkstemp-safer.o
  CC       striconv.o
  CC       strnlen1.o
  CC       tempname.o
  CC       glthread/threadlib.o
  CC       glthread/tls.o
  CC       tmpdir.o
  CC       trim.o
  CC       unistd.o
  CC       dup-safer.o
  CC       fd-safer.o
  CC       pipe-safer.o
  CC       verror.o
  CC       version-etc.o
  CC       version-etc-fsf.o
  CC       wait-process.o
  CC       wctype-h.o
  CC       xmalloc.o
  CC       xalloc-die.o
  CC       gl_xlist.o
  CC       xmalloca.o
  CC       gl_xoset.o
  CC       xprintf.o
  CC       xsize.o
  CC       xstriconv.o
  CC       xstrndup.o
  CC       xvasprintf.o
  CC       xasprintf.o
  CC       asnprintf.o
  CC       asprintf.o
  CC       calloc.o
  CC       canonicalize-lgpl.o
  CC       chdir-long.o
  CC       fclose.o
  CC       fcntl.o
canonicalize-lgpl.c:73: warning: "__mempcpy" redefined
   73 | # define __mempcpy mempcpy
      | 
In file included from ./string.h:41,
                 from canonicalize-lgpl.c:34:
/lfs_build/usr/include/string.h:234: note: this is the location of the previous definition
  234 | # define __mempcpy(dest, src, n) __builtin_mempcpy(dest, src, n)
      | 
canonicalize-lgpl.c: In function 'rpl_realpath':
canonicalize-lgpl.c:439:5: warning: #warning "GCC might issue a bogus -Wreturn-local-addr warning here." [-Wcpp]
  439 |    #warning "GCC might issue a bogus -Wreturn-local-addr warning here."
      |     ^~~~~~~
canonicalize-lgpl.c:440:5: warning: #warning "See <https://gcc.gnu.org/bugzilla/show_bug.cgi?id=93644>." [-Wcpp]
  440 |    #warning "See <https://gcc.gnu.org/bugzilla/show_bug.cgi?id=93644>."
      |     ^~~~~~~
  CC       fdopendir.o
  CC       fflush.o
  CC       fopen.o
  CC       fpurge.o
  CC       freadahead.o
  CC       free.o
  CC       fseek.o
  CC       fseeko.o
  CC       getcwd.o
  CC       getcwd-lgpl.o
  CC       getopt.o
  CC       getopt1.o
  CC       getrandom.o
  CC       malloc.o
  CC       mbrtowc.o
  CC       memchr.o
  CC       mkdir.o
  CC       mkstemp.o
  CC       nl_langinfo.o
  CC       obstack.o
  CC       printf-args.o
  CC       printf-parse.o
  CC       realloc.o
  CC       regex.o
  CC       setlocale.o
  CC       setlocale-lock.o
  CC       signbitd.o
  CC       signbitf.o
  CC       signbitl.o
  CC       snprintf.o
  CC       spawn.o
  CC       spawn_faction_addchdir.o
  CC       spawn_faction_addclose.o
  CC       spawn_faction_adddup2.o
  CC       spawn_faction_addopen.o
  CC       spawn_faction_destroy.o
  CC       spawn_faction_init.o
  CC       spawnattr_destroy.o
  CC       spawnattr_init.o
  CC       spawnattr_setflags.o
  CC       spawnattr_setpgroup.o
  CC       spawnattr_setsigmask.o
  CC       spawni.o
  CC       spawnp.o
  CC       strerror.o
  CC       strerror-override.o
  CC       strstr.o
  CC       strtod.o
  CC       vasnprintf.o
  CC       vasprintf.o
  CC       wcwidth.o
  CC       malloc/dynarray_at_failure.o
  CC       malloc/dynarray_emplace_enlarge.o
  CC       malloc/dynarray_finalize.o
  CC       malloc/dynarray_resize.o
  CC       malloc/dynarray_resize_clear.o
  CC       glthread/lock.o
  CC       unistr/u8-mbtoucr.o
  CC       unistr/u8-uctomb.o
  CC       unistr/u8-uctomb-aux.o
  CC       uniwidth/width.o
  AR       libm4.a
make[3]: Leaving directory '/lfs_build/sources/m4-1.4.19/lib'
make[2]: Leaving directory '/lfs_build/sources/m4-1.4.19/lib'
Making all in src
make[2]: Entering directory '/lfs_build/sources/m4-1.4.19/src'
  CC       m4.o
  CC       builtin.o
  CC       debug.o
  CC       eval.o
  CC       format.o
  CC       freeze.o
  CC       input.o
  CC       macro.o
  CC       output.o
  CC       path.o
  CC       symtab.o
  CCLD     m4
make[2]: Leaving directory '/lfs_build/sources/m4-1.4.19/src'
Making all in doc
make[2]: Entering directory '/lfs_build/sources/m4-1.4.19/doc'
make[2]: Nothing to be done for 'all'.
make[2]: Leaving directory '/lfs_build/sources/m4-1.4.19/doc'
Making all in checks
make[2]: Entering directory '/lfs_build/sources/m4-1.4.19/checks'
make[2]: Nothing to be done for 'all'.
make[2]: Leaving directory '/lfs_build/sources/m4-1.4.19/checks'
Making all in po
make[2]: Entering directory '/lfs_build/sources/m4-1.4.19/po'
make[2]: Nothing to be done for 'all'.
make[2]: Leaving directory '/lfs_build/sources/m4-1.4.19/po'
Making all in tests
make[2]: Entering directory '/lfs_build/sources/m4-1.4.19/tests'
  GEN      ctype.h
  GEN      test-posix_spawn-dup2-stdout.sh
  GEN      test-posix_spawn-dup2-stdin.sh
  GEN      arpa/inet.h
  GEN      pthread.h
  GEN      sys/ioctl.h
  GEN      sys/select.h
  GEN      sys/socket.h
  GEN      sys/time.h
  GEN      sys/uio.h
make  all-recursive
make[3]: Entering directory '/lfs_build/sources/m4-1.4.19/tests'
Making all in .
make[4]: Entering directory '/lfs_build/sources/m4-1.4.19/tests'
  CC       locale.o
  CC       gl_array_list.o
  CC       gl_array_oset.o
  CC       findprog.o
  CC       imaxtostr.o
  CC       inttostr.o
  CC       offtostr.o
  CC       uinttostr.o
  CC       umaxtostr.o
  CC       read-file.o
  CC       sockets.o
  CC       sys_socket.o
  CC       vma-iter.o
  CC       xconcat-filename.o
  CC       ioctl.o
  CC       nanosleep.o
  CC       perror.o
  CC       pthread_sigmask.o
  CC       putenv.o
  CC       setenv.o
  CC       sleep.o
  CC       strerror_r.o
  CC       unsetenv.o
  CC       test-localcharset.o
  CC       glthread/thread.o
  AR       libtests.a
  CCLD     current-locale
  CCLD     test-localcharset
make[4]: Leaving directory '/lfs_build/sources/m4-1.4.19/tests'
make[3]: Leaving directory '/lfs_build/sources/m4-1.4.19/tests'
make[2]: Leaving directory '/lfs_build/sources/m4-1.4.19/tests'
make[1]: Leaving directory '/lfs_build/sources/m4-1.4.19'
make  install-recursive
make[1]: Entering directory '/lfs_build/sources/m4-1.4.19'
Making install in .
make[2]: Entering directory '/lfs_build/sources/m4-1.4.19'
make[3]: Entering directory '/lfs_build/sources/m4-1.4.19'
make[3]: Nothing to be done for 'install-exec-am'.
make[3]: Nothing to be done for 'install-data-am'.
make[3]: Leaving directory '/lfs_build/sources/m4-1.4.19'
make[2]: Leaving directory '/lfs_build/sources/m4-1.4.19'
Making install in examples
make[2]: Entering directory '/lfs_build/sources/m4-1.4.19/examples'
make[3]: Entering directory '/lfs_build/sources/m4-1.4.19/examples'
make[3]: Nothing to be done for 'install-exec-am'.
make[3]: Nothing to be done for 'install-data-am'.
make[3]: Leaving directory '/lfs_build/sources/m4-1.4.19/examples'
make[2]: Leaving directory '/lfs_build/sources/m4-1.4.19/examples'
Making install in lib
make[2]: Entering directory '/lfs_build/sources/m4-1.4.19/lib'
make  install-am
make[3]: Entering directory '/lfs_build/sources/m4-1.4.19/lib'
make[4]: Entering directory '/lfs_build/sources/m4-1.4.19/lib'
make[4]: Nothing to be done for 'install-exec-am'.
make[4]: Nothing to be done for 'install-data-am'.
make[4]: Leaving directory '/lfs_build/sources/m4-1.4.19/lib'
make[3]: Leaving directory '/lfs_build/sources/m4-1.4.19/lib'
make[2]: Leaving directory '/lfs_build/sources/m4-1.4.19/lib'
Making install in src
make[2]: Entering directory '/lfs_build/sources/m4-1.4.19/src'
make[3]: Entering directory '/lfs_build/sources/m4-1.4.19/src'
make[3]: Nothing to be done for 'install-data-am'.
 /usr/bin/mkdir -p '/lfs_build/usr/bin'
  /usr/bin/install -c m4 '/lfs_build/usr/bin'
make[3]: Leaving directory '/lfs_build/sources/m4-1.4.19/src'
make[2]: Leaving directory '/lfs_build/sources/m4-1.4.19/src'
Making install in doc
make[2]: Entering directory '/lfs_build/sources/m4-1.4.19/doc'
make[3]: Entering directory '/lfs_build/sources/m4-1.4.19/doc'
make[3]: Nothing to be done for 'install-exec-am'.
 /usr/bin/mkdir -p '/lfs_build/usr/share/man/man1'
 /usr/bin/mkdir -p '/lfs_build/usr/share/info'
 /usr/bin/install -c -m 644 ./m4.1 '/lfs_build/usr/share/man/man1'
 /usr/bin/install -c -m 644 ./m4.info ./m4.info-1 ./m4.info-2 '/lfs_build/usr/share/info'
 install-info --info-dir='/lfs_build/usr/share/info' '/lfs_build/usr/share/info/m4.info'
make[3]: Leaving directory '/lfs_build/sources/m4-1.4.19/doc'
make[2]: Leaving directory '/lfs_build/sources/m4-1.4.19/doc'
Making install in checks
make[2]: Entering directory '/lfs_build/sources/m4-1.4.19/checks'
make[3]: Entering directory '/lfs_build/sources/m4-1.4.19/checks'
make[3]: Nothing to be done for 'install-exec-am'.
make[3]: Nothing to be done for 'install-data-am'.
make[3]: Leaving directory '/lfs_build/sources/m4-1.4.19/checks'
make[2]: Leaving directory '/lfs_build/sources/m4-1.4.19/checks'
Making install in po
make[2]: Entering directory '/lfs_build/sources/m4-1.4.19/po'
if test "m4" = "gettext-tools"; then \
  /usr/bin/mkdir -p /lfs_build/usr/share/gettext/po; \
  for file in Makefile.in.in remove-potcdate.sin quot.sed boldquot.sed en@quot.header en@boldquot.header insert-header.sin Rules-quot   Makevars.template; do \
    /usr/bin/install -c -m 644 ./$file \
		    /lfs_build/usr/share/gettext/po/$file; \
  done; \
  for file in Makevars; do \
    rm -f /lfs_build/usr/share/gettext/po/$file; \
  done; \
else \
  : ; \
fi
make[2]: Leaving directory '/lfs_build/sources/m4-1.4.19/po'
Making install in tests
make[2]: Entering directory '/lfs_build/sources/m4-1.4.19/tests'
make  install-recursive
make[3]: Entering directory '/lfs_build/sources/m4-1.4.19/tests'
Making install in .
make[4]: Entering directory '/lfs_build/sources/m4-1.4.19/tests'
make[5]: Entering directory '/lfs_build/sources/m4-1.4.19/tests'
make[5]: Nothing to be done for 'install-exec-am'.
make[5]: Nothing to be done for 'install-data-am'.
make[5]: Leaving directory '/lfs_build/sources/m4-1.4.19/tests'
make[4]: Leaving directory '/lfs_build/sources/m4-1.4.19/tests'
make[3]: Leaving directory '/lfs_build/sources/m4-1.4.19/tests'
make[2]: Leaving directory '/lfs_build/sources/m4-1.4.19/tests'
make[1]: Leaving directory '/lfs_build/sources/m4-1.4.19'


CFLAGS:: -march=x86-64-v3 -mtune=haswell -Os -pipe -fno-plt -fPIC -fstack-clash-protection -ffunction-sections -fdata-sections
CXXFLAGS:: -march=x86-64-v3 -mtune=haswell -Os -pipe -fno-plt -fPIC -fstack-clash-protection -ffunction-sections -fdata-sections -Wp,-D_GLIBCXX_ASSERTIONS
CPPFLAGS:: -DNDEBUG
LDFLAGS:: -Wl,-O2,--sort-common,--as-needed,-z,relro,-z,now,--gc-sections


Fri May  3 08:28:15 UTC 2024

Totalseconds: 21

KB: 861264	/lfs_build

