Fri Mar 29 01:23:38 UTC 2024
KB: 997200	/

make[1]: Entering directory '/sources/lz4-1.9.4/lib'
compiling dynamic library 1.9.4
creating versioned links
make[1]: Leaving directory '/sources/lz4-1.9.4/lib'
make[1]: Entering directory '/sources/lz4-1.9.4/programs'
make[1]: Leaving directory '/sources/lz4-1.9.4/programs'
make[1]: Entering directory '/sources/lz4-1.9.4/lib'
creating pkgconfig
Installing libraries in /usr/lib
Installing headers in /usr/include
lz4 libraries installed
make[1]: Leaving directory '/sources/lz4-1.9.4/lib'
make[1]: Entering directory '/sources/lz4-1.9.4/programs'
Installing binaries in /usr/bin
Installing man pages in /usr/share/man/man1
lz4 installation completed
make[1]: Leaving directory '/sources/lz4-1.9.4/programs'


CFLAGS:: -march=x86-64-v3 -mtune=haswell -Os -pipe -fno-plt -fPIC -fstack-clash-protection -ffunction-sections -fdata-sections
CXXFLAGS:: -march=x86-64-v3 -mtune=haswell -Os -pipe -fno-plt -fPIC -fstack-clash-protection -ffunction-sections -fdata-sections -Wp,-D_GLIBCXX_ASSERTIONS
CPPFLAGS:: -DNDEBUG
LDFLAGS:: -Wl,-O2,--sort-common,--as-needed,-z,relro,-z,now,--gc-sections


Fri Mar 29 01:23:48 UTC 2024

Totalseconds: 10

KB: 1000668	/

