Thu Mar 28 15:26:31 UTC 2024
KB: 1046168	/

Testing NLS...
NLS works.

Testing gencat...
gencat does not work.
Disabling NLS...

Testing history...
History works.

Testing for FreeBSD...
Not on FreeBSD. Using _POSIX_C_SOURCE and _XOPEN_SOURCE.

Testing for Mac OSX...
Not on Mac OSX.

Testing for OpenBSD...
Not on OpenBSD.

unneeded:  library.c
Version: 6.7.5
Building bc
Building dc

BC_ENABLE_LIBRARY=0

BC_ENABLE_HISTORY=1
BC_ENABLE_EXTRA_MATH=1
BC_ENABLE_NLS=0

BC_ENABLE_AFL=0

BC_NUM_KARATSUBA_LEN=32

CC=gcc
CFLAGS=-O3 -march=x86-64-v3 -mtune=haswell -Os -pipe -fno-plt -fPIC -fstack-clash-protection -ffunction-sections -fdata-sections
HOSTCC=gcc
HOSTCFLAGS=-march=x86-64-v3 -mtune=haswell -Os -pipe -fno-plt -fPIC -fstack-clash-protection -ffunction-sections -fdata-sections
CPPFLAGS=-DNDEBUG -DNDEBUG -DBC_ENABLE_EDITLINE=0 -DBC_ENABLE_READLINE=1 -D_POSIX_C_SOURCE=200809L -D_XOPEN_SOURCE=700
LDFLAGS=-s -Wl,-O2,--sort-common,--as-needed,-z,relro,-z,now,--gc-sections -lreadline
PREFIX=/usr
BINDIR=/usr/bin
INCLUDEDIR=/usr/include
LIBDIR=/usr/lib
DATAROOTDIR=/usr/share
DATADIR=/usr/share
MANDIR=/usr/share/man
MAN1DIR=/usr/share/man/man1
MAN3DIR=/usr/share/man/man3
NLSPATH=
PC_PATH=
EXECSUFFIX=
EXECPREFIX=
DESTDIR=
LONG_BIT=
GEN_HOST=1
GEN_EMU=

Setting Defaults
================
bc.banner=0
bc.sigint_reset=1
dc.sigint_reset=1
bc.tty_mode=1
dc.tty_mode=0
bc.prompt=1
dc.prompt=0
bc.expr_exit=1
dc.expr_exit=1
bc.digit_clamp=0
dc.digit_clamp=0
mkdir -p bin
gcc -DBC_ENABLE_AFL=0 -I./include/  -march=x86-64-v3 -mtune=haswell -Os -pipe -fno-plt -fPIC -fstack-clash-protection -ffunction-sections -fdata-sections -o ./gen/strgen ./gen/strgen.c
gcc -DBC_ENABLED=1 -DDC_ENABLED=1 -I./include/ -DBUILD_TYPE=N  -DEXECPREFIX= -DMAINEXEC=bc   -DBC_NUM_KARATSUBA_LEN=32 -DBC_ENABLE_NLS=0 -DBC_ENABLE_EXTRA_MATH=1 -DBC_ENABLE_HISTORY=1 -DBC_ENABLE_LIBRARY=0 -DBC_ENABLE_MEMCHECK=0 -DBC_ENABLE_AFL=0 -DBC_DEFAULT_BANNER=0 -DBC_DEFAULT_SIGINT_RESET=1 -DBC_DEFAULT_TTY_MODE=1 -DBC_DEFAULT_PROMPT=1 -DBC_DEFAULT_EXPR_EXIT=1 -DBC_DEFAULT_DIGIT_CLAMP=0 -DDC_DEFAULT_SIGINT_RESET=1 -DDC_DEFAULT_TTY_MODE=0 -DDC_DEFAULT_PROMPT=0 -DDC_DEFAULT_EXPR_EXIT=1 -DDC_DEFAULT_DIGIT_CLAMP=0 -DNDEBUG -DNDEBUG -DBC_ENABLE_EDITLINE=0 -DBC_ENABLE_READLINE=1 -D_POSIX_C_SOURCE=200809L -D_XOPEN_SOURCE=700 -O3 -march=x86-64-v3 -mtune=haswell -Os -pipe -fno-plt -fPIC -fstack-clash-protection -ffunction-sections -fdata-sections -o src/args.o -c ./src/args.c
gcc -DBC_ENABLED=1 -DDC_ENABLED=1 -I./include/ -DBUILD_TYPE=N  -DEXECPREFIX= -DMAINEXEC=bc   -DBC_NUM_KARATSUBA_LEN=32 -DBC_ENABLE_NLS=0 -DBC_ENABLE_EXTRA_MATH=1 -DBC_ENABLE_HISTORY=1 -DBC_ENABLE_LIBRARY=0 -DBC_ENABLE_MEMCHECK=0 -DBC_ENABLE_AFL=0 -DBC_DEFAULT_BANNER=0 -DBC_DEFAULT_SIGINT_RESET=1 -DBC_DEFAULT_TTY_MODE=1 -DBC_DEFAULT_PROMPT=1 -DBC_DEFAULT_EXPR_EXIT=1 -DBC_DEFAULT_DIGIT_CLAMP=0 -DDC_DEFAULT_SIGINT_RESET=1 -DDC_DEFAULT_TTY_MODE=0 -DDC_DEFAULT_PROMPT=0 -DDC_DEFAULT_EXPR_EXIT=1 -DDC_DEFAULT_DIGIT_CLAMP=0 -DNDEBUG -DNDEBUG -DBC_ENABLE_EDITLINE=0 -DBC_ENABLE_READLINE=1 -D_POSIX_C_SOURCE=200809L -D_XOPEN_SOURCE=700 -O3 -march=x86-64-v3 -mtune=haswell -Os -pipe -fno-plt -fPIC -fstack-clash-protection -ffunction-sections -fdata-sections -o src/bc.o -c ./src/bc.c
gcc -DBC_ENABLED=1 -DDC_ENABLED=1 -I./include/ -DBUILD_TYPE=N  -DEXECPREFIX= -DMAINEXEC=bc   -DBC_NUM_KARATSUBA_LEN=32 -DBC_ENABLE_NLS=0 -DBC_ENABLE_EXTRA_MATH=1 -DBC_ENABLE_HISTORY=1 -DBC_ENABLE_LIBRARY=0 -DBC_ENABLE_MEMCHECK=0 -DBC_ENABLE_AFL=0 -DBC_DEFAULT_BANNER=0 -DBC_DEFAULT_SIGINT_RESET=1 -DBC_DEFAULT_TTY_MODE=1 -DBC_DEFAULT_PROMPT=1 -DBC_DEFAULT_EXPR_EXIT=1 -DBC_DEFAULT_DIGIT_CLAMP=0 -DDC_DEFAULT_SIGINT_RESET=1 -DDC_DEFAULT_TTY_MODE=0 -DDC_DEFAULT_PROMPT=0 -DDC_DEFAULT_EXPR_EXIT=1 -DDC_DEFAULT_DIGIT_CLAMP=0 -DNDEBUG -DNDEBUG -DBC_ENABLE_EDITLINE=0 -DBC_ENABLE_READLINE=1 -D_POSIX_C_SOURCE=200809L -D_XOPEN_SOURCE=700 -O3 -march=x86-64-v3 -mtune=haswell -Os -pipe -fno-plt -fPIC -fstack-clash-protection -ffunction-sections -fdata-sections -o src/bc_lex.o -c ./src/bc_lex.c
gcc -DBC_ENABLED=1 -DDC_ENABLED=1 -I./include/ -DBUILD_TYPE=N  -DEXECPREFIX= -DMAINEXEC=bc   -DBC_NUM_KARATSUBA_LEN=32 -DBC_ENABLE_NLS=0 -DBC_ENABLE_EXTRA_MATH=1 -DBC_ENABLE_HISTORY=1 -DBC_ENABLE_LIBRARY=0 -DBC_ENABLE_MEMCHECK=0 -DBC_ENABLE_AFL=0 -DBC_DEFAULT_BANNER=0 -DBC_DEFAULT_SIGINT_RESET=1 -DBC_DEFAULT_TTY_MODE=1 -DBC_DEFAULT_PROMPT=1 -DBC_DEFAULT_EXPR_EXIT=1 -DBC_DEFAULT_DIGIT_CLAMP=0 -DDC_DEFAULT_SIGINT_RESET=1 -DDC_DEFAULT_TTY_MODE=0 -DDC_DEFAULT_PROMPT=0 -DDC_DEFAULT_EXPR_EXIT=1 -DDC_DEFAULT_DIGIT_CLAMP=0 -DNDEBUG -DNDEBUG -DBC_ENABLE_EDITLINE=0 -DBC_ENABLE_READLINE=1 -D_POSIX_C_SOURCE=200809L -D_XOPEN_SOURCE=700 -O3 -march=x86-64-v3 -mtune=haswell -Os -pipe -fno-plt -fPIC -fstack-clash-protection -ffunction-sections -fdata-sections -o src/bc_parse.o -c ./src/bc_parse.c
gcc -DBC_ENABLED=1 -DDC_ENABLED=1 -I./include/ -DBUILD_TYPE=N  -DEXECPREFIX= -DMAINEXEC=bc   -DBC_NUM_KARATSUBA_LEN=32 -DBC_ENABLE_NLS=0 -DBC_ENABLE_EXTRA_MATH=1 -DBC_ENABLE_HISTORY=1 -DBC_ENABLE_LIBRARY=0 -DBC_ENABLE_MEMCHECK=0 -DBC_ENABLE_AFL=0 -DBC_DEFAULT_BANNER=0 -DBC_DEFAULT_SIGINT_RESET=1 -DBC_DEFAULT_TTY_MODE=1 -DBC_DEFAULT_PROMPT=1 -DBC_DEFAULT_EXPR_EXIT=1 -DBC_DEFAULT_DIGIT_CLAMP=0 -DDC_DEFAULT_SIGINT_RESET=1 -DDC_DEFAULT_TTY_MODE=0 -DDC_DEFAULT_PROMPT=0 -DDC_DEFAULT_EXPR_EXIT=1 -DDC_DEFAULT_DIGIT_CLAMP=0 -DNDEBUG -DNDEBUG -DBC_ENABLE_EDITLINE=0 -DBC_ENABLE_READLINE=1 -D_POSIX_C_SOURCE=200809L -D_XOPEN_SOURCE=700 -O3 -march=x86-64-v3 -mtune=haswell -Os -pipe -fno-plt -fPIC -fstack-clash-protection -ffunction-sections -fdata-sections -o src/data.o -c ./src/data.c
gcc -DBC_ENABLED=1 -DDC_ENABLED=1 -I./include/ -DBUILD_TYPE=N  -DEXECPREFIX= -DMAINEXEC=bc   -DBC_NUM_KARATSUBA_LEN=32 -DBC_ENABLE_NLS=0 -DBC_ENABLE_EXTRA_MATH=1 -DBC_ENABLE_HISTORY=1 -DBC_ENABLE_LIBRARY=0 -DBC_ENABLE_MEMCHECK=0 -DBC_ENABLE_AFL=0 -DBC_DEFAULT_BANNER=0 -DBC_DEFAULT_SIGINT_RESET=1 -DBC_DEFAULT_TTY_MODE=1 -DBC_DEFAULT_PROMPT=1 -DBC_DEFAULT_EXPR_EXIT=1 -DBC_DEFAULT_DIGIT_CLAMP=0 -DDC_DEFAULT_SIGINT_RESET=1 -DDC_DEFAULT_TTY_MODE=0 -DDC_DEFAULT_PROMPT=0 -DDC_DEFAULT_EXPR_EXIT=1 -DDC_DEFAULT_DIGIT_CLAMP=0 -DNDEBUG -DNDEBUG -DBC_ENABLE_EDITLINE=0 -DBC_ENABLE_READLINE=1 -D_POSIX_C_SOURCE=200809L -D_XOPEN_SOURCE=700 -O3 -march=x86-64-v3 -mtune=haswell -Os -pipe -fno-plt -fPIC -fstack-clash-protection -ffunction-sections -fdata-sections -o src/dc.o -c ./src/dc.c
gcc -DBC_ENABLED=1 -DDC_ENABLED=1 -I./include/ -DBUILD_TYPE=N  -DEXECPREFIX= -DMAINEXEC=bc   -DBC_NUM_KARATSUBA_LEN=32 -DBC_ENABLE_NLS=0 -DBC_ENABLE_EXTRA_MATH=1 -DBC_ENABLE_HISTORY=1 -DBC_ENABLE_LIBRARY=0 -DBC_ENABLE_MEMCHECK=0 -DBC_ENABLE_AFL=0 -DBC_DEFAULT_BANNER=0 -DBC_DEFAULT_SIGINT_RESET=1 -DBC_DEFAULT_TTY_MODE=1 -DBC_DEFAULT_PROMPT=1 -DBC_DEFAULT_EXPR_EXIT=1 -DBC_DEFAULT_DIGIT_CLAMP=0 -DDC_DEFAULT_SIGINT_RESET=1 -DDC_DEFAULT_TTY_MODE=0 -DDC_DEFAULT_PROMPT=0 -DDC_DEFAULT_EXPR_EXIT=1 -DDC_DEFAULT_DIGIT_CLAMP=0 -DNDEBUG -DNDEBUG -DBC_ENABLE_EDITLINE=0 -DBC_ENABLE_READLINE=1 -D_POSIX_C_SOURCE=200809L -D_XOPEN_SOURCE=700 -O3 -march=x86-64-v3 -mtune=haswell -Os -pipe -fno-plt -fPIC -fstack-clash-protection -ffunction-sections -fdata-sections -o src/dc_lex.o -c ./src/dc_lex.c
gcc -DBC_ENABLED=1 -DDC_ENABLED=1 -I./include/ -DBUILD_TYPE=N  -DEXECPREFIX= -DMAINEXEC=bc   -DBC_NUM_KARATSUBA_LEN=32 -DBC_ENABLE_NLS=0 -DBC_ENABLE_EXTRA_MATH=1 -DBC_ENABLE_HISTORY=1 -DBC_ENABLE_LIBRARY=0 -DBC_ENABLE_MEMCHECK=0 -DBC_ENABLE_AFL=0 -DBC_DEFAULT_BANNER=0 -DBC_DEFAULT_SIGINT_RESET=1 -DBC_DEFAULT_TTY_MODE=1 -DBC_DEFAULT_PROMPT=1 -DBC_DEFAULT_EXPR_EXIT=1 -DBC_DEFAULT_DIGIT_CLAMP=0 -DDC_DEFAULT_SIGINT_RESET=1 -DDC_DEFAULT_TTY_MODE=0 -DDC_DEFAULT_PROMPT=0 -DDC_DEFAULT_EXPR_EXIT=1 -DDC_DEFAULT_DIGIT_CLAMP=0 -DNDEBUG -DNDEBUG -DBC_ENABLE_EDITLINE=0 -DBC_ENABLE_READLINE=1 -D_POSIX_C_SOURCE=200809L -D_XOPEN_SOURCE=700 -O3 -march=x86-64-v3 -mtune=haswell -Os -pipe -fno-plt -fPIC -fstack-clash-protection -ffunction-sections -fdata-sections -o src/dc_parse.o -c ./src/dc_parse.c
gcc -DBC_ENABLED=1 -DDC_ENABLED=1 -I./include/ -DBUILD_TYPE=N  -DEXECPREFIX= -DMAINEXEC=bc   -DBC_NUM_KARATSUBA_LEN=32 -DBC_ENABLE_NLS=0 -DBC_ENABLE_EXTRA_MATH=1 -DBC_ENABLE_HISTORY=1 -DBC_ENABLE_LIBRARY=0 -DBC_ENABLE_MEMCHECK=0 -DBC_ENABLE_AFL=0 -DBC_DEFAULT_BANNER=0 -DBC_DEFAULT_SIGINT_RESET=1 -DBC_DEFAULT_TTY_MODE=1 -DBC_DEFAULT_PROMPT=1 -DBC_DEFAULT_EXPR_EXIT=1 -DBC_DEFAULT_DIGIT_CLAMP=0 -DDC_DEFAULT_SIGINT_RESET=1 -DDC_DEFAULT_TTY_MODE=0 -DDC_DEFAULT_PROMPT=0 -DDC_DEFAULT_EXPR_EXIT=1 -DDC_DEFAULT_DIGIT_CLAMP=0 -DNDEBUG -DNDEBUG -DBC_ENABLE_EDITLINE=0 -DBC_ENABLE_READLINE=1 -D_POSIX_C_SOURCE=200809L -D_XOPEN_SOURCE=700 -O3 -march=x86-64-v3 -mtune=haswell -Os -pipe -fno-plt -fPIC -fstack-clash-protection -ffunction-sections -fdata-sections -o src/file.o -c ./src/file.c
gcc -DBC_ENABLED=1 -DDC_ENABLED=1 -I./include/ -DBUILD_TYPE=N  -DEXECPREFIX= -DMAINEXEC=bc   -DBC_NUM_KARATSUBA_LEN=32 -DBC_ENABLE_NLS=0 -DBC_ENABLE_EXTRA_MATH=1 -DBC_ENABLE_HISTORY=1 -DBC_ENABLE_LIBRARY=0 -DBC_ENABLE_MEMCHECK=0 -DBC_ENABLE_AFL=0 -DBC_DEFAULT_BANNER=0 -DBC_DEFAULT_SIGINT_RESET=1 -DBC_DEFAULT_TTY_MODE=1 -DBC_DEFAULT_PROMPT=1 -DBC_DEFAULT_EXPR_EXIT=1 -DBC_DEFAULT_DIGIT_CLAMP=0 -DDC_DEFAULT_SIGINT_RESET=1 -DDC_DEFAULT_TTY_MODE=0 -DDC_DEFAULT_PROMPT=0 -DDC_DEFAULT_EXPR_EXIT=1 -DDC_DEFAULT_DIGIT_CLAMP=0 -DNDEBUG -DNDEBUG -DBC_ENABLE_EDITLINE=0 -DBC_ENABLE_READLINE=1 -D_POSIX_C_SOURCE=200809L -D_XOPEN_SOURCE=700 -O3 -march=x86-64-v3 -mtune=haswell -Os -pipe -fno-plt -fPIC -fstack-clash-protection -ffunction-sections -fdata-sections -o src/history.o -c ./src/history.c
gcc -DBC_ENABLED=1 -DDC_ENABLED=1 -I./include/ -DBUILD_TYPE=N  -DEXECPREFIX= -DMAINEXEC=bc   -DBC_NUM_KARATSUBA_LEN=32 -DBC_ENABLE_NLS=0 -DBC_ENABLE_EXTRA_MATH=1 -DBC_ENABLE_HISTORY=1 -DBC_ENABLE_LIBRARY=0 -DBC_ENABLE_MEMCHECK=0 -DBC_ENABLE_AFL=0 -DBC_DEFAULT_BANNER=0 -DBC_DEFAULT_SIGINT_RESET=1 -DBC_DEFAULT_TTY_MODE=1 -DBC_DEFAULT_PROMPT=1 -DBC_DEFAULT_EXPR_EXIT=1 -DBC_DEFAULT_DIGIT_CLAMP=0 -DDC_DEFAULT_SIGINT_RESET=1 -DDC_DEFAULT_TTY_MODE=0 -DDC_DEFAULT_PROMPT=0 -DDC_DEFAULT_EXPR_EXIT=1 -DDC_DEFAULT_DIGIT_CLAMP=0 -DNDEBUG -DNDEBUG -DBC_ENABLE_EDITLINE=0 -DBC_ENABLE_READLINE=1 -D_POSIX_C_SOURCE=200809L -D_XOPEN_SOURCE=700 -O3 -march=x86-64-v3 -mtune=haswell -Os -pipe -fno-plt -fPIC -fstack-clash-protection -ffunction-sections -fdata-sections -o src/lang.o -c ./src/lang.c
gcc -DBC_ENABLED=1 -DDC_ENABLED=1 -I./include/ -DBUILD_TYPE=N  -DEXECPREFIX= -DMAINEXEC=bc   -DBC_NUM_KARATSUBA_LEN=32 -DBC_ENABLE_NLS=0 -DBC_ENABLE_EXTRA_MATH=1 -DBC_ENABLE_HISTORY=1 -DBC_ENABLE_LIBRARY=0 -DBC_ENABLE_MEMCHECK=0 -DBC_ENABLE_AFL=0 -DBC_DEFAULT_BANNER=0 -DBC_DEFAULT_SIGINT_RESET=1 -DBC_DEFAULT_TTY_MODE=1 -DBC_DEFAULT_PROMPT=1 -DBC_DEFAULT_EXPR_EXIT=1 -DBC_DEFAULT_DIGIT_CLAMP=0 -DDC_DEFAULT_SIGINT_RESET=1 -DDC_DEFAULT_TTY_MODE=0 -DDC_DEFAULT_PROMPT=0 -DDC_DEFAULT_EXPR_EXIT=1 -DDC_DEFAULT_DIGIT_CLAMP=0 -DNDEBUG -DNDEBUG -DBC_ENABLE_EDITLINE=0 -DBC_ENABLE_READLINE=1 -D_POSIX_C_SOURCE=200809L -D_XOPEN_SOURCE=700 -O3 -march=x86-64-v3 -mtune=haswell -Os -pipe -fno-plt -fPIC -fstack-clash-protection -ffunction-sections -fdata-sections -o src/lex.o -c ./src/lex.c
gcc -DBC_ENABLED=1 -DDC_ENABLED=1 -I./include/ -DBUILD_TYPE=N  -DEXECPREFIX= -DMAINEXEC=bc   -DBC_NUM_KARATSUBA_LEN=32 -DBC_ENABLE_NLS=0 -DBC_ENABLE_EXTRA_MATH=1 -DBC_ENABLE_HISTORY=1 -DBC_ENABLE_LIBRARY=0 -DBC_ENABLE_MEMCHECK=0 -DBC_ENABLE_AFL=0 -DBC_DEFAULT_BANNER=0 -DBC_DEFAULT_SIGINT_RESET=1 -DBC_DEFAULT_TTY_MODE=1 -DBC_DEFAULT_PROMPT=1 -DBC_DEFAULT_EXPR_EXIT=1 -DBC_DEFAULT_DIGIT_CLAMP=0 -DDC_DEFAULT_SIGINT_RESET=1 -DDC_DEFAULT_TTY_MODE=0 -DDC_DEFAULT_PROMPT=0 -DDC_DEFAULT_EXPR_EXIT=1 -DDC_DEFAULT_DIGIT_CLAMP=0 -DNDEBUG -DNDEBUG -DBC_ENABLE_EDITLINE=0 -DBC_ENABLE_READLINE=1 -D_POSIX_C_SOURCE=200809L -D_XOPEN_SOURCE=700 -O3 -march=x86-64-v3 -mtune=haswell -Os -pipe -fno-plt -fPIC -fstack-clash-protection -ffunction-sections -fdata-sections -o src/main.o -c ./src/main.c
gcc -DBC_ENABLED=1 -DDC_ENABLED=1 -I./include/ -DBUILD_TYPE=N  -DEXECPREFIX= -DMAINEXEC=bc   -DBC_NUM_KARATSUBA_LEN=32 -DBC_ENABLE_NLS=0 -DBC_ENABLE_EXTRA_MATH=1 -DBC_ENABLE_HISTORY=1 -DBC_ENABLE_LIBRARY=0 -DBC_ENABLE_MEMCHECK=0 -DBC_ENABLE_AFL=0 -DBC_DEFAULT_BANNER=0 -DBC_DEFAULT_SIGINT_RESET=1 -DBC_DEFAULT_TTY_MODE=1 -DBC_DEFAULT_PROMPT=1 -DBC_DEFAULT_EXPR_EXIT=1 -DBC_DEFAULT_DIGIT_CLAMP=0 -DDC_DEFAULT_SIGINT_RESET=1 -DDC_DEFAULT_TTY_MODE=0 -DDC_DEFAULT_PROMPT=0 -DDC_DEFAULT_EXPR_EXIT=1 -DDC_DEFAULT_DIGIT_CLAMP=0 -DNDEBUG -DNDEBUG -DBC_ENABLE_EDITLINE=0 -DBC_ENABLE_READLINE=1 -D_POSIX_C_SOURCE=200809L -D_XOPEN_SOURCE=700 -O3 -march=x86-64-v3 -mtune=haswell -Os -pipe -fno-plt -fPIC -fstack-clash-protection -ffunction-sections -fdata-sections -o src/num.o -c ./src/num.c
gcc -DBC_ENABLED=1 -DDC_ENABLED=1 -I./include/ -DBUILD_TYPE=N  -DEXECPREFIX= -DMAINEXEC=bc   -DBC_NUM_KARATSUBA_LEN=32 -DBC_ENABLE_NLS=0 -DBC_ENABLE_EXTRA_MATH=1 -DBC_ENABLE_HISTORY=1 -DBC_ENABLE_LIBRARY=0 -DBC_ENABLE_MEMCHECK=0 -DBC_ENABLE_AFL=0 -DBC_DEFAULT_BANNER=0 -DBC_DEFAULT_SIGINT_RESET=1 -DBC_DEFAULT_TTY_MODE=1 -DBC_DEFAULT_PROMPT=1 -DBC_DEFAULT_EXPR_EXIT=1 -DBC_DEFAULT_DIGIT_CLAMP=0 -DDC_DEFAULT_SIGINT_RESET=1 -DDC_DEFAULT_TTY_MODE=0 -DDC_DEFAULT_PROMPT=0 -DDC_DEFAULT_EXPR_EXIT=1 -DDC_DEFAULT_DIGIT_CLAMP=0 -DNDEBUG -DNDEBUG -DBC_ENABLE_EDITLINE=0 -DBC_ENABLE_READLINE=1 -D_POSIX_C_SOURCE=200809L -D_XOPEN_SOURCE=700 -O3 -march=x86-64-v3 -mtune=haswell -Os -pipe -fno-plt -fPIC -fstack-clash-protection -ffunction-sections -fdata-sections -o src/opt.o -c ./src/opt.c
gcc -DBC_ENABLED=1 -DDC_ENABLED=1 -I./include/ -DBUILD_TYPE=N  -DEXECPREFIX= -DMAINEXEC=bc   -DBC_NUM_KARATSUBA_LEN=32 -DBC_ENABLE_NLS=0 -DBC_ENABLE_EXTRA_MATH=1 -DBC_ENABLE_HISTORY=1 -DBC_ENABLE_LIBRARY=0 -DBC_ENABLE_MEMCHECK=0 -DBC_ENABLE_AFL=0 -DBC_DEFAULT_BANNER=0 -DBC_DEFAULT_SIGINT_RESET=1 -DBC_DEFAULT_TTY_MODE=1 -DBC_DEFAULT_PROMPT=1 -DBC_DEFAULT_EXPR_EXIT=1 -DBC_DEFAULT_DIGIT_CLAMP=0 -DDC_DEFAULT_SIGINT_RESET=1 -DDC_DEFAULT_TTY_MODE=0 -DDC_DEFAULT_PROMPT=0 -DDC_DEFAULT_EXPR_EXIT=1 -DDC_DEFAULT_DIGIT_CLAMP=0 -DNDEBUG -DNDEBUG -DBC_ENABLE_EDITLINE=0 -DBC_ENABLE_READLINE=1 -D_POSIX_C_SOURCE=200809L -D_XOPEN_SOURCE=700 -O3 -march=x86-64-v3 -mtune=haswell -Os -pipe -fno-plt -fPIC -fstack-clash-protection -ffunction-sections -fdata-sections -o src/parse.o -c ./src/parse.c
gcc -DBC_ENABLED=1 -DDC_ENABLED=1 -I./include/ -DBUILD_TYPE=N  -DEXECPREFIX= -DMAINEXEC=bc   -DBC_NUM_KARATSUBA_LEN=32 -DBC_ENABLE_NLS=0 -DBC_ENABLE_EXTRA_MATH=1 -DBC_ENABLE_HISTORY=1 -DBC_ENABLE_LIBRARY=0 -DBC_ENABLE_MEMCHECK=0 -DBC_ENABLE_AFL=0 -DBC_DEFAULT_BANNER=0 -DBC_DEFAULT_SIGINT_RESET=1 -DBC_DEFAULT_TTY_MODE=1 -DBC_DEFAULT_PROMPT=1 -DBC_DEFAULT_EXPR_EXIT=1 -DBC_DEFAULT_DIGIT_CLAMP=0 -DDC_DEFAULT_SIGINT_RESET=1 -DDC_DEFAULT_TTY_MODE=0 -DDC_DEFAULT_PROMPT=0 -DDC_DEFAULT_EXPR_EXIT=1 -DDC_DEFAULT_DIGIT_CLAMP=0 -DNDEBUG -DNDEBUG -DBC_ENABLE_EDITLINE=0 -DBC_ENABLE_READLINE=1 -D_POSIX_C_SOURCE=200809L -D_XOPEN_SOURCE=700 -O3 -march=x86-64-v3 -mtune=haswell -Os -pipe -fno-plt -fPIC -fstack-clash-protection -ffunction-sections -fdata-sections -o src/program.o -c ./src/program.c
gcc -DBC_ENABLED=1 -DDC_ENABLED=1 -I./include/ -DBUILD_TYPE=N  -DEXECPREFIX= -DMAINEXEC=bc   -DBC_NUM_KARATSUBA_LEN=32 -DBC_ENABLE_NLS=0 -DBC_ENABLE_EXTRA_MATH=1 -DBC_ENABLE_HISTORY=1 -DBC_ENABLE_LIBRARY=0 -DBC_ENABLE_MEMCHECK=0 -DBC_ENABLE_AFL=0 -DBC_DEFAULT_BANNER=0 -DBC_DEFAULT_SIGINT_RESET=1 -DBC_DEFAULT_TTY_MODE=1 -DBC_DEFAULT_PROMPT=1 -DBC_DEFAULT_EXPR_EXIT=1 -DBC_DEFAULT_DIGIT_CLAMP=0 -DDC_DEFAULT_SIGINT_RESET=1 -DDC_DEFAULT_TTY_MODE=0 -DDC_DEFAULT_PROMPT=0 -DDC_DEFAULT_EXPR_EXIT=1 -DDC_DEFAULT_DIGIT_CLAMP=0 -DNDEBUG -DNDEBUG -DBC_ENABLE_EDITLINE=0 -DBC_ENABLE_READLINE=1 -D_POSIX_C_SOURCE=200809L -D_XOPEN_SOURCE=700 -O3 -march=x86-64-v3 -mtune=haswell -Os -pipe -fno-plt -fPIC -fstack-clash-protection -ffunction-sections -fdata-sections -o src/rand.o -c ./src/rand.c
gcc -DBC_ENABLED=1 -DDC_ENABLED=1 -I./include/ -DBUILD_TYPE=N  -DEXECPREFIX= -DMAINEXEC=bc   -DBC_NUM_KARATSUBA_LEN=32 -DBC_ENABLE_NLS=0 -DBC_ENABLE_EXTRA_MATH=1 -DBC_ENABLE_HISTORY=1 -DBC_ENABLE_LIBRARY=0 -DBC_ENABLE_MEMCHECK=0 -DBC_ENABLE_AFL=0 -DBC_DEFAULT_BANNER=0 -DBC_DEFAULT_SIGINT_RESET=1 -DBC_DEFAULT_TTY_MODE=1 -DBC_DEFAULT_PROMPT=1 -DBC_DEFAULT_EXPR_EXIT=1 -DBC_DEFAULT_DIGIT_CLAMP=0 -DDC_DEFAULT_SIGINT_RESET=1 -DDC_DEFAULT_TTY_MODE=0 -DDC_DEFAULT_PROMPT=0 -DDC_DEFAULT_EXPR_EXIT=1 -DDC_DEFAULT_DIGIT_CLAMP=0 -DNDEBUG -DNDEBUG -DBC_ENABLE_EDITLINE=0 -DBC_ENABLE_READLINE=1 -D_POSIX_C_SOURCE=200809L -D_XOPEN_SOURCE=700 -O3 -march=x86-64-v3 -mtune=haswell -Os -pipe -fno-plt -fPIC -fstack-clash-protection -ffunction-sections -fdata-sections -o src/read.o -c ./src/read.c
gcc -DBC_ENABLED=1 -DDC_ENABLED=1 -I./include/ -DBUILD_TYPE=N  -DEXECPREFIX= -DMAINEXEC=bc   -DBC_NUM_KARATSUBA_LEN=32 -DBC_ENABLE_NLS=0 -DBC_ENABLE_EXTRA_MATH=1 -DBC_ENABLE_HISTORY=1 -DBC_ENABLE_LIBRARY=0 -DBC_ENABLE_MEMCHECK=0 -DBC_ENABLE_AFL=0 -DBC_DEFAULT_BANNER=0 -DBC_DEFAULT_SIGINT_RESET=1 -DBC_DEFAULT_TTY_MODE=1 -DBC_DEFAULT_PROMPT=1 -DBC_DEFAULT_EXPR_EXIT=1 -DBC_DEFAULT_DIGIT_CLAMP=0 -DDC_DEFAULT_SIGINT_RESET=1 -DDC_DEFAULT_TTY_MODE=0 -DDC_DEFAULT_PROMPT=0 -DDC_DEFAULT_EXPR_EXIT=1 -DDC_DEFAULT_DIGIT_CLAMP=0 -DNDEBUG -DNDEBUG -DBC_ENABLE_EDITLINE=0 -DBC_ENABLE_READLINE=1 -D_POSIX_C_SOURCE=200809L -D_XOPEN_SOURCE=700 -O3 -march=x86-64-v3 -mtune=haswell -Os -pipe -fno-plt -fPIC -fstack-clash-protection -ffunction-sections -fdata-sections -o src/vector.o -c ./src/vector.c
gcc -DBC_ENABLED=1 -DDC_ENABLED=1 -I./include/ -DBUILD_TYPE=N  -DEXECPREFIX= -DMAINEXEC=bc   -DBC_NUM_KARATSUBA_LEN=32 -DBC_ENABLE_NLS=0 -DBC_ENABLE_EXTRA_MATH=1 -DBC_ENABLE_HISTORY=1 -DBC_ENABLE_LIBRARY=0 -DBC_ENABLE_MEMCHECK=0 -DBC_ENABLE_AFL=0 -DBC_DEFAULT_BANNER=0 -DBC_DEFAULT_SIGINT_RESET=1 -DBC_DEFAULT_TTY_MODE=1 -DBC_DEFAULT_PROMPT=1 -DBC_DEFAULT_EXPR_EXIT=1 -DBC_DEFAULT_DIGIT_CLAMP=0 -DDC_DEFAULT_SIGINT_RESET=1 -DDC_DEFAULT_TTY_MODE=0 -DDC_DEFAULT_PROMPT=0 -DDC_DEFAULT_EXPR_EXIT=1 -DDC_DEFAULT_DIGIT_CLAMP=0 -DNDEBUG -DNDEBUG -DBC_ENABLE_EDITLINE=0 -DBC_ENABLE_READLINE=1 -D_POSIX_C_SOURCE=200809L -D_XOPEN_SOURCE=700 -O3 -march=x86-64-v3 -mtune=haswell -Os -pipe -fno-plt -fPIC -fstack-clash-protection -ffunction-sections -fdata-sections -o src/vm.o -c ./src/vm.c
./gen/strgen ./gen/dc_help.txt ./gen/dc_help.c 0 dc_help "" DC_ENABLED 0
./gen/strgen ./gen/bc_help.txt ./gen/bc_help.c 0 bc_help "" BC_ENABLED 0
./gen/strgen ./gen/lib.bc ./gen/lib.c 0 bc_lib bc_lib_name BC_ENABLED 1 "" "" 1
./gen/strgen ./gen/lib2.bc ./gen/lib2.c 0 bc_lib2 bc_lib2_name "BC_ENABLED && BC_ENABLE_EXTRA_MATH" 1 "" "" 1
gcc -DBC_ENABLED=1 -DDC_ENABLED=1 -I./include/ -DBUILD_TYPE=N  -DEXECPREFIX= -DMAINEXEC=bc   -DBC_NUM_KARATSUBA_LEN=32 -DBC_ENABLE_NLS=0 -DBC_ENABLE_EXTRA_MATH=1 -DBC_ENABLE_HISTORY=1 -DBC_ENABLE_LIBRARY=0 -DBC_ENABLE_MEMCHECK=0 -DBC_ENABLE_AFL=0 -DBC_DEFAULT_BANNER=0 -DBC_DEFAULT_SIGINT_RESET=1 -DBC_DEFAULT_TTY_MODE=1 -DBC_DEFAULT_PROMPT=1 -DBC_DEFAULT_EXPR_EXIT=1 -DBC_DEFAULT_DIGIT_CLAMP=0 -DDC_DEFAULT_SIGINT_RESET=1 -DDC_DEFAULT_TTY_MODE=0 -DDC_DEFAULT_PROMPT=0 -DDC_DEFAULT_EXPR_EXIT=1 -DDC_DEFAULT_DIGIT_CLAMP=0 -DNDEBUG -DNDEBUG -DBC_ENABLE_EDITLINE=0 -DBC_ENABLE_READLINE=1 -D_POSIX_C_SOURCE=200809L -D_XOPEN_SOURCE=700 -O3 -march=x86-64-v3 -mtune=haswell -Os -pipe -fno-plt -fPIC -fstack-clash-protection -ffunction-sections -fdata-sections -o gen/dc_help.o -c gen/dc_help.c
gcc -DBC_ENABLED=1 -DDC_ENABLED=1 -I./include/ -DBUILD_TYPE=N  -DEXECPREFIX= -DMAINEXEC=bc   -DBC_NUM_KARATSUBA_LEN=32 -DBC_ENABLE_NLS=0 -DBC_ENABLE_EXTRA_MATH=1 -DBC_ENABLE_HISTORY=1 -DBC_ENABLE_LIBRARY=0 -DBC_ENABLE_MEMCHECK=0 -DBC_ENABLE_AFL=0 -DBC_DEFAULT_BANNER=0 -DBC_DEFAULT_SIGINT_RESET=1 -DBC_DEFAULT_TTY_MODE=1 -DBC_DEFAULT_PROMPT=1 -DBC_DEFAULT_EXPR_EXIT=1 -DBC_DEFAULT_DIGIT_CLAMP=0 -DDC_DEFAULT_SIGINT_RESET=1 -DDC_DEFAULT_TTY_MODE=0 -DDC_DEFAULT_PROMPT=0 -DDC_DEFAULT_EXPR_EXIT=1 -DDC_DEFAULT_DIGIT_CLAMP=0 -DNDEBUG -DNDEBUG -DBC_ENABLE_EDITLINE=0 -DBC_ENABLE_READLINE=1 -D_POSIX_C_SOURCE=200809L -D_XOPEN_SOURCE=700 -O3 -march=x86-64-v3 -mtune=haswell -Os -pipe -fno-plt -fPIC -fstack-clash-protection -ffunction-sections -fdata-sections -o gen/bc_help.o -c gen/bc_help.c
gcc -DBC_ENABLED=1 -DDC_ENABLED=1 -I./include/ -DBUILD_TYPE=N  -DEXECPREFIX= -DMAINEXEC=bc   -DBC_NUM_KARATSUBA_LEN=32 -DBC_ENABLE_NLS=0 -DBC_ENABLE_EXTRA_MATH=1 -DBC_ENABLE_HISTORY=1 -DBC_ENABLE_LIBRARY=0 -DBC_ENABLE_MEMCHECK=0 -DBC_ENABLE_AFL=0 -DBC_DEFAULT_BANNER=0 -DBC_DEFAULT_SIGINT_RESET=1 -DBC_DEFAULT_TTY_MODE=1 -DBC_DEFAULT_PROMPT=1 -DBC_DEFAULT_EXPR_EXIT=1 -DBC_DEFAULT_DIGIT_CLAMP=0 -DDC_DEFAULT_SIGINT_RESET=1 -DDC_DEFAULT_TTY_MODE=0 -DDC_DEFAULT_PROMPT=0 -DDC_DEFAULT_EXPR_EXIT=1 -DDC_DEFAULT_DIGIT_CLAMP=0 -DNDEBUG -DNDEBUG -DBC_ENABLE_EDITLINE=0 -DBC_ENABLE_READLINE=1 -D_POSIX_C_SOURCE=200809L -D_XOPEN_SOURCE=700 -O3 -march=x86-64-v3 -mtune=haswell -Os -pipe -fno-plt -fPIC -fstack-clash-protection -ffunction-sections -fdata-sections -o gen/lib.o -c gen/lib.c
gcc -DBC_ENABLED=1 -DDC_ENABLED=1 -I./include/ -DBUILD_TYPE=N  -DEXECPREFIX= -DMAINEXEC=bc   -DBC_NUM_KARATSUBA_LEN=32 -DBC_ENABLE_NLS=0 -DBC_ENABLE_EXTRA_MATH=1 -DBC_ENABLE_HISTORY=1 -DBC_ENABLE_LIBRARY=0 -DBC_ENABLE_MEMCHECK=0 -DBC_ENABLE_AFL=0 -DBC_DEFAULT_BANNER=0 -DBC_DEFAULT_SIGINT_RESET=1 -DBC_DEFAULT_TTY_MODE=1 -DBC_DEFAULT_PROMPT=1 -DBC_DEFAULT_EXPR_EXIT=1 -DBC_DEFAULT_DIGIT_CLAMP=0 -DDC_DEFAULT_SIGINT_RESET=1 -DDC_DEFAULT_TTY_MODE=0 -DDC_DEFAULT_PROMPT=0 -DDC_DEFAULT_EXPR_EXIT=1 -DDC_DEFAULT_DIGIT_CLAMP=0 -DNDEBUG -DNDEBUG -DBC_ENABLE_EDITLINE=0 -DBC_ENABLE_READLINE=1 -D_POSIX_C_SOURCE=200809L -D_XOPEN_SOURCE=700 -O3 -march=x86-64-v3 -mtune=haswell -Os -pipe -fno-plt -fPIC -fstack-clash-protection -ffunction-sections -fdata-sections -o gen/lib2.o -c gen/lib2.c
gcc -DBC_ENABLED=1 -DDC_ENABLED=1 -I./include/ -DBUILD_TYPE=N  -DEXECPREFIX= -DMAINEXEC=bc   -DBC_NUM_KARATSUBA_LEN=32 -DBC_ENABLE_NLS=0 -DBC_ENABLE_EXTRA_MATH=1 -DBC_ENABLE_HISTORY=1 -DBC_ENABLE_LIBRARY=0 -DBC_ENABLE_MEMCHECK=0 -DBC_ENABLE_AFL=0 -DBC_DEFAULT_BANNER=0 -DBC_DEFAULT_SIGINT_RESET=1 -DBC_DEFAULT_TTY_MODE=1 -DBC_DEFAULT_PROMPT=1 -DBC_DEFAULT_EXPR_EXIT=1 -DBC_DEFAULT_DIGIT_CLAMP=0 -DDC_DEFAULT_SIGINT_RESET=1 -DDC_DEFAULT_TTY_MODE=0 -DDC_DEFAULT_PROMPT=0 -DDC_DEFAULT_EXPR_EXIT=1 -DDC_DEFAULT_DIGIT_CLAMP=0 -DNDEBUG -DNDEBUG -DBC_ENABLE_EDITLINE=0 -DBC_ENABLE_READLINE=1 -D_POSIX_C_SOURCE=200809L -D_XOPEN_SOURCE=700 -O3 -march=x86-64-v3 -mtune=haswell -Os -pipe -fno-plt -fPIC -fstack-clash-protection -ffunction-sections -fdata-sections ./gen/dc_help.o ./gen/bc_help.o ./gen/lib.o ./gen/lib2.o src/args.o src/bc.o src/bc_lex.o src/bc_parse.o src/data.o src/dc.o src/dc_lex.o src/dc_parse.o src/file.o src/history.o src/lang.o src/lex.o src/main.o src/num.o src/opt.o src/parse.o src/program.o src/rand.o src/read.o src/vector.o src/vm.o -s -Wl,-O2,--sort-common,--as-needed,-z,relro,-z,now,--gc-sections -lreadline -o bin/bc
./scripts/link.sh bin dc
./scripts/safe-install.sh -Dm644 manuals/bc.1 /usr/share/man/man1/bc.1
./scripts/safe-install.sh -Dm644 manuals/dc.1 /usr/share/man/man1/dc.1
./scripts/exec-install.sh /usr/bin "" "/sources/bc-6.7.5/bin"


CFLAGS:: -march=x86-64-v3 -mtune=haswell -Os -pipe -fno-plt -fPIC -fstack-clash-protection -ffunction-sections -fdata-sections
CXXFLAGS:: -march=x86-64-v3 -mtune=haswell -Os -pipe -fno-plt -fPIC -fstack-clash-protection -ffunction-sections -fdata-sections -Wp,-D_GLIBCXX_ASSERTIONS
CPPFLAGS:: -DNDEBUG
LDFLAGS:: -Wl,-O2,--sort-common,--as-needed,-z,relro,-z,now,--gc-sections


Thu Mar 28 15:26:34 UTC 2024

Totalseconds: 3

KB: 1053556	/

