Mon Feb 19 15:32:57 UTC 2024
KB: 1023052	/

checking for correct TEA configuration... ok (TEA 3.9)
configure: configuring expect 5.45.4
checking for Tcl configuration... found /usr/lib/tclConfig.sh
checking for existence of /usr/lib/tclConfig.sh... loading
configure: --exec-prefix defaulting to TCL_EXEC_PREFIX /usr
checking for a BSD-compatible install... /usr/bin/install -c
checking for gcc... gcc
checking whether the C compiler works... yes
checking for C compiler default output file name... a.out
checking for suffix of executables... 
checking whether we are cross compiling... no
checking for suffix of object files... o
checking whether we are using the GNU C compiler... yes
checking whether gcc accepts -g... yes
checking for gcc option to accept ISO C89... none needed
checking how to run the C preprocessor... gcc -E
checking whether make sets $(MAKE)... yes
checking for ranlib... ranlib
checking for grep that handles long lines and -e... /usr/bin/grep
checking for egrep... /usr/bin/grep -E
checking for ANSI C header files... yes
checking for sys/types.h... yes
checking for sys/stat.h... yes
checking for stdlib.h... yes
checking for string.h... yes
checking for memory.h... yes
checking for strings.h... yes
checking for inttypes.h... yes
checking for stdint.h... yes
checking for unistd.h... yes
checking if the compiler understands -pipe... yes
checking whether byte ordering is bigendian... no
checking for sin... yes
checking for main in -lieee... no
checking for main in -linet... no
checking net/errno.h usability... no
checking net/errno.h presence... no
checking for net/errno.h... no
checking for connect... yes
checking for gethostbyname... yes
checking dirent.h... yes
checking errno.h usability... yes
checking errno.h presence... yes
checking for errno.h... yes
checking float.h usability... yes
checking float.h presence... yes
checking for float.h... yes
checking values.h usability... yes
checking values.h presence... yes
checking for values.h... yes
checking limits.h usability... yes
checking limits.h presence... yes
checking for limits.h... yes
checking for stdlib.h... (cached) yes
checking for string.h... (cached) yes
checking sys/wait.h usability... yes
checking sys/wait.h presence... yes
checking for sys/wait.h... yes
checking dlfcn.h usability... yes
checking dlfcn.h presence... yes
checking for dlfcn.h... yes
checking sys/param.h usability... yes
checking sys/param.h presence... yes
checking for sys/param.h... yes
checking for Tcl public headers... /usr/include
checking for Tcl private include files... private headers found with public headers
checking for pthread_mutex_init in -lpthread... yes
checking for building with threads... yes (default)
checking how to build libraries... shared
checking if 64bit support is requested... no
checking if 64bit Sparc VIS support is requested... no
checking if compiler supports visibility "hidden"... yes
checking if rpath support is requested... yes
checking system version... Linux-6.2.0-1019-azure
checking for ar... ar
checking for required early compiler flags...  _LARGEFILE64_SOURCE
checking for 64-bit integer type... using long
checking for build with symbols... no
checking sys/select.h usability... yes
checking sys/select.h presence... yes
checking for sys/select.h... yes
checking sys/sysmacros.h usability... yes
checking sys/sysmacros.h presence... yes
checking for sys/sysmacros.h... yes
checking varargs.h usability... no
checking varargs.h presence... no
checking for varargs.h... no
checking sys/stropts.h usability... no
checking sys/stropts.h presence... no
checking for sys/stropts.h... no
checking sys/sysconfig.h usability... no
checking sys/sysconfig.h presence... no
checking for sys/sysconfig.h... no
checking sys/fcntl.h usability... yes
checking sys/fcntl.h presence... yes
checking for sys/fcntl.h... yes
checking sys/ptem.h usability... no
checking sys/ptem.h presence... no
checking for sys/ptem.h... no
checking sys/strredir.h usability... no
checking sys/strredir.h presence... no
checking for sys/strredir.h... no
checking sys/strpty.h usability... no
checking sys/strpty.h presence... no
checking for sys/strpty.h... no
checking for sys/bsdtypes.h... no
checking return type of signal handlers... void
checking whether struct tm is in sys/time.h or time.h... time.h
checking sys/time.h usability... yes
checking sys/time.h presence... yes
checking for sys/time.h... yes
checking whether time.h and sys/time.h may both be included... yes
checking for struct tm.tm_zone... yes
checking for gmtime_r... yes
checking for localtime_r... yes
checking tm_tzadj in struct tm... no
checking tm_gmtoff in struct tm... yes
checking long timezone variable... yes
checking union wait... yes
checking for gethostname... yes
checking for socket... yes
checking for select... yes
checking for getpseudotty... no
checking for getpseudotty in -lseq... no
checking for openpty... yes
checking if running Sequent running SVR4... no
checking build system type... x86_64-unknown-linux-gnu
checking host system type... x86_64-unknown-linux-gnu
checking target system type... x86_64-unknown-linux-gnu
checking for pid_t... yes
checking if running Mach... no
checking if running MachTen... no
checking if on Pyramid... no
checking if on Apollo... no
checking if on Interactive... no
checking stty to use... /bin/stty
checking if stty reads stdout... no
checking if running Solaris... no
checking for memmove... yes
checking for sysconf... yes
checking for strftime... yes
checking for strchr... yes
checking for timezone... yes
checking for siglongjmp... yes
checking for memcpy... yes
checking if WNOHANG requires _POSIX_SOURCE... no
checking if any value exists for WNOHANG... yes
checking mask type of select... none
checking if signals need to be re-armed... no
checking if on Convex... no
checking if on HP... no
checking sane default stty arguments... 
checking for HP style pty allocation... no
checking for HP style pty trapping... no
checking for AIX new-style pty allocation... no
checking for SGI old-style pty allocation... no
checking for SCO style pty allocation... no
checking for SVR4 style pty allocation... no
checking for OSF/1 style pty allocation... no
checking for tcgetattr... yes
checking for tcsetattr... yes
checking for struct sgttyb... no
checking for struct termio... yes
checking for struct termios... yes
checking if TCGETS or TCGETA in termios.h... no
checking if TIOCGWINSZ in termios.h... no
checking for Cray-style ptys... no
checking for select... yes
checking for poll... yes
checking event handling... via select
checking for _getpty... no
checking for getpty... no
checking whether setpgrp takes no argument... yes
checking for SV-style timezone... yes
checking for long file names... yes
checking for tclsh... /usr/bin/tclsh8.6
configure: creating ./config.status
config.status: creating Makefile
config.status: WARNING:  'Makefile.in' seems to ignore the --datarootdir setting
config.status: executing default commands
chmod: cannot access './install-sh': No such file or directory
=== configuring in testsuite (/sources/expect5.45.4/testsuite)
configure: running /bin/sh ./configure --disable-option-checking '--prefix=/usr'  '--with-tcl=/usr/lib' '--enable-shared' '--mandir=/usr/share/man' '--with-tclinclude=/usr/include' 'CFLAGS=-march=x86-64-v3 -mtune=haswell -Os -pipe -fno-plt -fPIC -ffunction-sections -fdata-sections' 'LDFLAGS=-Wl,-O2,--sort-common,--as-needed,-z,relro,-z,now,--gc-sections' 'CPPFLAGS=-D_FORTIFY_SOURCE=2 -DNDEBUG' --cache-file=/dev/null --srcdir=.
checking for correct TEA configuration... ok (TEA 3.9)
configure: configuring exp_test 0.43
checking for Tcl configuration... found /usr/lib/tclConfig.sh
checking for existence of /usr/lib/tclConfig.sh... loading
checking for a BSD-compatible install... /usr/bin/install -c
checking for gcc... gcc
checking whether the C compiler works... yes
checking for C compiler default output file name... a.out
checking for suffix of executables... 
checking whether we are cross compiling... no
checking for suffix of object files... o
checking whether we are using the GNU C compiler... yes
checking whether gcc accepts -g... yes
checking for gcc option to accept ISO C89... none needed
checking how to run the C preprocessor... gcc -E
checking whether make sets $(MAKE)... yes
checking for ranlib... ranlib
checking for grep that handles long lines and -e... /usr/bin/grep
checking for egrep... /usr/bin/grep -E
checking for ANSI C header files... yes
checking for sys/types.h... yes
checking for sys/stat.h... yes
checking for stdlib.h... yes
checking for string.h... yes
checking for memory.h... yes
checking for strings.h... yes
checking for inttypes.h... yes
checking for stdint.h... yes
checking for unistd.h... yes
checking if the compiler understands -pipe... yes
checking whether byte ordering is bigendian... no
checking for sin... yes
checking for main in -lieee... no
checking for main in -linet... no
checking net/errno.h usability... no
checking net/errno.h presence... no
checking for net/errno.h... no
checking for connect... yes
checking for gethostbyname... yes
checking dirent.h... yes
checking errno.h usability... yes
checking errno.h presence... yes
checking for errno.h... yes
checking float.h usability... yes
checking float.h presence... yes
checking for float.h... yes
checking values.h usability... yes
checking values.h presence... yes
checking for values.h... yes
checking limits.h usability... yes
checking limits.h presence... yes
checking for limits.h... yes
checking for stdlib.h... (cached) yes
checking for string.h... (cached) yes
checking sys/wait.h usability... yes
checking sys/wait.h presence... yes
checking for sys/wait.h... yes
checking dlfcn.h usability... yes
checking dlfcn.h presence... yes
checking for dlfcn.h... yes
checking sys/param.h usability... yes
checking sys/param.h presence... yes
checking for sys/param.h... yes
configure: creating ./config.status
config.status: creating Makefile
gcc -DPACKAGE_NAME=\"expect\" -DPACKAGE_TARNAME=\"expect\" -DPACKAGE_VERSION=\"5.45.4\" -DPACKAGE_STRING=\"expect\ 5.45.4\" -DPACKAGE_BUGREPORT=\"\" -DPACKAGE_URL=\"\" -DBUILD_expect=/\*\*/ -DSTDC_HEADERS=1 -DHAVE_SYS_TYPES_H=1 -DHAVE_SYS_STAT_H=1 -DHAVE_STDLIB_H=1 -DHAVE_STRING_H=1 -DHAVE_MEMORY_H=1 -DHAVE_STRINGS_H=1 -DHAVE_INTTYPES_H=1 -DHAVE_STDINT_H=1 -DHAVE_UNISTD_H=1 -DHAVE_LIMITS_H=1 -DHAVE_SYS_PARAM_H=1 -DUSE_THREAD_ALLOC=1 -D_REENTRANT=1 -D_THREAD_SAFE=1 -DTCL_THREADS=1 -DMODULE_SCOPE=extern\ __attribute__\(\(__visibility__\(\"hidden\"\)\)\) -D_LARGEFILE64_SOURCE=1 -DTCL_WIDE_INT_IS_LONG=1 -DUSE_TCL_STUBS=1 -DUSE_TCL_STUBS=1 -DHAVE_SYS_SELECT_H=1 -DHAVE_SYSMACROS_H=1 -DHAVE_SYS_FCNTL_H=1 -DRETSIGTYPE=void -DHAVE_SYS_TIME_H=1 -DTIME_WITH_SYS_TIME=1 -DHAVE_STRUCT_TM_TM_ZONE=1 -DHAVE_TM_ZONE=1 -DHAVE_GMTIME_R=1 -DHAVE_LOCALTIME_R=1 -DHAVE_TM_GMTOFF=1 -DHAVE_TIMEZONE_VAR=1 -DHAVE_OPENPTY=1 -DHAVE_MEMMOVE=1 -DHAVE_SYSCONF=1 -DHAVE_STRFTIME=1 -DHAVE_STRCHR=1 -DHAVE_TIMEZONE=1 -DHAVE_SIGLONGJMP=1 -DHAVE_MEMCPY=1 -DWNOHANG_BACKUP_VALUE=1 -DSELECT_MASK_TYPE=fd_set -DHAVE_TCSETATTR=1 -DPOSIX=1 -DHAVE_TERMIO=1 -DHAVE_TERMIOS=1 -DSETPGRP_VOID=1 -DHAVE_SV_TIMEZONE=1 -DHAVE_LONG_FILE_NAMES=1 -DTCL_DEBUGGER -DUSE_NON_CONST -DSCRIPTDIR=\"/usr/lib/expect5.45.4\" -DEXECSCRIPTDIR=\"/usr/lib/expect5.45.4\" -DSTTY_BIN=\"/bin/stty\" -DDFLT_STTY="\"sane\"" -I. -I"." -I"/usr/include"    -march=x86-64-v3 -mtune=haswell -Os -pipe -fno-plt -fPIC -ffunction-sections -fdata-sections -pipe -O2 -fomit-frame-pointer -Wall -fPIC -D_FORTIFY_SOURCE=2 -DNDEBUG -c `echo exp_command.c` -o exp_command.o
gcc -DPACKAGE_NAME=\"expect\" -DPACKAGE_TARNAME=\"expect\" -DPACKAGE_VERSION=\"5.45.4\" -DPACKAGE_STRING=\"expect\ 5.45.4\" -DPACKAGE_BUGREPORT=\"\" -DPACKAGE_URL=\"\" -DBUILD_expect=/\*\*/ -DSTDC_HEADERS=1 -DHAVE_SYS_TYPES_H=1 -DHAVE_SYS_STAT_H=1 -DHAVE_STDLIB_H=1 -DHAVE_STRING_H=1 -DHAVE_MEMORY_H=1 -DHAVE_STRINGS_H=1 -DHAVE_INTTYPES_H=1 -DHAVE_STDINT_H=1 -DHAVE_UNISTD_H=1 -DHAVE_LIMITS_H=1 -DHAVE_SYS_PARAM_H=1 -DUSE_THREAD_ALLOC=1 -D_REENTRANT=1 -D_THREAD_SAFE=1 -DTCL_THREADS=1 -DMODULE_SCOPE=extern\ __attribute__\(\(__visibility__\(\"hidden\"\)\)\) -D_LARGEFILE64_SOURCE=1 -DTCL_WIDE_INT_IS_LONG=1 -DUSE_TCL_STUBS=1 -DUSE_TCL_STUBS=1 -DHAVE_SYS_SELECT_H=1 -DHAVE_SYSMACROS_H=1 -DHAVE_SYS_FCNTL_H=1 -DRETSIGTYPE=void -DHAVE_SYS_TIME_H=1 -DTIME_WITH_SYS_TIME=1 -DHAVE_STRUCT_TM_TM_ZONE=1 -DHAVE_TM_ZONE=1 -DHAVE_GMTIME_R=1 -DHAVE_LOCALTIME_R=1 -DHAVE_TM_GMTOFF=1 -DHAVE_TIMEZONE_VAR=1 -DHAVE_OPENPTY=1 -DHAVE_MEMMOVE=1 -DHAVE_SYSCONF=1 -DHAVE_STRFTIME=1 -DHAVE_STRCHR=1 -DHAVE_TIMEZONE=1 -DHAVE_SIGLONGJMP=1 -DHAVE_MEMCPY=1 -DWNOHANG_BACKUP_VALUE=1 -DSELECT_MASK_TYPE=fd_set -DHAVE_TCSETATTR=1 -DPOSIX=1 -DHAVE_TERMIO=1 -DHAVE_TERMIOS=1 -DSETPGRP_VOID=1 -DHAVE_SV_TIMEZONE=1 -DHAVE_LONG_FILE_NAMES=1 -DTCL_DEBUGGER -DUSE_NON_CONST -DSCRIPTDIR=\"/usr/lib/expect5.45.4\" -DEXECSCRIPTDIR=\"/usr/lib/expect5.45.4\" -DSTTY_BIN=\"/bin/stty\" -DDFLT_STTY="\"sane\"" -I. -I"." -I"/usr/include"    -march=x86-64-v3 -mtune=haswell -Os -pipe -fno-plt -fPIC -ffunction-sections -fdata-sections -pipe -O2 -fomit-frame-pointer -Wall -fPIC -D_FORTIFY_SOURCE=2 -DNDEBUG -c `echo expect.c` -o expect.o
gcc -DPACKAGE_NAME=\"expect\" -DPACKAGE_TARNAME=\"expect\" -DPACKAGE_VERSION=\"5.45.4\" -DPACKAGE_STRING=\"expect\ 5.45.4\" -DPACKAGE_BUGREPORT=\"\" -DPACKAGE_URL=\"\" -DBUILD_expect=/\*\*/ -DSTDC_HEADERS=1 -DHAVE_SYS_TYPES_H=1 -DHAVE_SYS_STAT_H=1 -DHAVE_STDLIB_H=1 -DHAVE_STRING_H=1 -DHAVE_MEMORY_H=1 -DHAVE_STRINGS_H=1 -DHAVE_INTTYPES_H=1 -DHAVE_STDINT_H=1 -DHAVE_UNISTD_H=1 -DHAVE_LIMITS_H=1 -DHAVE_SYS_PARAM_H=1 -DUSE_THREAD_ALLOC=1 -D_REENTRANT=1 -D_THREAD_SAFE=1 -DTCL_THREADS=1 -DMODULE_SCOPE=extern\ __attribute__\(\(__visibility__\(\"hidden\"\)\)\) -D_LARGEFILE64_SOURCE=1 -DTCL_WIDE_INT_IS_LONG=1 -DUSE_TCL_STUBS=1 -DUSE_TCL_STUBS=1 -DHAVE_SYS_SELECT_H=1 -DHAVE_SYSMACROS_H=1 -DHAVE_SYS_FCNTL_H=1 -DRETSIGTYPE=void -DHAVE_SYS_TIME_H=1 -DTIME_WITH_SYS_TIME=1 -DHAVE_STRUCT_TM_TM_ZONE=1 -DHAVE_TM_ZONE=1 -DHAVE_GMTIME_R=1 -DHAVE_LOCALTIME_R=1 -DHAVE_TM_GMTOFF=1 -DHAVE_TIMEZONE_VAR=1 -DHAVE_OPENPTY=1 -DHAVE_MEMMOVE=1 -DHAVE_SYSCONF=1 -DHAVE_STRFTIME=1 -DHAVE_STRCHR=1 -DHAVE_TIMEZONE=1 -DHAVE_SIGLONGJMP=1 -DHAVE_MEMCPY=1 -DWNOHANG_BACKUP_VALUE=1 -DSELECT_MASK_TYPE=fd_set -DHAVE_TCSETATTR=1 -DPOSIX=1 -DHAVE_TERMIO=1 -DHAVE_TERMIOS=1 -DSETPGRP_VOID=1 -DHAVE_SV_TIMEZONE=1 -DHAVE_LONG_FILE_NAMES=1 -DTCL_DEBUGGER -DUSE_NON_CONST -DSCRIPTDIR=\"/usr/lib/expect5.45.4\" -DEXECSCRIPTDIR=\"/usr/lib/expect5.45.4\" -DSTTY_BIN=\"/bin/stty\" -DDFLT_STTY="\"sane\"" -I. -I"." -I"/usr/include"    -march=x86-64-v3 -mtune=haswell -Os -pipe -fno-plt -fPIC -ffunction-sections -fdata-sections -pipe -O2 -fomit-frame-pointer -Wall -fPIC -D_FORTIFY_SOURCE=2 -DNDEBUG -c `echo exp_inter.c` -o exp_inter.o
gcc -DPACKAGE_NAME=\"expect\" -DPACKAGE_TARNAME=\"expect\" -DPACKAGE_VERSION=\"5.45.4\" -DPACKAGE_STRING=\"expect\ 5.45.4\" -DPACKAGE_BUGREPORT=\"\" -DPACKAGE_URL=\"\" -DBUILD_expect=/\*\*/ -DSTDC_HEADERS=1 -DHAVE_SYS_TYPES_H=1 -DHAVE_SYS_STAT_H=1 -DHAVE_STDLIB_H=1 -DHAVE_STRING_H=1 -DHAVE_MEMORY_H=1 -DHAVE_STRINGS_H=1 -DHAVE_INTTYPES_H=1 -DHAVE_STDINT_H=1 -DHAVE_UNISTD_H=1 -DHAVE_LIMITS_H=1 -DHAVE_SYS_PARAM_H=1 -DUSE_THREAD_ALLOC=1 -D_REENTRANT=1 -D_THREAD_SAFE=1 -DTCL_THREADS=1 -DMODULE_SCOPE=extern\ __attribute__\(\(__visibility__\(\"hidden\"\)\)\) -D_LARGEFILE64_SOURCE=1 -DTCL_WIDE_INT_IS_LONG=1 -DUSE_TCL_STUBS=1 -DUSE_TCL_STUBS=1 -DHAVE_SYS_SELECT_H=1 -DHAVE_SYSMACROS_H=1 -DHAVE_SYS_FCNTL_H=1 -DRETSIGTYPE=void -DHAVE_SYS_TIME_H=1 -DTIME_WITH_SYS_TIME=1 -DHAVE_STRUCT_TM_TM_ZONE=1 -DHAVE_TM_ZONE=1 -DHAVE_GMTIME_R=1 -DHAVE_LOCALTIME_R=1 -DHAVE_TM_GMTOFF=1 -DHAVE_TIMEZONE_VAR=1 -DHAVE_OPENPTY=1 -DHAVE_MEMMOVE=1 -DHAVE_SYSCONF=1 -DHAVE_STRFTIME=1 -DHAVE_STRCHR=1 -DHAVE_TIMEZONE=1 -DHAVE_SIGLONGJMP=1 -DHAVE_MEMCPY=1 -DWNOHANG_BACKUP_VALUE=1 -DSELECT_MASK_TYPE=fd_set -DHAVE_TCSETATTR=1 -DPOSIX=1 -DHAVE_TERMIO=1 -DHAVE_TERMIOS=1 -DSETPGRP_VOID=1 -DHAVE_SV_TIMEZONE=1 -DHAVE_LONG_FILE_NAMES=1 -DTCL_DEBUGGER -DUSE_NON_CONST -DSCRIPTDIR=\"/usr/lib/expect5.45.4\" -DEXECSCRIPTDIR=\"/usr/lib/expect5.45.4\" -DSTTY_BIN=\"/bin/stty\" -DDFLT_STTY="\"sane\"" -I. -I"." -I"/usr/include"    -march=x86-64-v3 -mtune=haswell -Os -pipe -fno-plt -fPIC -ffunction-sections -fdata-sections -pipe -O2 -fomit-frame-pointer -Wall -fPIC -D_FORTIFY_SOURCE=2 -DNDEBUG -c `echo exp_regexp.c` -o exp_regexp.o
gcc -DPACKAGE_NAME=\"expect\" -DPACKAGE_TARNAME=\"expect\" -DPACKAGE_VERSION=\"5.45.4\" -DPACKAGE_STRING=\"expect\ 5.45.4\" -DPACKAGE_BUGREPORT=\"\" -DPACKAGE_URL=\"\" -DBUILD_expect=/\*\*/ -DSTDC_HEADERS=1 -DHAVE_SYS_TYPES_H=1 -DHAVE_SYS_STAT_H=1 -DHAVE_STDLIB_H=1 -DHAVE_STRING_H=1 -DHAVE_MEMORY_H=1 -DHAVE_STRINGS_H=1 -DHAVE_INTTYPES_H=1 -DHAVE_STDINT_H=1 -DHAVE_UNISTD_H=1 -DHAVE_LIMITS_H=1 -DHAVE_SYS_PARAM_H=1 -DUSE_THREAD_ALLOC=1 -D_REENTRANT=1 -D_THREAD_SAFE=1 -DTCL_THREADS=1 -DMODULE_SCOPE=extern\ __attribute__\(\(__visibility__\(\"hidden\"\)\)\) -D_LARGEFILE64_SOURCE=1 -DTCL_WIDE_INT_IS_LONG=1 -DUSE_TCL_STUBS=1 -DUSE_TCL_STUBS=1 -DHAVE_SYS_SELECT_H=1 -DHAVE_SYSMACROS_H=1 -DHAVE_SYS_FCNTL_H=1 -DRETSIGTYPE=void -DHAVE_SYS_TIME_H=1 -DTIME_WITH_SYS_TIME=1 -DHAVE_STRUCT_TM_TM_ZONE=1 -DHAVE_TM_ZONE=1 -DHAVE_GMTIME_R=1 -DHAVE_LOCALTIME_R=1 -DHAVE_TM_GMTOFF=1 -DHAVE_TIMEZONE_VAR=1 -DHAVE_OPENPTY=1 -DHAVE_MEMMOVE=1 -DHAVE_SYSCONF=1 -DHAVE_STRFTIME=1 -DHAVE_STRCHR=1 -DHAVE_TIMEZONE=1 -DHAVE_SIGLONGJMP=1 -DHAVE_MEMCPY=1 -DWNOHANG_BACKUP_VALUE=1 -DSELECT_MASK_TYPE=fd_set -DHAVE_TCSETATTR=1 -DPOSIX=1 -DHAVE_TERMIO=1 -DHAVE_TERMIOS=1 -DSETPGRP_VOID=1 -DHAVE_SV_TIMEZONE=1 -DHAVE_LONG_FILE_NAMES=1 -DTCL_DEBUGGER -DUSE_NON_CONST -DSCRIPTDIR=\"/usr/lib/expect5.45.4\" -DEXECSCRIPTDIR=\"/usr/lib/expect5.45.4\" -DSTTY_BIN=\"/bin/stty\" -DDFLT_STTY="\"sane\"" -I. -I"." -I"/usr/include"    -march=x86-64-v3 -mtune=haswell -Os -pipe -fno-plt -fPIC -ffunction-sections -fdata-sections -pipe -O2 -fomit-frame-pointer -Wall -fPIC -D_FORTIFY_SOURCE=2 -DNDEBUG -c `echo exp_tty.c` -o exp_tty.o
exp_tty.c: In function 'exec_stty':
exp_tty.c:323:13: warning: variable 'rc' set but not used [-Wunused-but-set-variable]
  323 |         int rc;
      |             ^~
expect.c: In function 'exp_eval_with_one_arg':
expect.c:287:9: warning: variable 'rc' set but not used [-Wunused-but-set-variable]
  287 |     int rc;
      |         ^~
exp_inter.c:710:13: warning: 'interpreter_cmd' defined but not used [-Wunused-variable]
  710 | static char interpreter_cmd[] = "interpreter";
      |             ^~~~~~~~~~~~~~~
exp_inter.c:709:13: warning: 'return_cmd' defined but not used [-Wunused-variable]
  709 | static char return_cmd[] = "return";
      |             ^~~~~~~~~~
expect.c: In function 'expIRead':
exp_command.c: In function 'Exp_SpawnObjCmd':
exp_command.c:587:9: warning: unused variable 'ttyfd' [-Wunused-variable]
  587 |     int ttyfd;
      |         ^~~~~
expect.c:1765:9: warning: variable 'size' set but not used [-Wunused-but-set-variable]
 1765 |     int size;
      |         ^~~~
expect.c: In function 'Exp_ExpectObjCmd':
expect.c:2547:12: warning: variable 'start_time' set but not used [-Wunused-but-set-variable]
 2547 |     time_t start_time = 0;      /* time when restart label hit */
      |            ^~~~~~~~~~
exp_command.c: In function 'Exp_DisconnectObjCmd':
exp_command.c:3120:9: warning: unused variable 'ttyfd' [-Wunused-variable]
 3120 |     int ttyfd;
      |         ^~~~~
exp_command.c: At top level:
exp_command.c:537:1: warning: 'expSetpgrp' defined but not used [-Wunused-function]
  537 | expSetpgrp()
      | ^~~~~~~~~~
gcc -DPACKAGE_NAME=\"expect\" -DPACKAGE_TARNAME=\"expect\" -DPACKAGE_VERSION=\"5.45.4\" -DPACKAGE_STRING=\"expect\ 5.45.4\" -DPACKAGE_BUGREPORT=\"\" -DPACKAGE_URL=\"\" -DBUILD_expect=/\*\*/ -DSTDC_HEADERS=1 -DHAVE_SYS_TYPES_H=1 -DHAVE_SYS_STAT_H=1 -DHAVE_STDLIB_H=1 -DHAVE_STRING_H=1 -DHAVE_MEMORY_H=1 -DHAVE_STRINGS_H=1 -DHAVE_INTTYPES_H=1 -DHAVE_STDINT_H=1 -DHAVE_UNISTD_H=1 -DHAVE_LIMITS_H=1 -DHAVE_SYS_PARAM_H=1 -DUSE_THREAD_ALLOC=1 -D_REENTRANT=1 -D_THREAD_SAFE=1 -DTCL_THREADS=1 -DMODULE_SCOPE=extern\ __attribute__\(\(__visibility__\(\"hidden\"\)\)\) -D_LARGEFILE64_SOURCE=1 -DTCL_WIDE_INT_IS_LONG=1 -DUSE_TCL_STUBS=1 -DUSE_TCL_STUBS=1 -DHAVE_SYS_SELECT_H=1 -DHAVE_SYSMACROS_H=1 -DHAVE_SYS_FCNTL_H=1 -DRETSIGTYPE=void -DHAVE_SYS_TIME_H=1 -DTIME_WITH_SYS_TIME=1 -DHAVE_STRUCT_TM_TM_ZONE=1 -DHAVE_TM_ZONE=1 -DHAVE_GMTIME_R=1 -DHAVE_LOCALTIME_R=1 -DHAVE_TM_GMTOFF=1 -DHAVE_TIMEZONE_VAR=1 -DHAVE_OPENPTY=1 -DHAVE_MEMMOVE=1 -DHAVE_SYSCONF=1 -DHAVE_STRFTIME=1 -DHAVE_STRCHR=1 -DHAVE_TIMEZONE=1 -DHAVE_SIGLONGJMP=1 -DHAVE_MEMCPY=1 -DWNOHANG_BACKUP_VALUE=1 -DSELECT_MASK_TYPE=fd_set -DHAVE_TCSETATTR=1 -DPOSIX=1 -DHAVE_TERMIO=1 -DHAVE_TERMIOS=1 -DSETPGRP_VOID=1 -DHAVE_SV_TIMEZONE=1 -DHAVE_LONG_FILE_NAMES=1 -DTCL_DEBUGGER -DUSE_NON_CONST -DSCRIPTDIR=\"/usr/lib/expect5.45.4\" -DEXECSCRIPTDIR=\"/usr/lib/expect5.45.4\" -DSTTY_BIN=\"/bin/stty\" -DDFLT_STTY="\"sane\"" -I. -I"." -I"/usr/include"    -march=x86-64-v3 -mtune=haswell -Os -pipe -fno-plt -fPIC -ffunction-sections -fdata-sections -pipe -O2 -fomit-frame-pointer -Wall -fPIC -D_FORTIFY_SOURCE=2 -DNDEBUG -c `echo exp_log.c` -o exp_log.o
exp_inter.c: In function 'Exp_InteractObjCmd':
exp_inter.c:1412:38: warning: 'previous_time' may be used uninitialized [-Wmaybe-uninitialized]
 1412 |             time_diff = current_time - previous_time;
      |                         ~~~~~~~~~~~~~^~~~~~~~~~~~~~~
exp_inter.c:1347:16: note: 'previous_time' was declared here
 1347 |         time_t previous_time;
      |                ^~~~~~~~~~~~~
exp_inter.c:1404:34: warning: 'soonest_input' may be used uninitialized [-Wmaybe-uninitialized]
 1404 |                 u = soonest_input->i_list->state_list->esPtr;
      |                     ~~~~~~~~~~~~~^~~~~~~~
exp_inter.c:1355:23: note: 'soonest_input' was declared here
 1355 |         struct input *soonest_input;
      |                       ^~~~~~~~~~~~~
In function 'intEcho',
    inlined from 'Exp_InteractObjCmd' at exp_inter.c:1487:6:
exp_inter.c:420:12: warning: 'echoBytes' may be used uninitialized [-Wmaybe-uninitialized]
  420 |     (void) expWriteCharsUni(esPtr,
      |            ^~~~~~~~~~~~~~~~~~~~~~~
  421 |                             esPtr->input.buffer + offsetBytes,
      |                             ~~~~~~~~~~~~~~~~~~~~~~~~~~~~~~~~~~
  422 |                    echoBytes);
      |                    ~~~~~~~~~~
exp_inter.c: In function 'Exp_InteractObjCmd':
exp_inter.c:407:9: note: 'echoBytes' was declared here
  407 |     int echoBytes;
      |         ^~~~~~~~~
In function 'intEcho',
    inlined from 'Exp_InteractObjCmd' at exp_inter.c:1487:6:
exp_inter.c:421:49: warning: 'offsetBytes' may be used uninitialized [-Wmaybe-uninitialized]
  421 |                             esPtr->input.buffer + offsetBytes,
      |                                                 ^
exp_inter.c: In function 'Exp_InteractObjCmd':
exp_inter.c:408:9: note: 'offsetBytes' was declared here
  408 |     int offsetBytes;
      |         ^~~~~~~~~~~
exp_inter.c:1557:18: warning: 'matchLen' may be used uninitialized [-Wmaybe-uninitialized]
 1557 |             skip += matchLen;
      |                  ^~
exp_inter.c:1349:13: note: 'matchLen' was declared here
 1349 |         int matchLen;   /* # of chars matched */
      |             ^~~~~~~~
expect.c: In function 'process_di.constprop':
expect.c:2955:12: warning: 'esPtr' may be used uninitialized [-Wmaybe-uninitialized]
 2955 |     *esOut = esPtr;
      |     ~~~~~~~^~~~~~~
expect.c:2902:15: note: 'esPtr' was declared here
 2902 |     ExpState *esPtr;
      |               ^~~~~
exp_log.c: In function 'expPrintf':
exp_log.c:304:9: warning: variable 'fmt' set but not used [-Wunused-but-set-variable]
  304 |   char *fmt;
      |         ^~~
exp_log.c: In function 'expWriteBytesAndLogIfTtyU':
exp_log.c:101:12: warning: 'wc' may be used uninitialized [-Wmaybe-uninitialized]
  101 |     return wc;
      |            ^~
exp_log.c:88:9: note: 'wc' was declared here
   88 |     int wc;
      |         ^~
gcc -DPACKAGE_NAME=\"expect\" -DPACKAGE_TARNAME=\"expect\" -DPACKAGE_VERSION=\"5.45.4\" -DPACKAGE_STRING=\"expect\ 5.45.4\" -DPACKAGE_BUGREPORT=\"\" -DPACKAGE_URL=\"\" -DBUILD_expect=/\*\*/ -DSTDC_HEADERS=1 -DHAVE_SYS_TYPES_H=1 -DHAVE_SYS_STAT_H=1 -DHAVE_STDLIB_H=1 -DHAVE_STRING_H=1 -DHAVE_MEMORY_H=1 -DHAVE_STRINGS_H=1 -DHAVE_INTTYPES_H=1 -DHAVE_STDINT_H=1 -DHAVE_UNISTD_H=1 -DHAVE_LIMITS_H=1 -DHAVE_SYS_PARAM_H=1 -DUSE_THREAD_ALLOC=1 -D_REENTRANT=1 -D_THREAD_SAFE=1 -DTCL_THREADS=1 -DMODULE_SCOPE=extern\ __attribute__\(\(__visibility__\(\"hidden\"\)\)\) -D_LARGEFILE64_SOURCE=1 -DTCL_WIDE_INT_IS_LONG=1 -DUSE_TCL_STUBS=1 -DUSE_TCL_STUBS=1 -DHAVE_SYS_SELECT_H=1 -DHAVE_SYSMACROS_H=1 -DHAVE_SYS_FCNTL_H=1 -DRETSIGTYPE=void -DHAVE_SYS_TIME_H=1 -DTIME_WITH_SYS_TIME=1 -DHAVE_STRUCT_TM_TM_ZONE=1 -DHAVE_TM_ZONE=1 -DHAVE_GMTIME_R=1 -DHAVE_LOCALTIME_R=1 -DHAVE_TM_GMTOFF=1 -DHAVE_TIMEZONE_VAR=1 -DHAVE_OPENPTY=1 -DHAVE_MEMMOVE=1 -DHAVE_SYSCONF=1 -DHAVE_STRFTIME=1 -DHAVE_STRCHR=1 -DHAVE_TIMEZONE=1 -DHAVE_SIGLONGJMP=1 -DHAVE_MEMCPY=1 -DWNOHANG_BACKUP_VALUE=1 -DSELECT_MASK_TYPE=fd_set -DHAVE_TCSETATTR=1 -DPOSIX=1 -DHAVE_TERMIO=1 -DHAVE_TERMIOS=1 -DSETPGRP_VOID=1 -DHAVE_SV_TIMEZONE=1 -DHAVE_LONG_FILE_NAMES=1 -DTCL_DEBUGGER -DUSE_NON_CONST -DSCRIPTDIR=\"/usr/lib/expect5.45.4\" -DEXECSCRIPTDIR=\"/usr/lib/expect5.45.4\" -DSTTY_BIN=\"/bin/stty\" -DDFLT_STTY="\"sane\"" -I. -I"." -I"/usr/include"    -march=x86-64-v3 -mtune=haswell -Os -pipe -fno-plt -fPIC -ffunction-sections -fdata-sections -pipe -O2 -fomit-frame-pointer -Wall -fPIC -D_FORTIFY_SOURCE=2 -DNDEBUG -c `echo exp_main_sub.c` -o exp_main_sub.o
gcc -DPACKAGE_NAME=\"expect\" -DPACKAGE_TARNAME=\"expect\" -DPACKAGE_VERSION=\"5.45.4\" -DPACKAGE_STRING=\"expect\ 5.45.4\" -DPACKAGE_BUGREPORT=\"\" -DPACKAGE_URL=\"\" -DBUILD_expect=/\*\*/ -DSTDC_HEADERS=1 -DHAVE_SYS_TYPES_H=1 -DHAVE_SYS_STAT_H=1 -DHAVE_STDLIB_H=1 -DHAVE_STRING_H=1 -DHAVE_MEMORY_H=1 -DHAVE_STRINGS_H=1 -DHAVE_INTTYPES_H=1 -DHAVE_STDINT_H=1 -DHAVE_UNISTD_H=1 -DHAVE_LIMITS_H=1 -DHAVE_SYS_PARAM_H=1 -DUSE_THREAD_ALLOC=1 -D_REENTRANT=1 -D_THREAD_SAFE=1 -DTCL_THREADS=1 -DMODULE_SCOPE=extern\ __attribute__\(\(__visibility__\(\"hidden\"\)\)\) -D_LARGEFILE64_SOURCE=1 -DTCL_WIDE_INT_IS_LONG=1 -DUSE_TCL_STUBS=1 -DUSE_TCL_STUBS=1 -DHAVE_SYS_SELECT_H=1 -DHAVE_SYSMACROS_H=1 -DHAVE_SYS_FCNTL_H=1 -DRETSIGTYPE=void -DHAVE_SYS_TIME_H=1 -DTIME_WITH_SYS_TIME=1 -DHAVE_STRUCT_TM_TM_ZONE=1 -DHAVE_TM_ZONE=1 -DHAVE_GMTIME_R=1 -DHAVE_LOCALTIME_R=1 -DHAVE_TM_GMTOFF=1 -DHAVE_TIMEZONE_VAR=1 -DHAVE_OPENPTY=1 -DHAVE_MEMMOVE=1 -DHAVE_SYSCONF=1 -DHAVE_STRFTIME=1 -DHAVE_STRCHR=1 -DHAVE_TIMEZONE=1 -DHAVE_SIGLONGJMP=1 -DHAVE_MEMCPY=1 -DWNOHANG_BACKUP_VALUE=1 -DSELECT_MASK_TYPE=fd_set -DHAVE_TCSETATTR=1 -DPOSIX=1 -DHAVE_TERMIO=1 -DHAVE_TERMIOS=1 -DSETPGRP_VOID=1 -DHAVE_SV_TIMEZONE=1 -DHAVE_LONG_FILE_NAMES=1 -DTCL_DEBUGGER -DUSE_NON_CONST -DSCRIPTDIR=\"/usr/lib/expect5.45.4\" -DEXECSCRIPTDIR=\"/usr/lib/expect5.45.4\" -DSTTY_BIN=\"/bin/stty\" -DDFLT_STTY="\"sane\"" -I. -I"." -I"/usr/include"    -march=x86-64-v3 -mtune=haswell -Os -pipe -fno-plt -fPIC -ffunction-sections -fdata-sections -pipe -O2 -fomit-frame-pointer -Wall -fPIC -D_FORTIFY_SOURCE=2 -DNDEBUG -c `echo exp_pty.c` -o exp_pty.o
exp_main_sub.c: In function 'exp_interpreter':
exp_main_sub.c:306:23: warning: implicit declaration of function 'exp_tty_cooked_echo' [-Wimplicit-function-declaration]
  306 |         tty_changed = exp_tty_cooked_echo(interp,&tty_old,&was_raw,&was_echo);
      |                       ^~~~~~~~~~~~~~~~~~~
exp_pty.c:138:21: warning: 'oldHupHandler' defined but not used [-Wunused-variable]
  138 | static RETSIGTYPE (*oldHupHandler)();
      |                     ^~~~~~~~~~~~~
exp_command.c: In function 'Exp_SpawnObjCmd':
exp_command.c:917:44: warning: 'rfd' may be used uninitialized [-Wmaybe-uninitialized]
  917 |         if (-1 == (write_master = master = dup(master))) {
      |                                            ^~~~~~~~~~~
exp_command.c:888:19: note: 'rfd' was declared here
  888 |         int mode, rfd, wfd;
      |                   ^~~
exp_command.c:923:60: warning: 'wfd' may be used uninitialized [-Wmaybe-uninitialized]
  923 |         if ((mode & TCL_READABLE) && (mode & TCL_WRITABLE) && (wfd != rfd)) {
      |             ~~~~~~~~~~~~~~~~~~~~~~~~~~~~~~~~~~~~~~~~~~~~~~~^~~~~~~~~~~~~~~
exp_command.c:888:24: note: 'wfd' was declared here
  888 |         int mode, rfd, wfd;
      |                        ^~~
gcc -DPACKAGE_NAME=\"expect\" -DPACKAGE_TARNAME=\"expect\" -DPACKAGE_VERSION=\"5.45.4\" -DPACKAGE_STRING=\"expect\ 5.45.4\" -DPACKAGE_BUGREPORT=\"\" -DPACKAGE_URL=\"\" -DBUILD_expect=/\*\*/ -DSTDC_HEADERS=1 -DHAVE_SYS_TYPES_H=1 -DHAVE_SYS_STAT_H=1 -DHAVE_STDLIB_H=1 -DHAVE_STRING_H=1 -DHAVE_MEMORY_H=1 -DHAVE_STRINGS_H=1 -DHAVE_INTTYPES_H=1 -DHAVE_STDINT_H=1 -DHAVE_UNISTD_H=1 -DHAVE_LIMITS_H=1 -DHAVE_SYS_PARAM_H=1 -DUSE_THREAD_ALLOC=1 -D_REENTRANT=1 -D_THREAD_SAFE=1 -DTCL_THREADS=1 -DMODULE_SCOPE=extern\ __attribute__\(\(__visibility__\(\"hidden\"\)\)\) -D_LARGEFILE64_SOURCE=1 -DTCL_WIDE_INT_IS_LONG=1 -DUSE_TCL_STUBS=1 -DUSE_TCL_STUBS=1 -DHAVE_SYS_SELECT_H=1 -DHAVE_SYSMACROS_H=1 -DHAVE_SYS_FCNTL_H=1 -DRETSIGTYPE=void -DHAVE_SYS_TIME_H=1 -DTIME_WITH_SYS_TIME=1 -DHAVE_STRUCT_TM_TM_ZONE=1 -DHAVE_TM_ZONE=1 -DHAVE_GMTIME_R=1 -DHAVE_LOCALTIME_R=1 -DHAVE_TM_GMTOFF=1 -DHAVE_TIMEZONE_VAR=1 -DHAVE_OPENPTY=1 -DHAVE_MEMMOVE=1 -DHAVE_SYSCONF=1 -DHAVE_STRFTIME=1 -DHAVE_STRCHR=1 -DHAVE_TIMEZONE=1 -DHAVE_SIGLONGJMP=1 -DHAVE_MEMCPY=1 -DWNOHANG_BACKUP_VALUE=1 -DSELECT_MASK_TYPE=fd_set -DHAVE_TCSETATTR=1 -DPOSIX=1 -DHAVE_TERMIO=1 -DHAVE_TERMIOS=1 -DSETPGRP_VOID=1 -DHAVE_SV_TIMEZONE=1 -DHAVE_LONG_FILE_NAMES=1 -DTCL_DEBUGGER -DUSE_NON_CONST -DSCRIPTDIR=\"/usr/lib/expect5.45.4\" -DEXECSCRIPTDIR=\"/usr/lib/expect5.45.4\" -DSTTY_BIN=\"/bin/stty\" -DDFLT_STTY="\"sane\"" -I. -I"." -I"/usr/include"    -march=x86-64-v3 -mtune=haswell -Os -pipe -fno-plt -fPIC -ffunction-sections -fdata-sections -pipe -O2 -fomit-frame-pointer -Wall -fPIC -D_FORTIFY_SOURCE=2 -DNDEBUG -c `echo exp_trap.c` -o exp_trap.o
exp_command.c: In function 'Exp_SendObjCmd':
exp_command.c:2063:15: warning: 'string' may be used uninitialized [-Wmaybe-uninitialized]
 2063 |         len = strlen(string);
      |               ^~~~~~~~~~~~~~
exp_command.c:1979:11: note: 'string' was declared here
 1979 |     char *string;               /* string to send */
      |           ^~~~~~
gcc -DPACKAGE_NAME=\"expect\" -DPACKAGE_TARNAME=\"expect\" -DPACKAGE_VERSION=\"5.45.4\" -DPACKAGE_STRING=\"expect\ 5.45.4\" -DPACKAGE_BUGREPORT=\"\" -DPACKAGE_URL=\"\" -DBUILD_expect=/\*\*/ -DSTDC_HEADERS=1 -DHAVE_SYS_TYPES_H=1 -DHAVE_SYS_STAT_H=1 -DHAVE_STDLIB_H=1 -DHAVE_STRING_H=1 -DHAVE_MEMORY_H=1 -DHAVE_STRINGS_H=1 -DHAVE_INTTYPES_H=1 -DHAVE_STDINT_H=1 -DHAVE_UNISTD_H=1 -DHAVE_LIMITS_H=1 -DHAVE_SYS_PARAM_H=1 -DUSE_THREAD_ALLOC=1 -D_REENTRANT=1 -D_THREAD_SAFE=1 -DTCL_THREADS=1 -DMODULE_SCOPE=extern\ __attribute__\(\(__visibility__\(\"hidden\"\)\)\) -D_LARGEFILE64_SOURCE=1 -DTCL_WIDE_INT_IS_LONG=1 -DUSE_TCL_STUBS=1 -DUSE_TCL_STUBS=1 -DHAVE_SYS_SELECT_H=1 -DHAVE_SYSMACROS_H=1 -DHAVE_SYS_FCNTL_H=1 -DRETSIGTYPE=void -DHAVE_SYS_TIME_H=1 -DTIME_WITH_SYS_TIME=1 -DHAVE_STRUCT_TM_TM_ZONE=1 -DHAVE_TM_ZONE=1 -DHAVE_GMTIME_R=1 -DHAVE_LOCALTIME_R=1 -DHAVE_TM_GMTOFF=1 -DHAVE_TIMEZONE_VAR=1 -DHAVE_OPENPTY=1 -DHAVE_MEMMOVE=1 -DHAVE_SYSCONF=1 -DHAVE_STRFTIME=1 -DHAVE_STRCHR=1 -DHAVE_TIMEZONE=1 -DHAVE_SIGLONGJMP=1 -DHAVE_MEMCPY=1 -DWNOHANG_BACKUP_VALUE=1 -DSELECT_MASK_TYPE=fd_set -DHAVE_TCSETATTR=1 -DPOSIX=1 -DHAVE_TERMIO=1 -DHAVE_TERMIOS=1 -DSETPGRP_VOID=1 -DHAVE_SV_TIMEZONE=1 -DHAVE_LONG_FILE_NAMES=1 -DTCL_DEBUGGER -DUSE_NON_CONST -DSCRIPTDIR=\"/usr/lib/expect5.45.4\" -DEXECSCRIPTDIR=\"/usr/lib/expect5.45.4\" -DSTTY_BIN=\"/bin/stty\" -DDFLT_STTY="\"sane\"" -I. -I"." -I"/usr/include"    -march=x86-64-v3 -mtune=haswell -Os -pipe -fno-plt -fPIC -ffunction-sections -fdata-sections -pipe -O2 -fomit-frame-pointer -Wall -fPIC -D_FORTIFY_SOURCE=2 -DNDEBUG -c `echo exp_strf.c` -o exp_strf.o
gcc -DPACKAGE_NAME=\"expect\" -DPACKAGE_TARNAME=\"expect\" -DPACKAGE_VERSION=\"5.45.4\" -DPACKAGE_STRING=\"expect\ 5.45.4\" -DPACKAGE_BUGREPORT=\"\" -DPACKAGE_URL=\"\" -DBUILD_expect=/\*\*/ -DSTDC_HEADERS=1 -DHAVE_SYS_TYPES_H=1 -DHAVE_SYS_STAT_H=1 -DHAVE_STDLIB_H=1 -DHAVE_STRING_H=1 -DHAVE_MEMORY_H=1 -DHAVE_STRINGS_H=1 -DHAVE_INTTYPES_H=1 -DHAVE_STDINT_H=1 -DHAVE_UNISTD_H=1 -DHAVE_LIMITS_H=1 -DHAVE_SYS_PARAM_H=1 -DUSE_THREAD_ALLOC=1 -D_REENTRANT=1 -D_THREAD_SAFE=1 -DTCL_THREADS=1 -DMODULE_SCOPE=extern\ __attribute__\(\(__visibility__\(\"hidden\"\)\)\) -D_LARGEFILE64_SOURCE=1 -DTCL_WIDE_INT_IS_LONG=1 -DUSE_TCL_STUBS=1 -DUSE_TCL_STUBS=1 -DHAVE_SYS_SELECT_H=1 -DHAVE_SYSMACROS_H=1 -DHAVE_SYS_FCNTL_H=1 -DRETSIGTYPE=void -DHAVE_SYS_TIME_H=1 -DTIME_WITH_SYS_TIME=1 -DHAVE_STRUCT_TM_TM_ZONE=1 -DHAVE_TM_ZONE=1 -DHAVE_GMTIME_R=1 -DHAVE_LOCALTIME_R=1 -DHAVE_TM_GMTOFF=1 -DHAVE_TIMEZONE_VAR=1 -DHAVE_OPENPTY=1 -DHAVE_MEMMOVE=1 -DHAVE_SYSCONF=1 -DHAVE_STRFTIME=1 -DHAVE_STRCHR=1 -DHAVE_TIMEZONE=1 -DHAVE_SIGLONGJMP=1 -DHAVE_MEMCPY=1 -DWNOHANG_BACKUP_VALUE=1 -DSELECT_MASK_TYPE=fd_set -DHAVE_TCSETATTR=1 -DPOSIX=1 -DHAVE_TERMIO=1 -DHAVE_TERMIOS=1 -DSETPGRP_VOID=1 -DHAVE_SV_TIMEZONE=1 -DHAVE_LONG_FILE_NAMES=1 -DTCL_DEBUGGER -DUSE_NON_CONST -DSCRIPTDIR=\"/usr/lib/expect5.45.4\" -DEXECSCRIPTDIR=\"/usr/lib/expect5.45.4\" -DSTTY_BIN=\"/bin/stty\" -DDFLT_STTY="\"sane\"" -I. -I"." -I"/usr/include"    -march=x86-64-v3 -mtune=haswell -Os -pipe -fno-plt -fPIC -ffunction-sections -fdata-sections -pipe -O2 -fomit-frame-pointer -Wall -fPIC -D_FORTIFY_SOURCE=2 -DNDEBUG -c `echo exp_console.c` -o exp_console.o
gcc -DPACKAGE_NAME=\"expect\" -DPACKAGE_TARNAME=\"expect\" -DPACKAGE_VERSION=\"5.45.4\" -DPACKAGE_STRING=\"expect\ 5.45.4\" -DPACKAGE_BUGREPORT=\"\" -DPACKAGE_URL=\"\" -DBUILD_expect=/\*\*/ -DSTDC_HEADERS=1 -DHAVE_SYS_TYPES_H=1 -DHAVE_SYS_STAT_H=1 -DHAVE_STDLIB_H=1 -DHAVE_STRING_H=1 -DHAVE_MEMORY_H=1 -DHAVE_STRINGS_H=1 -DHAVE_INTTYPES_H=1 -DHAVE_STDINT_H=1 -DHAVE_UNISTD_H=1 -DHAVE_LIMITS_H=1 -DHAVE_SYS_PARAM_H=1 -DUSE_THREAD_ALLOC=1 -D_REENTRANT=1 -D_THREAD_SAFE=1 -DTCL_THREADS=1 -DMODULE_SCOPE=extern\ __attribute__\(\(__visibility__\(\"hidden\"\)\)\) -D_LARGEFILE64_SOURCE=1 -DTCL_WIDE_INT_IS_LONG=1 -DUSE_TCL_STUBS=1 -DUSE_TCL_STUBS=1 -DHAVE_SYS_SELECT_H=1 -DHAVE_SYSMACROS_H=1 -DHAVE_SYS_FCNTL_H=1 -DRETSIGTYPE=void -DHAVE_SYS_TIME_H=1 -DTIME_WITH_SYS_TIME=1 -DHAVE_STRUCT_TM_TM_ZONE=1 -DHAVE_TM_ZONE=1 -DHAVE_GMTIME_R=1 -DHAVE_LOCALTIME_R=1 -DHAVE_TM_GMTOFF=1 -DHAVE_TIMEZONE_VAR=1 -DHAVE_OPENPTY=1 -DHAVE_MEMMOVE=1 -DHAVE_SYSCONF=1 -DHAVE_STRFTIME=1 -DHAVE_STRCHR=1 -DHAVE_TIMEZONE=1 -DHAVE_SIGLONGJMP=1 -DHAVE_MEMCPY=1 -DWNOHANG_BACKUP_VALUE=1 -DSELECT_MASK_TYPE=fd_set -DHAVE_TCSETATTR=1 -DPOSIX=1 -DHAVE_TERMIO=1 -DHAVE_TERMIOS=1 -DSETPGRP_VOID=1 -DHAVE_SV_TIMEZONE=1 -DHAVE_LONG_FILE_NAMES=1 -DTCL_DEBUGGER -DUSE_NON_CONST -DSCRIPTDIR=\"/usr/lib/expect5.45.4\" -DEXECSCRIPTDIR=\"/usr/lib/expect5.45.4\" -DSTTY_BIN=\"/bin/stty\" -DDFLT_STTY="\"sane\"" -I. -I"." -I"/usr/include"    -march=x86-64-v3 -mtune=haswell -Os -pipe -fno-plt -fPIC -ffunction-sections -fdata-sections -pipe -O2 -fomit-frame-pointer -Wall -fPIC -D_FORTIFY_SOURCE=2 -DNDEBUG -c `echo exp_glob.c` -o exp_glob.o
gcc -DPACKAGE_NAME=\"expect\" -DPACKAGE_TARNAME=\"expect\" -DPACKAGE_VERSION=\"5.45.4\" -DPACKAGE_STRING=\"expect\ 5.45.4\" -DPACKAGE_BUGREPORT=\"\" -DPACKAGE_URL=\"\" -DBUILD_expect=/\*\*/ -DSTDC_HEADERS=1 -DHAVE_SYS_TYPES_H=1 -DHAVE_SYS_STAT_H=1 -DHAVE_STDLIB_H=1 -DHAVE_STRING_H=1 -DHAVE_MEMORY_H=1 -DHAVE_STRINGS_H=1 -DHAVE_INTTYPES_H=1 -DHAVE_STDINT_H=1 -DHAVE_UNISTD_H=1 -DHAVE_LIMITS_H=1 -DHAVE_SYS_PARAM_H=1 -DUSE_THREAD_ALLOC=1 -D_REENTRANT=1 -D_THREAD_SAFE=1 -DTCL_THREADS=1 -DMODULE_SCOPE=extern\ __attribute__\(\(__visibility__\(\"hidden\"\)\)\) -D_LARGEFILE64_SOURCE=1 -DTCL_WIDE_INT_IS_LONG=1 -DUSE_TCL_STUBS=1 -DUSE_TCL_STUBS=1 -DHAVE_SYS_SELECT_H=1 -DHAVE_SYSMACROS_H=1 -DHAVE_SYS_FCNTL_H=1 -DRETSIGTYPE=void -DHAVE_SYS_TIME_H=1 -DTIME_WITH_SYS_TIME=1 -DHAVE_STRUCT_TM_TM_ZONE=1 -DHAVE_TM_ZONE=1 -DHAVE_GMTIME_R=1 -DHAVE_LOCALTIME_R=1 -DHAVE_TM_GMTOFF=1 -DHAVE_TIMEZONE_VAR=1 -DHAVE_OPENPTY=1 -DHAVE_MEMMOVE=1 -DHAVE_SYSCONF=1 -DHAVE_STRFTIME=1 -DHAVE_STRCHR=1 -DHAVE_TIMEZONE=1 -DHAVE_SIGLONGJMP=1 -DHAVE_MEMCPY=1 -DWNOHANG_BACKUP_VALUE=1 -DSELECT_MASK_TYPE=fd_set -DHAVE_TCSETATTR=1 -DPOSIX=1 -DHAVE_TERMIO=1 -DHAVE_TERMIOS=1 -DSETPGRP_VOID=1 -DHAVE_SV_TIMEZONE=1 -DHAVE_LONG_FILE_NAMES=1 -DTCL_DEBUGGER -DUSE_NON_CONST -DSCRIPTDIR=\"/usr/lib/expect5.45.4\" -DEXECSCRIPTDIR=\"/usr/lib/expect5.45.4\" -DSTTY_BIN=\"/bin/stty\" -DDFLT_STTY="\"sane\"" -I. -I"." -I"/usr/include"    -march=x86-64-v3 -mtune=haswell -Os -pipe -fno-plt -fPIC -ffunction-sections -fdata-sections -pipe -O2 -fomit-frame-pointer -Wall -fPIC -D_FORTIFY_SOURCE=2 -DNDEBUG -c `echo exp_win.c` -o exp_win.o
gcc -DPACKAGE_NAME=\"expect\" -DPACKAGE_TARNAME=\"expect\" -DPACKAGE_VERSION=\"5.45.4\" -DPACKAGE_STRING=\"expect\ 5.45.4\" -DPACKAGE_BUGREPORT=\"\" -DPACKAGE_URL=\"\" -DBUILD_expect=/\*\*/ -DSTDC_HEADERS=1 -DHAVE_SYS_TYPES_H=1 -DHAVE_SYS_STAT_H=1 -DHAVE_STDLIB_H=1 -DHAVE_STRING_H=1 -DHAVE_MEMORY_H=1 -DHAVE_STRINGS_H=1 -DHAVE_INTTYPES_H=1 -DHAVE_STDINT_H=1 -DHAVE_UNISTD_H=1 -DHAVE_LIMITS_H=1 -DHAVE_SYS_PARAM_H=1 -DUSE_THREAD_ALLOC=1 -D_REENTRANT=1 -D_THREAD_SAFE=1 -DTCL_THREADS=1 -DMODULE_SCOPE=extern\ __attribute__\(\(__visibility__\(\"hidden\"\)\)\) -D_LARGEFILE64_SOURCE=1 -DTCL_WIDE_INT_IS_LONG=1 -DUSE_TCL_STUBS=1 -DUSE_TCL_STUBS=1 -DHAVE_SYS_SELECT_H=1 -DHAVE_SYSMACROS_H=1 -DHAVE_SYS_FCNTL_H=1 -DRETSIGTYPE=void -DHAVE_SYS_TIME_H=1 -DTIME_WITH_SYS_TIME=1 -DHAVE_STRUCT_TM_TM_ZONE=1 -DHAVE_TM_ZONE=1 -DHAVE_GMTIME_R=1 -DHAVE_LOCALTIME_R=1 -DHAVE_TM_GMTOFF=1 -DHAVE_TIMEZONE_VAR=1 -DHAVE_OPENPTY=1 -DHAVE_MEMMOVE=1 -DHAVE_SYSCONF=1 -DHAVE_STRFTIME=1 -DHAVE_STRCHR=1 -DHAVE_TIMEZONE=1 -DHAVE_SIGLONGJMP=1 -DHAVE_MEMCPY=1 -DWNOHANG_BACKUP_VALUE=1 -DSELECT_MASK_TYPE=fd_set -DHAVE_TCSETATTR=1 -DPOSIX=1 -DHAVE_TERMIO=1 -DHAVE_TERMIOS=1 -DSETPGRP_VOID=1 -DHAVE_SV_TIMEZONE=1 -DHAVE_LONG_FILE_NAMES=1 -DTCL_DEBUGGER -DUSE_NON_CONST -DSCRIPTDIR=\"/usr/lib/expect5.45.4\" -DEXECSCRIPTDIR=\"/usr/lib/expect5.45.4\" -DSTTY_BIN=\"/bin/stty\" -DDFLT_STTY="\"sane\"" -I. -I"." -I"/usr/include"    -march=x86-64-v3 -mtune=haswell -Os -pipe -fno-plt -fPIC -ffunction-sections -fdata-sections -pipe -O2 -fomit-frame-pointer -Wall -fPIC -D_FORTIFY_SOURCE=2 -DNDEBUG -c `echo exp_clib.c` -o exp_clib.o
exp_win.c: In function 'exp_window_size_set':
exp_win.c:90:1: warning: control reaches end of non-void function [-Wreturn-type]
   90 | }
      | ^
exp_win.c: In function 'exp_window_size_get':
exp_win.c:105:1: warning: control reaches end of non-void function [-Wreturn-type]
  105 | }
      | ^
exp_win.c: In function 'exp_win2_size_set':
exp_win.c:154:1: warning: control reaches end of non-void function [-Wreturn-type]
  154 | }
      | ^
exp_win.c: In function 'exp_win2_size_get':
exp_win.c:165:1: warning: control reaches end of non-void function [-Wreturn-type]
  165 | }
      | ^
exp_clib.c: In function 'exp_setpgrp':
exp_clib.c:1821:12: warning: implicit declaration of function 'setpgrp' [-Wimplicit-function-declaration]
 1821 |     (void) setpgrp();
      |            ^~~~~~~
exp_clib.c: In function 'exp_spawnv':
exp_clib.c:1852:17: warning: implicit declaration of function 'exp_init_tty'; did you mean 'exp_init_pty'? [-Wimplicit-function-declaration]
 1852 |                 exp_init_tty();
      |                 ^~~~~~~~~~~~
      |                 exp_init_pty
gcc -DPACKAGE_NAME=\"expect\" -DPACKAGE_TARNAME=\"expect\" -DPACKAGE_VERSION=\"5.45.4\" -DPACKAGE_STRING=\"expect\ 5.45.4\" -DPACKAGE_BUGREPORT=\"\" -DPACKAGE_URL=\"\" -DBUILD_expect=/\*\*/ -DSTDC_HEADERS=1 -DHAVE_SYS_TYPES_H=1 -DHAVE_SYS_STAT_H=1 -DHAVE_STDLIB_H=1 -DHAVE_STRING_H=1 -DHAVE_MEMORY_H=1 -DHAVE_STRINGS_H=1 -DHAVE_INTTYPES_H=1 -DHAVE_STDINT_H=1 -DHAVE_UNISTD_H=1 -DHAVE_LIMITS_H=1 -DHAVE_SYS_PARAM_H=1 -DUSE_THREAD_ALLOC=1 -D_REENTRANT=1 -D_THREAD_SAFE=1 -DTCL_THREADS=1 -DMODULE_SCOPE=extern\ __attribute__\(\(__visibility__\(\"hidden\"\)\)\) -D_LARGEFILE64_SOURCE=1 -DTCL_WIDE_INT_IS_LONG=1 -DUSE_TCL_STUBS=1 -DUSE_TCL_STUBS=1 -DHAVE_SYS_SELECT_H=1 -DHAVE_SYSMACROS_H=1 -DHAVE_SYS_FCNTL_H=1 -DRETSIGTYPE=void -DHAVE_SYS_TIME_H=1 -DTIME_WITH_SYS_TIME=1 -DHAVE_STRUCT_TM_TM_ZONE=1 -DHAVE_TM_ZONE=1 -DHAVE_GMTIME_R=1 -DHAVE_LOCALTIME_R=1 -DHAVE_TM_GMTOFF=1 -DHAVE_TIMEZONE_VAR=1 -DHAVE_OPENPTY=1 -DHAVE_MEMMOVE=1 -DHAVE_SYSCONF=1 -DHAVE_STRFTIME=1 -DHAVE_STRCHR=1 -DHAVE_TIMEZONE=1 -DHAVE_SIGLONGJMP=1 -DHAVE_MEMCPY=1 -DWNOHANG_BACKUP_VALUE=1 -DSELECT_MASK_TYPE=fd_set -DHAVE_TCSETATTR=1 -DPOSIX=1 -DHAVE_TERMIO=1 -DHAVE_TERMIOS=1 -DSETPGRP_VOID=1 -DHAVE_SV_TIMEZONE=1 -DHAVE_LONG_FILE_NAMES=1 -DTCL_DEBUGGER -DUSE_NON_CONST -DSCRIPTDIR=\"/usr/lib/expect5.45.4\" -DEXECSCRIPTDIR=\"/usr/lib/expect5.45.4\" -DSTTY_BIN=\"/bin/stty\" -DDFLT_STTY="\"sane\"" -I. -I"." -I"/usr/include"    -march=x86-64-v3 -mtune=haswell -Os -pipe -fno-plt -fPIC -ffunction-sections -fdata-sections -pipe -O2 -fomit-frame-pointer -Wall -fPIC -D_FORTIFY_SOURCE=2 -DNDEBUG -c `echo exp_closetcl.c` -o exp_closetcl.o
exp_clib.c:1892:20: warning: implicit declaration of function 'pipe' [-Wimplicit-function-declaration]
 1892 |         if (-1 == (pipe(sync_fds))) {
      |                    ^~~~
exp_clib.c:1896:17: warning: implicit declaration of function 'close'; did you mean 'pclose'? [-Wimplicit-function-declaration]
 1896 |                 close(sync_fds[0]);
      |                 ^~~~~
      |                 pclose
exp_clib.c:1909:24: warning: implicit declaration of function 'fork' [-Wimplicit-function-declaration]
 1909 |         if ((exp_pid = fork()) == -1) return(-1);
      |                        ^~~~
exp_clib.c:1949:22: warning: implicit declaration of function 'read'; did you mean 'fread'? [-Wimplicit-function-declaration]
 1949 |                 cc = read(sync_fds[0],&sync_byte,1);
      |                      ^~~~
      |                      fread
exp_clib.c:1963:22: warning: implicit declaration of function 'write'; did you mean 'fwrite'? [-Wimplicit-function-declaration]
 1963 |                 cc = write(sync2_fds[1]," ",1);
      |                      ^~~~~
      |                      fwrite
exp_clib.c:1990:25: warning: implicit declaration of function 'waitpid' [-Wimplicit-function-declaration]
 1990 |                         waitpid(exp_pid, NULL, 0);
      |                         ^~~~~~~
exp_clib.c:2021:9: warning: implicit declaration of function 'setsid' [-Wimplicit-function-declaration]
 2021 |         setsid();
      |         ^~~~~~
exp_clib.c:2217:16: warning: implicit declaration of function 'execvp' [-Wimplicit-function-declaration]
 2217 |         (void) execvp(file,argv);
      |                ^~~~~~
exp_clib.c:1836:13: warning: unused variable 'ttyfd' [-Wunused-variable]
 1836 |         int ttyfd;
      |             ^~~~~
exp_clib.c: In function 'i_read':
gcc -DPACKAGE_NAME=\"expect\" -DPACKAGE_TARNAME=\"expect\" -DPACKAGE_VERSION=\"5.45.4\" -DPACKAGE_STRING=\"expect\ 5.45.4\" -DPACKAGE_BUGREPORT=\"\" -DPACKAGE_URL=\"\" -DBUILD_expect=/\*\*/ -DSTDC_HEADERS=1 -DHAVE_SYS_TYPES_H=1 -DHAVE_SYS_STAT_H=1 -DHAVE_STDLIB_H=1 -DHAVE_STRING_H=1 -DHAVE_MEMORY_H=1 -DHAVE_STRINGS_H=1 -DHAVE_INTTYPES_H=1 -DHAVE_STDINT_H=1 -DHAVE_UNISTD_H=1 -DHAVE_LIMITS_H=1 -DHAVE_SYS_PARAM_H=1 -DUSE_THREAD_ALLOC=1 -D_REENTRANT=1 -D_THREAD_SAFE=1 -DTCL_THREADS=1 -DMODULE_SCOPE=extern\ __attribute__\(\(__visibility__\(\"hidden\"\)\)\) -D_LARGEFILE64_SOURCE=1 -DTCL_WIDE_INT_IS_LONG=1 -DUSE_TCL_STUBS=1 -DUSE_TCL_STUBS=1 -DHAVE_SYS_SELECT_H=1 -DHAVE_SYSMACROS_H=1 -DHAVE_SYS_FCNTL_H=1 -DRETSIGTYPE=void -DHAVE_SYS_TIME_H=1 -DTIME_WITH_SYS_TIME=1 -DHAVE_STRUCT_TM_TM_ZONE=1 -DHAVE_TM_ZONE=1 -DHAVE_GMTIME_R=1 -DHAVE_LOCALTIME_R=1 -DHAVE_TM_GMTOFF=1 -DHAVE_TIMEZONE_VAR=1 -DHAVE_OPENPTY=1 -DHAVE_MEMMOVE=1 -DHAVE_SYSCONF=1 -DHAVE_STRFTIME=1 -DHAVE_STRCHR=1 -DHAVE_TIMEZONE=1 -DHAVE_SIGLONGJMP=1 -DHAVE_MEMCPY=1 -DWNOHANG_BACKUP_VALUE=1 -DSELECT_MASK_TYPE=fd_set -DHAVE_TCSETATTR=1 -DPOSIX=1 -DHAVE_TERMIO=1 -DHAVE_TERMIOS=1 -DSETPGRP_VOID=1 -DHAVE_SV_TIMEZONE=1 -DHAVE_LONG_FILE_NAMES=1 -DTCL_DEBUGGER -DUSE_NON_CONST -DSCRIPTDIR=\"/usr/lib/expect5.45.4\" -DEXECSCRIPTDIR=\"/usr/lib/expect5.45.4\" -DSTTY_BIN=\"/bin/stty\" -DDFLT_STTY="\"sane\"" -I. -I"." -I"/usr/include"    -march=x86-64-v3 -mtune=haswell -Os -pipe -fno-plt -fPIC -ffunction-sections -fdata-sections -pipe -O2 -fomit-frame-pointer -Wall -fPIC -D_FORTIFY_SOURCE=2 -DNDEBUG -c `echo exp_memmove.c` -o exp_memmove.o
exp_clib.c:2333:26: warning: implicit declaration of function 'alarm' [-Wimplicit-function-declaration]
 2333 |         if (timeout > 0) alarm(timeout);
      |                          ^~~~~
gcc -DPACKAGE_NAME=\"expect\" -DPACKAGE_TARNAME=\"expect\" -DPACKAGE_VERSION=\"5.45.4\" -DPACKAGE_STRING=\"expect\ 5.45.4\" -DPACKAGE_BUGREPORT=\"\" -DPACKAGE_URL=\"\" -DBUILD_expect=/\*\*/ -DSTDC_HEADERS=1 -DHAVE_SYS_TYPES_H=1 -DHAVE_SYS_STAT_H=1 -DHAVE_STDLIB_H=1 -DHAVE_STRING_H=1 -DHAVE_MEMORY_H=1 -DHAVE_STRINGS_H=1 -DHAVE_INTTYPES_H=1 -DHAVE_STDINT_H=1 -DHAVE_UNISTD_H=1 -DHAVE_LIMITS_H=1 -DHAVE_SYS_PARAM_H=1 -DUSE_THREAD_ALLOC=1 -D_REENTRANT=1 -D_THREAD_SAFE=1 -DTCL_THREADS=1 -DMODULE_SCOPE=extern\ __attribute__\(\(__visibility__\(\"hidden\"\)\)\) -D_LARGEFILE64_SOURCE=1 -DTCL_WIDE_INT_IS_LONG=1 -DUSE_TCL_STUBS=1 -DUSE_TCL_STUBS=1 -DHAVE_SYS_SELECT_H=1 -DHAVE_SYSMACROS_H=1 -DHAVE_SYS_FCNTL_H=1 -DRETSIGTYPE=void -DHAVE_SYS_TIME_H=1 -DTIME_WITH_SYS_TIME=1 -DHAVE_STRUCT_TM_TM_ZONE=1 -DHAVE_TM_ZONE=1 -DHAVE_GMTIME_R=1 -DHAVE_LOCALTIME_R=1 -DHAVE_TM_GMTOFF=1 -DHAVE_TIMEZONE_VAR=1 -DHAVE_OPENPTY=1 -DHAVE_MEMMOVE=1 -DHAVE_SYSCONF=1 -DHAVE_STRFTIME=1 -DHAVE_STRCHR=1 -DHAVE_TIMEZONE=1 -DHAVE_SIGLONGJMP=1 -DHAVE_MEMCPY=1 -DWNOHANG_BACKUP_VALUE=1 -DSELECT_MASK_TYPE=fd_set -DHAVE_TCSETATTR=1 -DPOSIX=1 -DHAVE_TERMIO=1 -DHAVE_TERMIOS=1 -DSETPGRP_VOID=1 -DHAVE_SV_TIMEZONE=1 -DHAVE_LONG_FILE_NAMES=1 -DTCL_DEBUGGER -DUSE_NON_CONST -DSCRIPTDIR=\"/usr/lib/expect5.45.4\" -DEXECSCRIPTDIR=\"/usr/lib/expect5.45.4\" -DSTTY_BIN=\"/bin/stty\" -DDFLT_STTY="\"sane\"" -I. -I"." -I"/usr/include"    -march=x86-64-v3 -mtune=haswell -Os -pipe -fno-plt -fPIC -ffunction-sections -fdata-sections -pipe -O2 -fomit-frame-pointer -Wall -fPIC -D_FORTIFY_SOURCE=2 -DNDEBUG -c `echo exp_tty_comm.c` -o exp_tty_comm.o
exp_clib.c: In function 'exp_disconnect':
exp_clib.c:2856:13: warning: unused variable 'ttyfd' [-Wunused-variable]
 2856 |         int ttyfd;
      |             ^~~~~
exp_clib.c: At top level:
exp_clib.c:1812:1: warning: 'exp_setpgrp' defined but not used [-Wunused-function]
 1812 | exp_setpgrp()
      | ^~~~~~~~~~~
gcc -DPACKAGE_NAME=\"expect\" -DPACKAGE_TARNAME=\"expect\" -DPACKAGE_VERSION=\"5.45.4\" -DPACKAGE_STRING=\"expect\ 5.45.4\" -DPACKAGE_BUGREPORT=\"\" -DPACKAGE_URL=\"\" -DBUILD_expect=/\*\*/ -DSTDC_HEADERS=1 -DHAVE_SYS_TYPES_H=1 -DHAVE_SYS_STAT_H=1 -DHAVE_STDLIB_H=1 -DHAVE_STRING_H=1 -DHAVE_MEMORY_H=1 -DHAVE_STRINGS_H=1 -DHAVE_INTTYPES_H=1 -DHAVE_STDINT_H=1 -DHAVE_UNISTD_H=1 -DHAVE_LIMITS_H=1 -DHAVE_SYS_PARAM_H=1 -DUSE_THREAD_ALLOC=1 -D_REENTRANT=1 -D_THREAD_SAFE=1 -DTCL_THREADS=1 -DMODULE_SCOPE=extern\ __attribute__\(\(__visibility__\(\"hidden\"\)\)\) -D_LARGEFILE64_SOURCE=1 -DTCL_WIDE_INT_IS_LONG=1 -DUSE_TCL_STUBS=1 -DUSE_TCL_STUBS=1 -DHAVE_SYS_SELECT_H=1 -DHAVE_SYSMACROS_H=1 -DHAVE_SYS_FCNTL_H=1 -DRETSIGTYPE=void -DHAVE_SYS_TIME_H=1 -DTIME_WITH_SYS_TIME=1 -DHAVE_STRUCT_TM_TM_ZONE=1 -DHAVE_TM_ZONE=1 -DHAVE_GMTIME_R=1 -DHAVE_LOCALTIME_R=1 -DHAVE_TM_GMTOFF=1 -DHAVE_TIMEZONE_VAR=1 -DHAVE_OPENPTY=1 -DHAVE_MEMMOVE=1 -DHAVE_SYSCONF=1 -DHAVE_STRFTIME=1 -DHAVE_STRCHR=1 -DHAVE_TIMEZONE=1 -DHAVE_SIGLONGJMP=1 -DHAVE_MEMCPY=1 -DWNOHANG_BACKUP_VALUE=1 -DSELECT_MASK_TYPE=fd_set -DHAVE_TCSETATTR=1 -DPOSIX=1 -DHAVE_TERMIO=1 -DHAVE_TERMIOS=1 -DSETPGRP_VOID=1 -DHAVE_SV_TIMEZONE=1 -DHAVE_LONG_FILE_NAMES=1 -DTCL_DEBUGGER -DUSE_NON_CONST -DSCRIPTDIR=\"/usr/lib/expect5.45.4\" -DEXECSCRIPTDIR=\"/usr/lib/expect5.45.4\" -DSTTY_BIN=\"/bin/stty\" -DDFLT_STTY="\"sane\"" -I. -I"." -I"/usr/include"    -march=x86-64-v3 -mtune=haswell -Os -pipe -fno-plt -fPIC -ffunction-sections -fdata-sections -pipe -O2 -fomit-frame-pointer -Wall -fPIC -D_FORTIFY_SOURCE=2 -DNDEBUG -c `echo exp_chan.c` -o exp_chan.o
gcc -DPACKAGE_NAME=\"expect\" -DPACKAGE_TARNAME=\"expect\" -DPACKAGE_VERSION=\"5.45.4\" -DPACKAGE_STRING=\"expect\ 5.45.4\" -DPACKAGE_BUGREPORT=\"\" -DPACKAGE_URL=\"\" -DBUILD_expect=/\*\*/ -DSTDC_HEADERS=1 -DHAVE_SYS_TYPES_H=1 -DHAVE_SYS_STAT_H=1 -DHAVE_STDLIB_H=1 -DHAVE_STRING_H=1 -DHAVE_MEMORY_H=1 -DHAVE_STRINGS_H=1 -DHAVE_INTTYPES_H=1 -DHAVE_STDINT_H=1 -DHAVE_UNISTD_H=1 -DHAVE_LIMITS_H=1 -DHAVE_SYS_PARAM_H=1 -DUSE_THREAD_ALLOC=1 -D_REENTRANT=1 -D_THREAD_SAFE=1 -DTCL_THREADS=1 -DMODULE_SCOPE=extern\ __attribute__\(\(__visibility__\(\"hidden\"\)\)\) -D_LARGEFILE64_SOURCE=1 -DTCL_WIDE_INT_IS_LONG=1 -DUSE_TCL_STUBS=1 -DUSE_TCL_STUBS=1 -DHAVE_SYS_SELECT_H=1 -DHAVE_SYSMACROS_H=1 -DHAVE_SYS_FCNTL_H=1 -DRETSIGTYPE=void -DHAVE_SYS_TIME_H=1 -DTIME_WITH_SYS_TIME=1 -DHAVE_STRUCT_TM_TM_ZONE=1 -DHAVE_TM_ZONE=1 -DHAVE_GMTIME_R=1 -DHAVE_LOCALTIME_R=1 -DHAVE_TM_GMTOFF=1 -DHAVE_TIMEZONE_VAR=1 -DHAVE_OPENPTY=1 -DHAVE_MEMMOVE=1 -DHAVE_SYSCONF=1 -DHAVE_STRFTIME=1 -DHAVE_STRCHR=1 -DHAVE_TIMEZONE=1 -DHAVE_SIGLONGJMP=1 -DHAVE_MEMCPY=1 -DWNOHANG_BACKUP_VALUE=1 -DSELECT_MASK_TYPE=fd_set -DHAVE_TCSETATTR=1 -DPOSIX=1 -DHAVE_TERMIO=1 -DHAVE_TERMIOS=1 -DSETPGRP_VOID=1 -DHAVE_SV_TIMEZONE=1 -DHAVE_LONG_FILE_NAMES=1 -DTCL_DEBUGGER -DUSE_NON_CONST -DSCRIPTDIR=\"/usr/lib/expect5.45.4\" -DEXECSCRIPTDIR=\"/usr/lib/expect5.45.4\" -DSTTY_BIN=\"/bin/stty\" -DDFLT_STTY="\"sane\"" -I. -I"." -I"/usr/include"    -march=x86-64-v3 -mtune=haswell -Os -pipe -fno-plt -fPIC -ffunction-sections -fdata-sections -pipe -O2 -fomit-frame-pointer -Wall -fPIC -D_FORTIFY_SOURCE=2 -DNDEBUG -c `echo Dbg.c` -o Dbg.o
gcc -DPACKAGE_NAME=\"expect\" -DPACKAGE_TARNAME=\"expect\" -DPACKAGE_VERSION=\"5.45.4\" -DPACKAGE_STRING=\"expect\ 5.45.4\" -DPACKAGE_BUGREPORT=\"\" -DPACKAGE_URL=\"\" -DBUILD_expect=/\*\*/ -DSTDC_HEADERS=1 -DHAVE_SYS_TYPES_H=1 -DHAVE_SYS_STAT_H=1 -DHAVE_STDLIB_H=1 -DHAVE_STRING_H=1 -DHAVE_MEMORY_H=1 -DHAVE_STRINGS_H=1 -DHAVE_INTTYPES_H=1 -DHAVE_STDINT_H=1 -DHAVE_UNISTD_H=1 -DHAVE_LIMITS_H=1 -DHAVE_SYS_PARAM_H=1 -DUSE_THREAD_ALLOC=1 -D_REENTRANT=1 -D_THREAD_SAFE=1 -DTCL_THREADS=1 -DMODULE_SCOPE=extern\ __attribute__\(\(__visibility__\(\"hidden\"\)\)\) -D_LARGEFILE64_SOURCE=1 -DTCL_WIDE_INT_IS_LONG=1 -DUSE_TCL_STUBS=1 -DUSE_TCL_STUBS=1 -DHAVE_SYS_SELECT_H=1 -DHAVE_SYSMACROS_H=1 -DHAVE_SYS_FCNTL_H=1 -DRETSIGTYPE=void -DHAVE_SYS_TIME_H=1 -DTIME_WITH_SYS_TIME=1 -DHAVE_STRUCT_TM_TM_ZONE=1 -DHAVE_TM_ZONE=1 -DHAVE_GMTIME_R=1 -DHAVE_LOCALTIME_R=1 -DHAVE_TM_GMTOFF=1 -DHAVE_TIMEZONE_VAR=1 -DHAVE_OPENPTY=1 -DHAVE_MEMMOVE=1 -DHAVE_SYSCONF=1 -DHAVE_STRFTIME=1 -DHAVE_STRCHR=1 -DHAVE_TIMEZONE=1 -DHAVE_SIGLONGJMP=1 -DHAVE_MEMCPY=1 -DWNOHANG_BACKUP_VALUE=1 -DSELECT_MASK_TYPE=fd_set -DHAVE_TCSETATTR=1 -DPOSIX=1 -DHAVE_TERMIO=1 -DHAVE_TERMIOS=1 -DSETPGRP_VOID=1 -DHAVE_SV_TIMEZONE=1 -DHAVE_LONG_FILE_NAMES=1 -DTCL_DEBUGGER -DUSE_NON_CONST -DSCRIPTDIR=\"/usr/lib/expect5.45.4\" -DEXECSCRIPTDIR=\"/usr/lib/expect5.45.4\" -DSTTY_BIN=\"/bin/stty\" -DDFLT_STTY="\"sane\"" -I. -I"." -I"/usr/include"    -march=x86-64-v3 -mtune=haswell -Os -pipe -fno-plt -fPIC -ffunction-sections -fdata-sections -pipe -O2 -fomit-frame-pointer -Wall -fPIC -D_FORTIFY_SOURCE=2 -DNDEBUG -c `echo pty_termios.c` -o pty_termios.o
exp_chan.c:61:5: warning: initialization of 'struct Tcl_ChannelTypeVersion_ *' from incompatible pointer type 'int (*)(void *, int)' [-Wincompatible-pointer-types]
   61 |     ExpBlockModeProc,                   /* Set blocking/nonblocking mode.*/
      |     ^~~~~~~~~~~~~~~~
exp_chan.c:61:5: note: (near initialization for 'expChannelType.version')
exp_chan.c: In function 'ExpGetHandleProc':
exp_chan.c:439:22: warning: cast to pointer from integer of different size [-Wint-to-pointer-cast]
  439 |         *handlePtr = (ClientData) esPtr->fdin;
      |                      ^
exp_chan.c:442:22: warning: cast to pointer from integer of different size [-Wint-to-pointer-cast]
  442 |         *handlePtr = (ClientData) esPtr->fdin;
      |                      ^
exp_chan.c: In function 'expWaitOnAny':
exp_chan.c:601:37: warning: passing argument 2 of 'waitpid' from incompatible pointer type [-Wincompatible-pointer-types]
  601 |         result = waitpid(esPtr->pid,&esPtr->wait,WNOHANG);
      |                                     ^~~~~~~~~~~~
      |                                     |
      |                                     union wait *
In file included from /usr/include/tclUnixPort.h:156,
                 from /usr/include/tclPort.h:23,
                 from /usr/include/tclInt.h:36,
                 from exp_chan.c:28:
/usr/include/sys/wait.h:137:45: note: expected 'int *' but argument is of type 'union wait *'
  137 | extern __pid_t waitpid (__pid_t __pid, int *__stat_loc, int __options);
      |                                        ~~~~~^~~~~~~~~~
exp_chan.c: In function 'exp_background_channelhandlers_run_all':
exp_chan.c:653:13: warning: implicit declaration of function 'exp_background_channelhandler'; did you mean 'exp_background_channelhandlers_run_all'? [-Wimplicit-function-declaration]
  653 |             exp_background_channelhandler((ClientData)esPtr,0);
      |             ^~~~~~~~~~~~~~~~~~~~~~~~~~~~~
      |             exp_background_channelhandlers_run_all
pty_termios.c: In function 'exp_getptymaster':
pty_termios.c:473:13: warning: implicit declaration of function 'openpty'; did you mean 'openat'? [-Wimplicit-function-declaration]
  473 |         if (openpty(&master, &slave, master_name, 0, 0) != 0) {
      |             ^~~~~~~
      |             openat
pty_termios.c:379:13: warning: unused variable 'num' [-Wunused-variable]
  379 |         int num;
      |             ^~~
pty_termios.c:376:21: warning: unused variable 'stat_buf' [-Wunused-variable]
  376 |         struct stat stat_buf;
      |                     ^~~~~~~~
pty_termios.c:375:21: warning: unused variable 'bank' [-Wunused-variable]
  375 |         char *hex, *bank;
      |                     ^~~~
pty_termios.c:375:15: warning: unused variable 'hex' [-Wunused-variable]
  375 |         char *hex, *bank;
      |               ^~~
pty_termios.c: In function 'exp_getptyslave':
pty_termios.c:644:80: warning: implicit declaration of function 'expErrnoMsg'; did you mean 'Tcl_ErrnoMsg'? [-Wimplicit-function-declaration]
  644 |                 sprintf(exp_pty_error,"open(%s,rw) = %d (%s)",slave_name,slave,expErrnoMsg(errno));
      |                                                                                ^~~~~~~~~~~
      |                                                                                Tcl_ErrnoMsg
pty_termios.c:644:59: warning: format '%s' expects argument of type 'char *', but argument 5 has type 'int' [-Wformat=]
  644 |                 sprintf(exp_pty_error,"open(%s,rw) = %d (%s)",slave_name,slave,expErrnoMsg(errno));
      |                                                          ~^                    ~~~~~~~~~~~~~~~~~~
      |                                                           |                    |
      |                                                           char *               int
      |                                                          %d
pty_termios.c:639:14: warning: unused variable 'buf' [-Wunused-variable]
  639 |         char buf[10240];
      |              ^~~
pty_termios.c:638:20: warning: unused variable 'slave2' [-Wunused-variable]
  638 |         int slave, slave2;
      |                    ^~~~~~
Dbg.c: In function 'debugger_trap':
Dbg.c:632:9: warning: enumeration value 'none' not handled in switch [-Wswitch]
  632 |         switch (debug_cmd) {
      |         ^~~~~~
Dbg.c:632:9: warning: enumeration value 'up' not handled in switch [-Wswitch]
Dbg.c:632:9: warning: enumeration value 'down' not handled in switch [-Wswitch]
Dbg.c:632:9: warning: enumeration value 'where' not handled in switch [-Wswitch]
Dbg.c:698:9: warning: enumeration value 'none' not handled in switch [-Wswitch]
  698 |         switch (debug_cmd) {
      |         ^~~~~~
Dbg.c:698:9: warning: enumeration value 'up' not handled in switch [-Wswitch]
Dbg.c:698:9: warning: enumeration value 'down' not handled in switch [-Wswitch]
gcc -DPACKAGE_NAME=\"expect\" -DPACKAGE_TARNAME=\"expect\" -DPACKAGE_VERSION=\"5.45.4\" -DPACKAGE_STRING=\"expect\ 5.45.4\" -DPACKAGE_BUGREPORT=\"\" -DPACKAGE_URL=\"\" -DBUILD_expect=/\*\*/ -DSTDC_HEADERS=1 -DHAVE_SYS_TYPES_H=1 -DHAVE_SYS_STAT_H=1 -DHAVE_STDLIB_H=1 -DHAVE_STRING_H=1 -DHAVE_MEMORY_H=1 -DHAVE_STRINGS_H=1 -DHAVE_INTTYPES_H=1 -DHAVE_STDINT_H=1 -DHAVE_UNISTD_H=1 -DHAVE_LIMITS_H=1 -DHAVE_SYS_PARAM_H=1 -DUSE_THREAD_ALLOC=1 -D_REENTRANT=1 -D_THREAD_SAFE=1 -DTCL_THREADS=1 -DMODULE_SCOPE=extern\ __attribute__\(\(__visibility__\(\"hidden\"\)\)\) -D_LARGEFILE64_SOURCE=1 -DTCL_WIDE_INT_IS_LONG=1 -DUSE_TCL_STUBS=1 -DUSE_TCL_STUBS=1 -DHAVE_SYS_SELECT_H=1 -DHAVE_SYSMACROS_H=1 -DHAVE_SYS_FCNTL_H=1 -DRETSIGTYPE=void -DHAVE_SYS_TIME_H=1 -DTIME_WITH_SYS_TIME=1 -DHAVE_STRUCT_TM_TM_ZONE=1 -DHAVE_TM_ZONE=1 -DHAVE_GMTIME_R=1 -DHAVE_LOCALTIME_R=1 -DHAVE_TM_GMTOFF=1 -DHAVE_TIMEZONE_VAR=1 -DHAVE_OPENPTY=1 -DHAVE_MEMMOVE=1 -DHAVE_SYSCONF=1 -DHAVE_STRFTIME=1 -DHAVE_STRCHR=1 -DHAVE_TIMEZONE=1 -DHAVE_SIGLONGJMP=1 -DHAVE_MEMCPY=1 -DWNOHANG_BACKUP_VALUE=1 -DSELECT_MASK_TYPE=fd_set -DHAVE_TCSETATTR=1 -DPOSIX=1 -DHAVE_TERMIO=1 -DHAVE_TERMIOS=1 -DSETPGRP_VOID=1 -DHAVE_SV_TIMEZONE=1 -DHAVE_LONG_FILE_NAMES=1 -DTCL_DEBUGGER -DUSE_NON_CONST -DSCRIPTDIR=\"/usr/lib/expect5.45.4\" -DEXECSCRIPTDIR=\"/usr/lib/expect5.45.4\" -DSTTY_BIN=\"/bin/stty\" -DDFLT_STTY="\"sane\"" -I. -I"." -I"/usr/include"    -march=x86-64-v3 -mtune=haswell -Os -pipe -fno-plt -fPIC -ffunction-sections -fdata-sections -pipe -O2 -fomit-frame-pointer -Wall -fPIC -D_FORTIFY_SOURCE=2 -DNDEBUG -c `echo exp_select.c` -o exp_select.o
gcc -DPACKAGE_NAME=\"expect\" -DPACKAGE_TARNAME=\"expect\" -DPACKAGE_VERSION=\"5.45.4\" -DPACKAGE_STRING=\"expect\ 5.45.4\" -DPACKAGE_BUGREPORT=\"\" -DPACKAGE_URL=\"\" -DBUILD_expect=/\*\*/ -DSTDC_HEADERS=1 -DHAVE_SYS_TYPES_H=1 -DHAVE_SYS_STAT_H=1 -DHAVE_STDLIB_H=1 -DHAVE_STRING_H=1 -DHAVE_MEMORY_H=1 -DHAVE_STRINGS_H=1 -DHAVE_INTTYPES_H=1 -DHAVE_STDINT_H=1 -DHAVE_UNISTD_H=1 -DHAVE_LIMITS_H=1 -DHAVE_SYS_PARAM_H=1 -DUSE_THREAD_ALLOC=1 -D_REENTRANT=1 -D_THREAD_SAFE=1 -DTCL_THREADS=1 -DMODULE_SCOPE=extern\ __attribute__\(\(__visibility__\(\"hidden\"\)\)\) -D_LARGEFILE64_SOURCE=1 -DTCL_WIDE_INT_IS_LONG=1 -DUSE_TCL_STUBS=1 -DUSE_TCL_STUBS=1 -DHAVE_SYS_SELECT_H=1 -DHAVE_SYSMACROS_H=1 -DHAVE_SYS_FCNTL_H=1 -DRETSIGTYPE=void -DHAVE_SYS_TIME_H=1 -DTIME_WITH_SYS_TIME=1 -DHAVE_STRUCT_TM_TM_ZONE=1 -DHAVE_TM_ZONE=1 -DHAVE_GMTIME_R=1 -DHAVE_LOCALTIME_R=1 -DHAVE_TM_GMTOFF=1 -DHAVE_TIMEZONE_VAR=1 -DHAVE_OPENPTY=1 -DHAVE_MEMMOVE=1 -DHAVE_SYSCONF=1 -DHAVE_STRFTIME=1 -DHAVE_STRCHR=1 -DHAVE_TIMEZONE=1 -DHAVE_SIGLONGJMP=1 -DHAVE_MEMCPY=1 -DWNOHANG_BACKUP_VALUE=1 -DSELECT_MASK_TYPE=fd_set -DHAVE_TCSETATTR=1 -DPOSIX=1 -DHAVE_TERMIO=1 -DHAVE_TERMIOS=1 -DSETPGRP_VOID=1 -DHAVE_SV_TIMEZONE=1 -DHAVE_LONG_FILE_NAMES=1 -DTCL_DEBUGGER -DUSE_NON_CONST -DSCRIPTDIR=\"/usr/lib/expect5.45.4\" -DEXECSCRIPTDIR=\"/usr/lib/expect5.45.4\" -DSTTY_BIN=\"/bin/stty\" -DDFLT_STTY="\"sane\"" -I. -I"." -I"/usr/include"    -march=x86-64-v3 -mtune=haswell -Os -pipe -fno-plt -fPIC -ffunction-sections -fdata-sections -pipe -O2 -fomit-frame-pointer -Wall -fPIC -D_FORTIFY_SOURCE=2 -DNDEBUG -c `echo exp_event.c` -o exp_event.o
exp_event.c: In function 'exp_unblock_background_channelhandler':
exp_event.c:116:5: warning: enumeration value 'armed' not handled in switch [-Wswitch]
  116 |     switch (esPtr->bg_status) {
      |     ^~~~~~
exp_event.c:116:5: warning: enumeration value 'unarmed' not handled in switch [-Wswitch]
gcc -DPACKAGE_NAME=\"expect\" -DPACKAGE_TARNAME=\"expect\" -DPACKAGE_VERSION=\"5.45.4\" -DPACKAGE_STRING=\"expect\ 5.45.4\" -DPACKAGE_BUGREPORT=\"\" -DPACKAGE_URL=\"\" -DBUILD_expect=/\*\*/ -DSTDC_HEADERS=1 -DHAVE_SYS_TYPES_H=1 -DHAVE_SYS_STAT_H=1 -DHAVE_STDLIB_H=1 -DHAVE_STRING_H=1 -DHAVE_MEMORY_H=1 -DHAVE_STRINGS_H=1 -DHAVE_INTTYPES_H=1 -DHAVE_STDINT_H=1 -DHAVE_UNISTD_H=1 -DHAVE_LIMITS_H=1 -DHAVE_SYS_PARAM_H=1 -DUSE_THREAD_ALLOC=1 -D_REENTRANT=1 -D_THREAD_SAFE=1 -DTCL_THREADS=1 -DMODULE_SCOPE=extern\ __attribute__\(\(__visibility__\(\"hidden\"\)\)\) -D_LARGEFILE64_SOURCE=1 -DTCL_WIDE_INT_IS_LONG=1 -DUSE_TCL_STUBS=1 -DUSE_TCL_STUBS=1 -DHAVE_SYS_SELECT_H=1 -DHAVE_SYSMACROS_H=1 -DHAVE_SYS_FCNTL_H=1 -DRETSIGTYPE=void -DHAVE_SYS_TIME_H=1 -DTIME_WITH_SYS_TIME=1 -DHAVE_STRUCT_TM_TM_ZONE=1 -DHAVE_TM_ZONE=1 -DHAVE_GMTIME_R=1 -DHAVE_LOCALTIME_R=1 -DHAVE_TM_GMTOFF=1 -DHAVE_TIMEZONE_VAR=1 -DHAVE_OPENPTY=1 -DHAVE_MEMMOVE=1 -DHAVE_SYSCONF=1 -DHAVE_STRFTIME=1 -DHAVE_STRCHR=1 -DHAVE_TIMEZONE=1 -DHAVE_SIGLONGJMP=1 -DHAVE_MEMCPY=1 -DWNOHANG_BACKUP_VALUE=1 -DSELECT_MASK_TYPE=fd_set -DHAVE_TCSETATTR=1 -DPOSIX=1 -DHAVE_TERMIO=1 -DHAVE_TERMIOS=1 -DSETPGRP_VOID=1 -DHAVE_SV_TIMEZONE=1 -DHAVE_LONG_FILE_NAMES=1 -DTCL_DEBUGGER -DUSE_NON_CONST -DSCRIPTDIR=\"/usr/lib/expect5.45.4\" -DEXECSCRIPTDIR=\"/usr/lib/expect5.45.4\" -DSTTY_BIN=\"/bin/stty\" -DDFLT_STTY="\"sane\"" -I. -I"." -I"/usr/include"    -march=x86-64-v3 -mtune=haswell -Os -pipe -fno-plt -fPIC -ffunction-sections -fdata-sections -pipe -O2 -fomit-frame-pointer -Wall -fPIC -D_FORTIFY_SOURCE=2 -DNDEBUG -c `echo exp_main_exp.c` -o exp_main_exp.o
(echo 'if {![package vsatisfies [package provide Tcl] 8.6]} {return}' ; \
 echo 'package ifneeded Expect 5.45.4 \
    [list load [file join $dir libexpect5.45.4.so]]'\
) > pkgIndex.tcl
In function 'TclGetFrame2',
    inlined from 'debugger_trap' at Dbg.c:682:13:
Dbg.c:292:24: warning: 'framePtr' may be used uninitialized [-Wmaybe-uninitialized]
  292 |         for (;framePtr != NULL; framePtr = framePtr->callerVarPtr) {
      |                        ^
Dbg.c: In function 'debugger_trap':
Dbg.c:242:16: note: 'framePtr' was declared here
  242 |     CallFrame *framePtr;        /* frame currently being searched */
      |                ^~~~~~~~
exp_clib.c: In function 'expectv':
exp_clib.c:2687:16: warning: 'return_val' may be used uninitialized [-Wmaybe-uninitialized]
 2687 |         return return_val;
      |                ^~~~~~~~~~
exp_clib.c:2444:13: note: 'return_val' was declared here
 2444 |         int return_val;
      |             ^~~~~~~~~~
rm -f libexpect5.45.4.so
gcc -shared -march=x86-64-v3 -mtune=haswell -Os -pipe -fno-plt -fPIC -ffunction-sections -fdata-sections -pipe -O2 -fomit-frame-pointer -Wall -fPIC -D_FORTIFY_SOURCE=2 -DNDEBUG -Wl,-O2,--sort-common,--as-needed,-z,relro,-z,now,--gc-sections -Wl,--export-dynamic  -o libexpect5.45.4.so exp_command.o expect.o exp_inter.o exp_regexp.o exp_tty.o exp_log.o exp_main_sub.o exp_pty.o exp_trap.o exp_strf.o exp_console.o exp_glob.o exp_win.o exp_clib.o exp_closetcl.o exp_memmove.o exp_tty_comm.o exp_chan.o Dbg.o pty_termios.o exp_select.o exp_event.o -Wl,-rpath,/usr/lib -L/usr/lib -ltclstub8.6 
: libexpect5.45.4.so
gcc \
	-march=x86-64-v3 -mtune=haswell -Os -pipe -fno-plt -fPIC -ffunction-sections -fdata-sections -pipe -O2 -fomit-frame-pointer -Wall -fPIC -D_FORTIFY_SOURCE=2 -DNDEBUG \
	-Wl,-O2,--sort-common,--as-needed,-z,relro,-z,now,--gc-sections -Wl,--export-dynamic  \
	-o expect exp_main_exp.o \
	-L/sources/expect5.45.4 -lexpect5.45.4 \
	-L/usr/lib -ltcl8.6 \
	-ldl   \
	"-Wl,-rpath,/usr/lib" \
	-Wl,-rpath,/usr/lib/expect5.45.4
: expect
(echo 'if {![package vsatisfies [package provide Tcl] 8.6]} {return}' ; \
 echo 'package ifneeded Expect 5.45.4 \
    [list load [file join $dir libexpect5.45.4.so]]'\
) > pkgIndex.tcl
TCL_LIBRARY=`echo /usr/include/library` LD_LIBRARY_PATH=".:/usr/lib:" PATH=".:/usr/lib:/usr/bin:/usr/sbin" TCLLIBPATH="." /usr/bin/tclsh8.6 ./fixline1 /usr/bin < ./example/timed-run > timed-run
TCL_LIBRARY=`echo /usr/include/library` LD_LIBRARY_PATH=".:/usr/lib:" PATH=".:/usr/lib:/usr/bin:/usr/sbin" TCLLIBPATH="." /usr/bin/tclsh8.6 ./fixline1 /usr/bin < ./example/timed-read > timed-read
 /usr/bin/install -c libexpect5.45.4.so /usr/lib/expect5.45.4/libexpect5.45.4.so
 /usr/bin/install -c expect /usr/bin/expect
TCL_LIBRARY=`echo /usr/include/library` LD_LIBRARY_PATH=".:/usr/lib:" PATH=".:/usr/lib:/usr/bin:/usr/sbin" TCLLIBPATH="." /usr/bin/tclsh8.6 ./fixline1 /usr/bin < ./example/ftp-rfc > ftp-rfc
 : /usr/lib/expect5.45.4/libexpect5.45.4.so
TCL_LIBRARY=`echo /usr/include/library` LD_LIBRARY_PATH=".:/usr/lib:" PATH=".:/usr/lib:/usr/bin:/usr/sbin" TCLLIBPATH="." /usr/bin/tclsh8.6 ./fixline1 /usr/bin < ./example/autopasswd > autopasswd
TCL_LIBRARY=`echo /usr/include/library` LD_LIBRARY_PATH=".:/usr/lib:" PATH=".:/usr/lib:/usr/bin:/usr/sbin" TCLLIBPATH="." /usr/bin/tclsh8.6 ./fixline1 /usr/bin < ./example/lpunlock > lpunlock
TCL_LIBRARY=`echo /usr/include/library` LD_LIBRARY_PATH=".:/usr/lib:" PATH=".:/usr/lib:/usr/bin:/usr/sbin" TCLLIBPATH="." /usr/bin/tclsh8.6 ./fixline1 /usr/bin < ./example/weather > weather
 Install pkgIndex.tcl /usr/lib/expect5.45.4
TCL_LIBRARY=`echo /usr/include/library` LD_LIBRARY_PATH=".:/usr/lib:" PATH=".:/usr/lib:/usr/bin:/usr/sbin" TCLLIBPATH="." /usr/bin/tclsh8.6 ./fixline1 /usr/bin < ./example/passmass > passmass
TCL_LIBRARY=`echo /usr/include/library` LD_LIBRARY_PATH=".:/usr/lib:" PATH=".:/usr/lib:/usr/bin:/usr/sbin" TCLLIBPATH="." /usr/bin/tclsh8.6 ./fixline1 /usr/bin < ./example/rftp > rftp
TCL_LIBRARY=`echo /usr/include/library` LD_LIBRARY_PATH=".:/usr/lib:" PATH=".:/usr/lib:/usr/bin:/usr/sbin" TCLLIBPATH="." /usr/bin/tclsh8.6 ./fixline1 /usr/bin < ./example/kibitz > kibitz
TCL_LIBRARY=`echo /usr/include/library` LD_LIBRARY_PATH=".:/usr/lib:" PATH=".:/usr/lib:/usr/bin:/usr/sbin" TCLLIBPATH="." /usr/bin/tclsh8.6 ./fixline1 /usr/bin < ./example/rlogin-cwd > rlogin-cwd
TCL_LIBRARY=`echo /usr/include/library` LD_LIBRARY_PATH=".:/usr/lib:" PATH=".:/usr/lib:/usr/bin:/usr/sbin" TCLLIBPATH="." /usr/bin/tclsh8.6 ./fixline1 /usr/bin < ./example/xpstat > xpstat
TCL_LIBRARY=`echo /usr/include/library` LD_LIBRARY_PATH=".:/usr/lib:" PATH=".:/usr/lib:/usr/bin:/usr/sbin" TCLLIBPATH="." /usr/bin/tclsh8.6 ./fixline1 /usr/bin < ./example/tkpasswd > tkpasswd
TCL_LIBRARY=`echo /usr/include/library` LD_LIBRARY_PATH=".:/usr/lib:" PATH=".:/usr/lib:/usr/bin:/usr/sbin" TCLLIBPATH="." /usr/bin/tclsh8.6 ./fixline1 /usr/bin < ./example/dislocate > dislocate
TCL_LIBRARY=`echo /usr/include/library` LD_LIBRARY_PATH=".:/usr/lib:" PATH=".:/usr/lib:/usr/bin:/usr/sbin" TCLLIBPATH="." /usr/bin/tclsh8.6 ./fixline1 /usr/bin < ./example/xkibitz > xkibitz
TCL_LIBRARY=`echo /usr/include/library` LD_LIBRARY_PATH=".:/usr/lib:" PATH=".:/usr/lib:/usr/bin:/usr/sbin" TCLLIBPATH="." /usr/bin/tclsh8.6 ./fixline1 /usr/bin < ./example/tknewsbiff > tknewsbiff
TCL_LIBRARY=`echo /usr/include/library` LD_LIBRARY_PATH=".:/usr/lib:" PATH=".:/usr/lib:/usr/bin:/usr/sbin" TCLLIBPATH="." /usr/bin/tclsh8.6 ./fixline1 /usr/bin < ./example/unbuffer > unbuffer
TCL_LIBRARY=`echo /usr/include/library` LD_LIBRARY_PATH=".:/usr/lib:" PATH=".:/usr/lib:/usr/bin:/usr/sbin" TCLLIBPATH="." /usr/bin/tclsh8.6 ./fixline1 /usr/bin < ./example/mkpasswd > mkpasswd
TCL_LIBRARY=`echo /usr/include/library` LD_LIBRARY_PATH=".:/usr/lib:" PATH=".:/usr/lib:/usr/bin:/usr/sbin" TCLLIBPATH="." /usr/bin/tclsh8.6 ./fixline1 /usr/bin < ./example/cryptdir > cryptdir
TCL_LIBRARY=`echo /usr/include/library` LD_LIBRARY_PATH=".:/usr/lib:" PATH=".:/usr/lib:/usr/bin:/usr/sbin" TCLLIBPATH="." /usr/bin/tclsh8.6 ./fixline1 /usr/bin < ./example/decryptdir > decryptdir
TCL_LIBRARY=`echo /usr/include/library` LD_LIBRARY_PATH=".:/usr/lib:" PATH=".:/usr/lib:/usr/bin:/usr/sbin" TCLLIBPATH="." /usr/bin/tclsh8.6 ./fixline1 /usr/bin < ./example/autoexpect > autoexpect
TCL_LIBRARY=`echo /usr/include/library` LD_LIBRARY_PATH=".:/usr/lib:" PATH=".:/usr/lib:/usr/bin:/usr/sbin" TCLLIBPATH="." /usr/bin/tclsh8.6 ./fixline1 /usr/bin < ./example/multixterm > multixterm
Installing documentation in /usr/share/man
/usr/bin/install -c -m 644 ./expect.man /usr/share/man/man1/expect.1
/usr/bin/install -c -m 644 ./libexpect.man /usr/share/man/man3/libexpect.3
for i in kibitz dislocate xkibitz tknewsbiff unbuffer mkpasswd passmass cryptdir decryptdir autoexpect multixterm end_of_list ; do \
  if [ -f ./example/$i.man ] ; then \
    /usr/bin/install -c -m 644 ./example/$i.man /usr/share/man/man1/$i.1 ; \
  else true; fi ; \
done
Installing header files in /usr/include
Installing ./expect.h
Installing ./expect_tcl.h
Installing ./expect_comm.h
Installing ./tcldbg.h
for i in timed-run timed-read ftp-rfc autopasswd lpunlock weather passmass rftp kibitz rlogin-cwd xpstat tkpasswd dislocate xkibitz tknewsbiff unbuffer mkpasswd cryptdir decryptdir autoexpect multixterm end_of_list ; do \
  if [ -f $i ] ; then \
    /usr/bin/install -c $i /usr/bin/$i ; \
    rm -f $i ; \
  else true; fi ; \
done
'/usr/lib/libexpect5.45.4.so' -> 'expect5.45.4/libexpect5.45.4.so'


CFLAGS:: -march=x86-64-v3 -mtune=haswell -Os -pipe -fno-plt -fPIC -ffunction-sections -fdata-sections
CXXFLAGS:: -march=x86-64-v3 -mtune=haswell -Os -pipe -fno-plt -fPIC -ffunction-sections -fdata-sections -Wp,-D_GLIBCXX_ASSERTIONS
CPPFLAGS:: -D_FORTIFY_SOURCE=2 -DNDEBUG
LDFLAGS:: -Wl,-O2,--sort-common,--as-needed,-z,relro,-z,now,--gc-sections


Mon Feb 19 15:33:05 UTC 2024

Totalseconds: 8

KB: 1027084	/

