Fri Mar 29 01:30:25 UTC 2024
KB: 1034820	/

checking for a BSD-compatible install... /usr/bin/install -c
checking whether build environment is sane... yes
checking for a race-free mkdir -p... /usr/bin/mkdir -p
checking for gawk... gawk
checking whether make sets $(MAKE)... yes
checking whether make supports nested variables... yes
checking build system type... x86_64-pc-linux-uclibc
checking host system type... x86_64-pc-linux-uclibc
checking for gcc... gcc
checking whether the C compiler works... yes
checking for C compiler default output file name... a.out
checking for suffix of executables... 
checking whether we are cross compiling... no
checking for suffix of object files... o
checking whether the compiler supports GNU C... yes
checking whether gcc accepts -g... yes
checking for gcc option to enable C11 features... none needed
checking whether gcc understands -c and -o together... yes
checking whether make supports the include directive... yes (GNU style)
checking dependency style of gcc... gcc3
checking for pkg-config... /usr/bin/pkg-config
checking pkg-config is at least version 0.9.0... yes
checking how to run the C preprocessor... gcc -E
checking whether make sets $(MAKE)... (cached) yes
checking whether ln -s works... yes
checking for perl... /usr/bin/perl
checking whether /usr/bin/perl is version 5.14.0 or later... yes
checking for gpg2... false
checking for sha256sum... /usr/bin/sha256sum
checking for stdio.h... yes
checking for stdlib.h... yes
checking for string.h... yes
checking for inttypes.h... yes
checking for stdint.h... yes
checking for strings.h... yes
checking for sys/stat.h... yes
checking for sys/types.h... yes
checking for unistd.h... yes
checking for wchar.h... yes
checking for minix/config.h... no
checking for fcntl.h... yes
checking for stdbool.h... yes
checking for ucontext.h... yes
checking for sys/cdefs.h... yes
checking for sys/random.h... yes
checking for sys/syscall.h... yes
checking for valgrind/valgrind.h... no
checking for endian.h... yes
checking for sys/endian.h... no
checking for sys/param.h... yes
checking whether it is safe to define __EXTENSIONS__... yes
checking whether _XOPEN_SOURCE should be defined... no
checking for special C compiler options needed for large files... no
checking for _FILE_OFFSET_BITS value needed for large files... no
checking whether C compiler accepts -Werror=unknown-warning-option... no
checking whether C compiler accepts -Wall... yes
checking whether C compiler accepts -Wextra... yes
checking whether C compiler accepts -Walloc-zero... yes
checking whether C compiler accepts -Walloca... yes
checking whether C compiler accepts -Wbad-function-cast... yes
checking whether C compiler accepts -Wcast-align... yes
checking whether C compiler accepts -Wcast-qual... yes
checking whether C compiler accepts -Wconversion... yes
checking whether C compiler accepts -Wformat=2... yes
checking whether C compiler accepts -Wformat-overflow=2... yes
checking whether C compiler accepts -Wformat-signedness... yes
checking whether C compiler accepts -Wformat-truncation=1... yes
checking whether C compiler accepts -Wlogical-op... yes
checking whether C compiler accepts -Wmissing-declarations... yes
checking whether C compiler accepts -Wmissing-prototypes... yes
checking whether C compiler accepts -Wnested-externs... yes
checking whether C compiler accepts -Wnull-dereference... yes
checking whether C compiler accepts -Wold-style-definition... yes
checking whether C compiler accepts -Wpointer-arith... yes
checking whether C compiler accepts -Wrestrict... yes
checking whether C compiler accepts -Wshadow... yes
checking whether C compiler accepts -Wstrict-overflow=2... yes
checking whether C compiler accepts -Wstrict-prototypes... yes
checking whether C compiler accepts -Wundef... yes
checking whether C compiler accepts -Wvla... yes
checking whether C compiler accepts -Wwrite-strings... yes
checking whether C compiler accepts -Wpedantic... yes
checking whether C compiler accepts -Werror... yes
checking how to print strings... printf
checking for a sed that does not truncate output... /usr/bin/sed
checking for grep that handles long lines and -e... /usr/bin/grep
checking for egrep... /usr/bin/grep -E
checking for fgrep... /usr/bin/grep -F
checking for ld used by gcc... /usr/bin/ld
checking if the linker (/usr/bin/ld) is GNU ld... yes
checking for BSD- or MS-compatible name lister (nm)... /usr/bin/nm -B
checking the name lister (/usr/bin/nm -B) interface... BSD nm
checking the maximum length of command line arguments... 1572864
checking how to convert x86_64-pc-linux-uclibc file names to x86_64-pc-linux-uclibc format... func_convert_file_noop
checking how to convert x86_64-pc-linux-uclibc file names to toolchain format... func_convert_file_noop
checking for /usr/bin/ld option to reload object files... -r
checking for file... file
checking for objdump... objdump
checking how to recognize dependent libraries... pass_all
checking for dlltool... no
checking how to associate runtime and link libraries... printf %s\n
checking for ar... ar
checking for archiver @FILE support... @
checking for strip... strip
checking for ranlib... ranlib
checking command to parse /usr/bin/nm -B output from gcc object... ok
checking for sysroot... no
checking for a working dd... /usr/bin/dd
checking how to truncate binary pipes... /usr/bin/dd bs=4096 count=1
checking for mt... no
checking if : is a manifest tool... no
checking for dlfcn.h... yes
checking for objdir... .libs
checking if gcc supports -fno-rtti -fno-exceptions... no
checking for gcc option to produce PIC... -fPIC -DPIC
checking if gcc PIC flag -fPIC -DPIC works... yes
checking if gcc static flag -static works... yes
checking if gcc supports -c -o file.o... yes
checking if gcc supports -c -o file.o... (cached) yes
checking whether the gcc linker (/usr/bin/ld -m elf_x86_64) supports shared libraries... yes
checking whether -lc should be explicitly linked in... no
checking dynamic linker characteristics... GNU/Linux ld.so
checking how to hardcode library paths into programs... immediate
checking whether stripping libraries is possible... yes
checking if libtool supports shared libraries... yes
checking whether to build shared libraries... yes
checking whether to build static libraries... yes
checking for _ prefix in compiled symbols... no
checking whether the preprocessor (gcc -E) supports -dD... yes
checking whether we are compiling with ASan... no
checking whether sys/cdefs.h defines __BEGIN_DECLS and __END_DECLS... yes
checking whether sys/cdefs.h defines __THROW... yes
checking how to control data alignment... _Alignas
checking how to query data alignment... _Alignof
checking for max_align_t in stddef.h... yes
checking for byte order macros... BYTE_ORDER and xxx_ENDIAN
checking for static_assert in assert.h... yes
checking for ld --wrap... yes
checking linker version script flag... --version-script
checking if version scripts can use complex wildcards... yes
checking for __attribute__((symver))... yes
checking how to make linking fail when undefined symbols remain... -Wl,-z,defs
checking how to make linking fail when there are text relocations... -Wl,-z,text
checking how to link with read-only relocations... -Wl,-z,relro
checking how to link with immediate binding... -Wl,-z,now
checking whether C compiler accepts -fno-plt... yes
checking for arc4random_buf... no
checking for explicit_bzero... no
checking for explicit_memset... no
checking for getentropy... yes
checking for getrandom... yes
checking for memset_s... no
checking for open64... yes
checking for syscall... yes
checking for valgrind... no
checking for Python 3.>=6 with Passlib... not found
configure: Disabling the "regen-ka-table" target, missing Python requirements.
checking whether all ucontext.h functions are available... yes
checking that generated files are newer than configure... done
configure: creating ./config.status
config.status: creating Makefile
config.status: creating libxcrypt.pc
config.status: creating config.h
config.status: executing depfiles commands
config.status: executing libtool commands
make  all-am
make[1]: Entering directory '/sources/libxcrypt-4.4.36'
LC_ALL=C /usr/bin/perl ./build-aux/scripts/gen-libcrypt-map \
  SYMVER_MIN=XCRYPT_2.0 \
  SYMVER_FLOOR=XCRYPT_2.0 \
  COMPAT_ABI=no \
  ./lib/libcrypt.map.in > libcrypt.map.T
depbase=`echo lib/gen-des-tables.o | sed 's|[^/]*$|.deps/&|;s|\.o$||'`;\
gcc -DHAVE_CONFIG_H -I.  -I./lib -DNDEBUG -Wall -Wextra -Walloc-zero -Walloca -Wbad-function-cast -Wcast-align -Wcast-qual -Wconversion -Wformat=2 -Wformat-overflow=2 -Wformat-signedness -Wformat-truncation=1 -Wlogical-op -Wmissing-declarations -Wmissing-prototypes -Wnested-externs -Wnull-dereference -Wold-style-definition -Wpointer-arith -Wrestrict -Wshadow -Wstrict-overflow=2 -Wstrict-prototypes -Wundef -Wvla -Wwrite-strings -Wpedantic -Werror -fno-plt -march=x86-64-v3 -mtune=haswell -Os -pipe -fno-plt -fPIC -fstack-clash-protection -ffunction-sections -fdata-sections -MT lib/gen-des-tables.o -MD -MP -MF $depbase.Tpo -c -o lib/gen-des-tables.o lib/gen-des-tables.c &&\
mv -f $depbase.Tpo $depbase.Po
/bin/sh ./libtool  --tag=CC   --mode=compile gcc -DHAVE_CONFIG_H -I.  -I./lib -DIN_LIBCRYPT -DNDEBUG -Wall -Wextra -Walloc-zero -Walloca -Wbad-function-cast -Wcast-align -Wcast-qual -Wconversion -Wformat=2 -Wformat-overflow=2 -Wformat-signedness -Wformat-truncation=1 -Wlogical-op -Wmissing-declarations -Wmissing-prototypes -Wnested-externs -Wnull-dereference -Wold-style-definition -Wpointer-arith -Wrestrict -Wshadow -Wstrict-overflow=2 -Wstrict-prototypes -Wundef -Wvla -Wwrite-strings -Wpedantic -Werror -fno-plt -march=x86-64-v3 -mtune=haswell -Os -pipe -fno-plt -fPIC -fstack-clash-protection -ffunction-sections -fdata-sections -MT lib/libcrypt_la-alg-des-tables.lo -MD -MP -MF lib/.deps/libcrypt_la-alg-des-tables.Tpo -c -o lib/libcrypt_la-alg-des-tables.lo `test -f 'lib/alg-des-tables.c' || echo './'`lib/alg-des-tables.c
/bin/sh ./libtool  --tag=CC   --mode=compile gcc -DHAVE_CONFIG_H -I.  -I./lib -DIN_LIBCRYPT -DNDEBUG -Wall -Wextra -Walloc-zero -Walloca -Wbad-function-cast -Wcast-align -Wcast-qual -Wconversion -Wformat=2 -Wformat-overflow=2 -Wformat-signedness -Wformat-truncation=1 -Wlogical-op -Wmissing-declarations -Wmissing-prototypes -Wnested-externs -Wnull-dereference -Wold-style-definition -Wpointer-arith -Wrestrict -Wshadow -Wstrict-overflow=2 -Wstrict-prototypes -Wundef -Wvla -Wwrite-strings -Wpedantic -Werror -fno-plt -march=x86-64-v3 -mtune=haswell -Os -pipe -fno-plt -fPIC -fstack-clash-protection -ffunction-sections -fdata-sections -MT lib/libcrypt_la-alg-des.lo -MD -MP -MF lib/.deps/libcrypt_la-alg-des.Tpo -c -o lib/libcrypt_la-alg-des.lo `test -f 'lib/alg-des.c' || echo './'`lib/alg-des.c
./build-aux/scripts/move-if-change libcrypt.map.T libcrypt.map
echo timestamp > libcrypt.map.stamp
/bin/sh ./libtool  --tag=CC   --mode=compile gcc -DHAVE_CONFIG_H -I.  -I./lib -DIN_LIBCRYPT -DNDEBUG -Wall -Wextra -Walloc-zero -Walloca -Wbad-function-cast -Wcast-align -Wcast-qual -Wconversion -Wformat=2 -Wformat-overflow=2 -Wformat-signedness -Wformat-truncation=1 -Wlogical-op -Wmissing-declarations -Wmissing-prototypes -Wnested-externs -Wnull-dereference -Wold-style-definition -Wpointer-arith -Wrestrict -Wshadow -Wstrict-overflow=2 -Wstrict-prototypes -Wundef -Wvla -Wwrite-strings -Wpedantic -Werror -fno-plt -march=x86-64-v3 -mtune=haswell -Os -pipe -fno-plt -fPIC -fstack-clash-protection -ffunction-sections -fdata-sections -MT lib/libcrypt_la-alg-gost3411-2012-core.lo -MD -MP -MF lib/.deps/libcrypt_la-alg-gost3411-2012-core.Tpo -c -o lib/libcrypt_la-alg-gost3411-2012-core.lo `test -f 'lib/alg-gost3411-2012-core.c' || echo './'`lib/alg-gost3411-2012-core.c
libtool: compile:  gcc -DHAVE_CONFIG_H -I. -I./lib -DIN_LIBCRYPT -DNDEBUG -Wall -Wextra -Walloc-zero -Walloca -Wbad-function-cast -Wcast-align -Wcast-qual -Wconversion -Wformat=2 -Wformat-overflow=2 -Wformat-signedness -Wformat-truncation=1 -Wlogical-op -Wmissing-declarations -Wmissing-prototypes -Wnested-externs -Wnull-dereference -Wold-style-definition -Wpointer-arith -Wrestrict -Wshadow -Wstrict-overflow=2 -Wstrict-prototypes -Wundef -Wvla -Wwrite-strings -Wpedantic -Werror -fno-plt -march=x86-64-v3 -mtune=haswell -Os -pipe -fno-plt -fPIC -fstack-clash-protection -ffunction-sections -fdata-sections -MT lib/libcrypt_la-alg-des-tables.lo -MD -MP -MF lib/.deps/libcrypt_la-alg-des-tables.Tpo -c lib/alg-des-tables.c  -fPIC -DPIC -o lib/.libs/libcrypt_la-alg-des-tables.o
libtool: compile:  gcc -DHAVE_CONFIG_H -I. -I./lib -DIN_LIBCRYPT -DNDEBUG -Wall -Wextra -Walloc-zero -Walloca -Wbad-function-cast -Wcast-align -Wcast-qual -Wconversion -Wformat=2 -Wformat-overflow=2 -Wformat-signedness -Wformat-truncation=1 -Wlogical-op -Wmissing-declarations -Wmissing-prototypes -Wnested-externs -Wnull-dereference -Wold-style-definition -Wpointer-arith -Wrestrict -Wshadow -Wstrict-overflow=2 -Wstrict-prototypes -Wundef -Wvla -Wwrite-strings -Wpedantic -Werror -fno-plt -march=x86-64-v3 -mtune=haswell -Os -pipe -fno-plt -fPIC -fstack-clash-protection -ffunction-sections -fdata-sections -MT lib/libcrypt_la-alg-des.lo -MD -MP -MF lib/.deps/libcrypt_la-alg-des.Tpo -c lib/alg-des.c  -fPIC -DPIC -o lib/.libs/libcrypt_la-alg-des.o
libtool: compile:  gcc -DHAVE_CONFIG_H -I. -I./lib -DIN_LIBCRYPT -DNDEBUG -Wall -Wextra -Walloc-zero -Walloca -Wbad-function-cast -Wcast-align -Wcast-qual -Wconversion -Wformat=2 -Wformat-overflow=2 -Wformat-signedness -Wformat-truncation=1 -Wlogical-op -Wmissing-declarations -Wmissing-prototypes -Wnested-externs -Wnull-dereference -Wold-style-definition -Wpointer-arith -Wrestrict -Wshadow -Wstrict-overflow=2 -Wstrict-prototypes -Wundef -Wvla -Wwrite-strings -Wpedantic -Werror -fno-plt -march=x86-64-v3 -mtune=haswell -Os -pipe -fno-plt -fPIC -fstack-clash-protection -ffunction-sections -fdata-sections -MT lib/libcrypt_la-alg-des.lo -MD -MP -MF lib/.deps/libcrypt_la-alg-des.Tpo -c lib/alg-des.c -o lib/libcrypt_la-alg-des.o >/dev/null 2>&1
libtool: compile:  gcc -DHAVE_CONFIG_H -I. -I./lib -DIN_LIBCRYPT -DNDEBUG -Wall -Wextra -Walloc-zero -Walloca -Wbad-function-cast -Wcast-align -Wcast-qual -Wconversion -Wformat=2 -Wformat-overflow=2 -Wformat-signedness -Wformat-truncation=1 -Wlogical-op -Wmissing-declarations -Wmissing-prototypes -Wnested-externs -Wnull-dereference -Wold-style-definition -Wpointer-arith -Wrestrict -Wshadow -Wstrict-overflow=2 -Wstrict-prototypes -Wundef -Wvla -Wwrite-strings -Wpedantic -Werror -fno-plt -march=x86-64-v3 -mtune=haswell -Os -pipe -fno-plt -fPIC -fstack-clash-protection -ffunction-sections -fdata-sections -MT lib/libcrypt_la-alg-des-tables.lo -MD -MP -MF lib/.deps/libcrypt_la-alg-des-tables.Tpo -c lib/alg-des-tables.c -o lib/libcrypt_la-alg-des-tables.o >/dev/null 2>&1
libtool: compile:  gcc -DHAVE_CONFIG_H -I. -I./lib -DIN_LIBCRYPT -DNDEBUG -Wall -Wextra -Walloc-zero -Walloca -Wbad-function-cast -Wcast-align -Wcast-qual -Wconversion -Wformat=2 -Wformat-overflow=2 -Wformat-signedness -Wformat-truncation=1 -Wlogical-op -Wmissing-declarations -Wmissing-prototypes -Wnested-externs -Wnull-dereference -Wold-style-definition -Wpointer-arith -Wrestrict -Wshadow -Wstrict-overflow=2 -Wstrict-prototypes -Wundef -Wvla -Wwrite-strings -Wpedantic -Werror -fno-plt -march=x86-64-v3 -mtune=haswell -Os -pipe -fno-plt -fPIC -fstack-clash-protection -ffunction-sections -fdata-sections -MT lib/libcrypt_la-alg-gost3411-2012-core.lo -MD -MP -MF lib/.deps/libcrypt_la-alg-gost3411-2012-core.Tpo -c lib/alg-gost3411-2012-core.c  -fPIC -DPIC -o lib/.libs/libcrypt_la-alg-gost3411-2012-core.o
mv -f lib/.deps/libcrypt_la-alg-des.Tpo lib/.deps/libcrypt_la-alg-des.Plo
/bin/sh ./libtool  --tag=CC   --mode=compile gcc -DHAVE_CONFIG_H -I.  -I./lib -DIN_LIBCRYPT -DNDEBUG -Wall -Wextra -Walloc-zero -Walloca -Wbad-function-cast -Wcast-align -Wcast-qual -Wconversion -Wformat=2 -Wformat-overflow=2 -Wformat-signedness -Wformat-truncation=1 -Wlogical-op -Wmissing-declarations -Wmissing-prototypes -Wnested-externs -Wnull-dereference -Wold-style-definition -Wpointer-arith -Wrestrict -Wshadow -Wstrict-overflow=2 -Wstrict-prototypes -Wundef -Wvla -Wwrite-strings -Wpedantic -Werror -fno-plt -march=x86-64-v3 -mtune=haswell -Os -pipe -fno-plt -fPIC -fstack-clash-protection -ffunction-sections -fdata-sections -MT lib/libcrypt_la-alg-gost3411-2012-hmac.lo -MD -MP -MF lib/.deps/libcrypt_la-alg-gost3411-2012-hmac.Tpo -c -o lib/libcrypt_la-alg-gost3411-2012-hmac.lo `test -f 'lib/alg-gost3411-2012-hmac.c' || echo './'`lib/alg-gost3411-2012-hmac.c
mv -f lib/.deps/libcrypt_la-alg-des-tables.Tpo lib/.deps/libcrypt_la-alg-des-tables.Plo
/bin/sh ./libtool  --tag=CC   --mode=compile gcc -DHAVE_CONFIG_H -I.  -I./lib -DIN_LIBCRYPT -DNDEBUG -Wall -Wextra -Walloc-zero -Walloca -Wbad-function-cast -Wcast-align -Wcast-qual -Wconversion -Wformat=2 -Wformat-overflow=2 -Wformat-signedness -Wformat-truncation=1 -Wlogical-op -Wmissing-declarations -Wmissing-prototypes -Wnested-externs -Wnull-dereference -Wold-style-definition -Wpointer-arith -Wrestrict -Wshadow -Wstrict-overflow=2 -Wstrict-prototypes -Wundef -Wvla -Wwrite-strings -Wpedantic -Werror -fno-plt -march=x86-64-v3 -mtune=haswell -Os -pipe -fno-plt -fPIC -fstack-clash-protection -ffunction-sections -fdata-sections -MT lib/libcrypt_la-alg-hmac-sha1.lo -MD -MP -MF lib/.deps/libcrypt_la-alg-hmac-sha1.Tpo -c -o lib/libcrypt_la-alg-hmac-sha1.lo `test -f 'lib/alg-hmac-sha1.c' || echo './'`lib/alg-hmac-sha1.c
libtool: compile:  gcc -DHAVE_CONFIG_H -I. -I./lib -DIN_LIBCRYPT -DNDEBUG -Wall -Wextra -Walloc-zero -Walloca -Wbad-function-cast -Wcast-align -Wcast-qual -Wconversion -Wformat=2 -Wformat-overflow=2 -Wformat-signedness -Wformat-truncation=1 -Wlogical-op -Wmissing-declarations -Wmissing-prototypes -Wnested-externs -Wnull-dereference -Wold-style-definition -Wpointer-arith -Wrestrict -Wshadow -Wstrict-overflow=2 -Wstrict-prototypes -Wundef -Wvla -Wwrite-strings -Wpedantic -Werror -fno-plt -march=x86-64-v3 -mtune=haswell -Os -pipe -fno-plt -fPIC -fstack-clash-protection -ffunction-sections -fdata-sections -MT lib/libcrypt_la-alg-gost3411-2012-hmac.lo -MD -MP -MF lib/.deps/libcrypt_la-alg-gost3411-2012-hmac.Tpo -c lib/alg-gost3411-2012-hmac.c  -fPIC -DPIC -o lib/.libs/libcrypt_la-alg-gost3411-2012-hmac.o
libtool: compile:  gcc -DHAVE_CONFIG_H -I. -I./lib -DIN_LIBCRYPT -DNDEBUG -Wall -Wextra -Walloc-zero -Walloca -Wbad-function-cast -Wcast-align -Wcast-qual -Wconversion -Wformat=2 -Wformat-overflow=2 -Wformat-signedness -Wformat-truncation=1 -Wlogical-op -Wmissing-declarations -Wmissing-prototypes -Wnested-externs -Wnull-dereference -Wold-style-definition -Wpointer-arith -Wrestrict -Wshadow -Wstrict-overflow=2 -Wstrict-prototypes -Wundef -Wvla -Wwrite-strings -Wpedantic -Werror -fno-plt -march=x86-64-v3 -mtune=haswell -Os -pipe -fno-plt -fPIC -fstack-clash-protection -ffunction-sections -fdata-sections -MT lib/libcrypt_la-alg-hmac-sha1.lo -MD -MP -MF lib/.deps/libcrypt_la-alg-hmac-sha1.Tpo -c lib/alg-hmac-sha1.c  -fPIC -DPIC -o lib/.libs/libcrypt_la-alg-hmac-sha1.o
/bin/sh ./libtool  --tag=CC   --mode=compile gcc -DHAVE_CONFIG_H -I.  -I./lib -DIN_LIBCRYPT -DNDEBUG -Wall -Wextra -Walloc-zero -Walloca -Wbad-function-cast -Wcast-align -Wcast-qual -Wconversion -Wformat=2 -Wformat-overflow=2 -Wformat-signedness -Wformat-truncation=1 -Wlogical-op -Wmissing-declarations -Wmissing-prototypes -Wnested-externs -Wnull-dereference -Wold-style-definition -Wpointer-arith -Wrestrict -Wshadow -Wstrict-overflow=2 -Wstrict-prototypes -Wundef -Wvla -Wwrite-strings -Wpedantic -Werror -fno-plt -march=x86-64-v3 -mtune=haswell -Os -pipe -fno-plt -fPIC -fstack-clash-protection -ffunction-sections -fdata-sections -MT lib/libcrypt_la-alg-md4.lo -MD -MP -MF lib/.deps/libcrypt_la-alg-md4.Tpo -c -o lib/libcrypt_la-alg-md4.lo `test -f 'lib/alg-md4.c' || echo './'`lib/alg-md4.c
libtool: compile:  gcc -DHAVE_CONFIG_H -I. -I./lib -DIN_LIBCRYPT -DNDEBUG -Wall -Wextra -Walloc-zero -Walloca -Wbad-function-cast -Wcast-align -Wcast-qual -Wconversion -Wformat=2 -Wformat-overflow=2 -Wformat-signedness -Wformat-truncation=1 -Wlogical-op -Wmissing-declarations -Wmissing-prototypes -Wnested-externs -Wnull-dereference -Wold-style-definition -Wpointer-arith -Wrestrict -Wshadow -Wstrict-overflow=2 -Wstrict-prototypes -Wundef -Wvla -Wwrite-strings -Wpedantic -Werror -fno-plt -march=x86-64-v3 -mtune=haswell -Os -pipe -fno-plt -fPIC -fstack-clash-protection -ffunction-sections -fdata-sections -MT lib/libcrypt_la-alg-hmac-sha1.lo -MD -MP -MF lib/.deps/libcrypt_la-alg-hmac-sha1.Tpo -c lib/alg-hmac-sha1.c -o lib/libcrypt_la-alg-hmac-sha1.o >/dev/null 2>&1
libtool: compile:  gcc -DHAVE_CONFIG_H -I. -I./lib -DIN_LIBCRYPT -DNDEBUG -Wall -Wextra -Walloc-zero -Walloca -Wbad-function-cast -Wcast-align -Wcast-qual -Wconversion -Wformat=2 -Wformat-overflow=2 -Wformat-signedness -Wformat-truncation=1 -Wlogical-op -Wmissing-declarations -Wmissing-prototypes -Wnested-externs -Wnull-dereference -Wold-style-definition -Wpointer-arith -Wrestrict -Wshadow -Wstrict-overflow=2 -Wstrict-prototypes -Wundef -Wvla -Wwrite-strings -Wpedantic -Werror -fno-plt -march=x86-64-v3 -mtune=haswell -Os -pipe -fno-plt -fPIC -fstack-clash-protection -ffunction-sections -fdata-sections -MT lib/libcrypt_la-alg-gost3411-2012-hmac.lo -MD -MP -MF lib/.deps/libcrypt_la-alg-gost3411-2012-hmac.Tpo -c lib/alg-gost3411-2012-hmac.c -o lib/libcrypt_la-alg-gost3411-2012-hmac.o >/dev/null 2>&1
mv -f lib/.deps/libcrypt_la-alg-hmac-sha1.Tpo lib/.deps/libcrypt_la-alg-hmac-sha1.Plo
/bin/sh ./libtool  --tag=CC   --mode=compile gcc -DHAVE_CONFIG_H -I.  -I./lib -DIN_LIBCRYPT -DNDEBUG -Wall -Wextra -Walloc-zero -Walloca -Wbad-function-cast -Wcast-align -Wcast-qual -Wconversion -Wformat=2 -Wformat-overflow=2 -Wformat-signedness -Wformat-truncation=1 -Wlogical-op -Wmissing-declarations -Wmissing-prototypes -Wnested-externs -Wnull-dereference -Wold-style-definition -Wpointer-arith -Wrestrict -Wshadow -Wstrict-overflow=2 -Wstrict-prototypes -Wundef -Wvla -Wwrite-strings -Wpedantic -Werror -fno-plt -march=x86-64-v3 -mtune=haswell -Os -pipe -fno-plt -fPIC -fstack-clash-protection -ffunction-sections -fdata-sections -MT lib/libcrypt_la-alg-md5.lo -MD -MP -MF lib/.deps/libcrypt_la-alg-md5.Tpo -c -o lib/libcrypt_la-alg-md5.lo `test -f 'lib/alg-md5.c' || echo './'`lib/alg-md5.c
libtool: compile:  gcc -DHAVE_CONFIG_H -I. -I./lib -DIN_LIBCRYPT -DNDEBUG -Wall -Wextra -Walloc-zero -Walloca -Wbad-function-cast -Wcast-align -Wcast-qual -Wconversion -Wformat=2 -Wformat-overflow=2 -Wformat-signedness -Wformat-truncation=1 -Wlogical-op -Wmissing-declarations -Wmissing-prototypes -Wnested-externs -Wnull-dereference -Wold-style-definition -Wpointer-arith -Wrestrict -Wshadow -Wstrict-overflow=2 -Wstrict-prototypes -Wundef -Wvla -Wwrite-strings -Wpedantic -Werror -fno-plt -march=x86-64-v3 -mtune=haswell -Os -pipe -fno-plt -fPIC -fstack-clash-protection -ffunction-sections -fdata-sections -MT lib/libcrypt_la-alg-md4.lo -MD -MP -MF lib/.deps/libcrypt_la-alg-md4.Tpo -c lib/alg-md4.c  -fPIC -DPIC -o lib/.libs/libcrypt_la-alg-md4.o
libtool: compile:  gcc -DHAVE_CONFIG_H -I. -I./lib -DIN_LIBCRYPT -DNDEBUG -Wall -Wextra -Walloc-zero -Walloca -Wbad-function-cast -Wcast-align -Wcast-qual -Wconversion -Wformat=2 -Wformat-overflow=2 -Wformat-signedness -Wformat-truncation=1 -Wlogical-op -Wmissing-declarations -Wmissing-prototypes -Wnested-externs -Wnull-dereference -Wold-style-definition -Wpointer-arith -Wrestrict -Wshadow -Wstrict-overflow=2 -Wstrict-prototypes -Wundef -Wvla -Wwrite-strings -Wpedantic -Werror -fno-plt -march=x86-64-v3 -mtune=haswell -Os -pipe -fno-plt -fPIC -fstack-clash-protection -ffunction-sections -fdata-sections -MT lib/libcrypt_la-alg-md4.lo -MD -MP -MF lib/.deps/libcrypt_la-alg-md4.Tpo -c lib/alg-md4.c -o lib/libcrypt_la-alg-md4.o >/dev/null 2>&1
libtool: compile:  gcc -DHAVE_CONFIG_H -I. -I./lib -DIN_LIBCRYPT -DNDEBUG -Wall -Wextra -Walloc-zero -Walloca -Wbad-function-cast -Wcast-align -Wcast-qual -Wconversion -Wformat=2 -Wformat-overflow=2 -Wformat-signedness -Wformat-truncation=1 -Wlogical-op -Wmissing-declarations -Wmissing-prototypes -Wnested-externs -Wnull-dereference -Wold-style-definition -Wpointer-arith -Wrestrict -Wshadow -Wstrict-overflow=2 -Wstrict-prototypes -Wundef -Wvla -Wwrite-strings -Wpedantic -Werror -fno-plt -march=x86-64-v3 -mtune=haswell -Os -pipe -fno-plt -fPIC -fstack-clash-protection -ffunction-sections -fdata-sections -MT lib/libcrypt_la-alg-gost3411-2012-core.lo -MD -MP -MF lib/.deps/libcrypt_la-alg-gost3411-2012-core.Tpo -c lib/alg-gost3411-2012-core.c -o lib/libcrypt_la-alg-gost3411-2012-core.o >/dev/null 2>&1
mv -f lib/.deps/libcrypt_la-alg-gost3411-2012-hmac.Tpo lib/.deps/libcrypt_la-alg-gost3411-2012-hmac.Plo
/bin/sh ./libtool  --tag=CC   --mode=compile gcc -DHAVE_CONFIG_H -I.  -I./lib -DIN_LIBCRYPT -DNDEBUG -Wall -Wextra -Walloc-zero -Walloca -Wbad-function-cast -Wcast-align -Wcast-qual -Wconversion -Wformat=2 -Wformat-overflow=2 -Wformat-signedness -Wformat-truncation=1 -Wlogical-op -Wmissing-declarations -Wmissing-prototypes -Wnested-externs -Wnull-dereference -Wold-style-definition -Wpointer-arith -Wrestrict -Wshadow -Wstrict-overflow=2 -Wstrict-prototypes -Wundef -Wvla -Wwrite-strings -Wpedantic -Werror -fno-plt -march=x86-64-v3 -mtune=haswell -Os -pipe -fno-plt -fPIC -fstack-clash-protection -ffunction-sections -fdata-sections -MT lib/libcrypt_la-alg-sha1.lo -MD -MP -MF lib/.deps/libcrypt_la-alg-sha1.Tpo -c -o lib/libcrypt_la-alg-sha1.lo `test -f 'lib/alg-sha1.c' || echo './'`lib/alg-sha1.c
mv -f lib/.deps/libcrypt_la-alg-md4.Tpo lib/.deps/libcrypt_la-alg-md4.Plo
/bin/sh ./libtool  --tag=CC   --mode=compile gcc -DHAVE_CONFIG_H -I.  -I./lib -DIN_LIBCRYPT -DNDEBUG -Wall -Wextra -Walloc-zero -Walloca -Wbad-function-cast -Wcast-align -Wcast-qual -Wconversion -Wformat=2 -Wformat-overflow=2 -Wformat-signedness -Wformat-truncation=1 -Wlogical-op -Wmissing-declarations -Wmissing-prototypes -Wnested-externs -Wnull-dereference -Wold-style-definition -Wpointer-arith -Wrestrict -Wshadow -Wstrict-overflow=2 -Wstrict-prototypes -Wundef -Wvla -Wwrite-strings -Wpedantic -Werror -fno-plt -march=x86-64-v3 -mtune=haswell -Os -pipe -fno-plt -fPIC -fstack-clash-protection -ffunction-sections -fdata-sections -MT lib/libcrypt_la-alg-sha256.lo -MD -MP -MF lib/.deps/libcrypt_la-alg-sha256.Tpo -c -o lib/libcrypt_la-alg-sha256.lo `test -f 'lib/alg-sha256.c' || echo './'`lib/alg-sha256.c
libtool: compile:  gcc -DHAVE_CONFIG_H -I. -I./lib -DIN_LIBCRYPT -DNDEBUG -Wall -Wextra -Walloc-zero -Walloca -Wbad-function-cast -Wcast-align -Wcast-qual -Wconversion -Wformat=2 -Wformat-overflow=2 -Wformat-signedness -Wformat-truncation=1 -Wlogical-op -Wmissing-declarations -Wmissing-prototypes -Wnested-externs -Wnull-dereference -Wold-style-definition -Wpointer-arith -Wrestrict -Wshadow -Wstrict-overflow=2 -Wstrict-prototypes -Wundef -Wvla -Wwrite-strings -Wpedantic -Werror -fno-plt -march=x86-64-v3 -mtune=haswell -Os -pipe -fno-plt -fPIC -fstack-clash-protection -ffunction-sections -fdata-sections -MT lib/libcrypt_la-alg-md5.lo -MD -MP -MF lib/.deps/libcrypt_la-alg-md5.Tpo -c lib/alg-md5.c  -fPIC -DPIC -o lib/.libs/libcrypt_la-alg-md5.o
libtool: compile:  gcc -DHAVE_CONFIG_H -I. -I./lib -DIN_LIBCRYPT -DNDEBUG -Wall -Wextra -Walloc-zero -Walloca -Wbad-function-cast -Wcast-align -Wcast-qual -Wconversion -Wformat=2 -Wformat-overflow=2 -Wformat-signedness -Wformat-truncation=1 -Wlogical-op -Wmissing-declarations -Wmissing-prototypes -Wnested-externs -Wnull-dereference -Wold-style-definition -Wpointer-arith -Wrestrict -Wshadow -Wstrict-overflow=2 -Wstrict-prototypes -Wundef -Wvla -Wwrite-strings -Wpedantic -Werror -fno-plt -march=x86-64-v3 -mtune=haswell -Os -pipe -fno-plt -fPIC -fstack-clash-protection -ffunction-sections -fdata-sections -MT lib/libcrypt_la-alg-md5.lo -MD -MP -MF lib/.deps/libcrypt_la-alg-md5.Tpo -c lib/alg-md5.c -o lib/libcrypt_la-alg-md5.o >/dev/null 2>&1
libtool: compile:  gcc -DHAVE_CONFIG_H -I. -I./lib -DIN_LIBCRYPT -DNDEBUG -Wall -Wextra -Walloc-zero -Walloca -Wbad-function-cast -Wcast-align -Wcast-qual -Wconversion -Wformat=2 -Wformat-overflow=2 -Wformat-signedness -Wformat-truncation=1 -Wlogical-op -Wmissing-declarations -Wmissing-prototypes -Wnested-externs -Wnull-dereference -Wold-style-definition -Wpointer-arith -Wrestrict -Wshadow -Wstrict-overflow=2 -Wstrict-prototypes -Wundef -Wvla -Wwrite-strings -Wpedantic -Werror -fno-plt -march=x86-64-v3 -mtune=haswell -Os -pipe -fno-plt -fPIC -fstack-clash-protection -ffunction-sections -fdata-sections -MT lib/libcrypt_la-alg-sha1.lo -MD -MP -MF lib/.deps/libcrypt_la-alg-sha1.Tpo -c lib/alg-sha1.c  -fPIC -DPIC -o lib/.libs/libcrypt_la-alg-sha1.o
mv -f lib/.deps/libcrypt_la-alg-md5.Tpo lib/.deps/libcrypt_la-alg-md5.Plo
/bin/sh ./libtool  --tag=CC   --mode=compile gcc -DHAVE_CONFIG_H -I.  -I./lib -DIN_LIBCRYPT -DNDEBUG -Wall -Wextra -Walloc-zero -Walloca -Wbad-function-cast -Wcast-align -Wcast-qual -Wconversion -Wformat=2 -Wformat-overflow=2 -Wformat-signedness -Wformat-truncation=1 -Wlogical-op -Wmissing-declarations -Wmissing-prototypes -Wnested-externs -Wnull-dereference -Wold-style-definition -Wpointer-arith -Wrestrict -Wshadow -Wstrict-overflow=2 -Wstrict-prototypes -Wundef -Wvla -Wwrite-strings -Wpedantic -Werror -fno-plt -march=x86-64-v3 -mtune=haswell -Os -pipe -fno-plt -fPIC -fstack-clash-protection -ffunction-sections -fdata-sections -MT lib/libcrypt_la-alg-sha512.lo -MD -MP -MF lib/.deps/libcrypt_la-alg-sha512.Tpo -c -o lib/libcrypt_la-alg-sha512.lo `test -f 'lib/alg-sha512.c' || echo './'`lib/alg-sha512.c
libtool: compile:  gcc -DHAVE_CONFIG_H -I. -I./lib -DIN_LIBCRYPT -DNDEBUG -Wall -Wextra -Walloc-zero -Walloca -Wbad-function-cast -Wcast-align -Wcast-qual -Wconversion -Wformat=2 -Wformat-overflow=2 -Wformat-signedness -Wformat-truncation=1 -Wlogical-op -Wmissing-declarations -Wmissing-prototypes -Wnested-externs -Wnull-dereference -Wold-style-definition -Wpointer-arith -Wrestrict -Wshadow -Wstrict-overflow=2 -Wstrict-prototypes -Wundef -Wvla -Wwrite-strings -Wpedantic -Werror -fno-plt -march=x86-64-v3 -mtune=haswell -Os -pipe -fno-plt -fPIC -fstack-clash-protection -ffunction-sections -fdata-sections -MT lib/libcrypt_la-alg-sha256.lo -MD -MP -MF lib/.deps/libcrypt_la-alg-sha256.Tpo -c lib/alg-sha256.c  -fPIC -DPIC -o lib/.libs/libcrypt_la-alg-sha256.o
libtool: compile:  gcc -DHAVE_CONFIG_H -I. -I./lib -DIN_LIBCRYPT -DNDEBUG -Wall -Wextra -Walloc-zero -Walloca -Wbad-function-cast -Wcast-align -Wcast-qual -Wconversion -Wformat=2 -Wformat-overflow=2 -Wformat-signedness -Wformat-truncation=1 -Wlogical-op -Wmissing-declarations -Wmissing-prototypes -Wnested-externs -Wnull-dereference -Wold-style-definition -Wpointer-arith -Wrestrict -Wshadow -Wstrict-overflow=2 -Wstrict-prototypes -Wundef -Wvla -Wwrite-strings -Wpedantic -Werror -fno-plt -march=x86-64-v3 -mtune=haswell -Os -pipe -fno-plt -fPIC -fstack-clash-protection -ffunction-sections -fdata-sections -MT lib/libcrypt_la-alg-sha1.lo -MD -MP -MF lib/.deps/libcrypt_la-alg-sha1.Tpo -c lib/alg-sha1.c -o lib/libcrypt_la-alg-sha1.o >/dev/null 2>&1
mv -f lib/.deps/libcrypt_la-alg-sha1.Tpo lib/.deps/libcrypt_la-alg-sha1.Plo
/bin/sh ./libtool  --tag=CC   --mode=compile gcc -DHAVE_CONFIG_H -I.  -I./lib -DIN_LIBCRYPT -DNDEBUG -Wall -Wextra -Walloc-zero -Walloca -Wbad-function-cast -Wcast-align -Wcast-qual -Wconversion -Wformat=2 -Wformat-overflow=2 -Wformat-signedness -Wformat-truncation=1 -Wlogical-op -Wmissing-declarations -Wmissing-prototypes -Wnested-externs -Wnull-dereference -Wold-style-definition -Wpointer-arith -Wrestrict -Wshadow -Wstrict-overflow=2 -Wstrict-prototypes -Wundef -Wvla -Wwrite-strings -Wpedantic -Werror -fno-plt -march=x86-64-v3 -mtune=haswell -Os -pipe -fno-plt -fPIC -fstack-clash-protection -ffunction-sections -fdata-sections -MT lib/libcrypt_la-alg-yescrypt-common.lo -MD -MP -MF lib/.deps/libcrypt_la-alg-yescrypt-common.Tpo -c -o lib/libcrypt_la-alg-yescrypt-common.lo `test -f 'lib/alg-yescrypt-common.c' || echo './'`lib/alg-yescrypt-common.c
libtool: compile:  gcc -DHAVE_CONFIG_H -I. -I./lib -DIN_LIBCRYPT -DNDEBUG -Wall -Wextra -Walloc-zero -Walloca -Wbad-function-cast -Wcast-align -Wcast-qual -Wconversion -Wformat=2 -Wformat-overflow=2 -Wformat-signedness -Wformat-truncation=1 -Wlogical-op -Wmissing-declarations -Wmissing-prototypes -Wnested-externs -Wnull-dereference -Wold-style-definition -Wpointer-arith -Wrestrict -Wshadow -Wstrict-overflow=2 -Wstrict-prototypes -Wundef -Wvla -Wwrite-strings -Wpedantic -Werror -fno-plt -march=x86-64-v3 -mtune=haswell -Os -pipe -fno-plt -fPIC -fstack-clash-protection -ffunction-sections -fdata-sections -MT lib/libcrypt_la-alg-sha512.lo -MD -MP -MF lib/.deps/libcrypt_la-alg-sha512.Tpo -c lib/alg-sha512.c  -fPIC -DPIC -o lib/.libs/libcrypt_la-alg-sha512.o
libtool: compile:  gcc -DHAVE_CONFIG_H -I. -I./lib -DIN_LIBCRYPT -DNDEBUG -Wall -Wextra -Walloc-zero -Walloca -Wbad-function-cast -Wcast-align -Wcast-qual -Wconversion -Wformat=2 -Wformat-overflow=2 -Wformat-signedness -Wformat-truncation=1 -Wlogical-op -Wmissing-declarations -Wmissing-prototypes -Wnested-externs -Wnull-dereference -Wold-style-definition -Wpointer-arith -Wrestrict -Wshadow -Wstrict-overflow=2 -Wstrict-prototypes -Wundef -Wvla -Wwrite-strings -Wpedantic -Werror -fno-plt -march=x86-64-v3 -mtune=haswell -Os -pipe -fno-plt -fPIC -fstack-clash-protection -ffunction-sections -fdata-sections -MT lib/libcrypt_la-alg-yescrypt-common.lo -MD -MP -MF lib/.deps/libcrypt_la-alg-yescrypt-common.Tpo -c lib/alg-yescrypt-common.c  -fPIC -DPIC -o lib/.libs/libcrypt_la-alg-yescrypt-common.o
mv -f lib/.deps/libcrypt_la-alg-gost3411-2012-core.Tpo lib/.deps/libcrypt_la-alg-gost3411-2012-core.Plo
/bin/sh ./libtool  --tag=CC   --mode=compile gcc -DHAVE_CONFIG_H -I.  -I./lib -DIN_LIBCRYPT -DNDEBUG -Wall -Wextra -Walloc-zero -Walloca -Wbad-function-cast -Wcast-align -Wcast-qual -Wconversion -Wformat=2 -Wformat-overflow=2 -Wformat-signedness -Wformat-truncation=1 -Wlogical-op -Wmissing-declarations -Wmissing-prototypes -Wnested-externs -Wnull-dereference -Wold-style-definition -Wpointer-arith -Wrestrict -Wshadow -Wstrict-overflow=2 -Wstrict-prototypes -Wundef -Wvla -Wwrite-strings -Wpedantic -Werror -fno-plt -march=x86-64-v3 -mtune=haswell -Os -pipe -fno-plt -fPIC -fstack-clash-protection -ffunction-sections -fdata-sections -MT lib/libcrypt_la-alg-yescrypt-opt.lo -MD -MP -MF lib/.deps/libcrypt_la-alg-yescrypt-opt.Tpo -c -o lib/libcrypt_la-alg-yescrypt-opt.lo `test -f 'lib/alg-yescrypt-opt.c' || echo './'`lib/alg-yescrypt-opt.c
libtool: compile:  gcc -DHAVE_CONFIG_H -I. -I./lib -DIN_LIBCRYPT -DNDEBUG -Wall -Wextra -Walloc-zero -Walloca -Wbad-function-cast -Wcast-align -Wcast-qual -Wconversion -Wformat=2 -Wformat-overflow=2 -Wformat-signedness -Wformat-truncation=1 -Wlogical-op -Wmissing-declarations -Wmissing-prototypes -Wnested-externs -Wnull-dereference -Wold-style-definition -Wpointer-arith -Wrestrict -Wshadow -Wstrict-overflow=2 -Wstrict-prototypes -Wundef -Wvla -Wwrite-strings -Wpedantic -Werror -fno-plt -march=x86-64-v3 -mtune=haswell -Os -pipe -fno-plt -fPIC -fstack-clash-protection -ffunction-sections -fdata-sections -MT lib/libcrypt_la-alg-yescrypt-opt.lo -MD -MP -MF lib/.deps/libcrypt_la-alg-yescrypt-opt.Tpo -c lib/alg-yescrypt-opt.c  -fPIC -DPIC -o lib/.libs/libcrypt_la-alg-yescrypt-opt.o
libtool: compile:  gcc -DHAVE_CONFIG_H -I. -I./lib -DIN_LIBCRYPT -DNDEBUG -Wall -Wextra -Walloc-zero -Walloca -Wbad-function-cast -Wcast-align -Wcast-qual -Wconversion -Wformat=2 -Wformat-overflow=2 -Wformat-signedness -Wformat-truncation=1 -Wlogical-op -Wmissing-declarations -Wmissing-prototypes -Wnested-externs -Wnull-dereference -Wold-style-definition -Wpointer-arith -Wrestrict -Wshadow -Wstrict-overflow=2 -Wstrict-prototypes -Wundef -Wvla -Wwrite-strings -Wpedantic -Werror -fno-plt -march=x86-64-v3 -mtune=haswell -Os -pipe -fno-plt -fPIC -fstack-clash-protection -ffunction-sections -fdata-sections -MT lib/libcrypt_la-alg-sha512.lo -MD -MP -MF lib/.deps/libcrypt_la-alg-sha512.Tpo -c lib/alg-sha512.c -o lib/libcrypt_la-alg-sha512.o >/dev/null 2>&1
libtool: compile:  gcc -DHAVE_CONFIG_H -I. -I./lib -DIN_LIBCRYPT -DNDEBUG -Wall -Wextra -Walloc-zero -Walloca -Wbad-function-cast -Wcast-align -Wcast-qual -Wconversion -Wformat=2 -Wformat-overflow=2 -Wformat-signedness -Wformat-truncation=1 -Wlogical-op -Wmissing-declarations -Wmissing-prototypes -Wnested-externs -Wnull-dereference -Wold-style-definition -Wpointer-arith -Wrestrict -Wshadow -Wstrict-overflow=2 -Wstrict-prototypes -Wundef -Wvla -Wwrite-strings -Wpedantic -Werror -fno-plt -march=x86-64-v3 -mtune=haswell -Os -pipe -fno-plt -fPIC -fstack-clash-protection -ffunction-sections -fdata-sections -MT lib/libcrypt_la-alg-yescrypt-common.lo -MD -MP -MF lib/.deps/libcrypt_la-alg-yescrypt-common.Tpo -c lib/alg-yescrypt-common.c -o lib/libcrypt_la-alg-yescrypt-common.o >/dev/null 2>&1
libtool: compile:  gcc -DHAVE_CONFIG_H -I. -I./lib -DIN_LIBCRYPT -DNDEBUG -Wall -Wextra -Walloc-zero -Walloca -Wbad-function-cast -Wcast-align -Wcast-qual -Wconversion -Wformat=2 -Wformat-overflow=2 -Wformat-signedness -Wformat-truncation=1 -Wlogical-op -Wmissing-declarations -Wmissing-prototypes -Wnested-externs -Wnull-dereference -Wold-style-definition -Wpointer-arith -Wrestrict -Wshadow -Wstrict-overflow=2 -Wstrict-prototypes -Wundef -Wvla -Wwrite-strings -Wpedantic -Werror -fno-plt -march=x86-64-v3 -mtune=haswell -Os -pipe -fno-plt -fPIC -fstack-clash-protection -ffunction-sections -fdata-sections -MT lib/libcrypt_la-alg-sha256.lo -MD -MP -MF lib/.deps/libcrypt_la-alg-sha256.Tpo -c lib/alg-sha256.c -o lib/libcrypt_la-alg-sha256.o >/dev/null 2>&1
mv -f lib/.deps/libcrypt_la-alg-sha512.Tpo lib/.deps/libcrypt_la-alg-sha512.Plo
/bin/sh ./libtool  --tag=CC   --mode=compile gcc -DHAVE_CONFIG_H -I.  -I./lib -DIN_LIBCRYPT -DNDEBUG -Wall -Wextra -Walloc-zero -Walloca -Wbad-function-cast -Wcast-align -Wcast-qual -Wconversion -Wformat=2 -Wformat-overflow=2 -Wformat-signedness -Wformat-truncation=1 -Wlogical-op -Wmissing-declarations -Wmissing-prototypes -Wnested-externs -Wnull-dereference -Wold-style-definition -Wpointer-arith -Wrestrict -Wshadow -Wstrict-overflow=2 -Wstrict-prototypes -Wundef -Wvla -Wwrite-strings -Wpedantic -Werror -fno-plt -march=x86-64-v3 -mtune=haswell -Os -pipe -fno-plt -fPIC -fstack-clash-protection -ffunction-sections -fdata-sections -MT lib/libcrypt_la-crypt-bcrypt.lo -MD -MP -MF lib/.deps/libcrypt_la-crypt-bcrypt.Tpo -c -o lib/libcrypt_la-crypt-bcrypt.lo `test -f 'lib/crypt-bcrypt.c' || echo './'`lib/crypt-bcrypt.c
mv -f lib/.deps/libcrypt_la-alg-yescrypt-common.Tpo lib/.deps/libcrypt_la-alg-yescrypt-common.Plo
/bin/sh ./libtool  --tag=CC   --mode=compile gcc -DHAVE_CONFIG_H -I.  -I./lib -DIN_LIBCRYPT -DNDEBUG -Wall -Wextra -Walloc-zero -Walloca -Wbad-function-cast -Wcast-align -Wcast-qual -Wconversion -Wformat=2 -Wformat-overflow=2 -Wformat-signedness -Wformat-truncation=1 -Wlogical-op -Wmissing-declarations -Wmissing-prototypes -Wnested-externs -Wnull-dereference -Wold-style-definition -Wpointer-arith -Wrestrict -Wshadow -Wstrict-overflow=2 -Wstrict-prototypes -Wundef -Wvla -Wwrite-strings -Wpedantic -Werror -fno-plt -march=x86-64-v3 -mtune=haswell -Os -pipe -fno-plt -fPIC -fstack-clash-protection -ffunction-sections -fdata-sections -MT lib/libcrypt_la-crypt-des.lo -MD -MP -MF lib/.deps/libcrypt_la-crypt-des.Tpo -c -o lib/libcrypt_la-crypt-des.lo `test -f 'lib/crypt-des.c' || echo './'`lib/crypt-des.c
libtool: compile:  gcc -DHAVE_CONFIG_H -I. -I./lib -DIN_LIBCRYPT -DNDEBUG -Wall -Wextra -Walloc-zero -Walloca -Wbad-function-cast -Wcast-align -Wcast-qual -Wconversion -Wformat=2 -Wformat-overflow=2 -Wformat-signedness -Wformat-truncation=1 -Wlogical-op -Wmissing-declarations -Wmissing-prototypes -Wnested-externs -Wnull-dereference -Wold-style-definition -Wpointer-arith -Wrestrict -Wshadow -Wstrict-overflow=2 -Wstrict-prototypes -Wundef -Wvla -Wwrite-strings -Wpedantic -Werror -fno-plt -march=x86-64-v3 -mtune=haswell -Os -pipe -fno-plt -fPIC -fstack-clash-protection -ffunction-sections -fdata-sections -MT lib/libcrypt_la-crypt-bcrypt.lo -MD -MP -MF lib/.deps/libcrypt_la-crypt-bcrypt.Tpo -c lib/crypt-bcrypt.c  -fPIC -DPIC -o lib/.libs/libcrypt_la-crypt-bcrypt.o
libtool: compile:  gcc -DHAVE_CONFIG_H -I. -I./lib -DIN_LIBCRYPT -DNDEBUG -Wall -Wextra -Walloc-zero -Walloca -Wbad-function-cast -Wcast-align -Wcast-qual -Wconversion -Wformat=2 -Wformat-overflow=2 -Wformat-signedness -Wformat-truncation=1 -Wlogical-op -Wmissing-declarations -Wmissing-prototypes -Wnested-externs -Wnull-dereference -Wold-style-definition -Wpointer-arith -Wrestrict -Wshadow -Wstrict-overflow=2 -Wstrict-prototypes -Wundef -Wvla -Wwrite-strings -Wpedantic -Werror -fno-plt -march=x86-64-v3 -mtune=haswell -Os -pipe -fno-plt -fPIC -fstack-clash-protection -ffunction-sections -fdata-sections -MT lib/libcrypt_la-crypt-des.lo -MD -MP -MF lib/.deps/libcrypt_la-crypt-des.Tpo -c lib/crypt-des.c  -fPIC -DPIC -o lib/.libs/libcrypt_la-crypt-des.o
libtool: compile:  gcc -DHAVE_CONFIG_H -I. -I./lib -DIN_LIBCRYPT -DNDEBUG -Wall -Wextra -Walloc-zero -Walloca -Wbad-function-cast -Wcast-align -Wcast-qual -Wconversion -Wformat=2 -Wformat-overflow=2 -Wformat-signedness -Wformat-truncation=1 -Wlogical-op -Wmissing-declarations -Wmissing-prototypes -Wnested-externs -Wnull-dereference -Wold-style-definition -Wpointer-arith -Wrestrict -Wshadow -Wstrict-overflow=2 -Wstrict-prototypes -Wundef -Wvla -Wwrite-strings -Wpedantic -Werror -fno-plt -march=x86-64-v3 -mtune=haswell -Os -pipe -fno-plt -fPIC -fstack-clash-protection -ffunction-sections -fdata-sections -MT lib/libcrypt_la-crypt-des.lo -MD -MP -MF lib/.deps/libcrypt_la-crypt-des.Tpo -c lib/crypt-des.c -o lib/libcrypt_la-crypt-des.o >/dev/null 2>&1
mv -f lib/.deps/libcrypt_la-crypt-des.Tpo lib/.deps/libcrypt_la-crypt-des.Plo
/bin/sh ./libtool  --tag=CC   --mode=compile gcc -DHAVE_CONFIG_H -I.  -I./lib -DIN_LIBCRYPT -DNDEBUG -Wall -Wextra -Walloc-zero -Walloca -Wbad-function-cast -Wcast-align -Wcast-qual -Wconversion -Wformat=2 -Wformat-overflow=2 -Wformat-signedness -Wformat-truncation=1 -Wlogical-op -Wmissing-declarations -Wmissing-prototypes -Wnested-externs -Wnull-dereference -Wold-style-definition -Wpointer-arith -Wrestrict -Wshadow -Wstrict-overflow=2 -Wstrict-prototypes -Wundef -Wvla -Wwrite-strings -Wpedantic -Werror -fno-plt -march=x86-64-v3 -mtune=haswell -Os -pipe -fno-plt -fPIC -fstack-clash-protection -ffunction-sections -fdata-sections -MT lib/libcrypt_la-crypt-gensalt-static.lo -MD -MP -MF lib/.deps/libcrypt_la-crypt-gensalt-static.Tpo -c -o lib/libcrypt_la-crypt-gensalt-static.lo `test -f 'lib/crypt-gensalt-static.c' || echo './'`lib/crypt-gensalt-static.c
mv -f lib/.deps/libcrypt_la-alg-sha256.Tpo lib/.deps/libcrypt_la-alg-sha256.Plo
/bin/sh ./libtool  --tag=CC   --mode=compile gcc -DHAVE_CONFIG_H -I.  -I./lib -DIN_LIBCRYPT -DNDEBUG -Wall -Wextra -Walloc-zero -Walloca -Wbad-function-cast -Wcast-align -Wcast-qual -Wconversion -Wformat=2 -Wformat-overflow=2 -Wformat-signedness -Wformat-truncation=1 -Wlogical-op -Wmissing-declarations -Wmissing-prototypes -Wnested-externs -Wnull-dereference -Wold-style-definition -Wpointer-arith -Wrestrict -Wshadow -Wstrict-overflow=2 -Wstrict-prototypes -Wundef -Wvla -Wwrite-strings -Wpedantic -Werror -fno-plt -march=x86-64-v3 -mtune=haswell -Os -pipe -fno-plt -fPIC -fstack-clash-protection -ffunction-sections -fdata-sections -MT lib/libcrypt_la-crypt-gost-yescrypt.lo -MD -MP -MF lib/.deps/libcrypt_la-crypt-gost-yescrypt.Tpo -c -o lib/libcrypt_la-crypt-gost-yescrypt.lo `test -f 'lib/crypt-gost-yescrypt.c' || echo './'`lib/crypt-gost-yescrypt.c
libtool: compile:  gcc -DHAVE_CONFIG_H -I. -I./lib -DIN_LIBCRYPT -DNDEBUG -Wall -Wextra -Walloc-zero -Walloca -Wbad-function-cast -Wcast-align -Wcast-qual -Wconversion -Wformat=2 -Wformat-overflow=2 -Wformat-signedness -Wformat-truncation=1 -Wlogical-op -Wmissing-declarations -Wmissing-prototypes -Wnested-externs -Wnull-dereference -Wold-style-definition -Wpointer-arith -Wrestrict -Wshadow -Wstrict-overflow=2 -Wstrict-prototypes -Wundef -Wvla -Wwrite-strings -Wpedantic -Werror -fno-plt -march=x86-64-v3 -mtune=haswell -Os -pipe -fno-plt -fPIC -fstack-clash-protection -ffunction-sections -fdata-sections -MT lib/libcrypt_la-crypt-gensalt-static.lo -MD -MP -MF lib/.deps/libcrypt_la-crypt-gensalt-static.Tpo -c lib/crypt-gensalt-static.c  -fPIC -DPIC -o lib/.libs/libcrypt_la-crypt-gensalt-static.o
libtool: compile:  gcc -DHAVE_CONFIG_H -I. -I./lib -DIN_LIBCRYPT -DNDEBUG -Wall -Wextra -Walloc-zero -Walloca -Wbad-function-cast -Wcast-align -Wcast-qual -Wconversion -Wformat=2 -Wformat-overflow=2 -Wformat-signedness -Wformat-truncation=1 -Wlogical-op -Wmissing-declarations -Wmissing-prototypes -Wnested-externs -Wnull-dereference -Wold-style-definition -Wpointer-arith -Wrestrict -Wshadow -Wstrict-overflow=2 -Wstrict-prototypes -Wundef -Wvla -Wwrite-strings -Wpedantic -Werror -fno-plt -march=x86-64-v3 -mtune=haswell -Os -pipe -fno-plt -fPIC -fstack-clash-protection -ffunction-sections -fdata-sections -MT lib/libcrypt_la-crypt-gost-yescrypt.lo -MD -MP -MF lib/.deps/libcrypt_la-crypt-gost-yescrypt.Tpo -c lib/crypt-gost-yescrypt.c  -fPIC -DPIC -o lib/.libs/libcrypt_la-crypt-gost-yescrypt.o
libtool: compile:  gcc -DHAVE_CONFIG_H -I. -I./lib -DIN_LIBCRYPT -DNDEBUG -Wall -Wextra -Walloc-zero -Walloca -Wbad-function-cast -Wcast-align -Wcast-qual -Wconversion -Wformat=2 -Wformat-overflow=2 -Wformat-signedness -Wformat-truncation=1 -Wlogical-op -Wmissing-declarations -Wmissing-prototypes -Wnested-externs -Wnull-dereference -Wold-style-definition -Wpointer-arith -Wrestrict -Wshadow -Wstrict-overflow=2 -Wstrict-prototypes -Wundef -Wvla -Wwrite-strings -Wpedantic -Werror -fno-plt -march=x86-64-v3 -mtune=haswell -Os -pipe -fno-plt -fPIC -fstack-clash-protection -ffunction-sections -fdata-sections -MT lib/libcrypt_la-crypt-gensalt-static.lo -MD -MP -MF lib/.deps/libcrypt_la-crypt-gensalt-static.Tpo -c lib/crypt-gensalt-static.c -o lib/libcrypt_la-crypt-gensalt-static.o >/dev/null 2>&1
mv -f lib/.deps/libcrypt_la-crypt-gensalt-static.Tpo lib/.deps/libcrypt_la-crypt-gensalt-static.Plo
/bin/sh ./libtool  --tag=CC   --mode=compile gcc -DHAVE_CONFIG_H -I.  -I./lib -DIN_LIBCRYPT -DNDEBUG -Wall -Wextra -Walloc-zero -Walloca -Wbad-function-cast -Wcast-align -Wcast-qual -Wconversion -Wformat=2 -Wformat-overflow=2 -Wformat-signedness -Wformat-truncation=1 -Wlogical-op -Wmissing-declarations -Wmissing-prototypes -Wnested-externs -Wnull-dereference -Wold-style-definition -Wpointer-arith -Wrestrict -Wshadow -Wstrict-overflow=2 -Wstrict-prototypes -Wundef -Wvla -Wwrite-strings -Wpedantic -Werror -fno-plt -march=x86-64-v3 -mtune=haswell -Os -pipe -fno-plt -fPIC -fstack-clash-protection -ffunction-sections -fdata-sections -MT lib/libcrypt_la-crypt-md5.lo -MD -MP -MF lib/.deps/libcrypt_la-crypt-md5.Tpo -c -o lib/libcrypt_la-crypt-md5.lo `test -f 'lib/crypt-md5.c' || echo './'`lib/crypt-md5.c
libtool: compile:  gcc -DHAVE_CONFIG_H -I. -I./lib -DIN_LIBCRYPT -DNDEBUG -Wall -Wextra -Walloc-zero -Walloca -Wbad-function-cast -Wcast-align -Wcast-qual -Wconversion -Wformat=2 -Wformat-overflow=2 -Wformat-signedness -Wformat-truncation=1 -Wlogical-op -Wmissing-declarations -Wmissing-prototypes -Wnested-externs -Wnull-dereference -Wold-style-definition -Wpointer-arith -Wrestrict -Wshadow -Wstrict-overflow=2 -Wstrict-prototypes -Wundef -Wvla -Wwrite-strings -Wpedantic -Werror -fno-plt -march=x86-64-v3 -mtune=haswell -Os -pipe -fno-plt -fPIC -fstack-clash-protection -ffunction-sections -fdata-sections -MT lib/libcrypt_la-crypt-gost-yescrypt.lo -MD -MP -MF lib/.deps/libcrypt_la-crypt-gost-yescrypt.Tpo -c lib/crypt-gost-yescrypt.c -o lib/libcrypt_la-crypt-gost-yescrypt.o >/dev/null 2>&1
libtool: compile:  gcc -DHAVE_CONFIG_H -I. -I./lib -DIN_LIBCRYPT -DNDEBUG -Wall -Wextra -Walloc-zero -Walloca -Wbad-function-cast -Wcast-align -Wcast-qual -Wconversion -Wformat=2 -Wformat-overflow=2 -Wformat-signedness -Wformat-truncation=1 -Wlogical-op -Wmissing-declarations -Wmissing-prototypes -Wnested-externs -Wnull-dereference -Wold-style-definition -Wpointer-arith -Wrestrict -Wshadow -Wstrict-overflow=2 -Wstrict-prototypes -Wundef -Wvla -Wwrite-strings -Wpedantic -Werror -fno-plt -march=x86-64-v3 -mtune=haswell -Os -pipe -fno-plt -fPIC -fstack-clash-protection -ffunction-sections -fdata-sections -MT lib/libcrypt_la-crypt-md5.lo -MD -MP -MF lib/.deps/libcrypt_la-crypt-md5.Tpo -c lib/crypt-md5.c  -fPIC -DPIC -o lib/.libs/libcrypt_la-crypt-md5.o
mv -f lib/.deps/libcrypt_la-crypt-gost-yescrypt.Tpo lib/.deps/libcrypt_la-crypt-gost-yescrypt.Plo
/bin/sh ./libtool  --tag=CC   --mode=compile gcc -DHAVE_CONFIG_H -I.  -I./lib -DIN_LIBCRYPT -DNDEBUG -Wall -Wextra -Walloc-zero -Walloca -Wbad-function-cast -Wcast-align -Wcast-qual -Wconversion -Wformat=2 -Wformat-overflow=2 -Wformat-signedness -Wformat-truncation=1 -Wlogical-op -Wmissing-declarations -Wmissing-prototypes -Wnested-externs -Wnull-dereference -Wold-style-definition -Wpointer-arith -Wrestrict -Wshadow -Wstrict-overflow=2 -Wstrict-prototypes -Wundef -Wvla -Wwrite-strings -Wpedantic -Werror -fno-plt -march=x86-64-v3 -mtune=haswell -Os -pipe -fno-plt -fPIC -fstack-clash-protection -ffunction-sections -fdata-sections -MT lib/libcrypt_la-crypt-nthash.lo -MD -MP -MF lib/.deps/libcrypt_la-crypt-nthash.Tpo -c -o lib/libcrypt_la-crypt-nthash.lo `test -f 'lib/crypt-nthash.c' || echo './'`lib/crypt-nthash.c
libtool: compile:  gcc -DHAVE_CONFIG_H -I. -I./lib -DIN_LIBCRYPT -DNDEBUG -Wall -Wextra -Walloc-zero -Walloca -Wbad-function-cast -Wcast-align -Wcast-qual -Wconversion -Wformat=2 -Wformat-overflow=2 -Wformat-signedness -Wformat-truncation=1 -Wlogical-op -Wmissing-declarations -Wmissing-prototypes -Wnested-externs -Wnull-dereference -Wold-style-definition -Wpointer-arith -Wrestrict -Wshadow -Wstrict-overflow=2 -Wstrict-prototypes -Wundef -Wvla -Wwrite-strings -Wpedantic -Werror -fno-plt -march=x86-64-v3 -mtune=haswell -Os -pipe -fno-plt -fPIC -fstack-clash-protection -ffunction-sections -fdata-sections -MT lib/libcrypt_la-crypt-md5.lo -MD -MP -MF lib/.deps/libcrypt_la-crypt-md5.Tpo -c lib/crypt-md5.c -o lib/libcrypt_la-crypt-md5.o >/dev/null 2>&1
mv -f lib/.deps/libcrypt_la-crypt-md5.Tpo lib/.deps/libcrypt_la-crypt-md5.Plo
/bin/sh ./libtool  --tag=CC   --mode=compile gcc -DHAVE_CONFIG_H -I.  -I./lib -DIN_LIBCRYPT -DNDEBUG -Wall -Wextra -Walloc-zero -Walloca -Wbad-function-cast -Wcast-align -Wcast-qual -Wconversion -Wformat=2 -Wformat-overflow=2 -Wformat-signedness -Wformat-truncation=1 -Wlogical-op -Wmissing-declarations -Wmissing-prototypes -Wnested-externs -Wnull-dereference -Wold-style-definition -Wpointer-arith -Wrestrict -Wshadow -Wstrict-overflow=2 -Wstrict-prototypes -Wundef -Wvla -Wwrite-strings -Wpedantic -Werror -fno-plt -march=x86-64-v3 -mtune=haswell -Os -pipe -fno-plt -fPIC -fstack-clash-protection -ffunction-sections -fdata-sections -MT lib/libcrypt_la-crypt-pbkdf1-sha1.lo -MD -MP -MF lib/.deps/libcrypt_la-crypt-pbkdf1-sha1.Tpo -c -o lib/libcrypt_la-crypt-pbkdf1-sha1.lo `test -f 'lib/crypt-pbkdf1-sha1.c' || echo './'`lib/crypt-pbkdf1-sha1.c
libtool: compile:  gcc -DHAVE_CONFIG_H -I. -I./lib -DIN_LIBCRYPT -DNDEBUG -Wall -Wextra -Walloc-zero -Walloca -Wbad-function-cast -Wcast-align -Wcast-qual -Wconversion -Wformat=2 -Wformat-overflow=2 -Wformat-signedness -Wformat-truncation=1 -Wlogical-op -Wmissing-declarations -Wmissing-prototypes -Wnested-externs -Wnull-dereference -Wold-style-definition -Wpointer-arith -Wrestrict -Wshadow -Wstrict-overflow=2 -Wstrict-prototypes -Wundef -Wvla -Wwrite-strings -Wpedantic -Werror -fno-plt -march=x86-64-v3 -mtune=haswell -Os -pipe -fno-plt -fPIC -fstack-clash-protection -ffunction-sections -fdata-sections -MT lib/libcrypt_la-crypt-nthash.lo -MD -MP -MF lib/.deps/libcrypt_la-crypt-nthash.Tpo -c lib/crypt-nthash.c  -fPIC -DPIC -o lib/.libs/libcrypt_la-crypt-nthash.o
libtool: compile:  gcc -DHAVE_CONFIG_H -I. -I./lib -DIN_LIBCRYPT -DNDEBUG -Wall -Wextra -Walloc-zero -Walloca -Wbad-function-cast -Wcast-align -Wcast-qual -Wconversion -Wformat=2 -Wformat-overflow=2 -Wformat-signedness -Wformat-truncation=1 -Wlogical-op -Wmissing-declarations -Wmissing-prototypes -Wnested-externs -Wnull-dereference -Wold-style-definition -Wpointer-arith -Wrestrict -Wshadow -Wstrict-overflow=2 -Wstrict-prototypes -Wundef -Wvla -Wwrite-strings -Wpedantic -Werror -fno-plt -march=x86-64-v3 -mtune=haswell -Os -pipe -fno-plt -fPIC -fstack-clash-protection -ffunction-sections -fdata-sections -MT lib/libcrypt_la-crypt-nthash.lo -MD -MP -MF lib/.deps/libcrypt_la-crypt-nthash.Tpo -c lib/crypt-nthash.c -o lib/libcrypt_la-crypt-nthash.o >/dev/null 2>&1
libtool: compile:  gcc -DHAVE_CONFIG_H -I. -I./lib -DIN_LIBCRYPT -DNDEBUG -Wall -Wextra -Walloc-zero -Walloca -Wbad-function-cast -Wcast-align -Wcast-qual -Wconversion -Wformat=2 -Wformat-overflow=2 -Wformat-signedness -Wformat-truncation=1 -Wlogical-op -Wmissing-declarations -Wmissing-prototypes -Wnested-externs -Wnull-dereference -Wold-style-definition -Wpointer-arith -Wrestrict -Wshadow -Wstrict-overflow=2 -Wstrict-prototypes -Wundef -Wvla -Wwrite-strings -Wpedantic -Werror -fno-plt -march=x86-64-v3 -mtune=haswell -Os -pipe -fno-plt -fPIC -fstack-clash-protection -ffunction-sections -fdata-sections -MT lib/libcrypt_la-crypt-pbkdf1-sha1.lo -MD -MP -MF lib/.deps/libcrypt_la-crypt-pbkdf1-sha1.Tpo -c lib/crypt-pbkdf1-sha1.c  -fPIC -DPIC -o lib/.libs/libcrypt_la-crypt-pbkdf1-sha1.o
mv -f lib/.deps/libcrypt_la-crypt-nthash.Tpo lib/.deps/libcrypt_la-crypt-nthash.Plo
/bin/sh ./libtool  --tag=CC   --mode=compile gcc -DHAVE_CONFIG_H -I.  -I./lib -DIN_LIBCRYPT -DNDEBUG -Wall -Wextra -Walloc-zero -Walloca -Wbad-function-cast -Wcast-align -Wcast-qual -Wconversion -Wformat=2 -Wformat-overflow=2 -Wformat-signedness -Wformat-truncation=1 -Wlogical-op -Wmissing-declarations -Wmissing-prototypes -Wnested-externs -Wnull-dereference -Wold-style-definition -Wpointer-arith -Wrestrict -Wshadow -Wstrict-overflow=2 -Wstrict-prototypes -Wundef -Wvla -Wwrite-strings -Wpedantic -Werror -fno-plt -march=x86-64-v3 -mtune=haswell -Os -pipe -fno-plt -fPIC -fstack-clash-protection -ffunction-sections -fdata-sections -MT lib/libcrypt_la-crypt-scrypt.lo -MD -MP -MF lib/.deps/libcrypt_la-crypt-scrypt.Tpo -c -o lib/libcrypt_la-crypt-scrypt.lo `test -f 'lib/crypt-scrypt.c' || echo './'`lib/crypt-scrypt.c
libtool: compile:  gcc -DHAVE_CONFIG_H -I. -I./lib -DIN_LIBCRYPT -DNDEBUG -Wall -Wextra -Walloc-zero -Walloca -Wbad-function-cast -Wcast-align -Wcast-qual -Wconversion -Wformat=2 -Wformat-overflow=2 -Wformat-signedness -Wformat-truncation=1 -Wlogical-op -Wmissing-declarations -Wmissing-prototypes -Wnested-externs -Wnull-dereference -Wold-style-definition -Wpointer-arith -Wrestrict -Wshadow -Wstrict-overflow=2 -Wstrict-prototypes -Wundef -Wvla -Wwrite-strings -Wpedantic -Werror -fno-plt -march=x86-64-v3 -mtune=haswell -Os -pipe -fno-plt -fPIC -fstack-clash-protection -ffunction-sections -fdata-sections -MT lib/libcrypt_la-crypt-pbkdf1-sha1.lo -MD -MP -MF lib/.deps/libcrypt_la-crypt-pbkdf1-sha1.Tpo -c lib/crypt-pbkdf1-sha1.c -o lib/libcrypt_la-crypt-pbkdf1-sha1.o >/dev/null 2>&1
mv -f lib/.deps/libcrypt_la-crypt-pbkdf1-sha1.Tpo lib/.deps/libcrypt_la-crypt-pbkdf1-sha1.Plo
/bin/sh ./libtool  --tag=CC   --mode=compile gcc -DHAVE_CONFIG_H -I.  -I./lib -DIN_LIBCRYPT -DNDEBUG -Wall -Wextra -Walloc-zero -Walloca -Wbad-function-cast -Wcast-align -Wcast-qual -Wconversion -Wformat=2 -Wformat-overflow=2 -Wformat-signedness -Wformat-truncation=1 -Wlogical-op -Wmissing-declarations -Wmissing-prototypes -Wnested-externs -Wnull-dereference -Wold-style-definition -Wpointer-arith -Wrestrict -Wshadow -Wstrict-overflow=2 -Wstrict-prototypes -Wundef -Wvla -Wwrite-strings -Wpedantic -Werror -fno-plt -march=x86-64-v3 -mtune=haswell -Os -pipe -fno-plt -fPIC -fstack-clash-protection -ffunction-sections -fdata-sections -MT lib/libcrypt_la-crypt-sha256.lo -MD -MP -MF lib/.deps/libcrypt_la-crypt-sha256.Tpo -c -o lib/libcrypt_la-crypt-sha256.lo `test -f 'lib/crypt-sha256.c' || echo './'`lib/crypt-sha256.c
libtool: compile:  gcc -DHAVE_CONFIG_H -I. -I./lib -DIN_LIBCRYPT -DNDEBUG -Wall -Wextra -Walloc-zero -Walloca -Wbad-function-cast -Wcast-align -Wcast-qual -Wconversion -Wformat=2 -Wformat-overflow=2 -Wformat-signedness -Wformat-truncation=1 -Wlogical-op -Wmissing-declarations -Wmissing-prototypes -Wnested-externs -Wnull-dereference -Wold-style-definition -Wpointer-arith -Wrestrict -Wshadow -Wstrict-overflow=2 -Wstrict-prototypes -Wundef -Wvla -Wwrite-strings -Wpedantic -Werror -fno-plt -march=x86-64-v3 -mtune=haswell -Os -pipe -fno-plt -fPIC -fstack-clash-protection -ffunction-sections -fdata-sections -MT lib/libcrypt_la-crypt-scrypt.lo -MD -MP -MF lib/.deps/libcrypt_la-crypt-scrypt.Tpo -c lib/crypt-scrypt.c  -fPIC -DPIC -o lib/.libs/libcrypt_la-crypt-scrypt.o
libtool: compile:  gcc -DHAVE_CONFIG_H -I. -I./lib -DIN_LIBCRYPT -DNDEBUG -Wall -Wextra -Walloc-zero -Walloca -Wbad-function-cast -Wcast-align -Wcast-qual -Wconversion -Wformat=2 -Wformat-overflow=2 -Wformat-signedness -Wformat-truncation=1 -Wlogical-op -Wmissing-declarations -Wmissing-prototypes -Wnested-externs -Wnull-dereference -Wold-style-definition -Wpointer-arith -Wrestrict -Wshadow -Wstrict-overflow=2 -Wstrict-prototypes -Wundef -Wvla -Wwrite-strings -Wpedantic -Werror -fno-plt -march=x86-64-v3 -mtune=haswell -Os -pipe -fno-plt -fPIC -fstack-clash-protection -ffunction-sections -fdata-sections -MT lib/libcrypt_la-crypt-sha256.lo -MD -MP -MF lib/.deps/libcrypt_la-crypt-sha256.Tpo -c lib/crypt-sha256.c  -fPIC -DPIC -o lib/.libs/libcrypt_la-crypt-sha256.o
libtool: compile:  gcc -DHAVE_CONFIG_H -I. -I./lib -DIN_LIBCRYPT -DNDEBUG -Wall -Wextra -Walloc-zero -Walloca -Wbad-function-cast -Wcast-align -Wcast-qual -Wconversion -Wformat=2 -Wformat-overflow=2 -Wformat-signedness -Wformat-truncation=1 -Wlogical-op -Wmissing-declarations -Wmissing-prototypes -Wnested-externs -Wnull-dereference -Wold-style-definition -Wpointer-arith -Wrestrict -Wshadow -Wstrict-overflow=2 -Wstrict-prototypes -Wundef -Wvla -Wwrite-strings -Wpedantic -Werror -fno-plt -march=x86-64-v3 -mtune=haswell -Os -pipe -fno-plt -fPIC -fstack-clash-protection -ffunction-sections -fdata-sections -MT lib/libcrypt_la-crypt-sha256.lo -MD -MP -MF lib/.deps/libcrypt_la-crypt-sha256.Tpo -c lib/crypt-sha256.c -o lib/libcrypt_la-crypt-sha256.o >/dev/null 2>&1
libtool: compile:  gcc -DHAVE_CONFIG_H -I. -I./lib -DIN_LIBCRYPT -DNDEBUG -Wall -Wextra -Walloc-zero -Walloca -Wbad-function-cast -Wcast-align -Wcast-qual -Wconversion -Wformat=2 -Wformat-overflow=2 -Wformat-signedness -Wformat-truncation=1 -Wlogical-op -Wmissing-declarations -Wmissing-prototypes -Wnested-externs -Wnull-dereference -Wold-style-definition -Wpointer-arith -Wrestrict -Wshadow -Wstrict-overflow=2 -Wstrict-prototypes -Wundef -Wvla -Wwrite-strings -Wpedantic -Werror -fno-plt -march=x86-64-v3 -mtune=haswell -Os -pipe -fno-plt -fPIC -fstack-clash-protection -ffunction-sections -fdata-sections -MT lib/libcrypt_la-crypt-scrypt.lo -MD -MP -MF lib/.deps/libcrypt_la-crypt-scrypt.Tpo -c lib/crypt-scrypt.c -o lib/libcrypt_la-crypt-scrypt.o >/dev/null 2>&1
mv -f lib/.deps/libcrypt_la-crypt-sha256.Tpo lib/.deps/libcrypt_la-crypt-sha256.Plo
/bin/sh ./libtool  --tag=CC   --mode=compile gcc -DHAVE_CONFIG_H -I.  -I./lib -DIN_LIBCRYPT -DNDEBUG -Wall -Wextra -Walloc-zero -Walloca -Wbad-function-cast -Wcast-align -Wcast-qual -Wconversion -Wformat=2 -Wformat-overflow=2 -Wformat-signedness -Wformat-truncation=1 -Wlogical-op -Wmissing-declarations -Wmissing-prototypes -Wnested-externs -Wnull-dereference -Wold-style-definition -Wpointer-arith -Wrestrict -Wshadow -Wstrict-overflow=2 -Wstrict-prototypes -Wundef -Wvla -Wwrite-strings -Wpedantic -Werror -fno-plt -march=x86-64-v3 -mtune=haswell -Os -pipe -fno-plt -fPIC -fstack-clash-protection -ffunction-sections -fdata-sections -MT lib/libcrypt_la-crypt-sha512.lo -MD -MP -MF lib/.deps/libcrypt_la-crypt-sha512.Tpo -c -o lib/libcrypt_la-crypt-sha512.lo `test -f 'lib/crypt-sha512.c' || echo './'`lib/crypt-sha512.c
libtool: compile:  gcc -DHAVE_CONFIG_H -I. -I./lib -DIN_LIBCRYPT -DNDEBUG -Wall -Wextra -Walloc-zero -Walloca -Wbad-function-cast -Wcast-align -Wcast-qual -Wconversion -Wformat=2 -Wformat-overflow=2 -Wformat-signedness -Wformat-truncation=1 -Wlogical-op -Wmissing-declarations -Wmissing-prototypes -Wnested-externs -Wnull-dereference -Wold-style-definition -Wpointer-arith -Wrestrict -Wshadow -Wstrict-overflow=2 -Wstrict-prototypes -Wundef -Wvla -Wwrite-strings -Wpedantic -Werror -fno-plt -march=x86-64-v3 -mtune=haswell -Os -pipe -fno-plt -fPIC -fstack-clash-protection -ffunction-sections -fdata-sections -MT lib/libcrypt_la-alg-yescrypt-opt.lo -MD -MP -MF lib/.deps/libcrypt_la-alg-yescrypt-opt.Tpo -c lib/alg-yescrypt-opt.c -o lib/libcrypt_la-alg-yescrypt-opt.o >/dev/null 2>&1
libtool: compile:  gcc -DHAVE_CONFIG_H -I. -I./lib -DIN_LIBCRYPT -DNDEBUG -Wall -Wextra -Walloc-zero -Walloca -Wbad-function-cast -Wcast-align -Wcast-qual -Wconversion -Wformat=2 -Wformat-overflow=2 -Wformat-signedness -Wformat-truncation=1 -Wlogical-op -Wmissing-declarations -Wmissing-prototypes -Wnested-externs -Wnull-dereference -Wold-style-definition -Wpointer-arith -Wrestrict -Wshadow -Wstrict-overflow=2 -Wstrict-prototypes -Wundef -Wvla -Wwrite-strings -Wpedantic -Werror -fno-plt -march=x86-64-v3 -mtune=haswell -Os -pipe -fno-plt -fPIC -fstack-clash-protection -ffunction-sections -fdata-sections -MT lib/libcrypt_la-crypt-sha512.lo -MD -MP -MF lib/.deps/libcrypt_la-crypt-sha512.Tpo -c lib/crypt-sha512.c  -fPIC -DPIC -o lib/.libs/libcrypt_la-crypt-sha512.o
mv -f lib/.deps/libcrypt_la-crypt-scrypt.Tpo lib/.deps/libcrypt_la-crypt-scrypt.Plo
/bin/sh ./libtool  --tag=CC   --mode=compile gcc -DHAVE_CONFIG_H -I.  -I./lib -DIN_LIBCRYPT -DNDEBUG -Wall -Wextra -Walloc-zero -Walloca -Wbad-function-cast -Wcast-align -Wcast-qual -Wconversion -Wformat=2 -Wformat-overflow=2 -Wformat-signedness -Wformat-truncation=1 -Wlogical-op -Wmissing-declarations -Wmissing-prototypes -Wnested-externs -Wnull-dereference -Wold-style-definition -Wpointer-arith -Wrestrict -Wshadow -Wstrict-overflow=2 -Wstrict-prototypes -Wundef -Wvla -Wwrite-strings -Wpedantic -Werror -fno-plt -march=x86-64-v3 -mtune=haswell -Os -pipe -fno-plt -fPIC -fstack-clash-protection -ffunction-sections -fdata-sections -MT lib/libcrypt_la-crypt-static.lo -MD -MP -MF lib/.deps/libcrypt_la-crypt-static.Tpo -c -o lib/libcrypt_la-crypt-static.lo `test -f 'lib/crypt-static.c' || echo './'`lib/crypt-static.c
libtool: compile:  gcc -DHAVE_CONFIG_H -I. -I./lib -DIN_LIBCRYPT -DNDEBUG -Wall -Wextra -Walloc-zero -Walloca -Wbad-function-cast -Wcast-align -Wcast-qual -Wconversion -Wformat=2 -Wformat-overflow=2 -Wformat-signedness -Wformat-truncation=1 -Wlogical-op -Wmissing-declarations -Wmissing-prototypes -Wnested-externs -Wnull-dereference -Wold-style-definition -Wpointer-arith -Wrestrict -Wshadow -Wstrict-overflow=2 -Wstrict-prototypes -Wundef -Wvla -Wwrite-strings -Wpedantic -Werror -fno-plt -march=x86-64-v3 -mtune=haswell -Os -pipe -fno-plt -fPIC -fstack-clash-protection -ffunction-sections -fdata-sections -MT lib/libcrypt_la-crypt-bcrypt.lo -MD -MP -MF lib/.deps/libcrypt_la-crypt-bcrypt.Tpo -c lib/crypt-bcrypt.c -o lib/libcrypt_la-crypt-bcrypt.o >/dev/null 2>&1
libtool: compile:  gcc -DHAVE_CONFIG_H -I. -I./lib -DIN_LIBCRYPT -DNDEBUG -Wall -Wextra -Walloc-zero -Walloca -Wbad-function-cast -Wcast-align -Wcast-qual -Wconversion -Wformat=2 -Wformat-overflow=2 -Wformat-signedness -Wformat-truncation=1 -Wlogical-op -Wmissing-declarations -Wmissing-prototypes -Wnested-externs -Wnull-dereference -Wold-style-definition -Wpointer-arith -Wrestrict -Wshadow -Wstrict-overflow=2 -Wstrict-prototypes -Wundef -Wvla -Wwrite-strings -Wpedantic -Werror -fno-plt -march=x86-64-v3 -mtune=haswell -Os -pipe -fno-plt -fPIC -fstack-clash-protection -ffunction-sections -fdata-sections -MT lib/libcrypt_la-crypt-static.lo -MD -MP -MF lib/.deps/libcrypt_la-crypt-static.Tpo -c lib/crypt-static.c  -fPIC -DPIC -o lib/.libs/libcrypt_la-crypt-static.o
libtool: compile:  gcc -DHAVE_CONFIG_H -I. -I./lib -DIN_LIBCRYPT -DNDEBUG -Wall -Wextra -Walloc-zero -Walloca -Wbad-function-cast -Wcast-align -Wcast-qual -Wconversion -Wformat=2 -Wformat-overflow=2 -Wformat-signedness -Wformat-truncation=1 -Wlogical-op -Wmissing-declarations -Wmissing-prototypes -Wnested-externs -Wnull-dereference -Wold-style-definition -Wpointer-arith -Wrestrict -Wshadow -Wstrict-overflow=2 -Wstrict-prototypes -Wundef -Wvla -Wwrite-strings -Wpedantic -Werror -fno-plt -march=x86-64-v3 -mtune=haswell -Os -pipe -fno-plt -fPIC -fstack-clash-protection -ffunction-sections -fdata-sections -MT lib/libcrypt_la-crypt-static.lo -MD -MP -MF lib/.deps/libcrypt_la-crypt-static.Tpo -c lib/crypt-static.c -o lib/libcrypt_la-crypt-static.o >/dev/null 2>&1
mv -f lib/.deps/libcrypt_la-crypt-static.Tpo lib/.deps/libcrypt_la-crypt-static.Plo
/bin/sh ./libtool  --tag=CC   --mode=compile gcc -DHAVE_CONFIG_H -I.  -I./lib -DIN_LIBCRYPT -DNDEBUG -Wall -Wextra -Walloc-zero -Walloca -Wbad-function-cast -Wcast-align -Wcast-qual -Wconversion -Wformat=2 -Wformat-overflow=2 -Wformat-signedness -Wformat-truncation=1 -Wlogical-op -Wmissing-declarations -Wmissing-prototypes -Wnested-externs -Wnull-dereference -Wold-style-definition -Wpointer-arith -Wrestrict -Wshadow -Wstrict-overflow=2 -Wstrict-prototypes -Wundef -Wvla -Wwrite-strings -Wpedantic -Werror -fno-plt -march=x86-64-v3 -mtune=haswell -Os -pipe -fno-plt -fPIC -fstack-clash-protection -ffunction-sections -fdata-sections -MT lib/libcrypt_la-crypt-sunmd5.lo -MD -MP -MF lib/.deps/libcrypt_la-crypt-sunmd5.Tpo -c -o lib/libcrypt_la-crypt-sunmd5.lo `test -f 'lib/crypt-sunmd5.c' || echo './'`lib/crypt-sunmd5.c
libtool: compile:  gcc -DHAVE_CONFIG_H -I. -I./lib -DIN_LIBCRYPT -DNDEBUG -Wall -Wextra -Walloc-zero -Walloca -Wbad-function-cast -Wcast-align -Wcast-qual -Wconversion -Wformat=2 -Wformat-overflow=2 -Wformat-signedness -Wformat-truncation=1 -Wlogical-op -Wmissing-declarations -Wmissing-prototypes -Wnested-externs -Wnull-dereference -Wold-style-definition -Wpointer-arith -Wrestrict -Wshadow -Wstrict-overflow=2 -Wstrict-prototypes -Wundef -Wvla -Wwrite-strings -Wpedantic -Werror -fno-plt -march=x86-64-v3 -mtune=haswell -Os -pipe -fno-plt -fPIC -fstack-clash-protection -ffunction-sections -fdata-sections -MT lib/libcrypt_la-crypt-sha512.lo -MD -MP -MF lib/.deps/libcrypt_la-crypt-sha512.Tpo -c lib/crypt-sha512.c -o lib/libcrypt_la-crypt-sha512.o >/dev/null 2>&1
libtool: compile:  gcc -DHAVE_CONFIG_H -I. -I./lib -DIN_LIBCRYPT -DNDEBUG -Wall -Wextra -Walloc-zero -Walloca -Wbad-function-cast -Wcast-align -Wcast-qual -Wconversion -Wformat=2 -Wformat-overflow=2 -Wformat-signedness -Wformat-truncation=1 -Wlogical-op -Wmissing-declarations -Wmissing-prototypes -Wnested-externs -Wnull-dereference -Wold-style-definition -Wpointer-arith -Wrestrict -Wshadow -Wstrict-overflow=2 -Wstrict-prototypes -Wundef -Wvla -Wwrite-strings -Wpedantic -Werror -fno-plt -march=x86-64-v3 -mtune=haswell -Os -pipe -fno-plt -fPIC -fstack-clash-protection -ffunction-sections -fdata-sections -MT lib/libcrypt_la-crypt-sunmd5.lo -MD -MP -MF lib/.deps/libcrypt_la-crypt-sunmd5.Tpo -c lib/crypt-sunmd5.c  -fPIC -DPIC -o lib/.libs/libcrypt_la-crypt-sunmd5.o
libtool: compile:  gcc -DHAVE_CONFIG_H -I. -I./lib -DIN_LIBCRYPT -DNDEBUG -Wall -Wextra -Walloc-zero -Walloca -Wbad-function-cast -Wcast-align -Wcast-qual -Wconversion -Wformat=2 -Wformat-overflow=2 -Wformat-signedness -Wformat-truncation=1 -Wlogical-op -Wmissing-declarations -Wmissing-prototypes -Wnested-externs -Wnull-dereference -Wold-style-definition -Wpointer-arith -Wrestrict -Wshadow -Wstrict-overflow=2 -Wstrict-prototypes -Wundef -Wvla -Wwrite-strings -Wpedantic -Werror -fno-plt -march=x86-64-v3 -mtune=haswell -Os -pipe -fno-plt -fPIC -fstack-clash-protection -ffunction-sections -fdata-sections -MT lib/libcrypt_la-crypt-sunmd5.lo -MD -MP -MF lib/.deps/libcrypt_la-crypt-sunmd5.Tpo -c lib/crypt-sunmd5.c -o lib/libcrypt_la-crypt-sunmd5.o >/dev/null 2>&1
mv -f lib/.deps/libcrypt_la-crypt-sunmd5.Tpo lib/.deps/libcrypt_la-crypt-sunmd5.Plo
/bin/sh ./libtool  --tag=CC   --mode=compile gcc -DHAVE_CONFIG_H -I.  -I./lib -DIN_LIBCRYPT -DNDEBUG -Wall -Wextra -Walloc-zero -Walloca -Wbad-function-cast -Wcast-align -Wcast-qual -Wconversion -Wformat=2 -Wformat-overflow=2 -Wformat-signedness -Wformat-truncation=1 -Wlogical-op -Wmissing-declarations -Wmissing-prototypes -Wnested-externs -Wnull-dereference -Wold-style-definition -Wpointer-arith -Wrestrict -Wshadow -Wstrict-overflow=2 -Wstrict-prototypes -Wundef -Wvla -Wwrite-strings -Wpedantic -Werror -fno-plt -march=x86-64-v3 -mtune=haswell -Os -pipe -fno-plt -fPIC -fstack-clash-protection -ffunction-sections -fdata-sections -MT lib/libcrypt_la-crypt-yescrypt.lo -MD -MP -MF lib/.deps/libcrypt_la-crypt-yescrypt.Tpo -c -o lib/libcrypt_la-crypt-yescrypt.lo `test -f 'lib/crypt-yescrypt.c' || echo './'`lib/crypt-yescrypt.c
libtool: compile:  gcc -DHAVE_CONFIG_H -I. -I./lib -DIN_LIBCRYPT -DNDEBUG -Wall -Wextra -Walloc-zero -Walloca -Wbad-function-cast -Wcast-align -Wcast-qual -Wconversion -Wformat=2 -Wformat-overflow=2 -Wformat-signedness -Wformat-truncation=1 -Wlogical-op -Wmissing-declarations -Wmissing-prototypes -Wnested-externs -Wnull-dereference -Wold-style-definition -Wpointer-arith -Wrestrict -Wshadow -Wstrict-overflow=2 -Wstrict-prototypes -Wundef -Wvla -Wwrite-strings -Wpedantic -Werror -fno-plt -march=x86-64-v3 -mtune=haswell -Os -pipe -fno-plt -fPIC -fstack-clash-protection -ffunction-sections -fdata-sections -MT lib/libcrypt_la-crypt-yescrypt.lo -MD -MP -MF lib/.deps/libcrypt_la-crypt-yescrypt.Tpo -c lib/crypt-yescrypt.c  -fPIC -DPIC -o lib/.libs/libcrypt_la-crypt-yescrypt.o
mv -f lib/.deps/libcrypt_la-crypt-sha512.Tpo lib/.deps/libcrypt_la-crypt-sha512.Plo
libtool: compile:  gcc -DHAVE_CONFIG_H -I. -I./lib -DIN_LIBCRYPT -DNDEBUG -Wall -Wextra -Walloc-zero -Walloca -Wbad-function-cast -Wcast-align -Wcast-qual -Wconversion -Wformat=2 -Wformat-overflow=2 -Wformat-signedness -Wformat-truncation=1 -Wlogical-op -Wmissing-declarations -Wmissing-prototypes -Wnested-externs -Wnull-dereference -Wold-style-definition -Wpointer-arith -Wrestrict -Wshadow -Wstrict-overflow=2 -Wstrict-prototypes -Wundef -Wvla -Wwrite-strings -Wpedantic -Werror -fno-plt -march=x86-64-v3 -mtune=haswell -Os -pipe -fno-plt -fPIC -fstack-clash-protection -ffunction-sections -fdata-sections -MT lib/libcrypt_la-crypt-yescrypt.lo -MD -MP -MF lib/.deps/libcrypt_la-crypt-yescrypt.Tpo -c lib/crypt-yescrypt.c -o lib/libcrypt_la-crypt-yescrypt.o >/dev/null 2>&1
/bin/sh ./libtool  --tag=CC   --mode=compile gcc -DHAVE_CONFIG_H -I.  -I./lib -DIN_LIBCRYPT -DNDEBUG -Wall -Wextra -Walloc-zero -Walloca -Wbad-function-cast -Wcast-align -Wcast-qual -Wconversion -Wformat=2 -Wformat-overflow=2 -Wformat-signedness -Wformat-truncation=1 -Wlogical-op -Wmissing-declarations -Wmissing-prototypes -Wnested-externs -Wnull-dereference -Wold-style-definition -Wpointer-arith -Wrestrict -Wshadow -Wstrict-overflow=2 -Wstrict-prototypes -Wundef -Wvla -Wwrite-strings -Wpedantic -Werror -fno-plt -march=x86-64-v3 -mtune=haswell -Os -pipe -fno-plt -fPIC -fstack-clash-protection -ffunction-sections -fdata-sections -MT lib/libcrypt_la-crypt.lo -MD -MP -MF lib/.deps/libcrypt_la-crypt.Tpo -c -o lib/libcrypt_la-crypt.lo `test -f 'lib/crypt.c' || echo './'`lib/crypt.c
libtool: compile:  gcc -DHAVE_CONFIG_H -I. -I./lib -DIN_LIBCRYPT -DNDEBUG -Wall -Wextra -Walloc-zero -Walloca -Wbad-function-cast -Wcast-align -Wcast-qual -Wconversion -Wformat=2 -Wformat-overflow=2 -Wformat-signedness -Wformat-truncation=1 -Wlogical-op -Wmissing-declarations -Wmissing-prototypes -Wnested-externs -Wnull-dereference -Wold-style-definition -Wpointer-arith -Wrestrict -Wshadow -Wstrict-overflow=2 -Wstrict-prototypes -Wundef -Wvla -Wwrite-strings -Wpedantic -Werror -fno-plt -march=x86-64-v3 -mtune=haswell -Os -pipe -fno-plt -fPIC -fstack-clash-protection -ffunction-sections -fdata-sections -MT lib/libcrypt_la-crypt.lo -MD -MP -MF lib/.deps/libcrypt_la-crypt.Tpo -c lib/crypt.c  -fPIC -DPIC -o lib/.libs/libcrypt_la-crypt.o
mv -f lib/.deps/libcrypt_la-crypt-yescrypt.Tpo lib/.deps/libcrypt_la-crypt-yescrypt.Plo
/bin/sh ./libtool  --tag=CC   --mode=compile gcc -DHAVE_CONFIG_H -I.  -I./lib -DIN_LIBCRYPT -DNDEBUG -Wall -Wextra -Walloc-zero -Walloca -Wbad-function-cast -Wcast-align -Wcast-qual -Wconversion -Wformat=2 -Wformat-overflow=2 -Wformat-signedness -Wformat-truncation=1 -Wlogical-op -Wmissing-declarations -Wmissing-prototypes -Wnested-externs -Wnull-dereference -Wold-style-definition -Wpointer-arith -Wrestrict -Wshadow -Wstrict-overflow=2 -Wstrict-prototypes -Wundef -Wvla -Wwrite-strings -Wpedantic -Werror -fno-plt -march=x86-64-v3 -mtune=haswell -Os -pipe -fno-plt -fPIC -fstack-clash-protection -ffunction-sections -fdata-sections -MT lib/libcrypt_la-util-base64.lo -MD -MP -MF lib/.deps/libcrypt_la-util-base64.Tpo -c -o lib/libcrypt_la-util-base64.lo `test -f 'lib/util-base64.c' || echo './'`lib/util-base64.c
libtool: compile:  gcc -DHAVE_CONFIG_H -I. -I./lib -DIN_LIBCRYPT -DNDEBUG -Wall -Wextra -Walloc-zero -Walloca -Wbad-function-cast -Wcast-align -Wcast-qual -Wconversion -Wformat=2 -Wformat-overflow=2 -Wformat-signedness -Wformat-truncation=1 -Wlogical-op -Wmissing-declarations -Wmissing-prototypes -Wnested-externs -Wnull-dereference -Wold-style-definition -Wpointer-arith -Wrestrict -Wshadow -Wstrict-overflow=2 -Wstrict-prototypes -Wundef -Wvla -Wwrite-strings -Wpedantic -Werror -fno-plt -march=x86-64-v3 -mtune=haswell -Os -pipe -fno-plt -fPIC -fstack-clash-protection -ffunction-sections -fdata-sections -MT lib/libcrypt_la-util-base64.lo -MD -MP -MF lib/.deps/libcrypt_la-util-base64.Tpo -c lib/util-base64.c  -fPIC -DPIC -o lib/.libs/libcrypt_la-util-base64.o
libtool: compile:  gcc -DHAVE_CONFIG_H -I. -I./lib -DIN_LIBCRYPT -DNDEBUG -Wall -Wextra -Walloc-zero -Walloca -Wbad-function-cast -Wcast-align -Wcast-qual -Wconversion -Wformat=2 -Wformat-overflow=2 -Wformat-signedness -Wformat-truncation=1 -Wlogical-op -Wmissing-declarations -Wmissing-prototypes -Wnested-externs -Wnull-dereference -Wold-style-definition -Wpointer-arith -Wrestrict -Wshadow -Wstrict-overflow=2 -Wstrict-prototypes -Wundef -Wvla -Wwrite-strings -Wpedantic -Werror -fno-plt -march=x86-64-v3 -mtune=haswell -Os -pipe -fno-plt -fPIC -fstack-clash-protection -ffunction-sections -fdata-sections -MT lib/libcrypt_la-util-base64.lo -MD -MP -MF lib/.deps/libcrypt_la-util-base64.Tpo -c lib/util-base64.c -o lib/libcrypt_la-util-base64.o >/dev/null 2>&1
libtool: compile:  gcc -DHAVE_CONFIG_H -I. -I./lib -DIN_LIBCRYPT -DNDEBUG -Wall -Wextra -Walloc-zero -Walloca -Wbad-function-cast -Wcast-align -Wcast-qual -Wconversion -Wformat=2 -Wformat-overflow=2 -Wformat-signedness -Wformat-truncation=1 -Wlogical-op -Wmissing-declarations -Wmissing-prototypes -Wnested-externs -Wnull-dereference -Wold-style-definition -Wpointer-arith -Wrestrict -Wshadow -Wstrict-overflow=2 -Wstrict-prototypes -Wundef -Wvla -Wwrite-strings -Wpedantic -Werror -fno-plt -march=x86-64-v3 -mtune=haswell -Os -pipe -fno-plt -fPIC -fstack-clash-protection -ffunction-sections -fdata-sections -MT lib/libcrypt_la-crypt.lo -MD -MP -MF lib/.deps/libcrypt_la-crypt.Tpo -c lib/crypt.c -o lib/libcrypt_la-crypt.o >/dev/null 2>&1
mv -f lib/.deps/libcrypt_la-util-base64.Tpo lib/.deps/libcrypt_la-util-base64.Plo
/bin/sh ./libtool  --tag=CC   --mode=compile gcc -DHAVE_CONFIG_H -I.  -I./lib -DIN_LIBCRYPT -DNDEBUG -Wall -Wextra -Walloc-zero -Walloca -Wbad-function-cast -Wcast-align -Wcast-qual -Wconversion -Wformat=2 -Wformat-overflow=2 -Wformat-signedness -Wformat-truncation=1 -Wlogical-op -Wmissing-declarations -Wmissing-prototypes -Wnested-externs -Wnull-dereference -Wold-style-definition -Wpointer-arith -Wrestrict -Wshadow -Wstrict-overflow=2 -Wstrict-prototypes -Wundef -Wvla -Wwrite-strings -Wpedantic -Werror -fno-plt -march=x86-64-v3 -mtune=haswell -Os -pipe -fno-plt -fPIC -fstack-clash-protection -ffunction-sections -fdata-sections -MT lib/libcrypt_la-util-gensalt-sha.lo -MD -MP -MF lib/.deps/libcrypt_la-util-gensalt-sha.Tpo -c -o lib/libcrypt_la-util-gensalt-sha.lo `test -f 'lib/util-gensalt-sha.c' || echo './'`lib/util-gensalt-sha.c
libtool: compile:  gcc -DHAVE_CONFIG_H -I. -I./lib -DIN_LIBCRYPT -DNDEBUG -Wall -Wextra -Walloc-zero -Walloca -Wbad-function-cast -Wcast-align -Wcast-qual -Wconversion -Wformat=2 -Wformat-overflow=2 -Wformat-signedness -Wformat-truncation=1 -Wlogical-op -Wmissing-declarations -Wmissing-prototypes -Wnested-externs -Wnull-dereference -Wold-style-definition -Wpointer-arith -Wrestrict -Wshadow -Wstrict-overflow=2 -Wstrict-prototypes -Wundef -Wvla -Wwrite-strings -Wpedantic -Werror -fno-plt -march=x86-64-v3 -mtune=haswell -Os -pipe -fno-plt -fPIC -fstack-clash-protection -ffunction-sections -fdata-sections -MT lib/libcrypt_la-util-gensalt-sha.lo -MD -MP -MF lib/.deps/libcrypt_la-util-gensalt-sha.Tpo -c lib/util-gensalt-sha.c  -fPIC -DPIC -o lib/.libs/libcrypt_la-util-gensalt-sha.o
mv -f lib/.deps/libcrypt_la-crypt.Tpo lib/.deps/libcrypt_la-crypt.Plo
/bin/sh ./libtool  --tag=CC   --mode=compile gcc -DHAVE_CONFIG_H -I.  -I./lib -DIN_LIBCRYPT -DNDEBUG -Wall -Wextra -Walloc-zero -Walloca -Wbad-function-cast -Wcast-align -Wcast-qual -Wconversion -Wformat=2 -Wformat-overflow=2 -Wformat-signedness -Wformat-truncation=1 -Wlogical-op -Wmissing-declarations -Wmissing-prototypes -Wnested-externs -Wnull-dereference -Wold-style-definition -Wpointer-arith -Wrestrict -Wshadow -Wstrict-overflow=2 -Wstrict-prototypes -Wundef -Wvla -Wwrite-strings -Wpedantic -Werror -fno-plt -march=x86-64-v3 -mtune=haswell -Os -pipe -fno-plt -fPIC -fstack-clash-protection -ffunction-sections -fdata-sections -MT lib/libcrypt_la-util-get-random-bytes.lo -MD -MP -MF lib/.deps/libcrypt_la-util-get-random-bytes.Tpo -c -o lib/libcrypt_la-util-get-random-bytes.lo `test -f 'lib/util-get-random-bytes.c' || echo './'`lib/util-get-random-bytes.c
libtool: compile:  gcc -DHAVE_CONFIG_H -I. -I./lib -DIN_LIBCRYPT -DNDEBUG -Wall -Wextra -Walloc-zero -Walloca -Wbad-function-cast -Wcast-align -Wcast-qual -Wconversion -Wformat=2 -Wformat-overflow=2 -Wformat-signedness -Wformat-truncation=1 -Wlogical-op -Wmissing-declarations -Wmissing-prototypes -Wnested-externs -Wnull-dereference -Wold-style-definition -Wpointer-arith -Wrestrict -Wshadow -Wstrict-overflow=2 -Wstrict-prototypes -Wundef -Wvla -Wwrite-strings -Wpedantic -Werror -fno-plt -march=x86-64-v3 -mtune=haswell -Os -pipe -fno-plt -fPIC -fstack-clash-protection -ffunction-sections -fdata-sections -MT lib/libcrypt_la-util-gensalt-sha.lo -MD -MP -MF lib/.deps/libcrypt_la-util-gensalt-sha.Tpo -c lib/util-gensalt-sha.c -o lib/libcrypt_la-util-gensalt-sha.o >/dev/null 2>&1
libtool: compile:  gcc -DHAVE_CONFIG_H -I. -I./lib -DIN_LIBCRYPT -DNDEBUG -Wall -Wextra -Walloc-zero -Walloca -Wbad-function-cast -Wcast-align -Wcast-qual -Wconversion -Wformat=2 -Wformat-overflow=2 -Wformat-signedness -Wformat-truncation=1 -Wlogical-op -Wmissing-declarations -Wmissing-prototypes -Wnested-externs -Wnull-dereference -Wold-style-definition -Wpointer-arith -Wrestrict -Wshadow -Wstrict-overflow=2 -Wstrict-prototypes -Wundef -Wvla -Wwrite-strings -Wpedantic -Werror -fno-plt -march=x86-64-v3 -mtune=haswell -Os -pipe -fno-plt -fPIC -fstack-clash-protection -ffunction-sections -fdata-sections -MT lib/libcrypt_la-util-get-random-bytes.lo -MD -MP -MF lib/.deps/libcrypt_la-util-get-random-bytes.Tpo -c lib/util-get-random-bytes.c  -fPIC -DPIC -o lib/.libs/libcrypt_la-util-get-random-bytes.o
mv -f lib/.deps/libcrypt_la-util-gensalt-sha.Tpo lib/.deps/libcrypt_la-util-gensalt-sha.Plo
/bin/sh ./libtool  --tag=CC   --mode=compile gcc -DHAVE_CONFIG_H -I.  -I./lib -DIN_LIBCRYPT -DNDEBUG -Wall -Wextra -Walloc-zero -Walloca -Wbad-function-cast -Wcast-align -Wcast-qual -Wconversion -Wformat=2 -Wformat-overflow=2 -Wformat-signedness -Wformat-truncation=1 -Wlogical-op -Wmissing-declarations -Wmissing-prototypes -Wnested-externs -Wnull-dereference -Wold-style-definition -Wpointer-arith -Wrestrict -Wshadow -Wstrict-overflow=2 -Wstrict-prototypes -Wundef -Wvla -Wwrite-strings -Wpedantic -Werror -fno-plt -march=x86-64-v3 -mtune=haswell -Os -pipe -fno-plt -fPIC -fstack-clash-protection -ffunction-sections -fdata-sections -MT lib/libcrypt_la-util-make-failure-token.lo -MD -MP -MF lib/.deps/libcrypt_la-util-make-failure-token.Tpo -c -o lib/libcrypt_la-util-make-failure-token.lo `test -f 'lib/util-make-failure-token.c' || echo './'`lib/util-make-failure-token.c
libtool: compile:  gcc -DHAVE_CONFIG_H -I. -I./lib -DIN_LIBCRYPT -DNDEBUG -Wall -Wextra -Walloc-zero -Walloca -Wbad-function-cast -Wcast-align -Wcast-qual -Wconversion -Wformat=2 -Wformat-overflow=2 -Wformat-signedness -Wformat-truncation=1 -Wlogical-op -Wmissing-declarations -Wmissing-prototypes -Wnested-externs -Wnull-dereference -Wold-style-definition -Wpointer-arith -Wrestrict -Wshadow -Wstrict-overflow=2 -Wstrict-prototypes -Wundef -Wvla -Wwrite-strings -Wpedantic -Werror -fno-plt -march=x86-64-v3 -mtune=haswell -Os -pipe -fno-plt -fPIC -fstack-clash-protection -ffunction-sections -fdata-sections -MT lib/libcrypt_la-util-get-random-bytes.lo -MD -MP -MF lib/.deps/libcrypt_la-util-get-random-bytes.Tpo -c lib/util-get-random-bytes.c -o lib/libcrypt_la-util-get-random-bytes.o >/dev/null 2>&1
mv -f lib/.deps/libcrypt_la-crypt-bcrypt.Tpo lib/.deps/libcrypt_la-crypt-bcrypt.Plo
/bin/sh ./libtool  --tag=CC   --mode=compile gcc -DHAVE_CONFIG_H -I.  -I./lib -DIN_LIBCRYPT -DNDEBUG -Wall -Wextra -Walloc-zero -Walloca -Wbad-function-cast -Wcast-align -Wcast-qual -Wconversion -Wformat=2 -Wformat-overflow=2 -Wformat-signedness -Wformat-truncation=1 -Wlogical-op -Wmissing-declarations -Wmissing-prototypes -Wnested-externs -Wnull-dereference -Wold-style-definition -Wpointer-arith -Wrestrict -Wshadow -Wstrict-overflow=2 -Wstrict-prototypes -Wundef -Wvla -Wwrite-strings -Wpedantic -Werror -fno-plt -march=x86-64-v3 -mtune=haswell -Os -pipe -fno-plt -fPIC -fstack-clash-protection -ffunction-sections -fdata-sections -MT lib/libcrypt_la-util-xbzero.lo -MD -MP -MF lib/.deps/libcrypt_la-util-xbzero.Tpo -c -o lib/libcrypt_la-util-xbzero.lo `test -f 'lib/util-xbzero.c' || echo './'`lib/util-xbzero.c
libtool: compile:  gcc -DHAVE_CONFIG_H -I. -I./lib -DIN_LIBCRYPT -DNDEBUG -Wall -Wextra -Walloc-zero -Walloca -Wbad-function-cast -Wcast-align -Wcast-qual -Wconversion -Wformat=2 -Wformat-overflow=2 -Wformat-signedness -Wformat-truncation=1 -Wlogical-op -Wmissing-declarations -Wmissing-prototypes -Wnested-externs -Wnull-dereference -Wold-style-definition -Wpointer-arith -Wrestrict -Wshadow -Wstrict-overflow=2 -Wstrict-prototypes -Wundef -Wvla -Wwrite-strings -Wpedantic -Werror -fno-plt -march=x86-64-v3 -mtune=haswell -Os -pipe -fno-plt -fPIC -fstack-clash-protection -ffunction-sections -fdata-sections -MT lib/libcrypt_la-util-make-failure-token.lo -MD -MP -MF lib/.deps/libcrypt_la-util-make-failure-token.Tpo -c lib/util-make-failure-token.c  -fPIC -DPIC -o lib/.libs/libcrypt_la-util-make-failure-token.o
mv -f lib/.deps/libcrypt_la-util-get-random-bytes.Tpo lib/.deps/libcrypt_la-util-get-random-bytes.Plo
/bin/sh ./libtool  --tag=CC   --mode=compile gcc -DHAVE_CONFIG_H -I.  -I./lib -DIN_LIBCRYPT -DNDEBUG -Wall -Wextra -Walloc-zero -Walloca -Wbad-function-cast -Wcast-align -Wcast-qual -Wconversion -Wformat=2 -Wformat-overflow=2 -Wformat-signedness -Wformat-truncation=1 -Wlogical-op -Wmissing-declarations -Wmissing-prototypes -Wnested-externs -Wnull-dereference -Wold-style-definition -Wpointer-arith -Wrestrict -Wshadow -Wstrict-overflow=2 -Wstrict-prototypes -Wundef -Wvla -Wwrite-strings -Wpedantic -Werror -fno-plt -march=x86-64-v3 -mtune=haswell -Os -pipe -fno-plt -fPIC -fstack-clash-protection -ffunction-sections -fdata-sections -MT lib/libcrypt_la-util-xstrcpy.lo -MD -MP -MF lib/.deps/libcrypt_la-util-xstrcpy.Tpo -c -o lib/libcrypt_la-util-xstrcpy.lo `test -f 'lib/util-xstrcpy.c' || echo './'`lib/util-xstrcpy.c
libtool: compile:  gcc -DHAVE_CONFIG_H -I. -I./lib -DIN_LIBCRYPT -DNDEBUG -Wall -Wextra -Walloc-zero -Walloca -Wbad-function-cast -Wcast-align -Wcast-qual -Wconversion -Wformat=2 -Wformat-overflow=2 -Wformat-signedness -Wformat-truncation=1 -Wlogical-op -Wmissing-declarations -Wmissing-prototypes -Wnested-externs -Wnull-dereference -Wold-style-definition -Wpointer-arith -Wrestrict -Wshadow -Wstrict-overflow=2 -Wstrict-prototypes -Wundef -Wvla -Wwrite-strings -Wpedantic -Werror -fno-plt -march=x86-64-v3 -mtune=haswell -Os -pipe -fno-plt -fPIC -fstack-clash-protection -ffunction-sections -fdata-sections -MT lib/libcrypt_la-util-make-failure-token.lo -MD -MP -MF lib/.deps/libcrypt_la-util-make-failure-token.Tpo -c lib/util-make-failure-token.c -o lib/libcrypt_la-util-make-failure-token.o >/dev/null 2>&1
libtool: compile:  gcc -DHAVE_CONFIG_H -I. -I./lib -DIN_LIBCRYPT -DNDEBUG -Wall -Wextra -Walloc-zero -Walloca -Wbad-function-cast -Wcast-align -Wcast-qual -Wconversion -Wformat=2 -Wformat-overflow=2 -Wformat-signedness -Wformat-truncation=1 -Wlogical-op -Wmissing-declarations -Wmissing-prototypes -Wnested-externs -Wnull-dereference -Wold-style-definition -Wpointer-arith -Wrestrict -Wshadow -Wstrict-overflow=2 -Wstrict-prototypes -Wundef -Wvla -Wwrite-strings -Wpedantic -Werror -fno-plt -march=x86-64-v3 -mtune=haswell -Os -pipe -fno-plt -fPIC -fstack-clash-protection -ffunction-sections -fdata-sections -MT lib/libcrypt_la-util-xbzero.lo -MD -MP -MF lib/.deps/libcrypt_la-util-xbzero.Tpo -c lib/util-xbzero.c  -fPIC -DPIC -o lib/.libs/libcrypt_la-util-xbzero.o
libtool: compile:  gcc -DHAVE_CONFIG_H -I. -I./lib -DIN_LIBCRYPT -DNDEBUG -Wall -Wextra -Walloc-zero -Walloca -Wbad-function-cast -Wcast-align -Wcast-qual -Wconversion -Wformat=2 -Wformat-overflow=2 -Wformat-signedness -Wformat-truncation=1 -Wlogical-op -Wmissing-declarations -Wmissing-prototypes -Wnested-externs -Wnull-dereference -Wold-style-definition -Wpointer-arith -Wrestrict -Wshadow -Wstrict-overflow=2 -Wstrict-prototypes -Wundef -Wvla -Wwrite-strings -Wpedantic -Werror -fno-plt -march=x86-64-v3 -mtune=haswell -Os -pipe -fno-plt -fPIC -fstack-clash-protection -ffunction-sections -fdata-sections -MT lib/libcrypt_la-util-xstrcpy.lo -MD -MP -MF lib/.deps/libcrypt_la-util-xstrcpy.Tpo -c lib/util-xstrcpy.c  -fPIC -DPIC -o lib/.libs/libcrypt_la-util-xstrcpy.o
mv -f lib/.deps/libcrypt_la-util-make-failure-token.Tpo lib/.deps/libcrypt_la-util-make-failure-token.Plo
/bin/sh ./libtool  --tag=CC   --mode=link gcc -Wall -Wextra -Walloc-zero -Walloca -Wbad-function-cast -Wcast-align -Wcast-qual -Wconversion -Wformat=2 -Wformat-overflow=2 -Wformat-signedness -Wformat-truncation=1 -Wlogical-op -Wmissing-declarations -Wmissing-prototypes -Wnested-externs -Wnull-dereference -Wold-style-definition -Wpointer-arith -Wrestrict -Wshadow -Wstrict-overflow=2 -Wstrict-prototypes -Wundef -Wvla -Wwrite-strings -Wpedantic -Werror -fno-plt -march=x86-64-v3 -mtune=haswell -Os -pipe -fno-plt -fPIC -fstack-clash-protection -ffunction-sections -fdata-sections -Wl,-z,relro -Wl,-z,now -Wl,-O2,--sort-common,--as-needed,-z,relro,-z,now,--gc-sections,--compress-debug-sections=zstd -o lib/gen-des-tables lib/gen-des-tables.o  
libtool: compile:  gcc -DHAVE_CONFIG_H -I. -I./lib -DIN_LIBCRYPT -DNDEBUG -Wall -Wextra -Walloc-zero -Walloca -Wbad-function-cast -Wcast-align -Wcast-qual -Wconversion -Wformat=2 -Wformat-overflow=2 -Wformat-signedness -Wformat-truncation=1 -Wlogical-op -Wmissing-declarations -Wmissing-prototypes -Wnested-externs -Wnull-dereference -Wold-style-definition -Wpointer-arith -Wrestrict -Wshadow -Wstrict-overflow=2 -Wstrict-prototypes -Wundef -Wvla -Wwrite-strings -Wpedantic -Werror -fno-plt -march=x86-64-v3 -mtune=haswell -Os -pipe -fno-plt -fPIC -fstack-clash-protection -ffunction-sections -fdata-sections -MT lib/libcrypt_la-util-xbzero.lo -MD -MP -MF lib/.deps/libcrypt_la-util-xbzero.Tpo -c lib/util-xbzero.c -o lib/libcrypt_la-util-xbzero.o >/dev/null 2>&1
libtool: compile:  gcc -DHAVE_CONFIG_H -I. -I./lib -DIN_LIBCRYPT -DNDEBUG -Wall -Wextra -Walloc-zero -Walloca -Wbad-function-cast -Wcast-align -Wcast-qual -Wconversion -Wformat=2 -Wformat-overflow=2 -Wformat-signedness -Wformat-truncation=1 -Wlogical-op -Wmissing-declarations -Wmissing-prototypes -Wnested-externs -Wnull-dereference -Wold-style-definition -Wpointer-arith -Wrestrict -Wshadow -Wstrict-overflow=2 -Wstrict-prototypes -Wundef -Wvla -Wwrite-strings -Wpedantic -Werror -fno-plt -march=x86-64-v3 -mtune=haswell -Os -pipe -fno-plt -fPIC -fstack-clash-protection -ffunction-sections -fdata-sections -MT lib/libcrypt_la-util-xstrcpy.lo -MD -MP -MF lib/.deps/libcrypt_la-util-xstrcpy.Tpo -c lib/util-xstrcpy.c -o lib/libcrypt_la-util-xstrcpy.o >/dev/null 2>&1
mv -f lib/.deps/libcrypt_la-util-xbzero.Tpo lib/.deps/libcrypt_la-util-xbzero.Plo
mv -f lib/.deps/libcrypt_la-util-xstrcpy.Tpo lib/.deps/libcrypt_la-util-xstrcpy.Plo
libtool: link: gcc -Wall -Wextra -Walloc-zero -Walloca -Wbad-function-cast -Wcast-align -Wcast-qual -Wconversion -Wformat=2 -Wformat-overflow=2 -Wformat-signedness -Wformat-truncation=1 -Wlogical-op -Wmissing-declarations -Wmissing-prototypes -Wnested-externs -Wnull-dereference -Wold-style-definition -Wpointer-arith -Wrestrict -Wshadow -Wstrict-overflow=2 -Wstrict-prototypes -Wundef -Wvla -Wwrite-strings -Wpedantic -Werror -fno-plt -march=x86-64-v3 -mtune=haswell -Os -pipe -fno-plt -fPIC -fstack-clash-protection -ffunction-sections -fdata-sections -Wl,-z -Wl,relro -Wl,-z -Wl,now -Wl,-O2 -Wl,--sort-common -Wl,--as-needed -Wl,-z -Wl,relro -Wl,-z -Wl,now -Wl,--gc-sections -Wl,--compress-debug-sections=zstd -o lib/gen-des-tables lib/gen-des-tables.o 
mv -f lib/.deps/libcrypt_la-alg-yescrypt-opt.Tpo lib/.deps/libcrypt_la-alg-yescrypt-opt.Plo
/bin/sh ./libtool  --tag=CC   --mode=link gcc -Wall -Wextra -Walloc-zero -Walloca -Wbad-function-cast -Wcast-align -Wcast-qual -Wconversion -Wformat=2 -Wformat-overflow=2 -Wformat-signedness -Wformat-truncation=1 -Wlogical-op -Wmissing-declarations -Wmissing-prototypes -Wnested-externs -Wnull-dereference -Wold-style-definition -Wpointer-arith -Wrestrict -Wshadow -Wstrict-overflow=2 -Wstrict-prototypes -Wundef -Wvla -Wwrite-strings -Wpedantic -Werror -fno-plt -march=x86-64-v3 -mtune=haswell -Os -pipe -fno-plt -fPIC -fstack-clash-protection -ffunction-sections -fdata-sections -version-info 2:0:0 -Wl,--version-script,./libcrypt.map -Wl,-z,defs -Wl,-z,text -Wl,-z,relro -Wl,-z,now -Wl,-O2,--sort-common,--as-needed,-z,relro,-z,now,--gc-sections,--compress-debug-sections=zstd -o libcrypt.la -rpath /usr/lib lib/libcrypt_la-alg-des-tables.lo lib/libcrypt_la-alg-des.lo lib/libcrypt_la-alg-gost3411-2012-core.lo lib/libcrypt_la-alg-gost3411-2012-hmac.lo lib/libcrypt_la-alg-hmac-sha1.lo lib/libcrypt_la-alg-md4.lo lib/libcrypt_la-alg-md5.lo lib/libcrypt_la-alg-sha1.lo lib/libcrypt_la-alg-sha256.lo lib/libcrypt_la-alg-sha512.lo lib/libcrypt_la-alg-yescrypt-common.lo lib/libcrypt_la-alg-yescrypt-opt.lo lib/libcrypt_la-crypt-bcrypt.lo lib/libcrypt_la-crypt-des.lo lib/libcrypt_la-crypt-gensalt-static.lo lib/libcrypt_la-crypt-gost-yescrypt.lo lib/libcrypt_la-crypt-md5.lo lib/libcrypt_la-crypt-nthash.lo lib/libcrypt_la-crypt-pbkdf1-sha1.lo lib/libcrypt_la-crypt-scrypt.lo lib/libcrypt_la-crypt-sha256.lo lib/libcrypt_la-crypt-sha512.lo lib/libcrypt_la-crypt-static.lo lib/libcrypt_la-crypt-sunmd5.lo lib/libcrypt_la-crypt-yescrypt.lo lib/libcrypt_la-crypt.lo lib/libcrypt_la-util-base64.lo lib/libcrypt_la-util-gensalt-sha.lo lib/libcrypt_la-util-get-random-bytes.lo lib/libcrypt_la-util-make-failure-token.lo lib/libcrypt_la-util-xbzero.lo lib/libcrypt_la-util-xstrcpy.lo   
libtool: link: gcc -shared  -fPIC -DPIC  lib/.libs/libcrypt_la-alg-des-tables.o lib/.libs/libcrypt_la-alg-des.o lib/.libs/libcrypt_la-alg-gost3411-2012-core.o lib/.libs/libcrypt_la-alg-gost3411-2012-hmac.o lib/.libs/libcrypt_la-alg-hmac-sha1.o lib/.libs/libcrypt_la-alg-md4.o lib/.libs/libcrypt_la-alg-md5.o lib/.libs/libcrypt_la-alg-sha1.o lib/.libs/libcrypt_la-alg-sha256.o lib/.libs/libcrypt_la-alg-sha512.o lib/.libs/libcrypt_la-alg-yescrypt-common.o lib/.libs/libcrypt_la-alg-yescrypt-opt.o lib/.libs/libcrypt_la-crypt-bcrypt.o lib/.libs/libcrypt_la-crypt-des.o lib/.libs/libcrypt_la-crypt-gensalt-static.o lib/.libs/libcrypt_la-crypt-gost-yescrypt.o lib/.libs/libcrypt_la-crypt-md5.o lib/.libs/libcrypt_la-crypt-nthash.o lib/.libs/libcrypt_la-crypt-pbkdf1-sha1.o lib/.libs/libcrypt_la-crypt-scrypt.o lib/.libs/libcrypt_la-crypt-sha256.o lib/.libs/libcrypt_la-crypt-sha512.o lib/.libs/libcrypt_la-crypt-static.o lib/.libs/libcrypt_la-crypt-sunmd5.o lib/.libs/libcrypt_la-crypt-yescrypt.o lib/.libs/libcrypt_la-crypt.o lib/.libs/libcrypt_la-util-base64.o lib/.libs/libcrypt_la-util-gensalt-sha.o lib/.libs/libcrypt_la-util-get-random-bytes.o lib/.libs/libcrypt_la-util-make-failure-token.o lib/.libs/libcrypt_la-util-xbzero.o lib/.libs/libcrypt_la-util-xstrcpy.o    -march=x86-64-v3 -mtune=haswell -Os -Wl,--version-script -Wl,./libcrypt.map -Wl,-z -Wl,defs -Wl,-z -Wl,text -Wl,-z -Wl,relro -Wl,-z -Wl,now -Wl,-O2 -Wl,--sort-common -Wl,--as-needed -Wl,-z -Wl,relro -Wl,-z -Wl,now -Wl,--gc-sections -Wl,--compress-debug-sections=zstd   -Wl,-soname -Wl,libcrypt.so.2 -o .libs/libcrypt.so.2.0.0
libtool: link: (cd ".libs" && rm -f "libcrypt.so.2" && ln -s "libcrypt.so.2.0.0" "libcrypt.so.2")
libtool: link: (cd ".libs" && rm -f "libcrypt.so" && ln -s "libcrypt.so.2.0.0" "libcrypt.so")
libtool: link: ar cr .libs/libcrypt.a  lib/libcrypt_la-alg-des-tables.o lib/libcrypt_la-alg-des.o lib/libcrypt_la-alg-gost3411-2012-core.o lib/libcrypt_la-alg-gost3411-2012-hmac.o lib/libcrypt_la-alg-hmac-sha1.o lib/libcrypt_la-alg-md4.o lib/libcrypt_la-alg-md5.o lib/libcrypt_la-alg-sha1.o lib/libcrypt_la-alg-sha256.o lib/libcrypt_la-alg-sha512.o lib/libcrypt_la-alg-yescrypt-common.o lib/libcrypt_la-alg-yescrypt-opt.o lib/libcrypt_la-crypt-bcrypt.o lib/libcrypt_la-crypt-des.o lib/libcrypt_la-crypt-gensalt-static.o lib/libcrypt_la-crypt-gost-yescrypt.o lib/libcrypt_la-crypt-md5.o lib/libcrypt_la-crypt-nthash.o lib/libcrypt_la-crypt-pbkdf1-sha1.o lib/libcrypt_la-crypt-scrypt.o lib/libcrypt_la-crypt-sha256.o lib/libcrypt_la-crypt-sha512.o lib/libcrypt_la-crypt-static.o lib/libcrypt_la-crypt-sunmd5.o lib/libcrypt_la-crypt-yescrypt.o lib/libcrypt_la-crypt.o lib/libcrypt_la-util-base64.o lib/libcrypt_la-util-gensalt-sha.o lib/libcrypt_la-util-get-random-bytes.o lib/libcrypt_la-util-make-failure-token.o lib/libcrypt_la-util-xbzero.o lib/libcrypt_la-util-xstrcpy.o
libtool: link: ranlib .libs/libcrypt.a
libtool: link: ( cd ".libs" && rm -f "libcrypt.la" && ln -s "../libcrypt.la" "libcrypt.la" )
make[1]: Leaving directory '/sources/libxcrypt-4.4.36'
make[1]: Entering directory '/sources/libxcrypt-4.4.36'
 /usr/bin/mkdir -p '/usr/lib'
 /bin/sh ./libtool   --mode=install /usr/bin/install -c   libcrypt.la '/usr/lib'
 /usr/bin/mkdir -p '/usr/share/man/man3'
 /usr/bin/mkdir -p '/usr/share/man/man5'
 /usr/bin/mkdir -p '/usr/include'
 /usr/bin/install -c -m 644 crypt.h '/usr/include'
 /usr/bin/install -c -m 644 doc/crypt.5 '/usr/share/man/man5'
 /usr/bin/install -c -m 644 doc/crypt.3 doc/crypt_checksalt.3 doc/crypt_gensalt.3 doc/crypt_gensalt_ra.3 doc/crypt_gensalt_rn.3 doc/crypt_preferred_method.3 doc/crypt_r.3 doc/crypt_ra.3 doc/crypt_rn.3 '/usr/share/man/man3'
 /usr/bin/mkdir -p '/usr/lib/pkgconfig'
 /usr/bin/install -c -m 644 libxcrypt.pc '/usr/lib/pkgconfig'
make  install-data-hook
make[2]: Entering directory '/sources/libxcrypt-4.4.36'
cd /usr/lib/pkgconfig && \
	ln -s -f libxcrypt.pc libcrypt.pc
make[2]: Leaving directory '/sources/libxcrypt-4.4.36'
libtool: install: /usr/bin/install -c .libs/libcrypt.so.2.0.0 /usr/lib/libcrypt.so.2.0.0
libtool: install: (cd /usr/lib && { ln -s -f libcrypt.so.2.0.0 libcrypt.so.2 || { rm -f libcrypt.so.2 && ln -s libcrypt.so.2.0.0 libcrypt.so.2; }; })
libtool: install: (cd /usr/lib && { ln -s -f libcrypt.so.2.0.0 libcrypt.so || { rm -f libcrypt.so && ln -s libcrypt.so.2.0.0 libcrypt.so; }; })
libtool: install: /usr/bin/install -c .libs/libcrypt.lai /usr/lib/libcrypt.la
libtool: install: /usr/bin/install -c .libs/libcrypt.a /usr/lib/libcrypt.a
libtool: install: chmod 644 /usr/lib/libcrypt.a
libtool: install: ranlib /usr/lib/libcrypt.a
libtool: finish: PATH="/usr/bin:/usr/sbin:/sbin" ldconfig -n /usr/lib
----------------------------------------------------------------------
Libraries have been installed in:
   /usr/lib

If you ever happen to want to link against installed libraries
in a given directory, LIBDIR, you must either use libtool, and
specify the full pathname of the library, or use the '-LLIBDIR'
flag during linking and do at least one of the following:
   - add LIBDIR to the 'LD_LIBRARY_PATH' environment variable
     during execution
   - add LIBDIR to the 'LD_RUN_PATH' environment variable
     during linking
   - use the '-Wl,-rpath -Wl,LIBDIR' linker flag

See any operating system documentation about shared libraries for
more information, such as the ld(1) and ld.so(8) manual pages.
----------------------------------------------------------------------
make  install-exec-hook
make[2]: Entering directory '/sources/libxcrypt-4.4.36'
make[2]: Nothing to be done for 'install-exec-hook'.
make[2]: Leaving directory '/sources/libxcrypt-4.4.36'
make[1]: Leaving directory '/sources/libxcrypt-4.4.36'


CFLAGS:: -march=x86-64-v3 -mtune=haswell -Os -pipe -fno-plt -fPIC -fstack-clash-protection -ffunction-sections -fdata-sections
CXXFLAGS:: -march=x86-64-v3 -mtune=haswell -Os -pipe -fno-plt -fPIC -fstack-clash-protection -ffunction-sections -fdata-sections -Wp,-D_GLIBCXX_ASSERTIONS
CPPFLAGS:: -DNDEBUG
LDFLAGS:: -Wl,-O2,--sort-common,--as-needed,-z,relro,-z,now,--gc-sections,--compress-debug-sections=zstd


Fri Mar 29 01:30:32 UTC 2024

Totalseconds: 7

KB: 1041116	/

