Thu May  2 15:59:14 UTC 2024
KB: 1073372	/

checking for gcc... gcc
checking whether the C compiler works... yes
checking for C compiler default output file name... a.out
checking for suffix of executables... 
checking whether we are cross compiling... no
checking for suffix of object files... o
checking whether the compiler supports GNU C... yes
checking whether gcc accepts -g... yes
checking for gcc option to enable C11 features... none needed
checking whether gcc understands -c and -o together... yes
checking whether C compiler accepts -Wall... yes
checking whether C compiler accepts -Wextra... yes
checking whether C compiler accepts -Wformat=2... yes
checking whether C compiler accepts -std=gnu99... yes
checking for gcc options needed to detect all undeclared functions... none needed
checking whether strlcpy is declared... yes
checking whether strlcat is declared... yes
checking whether strndup is declared... yes
checking for stdio.h... yes
checking for stdlib.h... yes
checking for string.h... yes
checking for inttypes.h... yes
checking for stdint.h... yes
checking for strings.h... yes
checking for sys/stat.h... yes
checking for sys/types.h... yes
checking for unistd.h... yes
checking whether reallocarray is declared... yes
checking for sys/stat.h... (cached) yes
checking for a BSD-compatible install... /usr/bin/install -c
checking whether build environment is sane... yes
checking for a race-free mkdir -p... /usr/bin/mkdir -p
checking for gawk... gawk
checking whether make sets $(MAKE)... yes
checking whether make supports the include directive... yes (GNU style)
checking whether make supports nested variables... yes
checking dependency style of gcc... gcc3
checking whether make supports nested variables... (cached) yes
checking build system type... x86_64-pc-linux-uclibc
checking host system type... x86_64-pc-linux-uclibc
checking how to print strings... printf
checking for a sed that does not truncate output... /usr/bin/sed
checking for grep that handles long lines and -e... /usr/bin/grep
checking for egrep... /usr/bin/grep -E
checking for fgrep... /usr/bin/grep -F
checking for ld used by gcc... /usr/bin/ld
checking if the linker (/usr/bin/ld) is GNU ld... yes
checking for BSD- or MS-compatible name lister (nm)... /usr/bin/nm -B
checking the name lister (/usr/bin/nm -B) interface... BSD nm
checking whether ln -s works... yes
checking the maximum length of command line arguments... 1572864
checking how to convert x86_64-pc-linux-uclibc file names to x86_64-pc-linux-uclibc format... func_convert_file_noop
checking how to convert x86_64-pc-linux-uclibc file names to toolchain format... func_convert_file_noop
checking for /usr/bin/ld option to reload object files... -r
checking for file... file
checking for objdump... objdump
checking how to recognize dependent libraries... pass_all
checking for dlltool... no
checking how to associate runtime and link libraries... printf %s\n
checking for ar... ar
checking for archiver @FILE support... @
checking for strip... strip
checking for ranlib... ranlib
checking command to parse /usr/bin/nm -B output from gcc object... ok
checking for sysroot... no
checking for a working dd... /usr/bin/dd
checking how to truncate binary pipes... /usr/bin/dd bs=4096 count=1
checking for mt... no
checking if : is a manifest tool... no
checking for dlfcn.h... yes
checking for objdir... .libs
checking if gcc supports -fno-rtti -fno-exceptions... no
checking for gcc option to produce PIC... -fPIC -DPIC
checking if gcc PIC flag -fPIC -DPIC works... yes
checking if gcc static flag -static works... yes
checking if gcc supports -c -o file.o... yes
checking if gcc supports -c -o file.o... (cached) yes
checking whether the gcc linker (/usr/bin/ld -m elf_x86_64) supports shared libraries... yes
checking whether -lc should be explicitly linked in... no
checking dynamic linker characteristics... GNU/Linux ld.so
checking how to hardcode library paths into programs... immediate
checking whether stripping libraries is possible... yes
checking if libtool supports shared libraries... yes
checking whether to build shared libraries... yes
checking whether to build static libraries... no
checking for special C compiler options needed for large files... no
checking for _FILE_OFFSET_BITS value needed for large files... no
checking how to run the C preprocessor... gcc -E
checking for gcc... (cached) gcc
checking whether the compiler supports GNU C... (cached) yes
checking whether gcc accepts -g... (cached) yes
checking for gcc option to enable C11 features... (cached) none needed
checking whether gcc understands -c and -o together... (cached) yes
checking whether ln -s works... yes
checking that generated files are newer than configure... done
configure: creating ./config.status
config.status: creating Makefile
config.status: creating Kyuafile
config.status: creating libpkgconf.pc
config.status: creating tests/Kyuafile
config.status: creating tests/test_env.sh
config.status: creating libpkgconf/config.h
config.status: executing depfiles commands
config.status: executing libtool commands
  CC       cli/bomtool-getopt_long.o
  CC       cli/pkgconf-main.o
  CC       cli/pkgconf-getopt_long.o
  CC       cli/pkgconf-renderer-msvc.o
  CC       libpkgconf/audit.lo
  CC       libpkgconf/cache.lo
  CC       libpkgconf/client.lo
  CC       libpkgconf/pkg.lo
  CC       libpkgconf/bsdstubs.lo
  CC       libpkgconf/fragment.lo
  CC       libpkgconf/argvsplit.lo
  CC       libpkgconf/fileio.lo
  CC       libpkgconf/tuple.lo
  CC       libpkgconf/dependency.lo
  CC       libpkgconf/queue.lo
  CC       libpkgconf/path.lo
  CC       libpkgconf/personality.lo
  CC       libpkgconf/parser.lo
  CC       cli/bomtool/bomtool-main.o
  CCLD     libpkgconf.la
  CCLD     pkgconf
  CCLD     bomtool
make[1]: Entering directory '/sources/pkgconf-2.2.0'
 /usr/bin/mkdir -p '/usr/share/doc/pkgconf'
 /usr/bin/mkdir -p '/usr/share/aclocal'
 /usr/bin/mkdir -p '/usr/share/man/man5'
 /usr/bin/mkdir -p '/usr/share/man/man1'
 /usr/bin/install -c -m 644 README.md AUTHORS '/usr/share/doc/pkgconf'
 /usr/bin/install -c -m 644 pkg.m4 '/usr/share/aclocal'
 /usr/bin/mkdir -p '/usr/include/pkgconf'
 /usr/bin/install -c -m 644 man/pkgconf.1 '/usr/share/man/man1'
 /usr/bin/mkdir -p '/usr/share/man/man7'
 /usr/bin/install -c -m 644 man/pc.5 man/pkgconf-personality.5 '/usr/share/man/man5'
 /usr/bin/mkdir -p '/usr/lib/pkgconfig'
 /usr/bin/mkdir -p '/usr/include/pkgconf/libpkgconf'
 /usr/bin/mkdir -p '/usr/lib'
 /usr/bin/install -c -m 644  libpkgconf/bsdstubs.h libpkgconf/iter.h libpkgconf/libpkgconf.h libpkgconf/stdinc.h libpkgconf/libpkgconf-api.h '/usr/include/pkgconf/libpkgconf'
 /bin/sh ./libtool   --mode=install /usr/bin/install -c   libpkgconf.la '/usr/lib'
 /usr/bin/install -c -m 644 man/pkg.m4.7 '/usr/share/man/man7'
 /usr/bin/install -c -m 644 libpkgconf.pc '/usr/lib/pkgconfig'
libtool: install: /usr/bin/install -c .libs/libpkgconf.so.5.0.0 /usr/lib/libpkgconf.so.5.0.0
libtool: install: (cd /usr/lib && { ln -s -f libpkgconf.so.5.0.0 libpkgconf.so.5 || { rm -f libpkgconf.so.5 && ln -s libpkgconf.so.5.0.0 libpkgconf.so.5; }; })
libtool: install: (cd /usr/lib && { ln -s -f libpkgconf.so.5.0.0 libpkgconf.so || { rm -f libpkgconf.so && ln -s libpkgconf.so.5.0.0 libpkgconf.so; }; })
libtool: install: /usr/bin/install -c .libs/libpkgconf.lai /usr/lib/libpkgconf.la
libtool: finish: PATH="/usr/bin:/usr/sbin:/sbin" ldconfig -n /usr/lib
----------------------------------------------------------------------
Libraries have been installed in:
   /usr/lib

If you ever happen to want to link against installed libraries
in a given directory, LIBDIR, you must either use libtool, and
specify the full pathname of the library, or use the '-LLIBDIR'
flag during linking and do at least one of the following:
   - add LIBDIR to the 'LD_LIBRARY_PATH' environment variable
     during execution
   - add LIBDIR to the 'LD_RUN_PATH' environment variable
     during linking
   - use the '-Wl,-rpath -Wl,LIBDIR' linker flag

See any operating system documentation about shared libraries for
more information, such as the ld(1) and ld.so(8) manual pages.
----------------------------------------------------------------------
 /usr/bin/mkdir -p '/usr/bin'
  /bin/sh ./libtool   --mode=install /usr/bin/install -c pkgconf bomtool '/usr/bin'
libtool: install: /usr/bin/install -c .libs/pkgconf /usr/bin/pkgconf
libtool: install: /usr/bin/install -c .libs/bomtool /usr/bin/bomtool
make[1]: Leaving directory '/sources/pkgconf-2.2.0'
'/usr/bin/pkg-config' -> 'pkgconf'
'/usr/share/man/man1/pkg-config.1' -> 'pkgconf.1'


CFLAGS:: -march=x86-64-v3 -mtune=haswell -Os -pipe -fno-plt -fPIC -fstack-clash-protection -ffunction-sections -fdata-sections
CXXFLAGS:: -march=x86-64-v3 -mtune=haswell -Os -pipe -fno-plt -fPIC -fstack-clash-protection -ffunction-sections -fdata-sections -Wp,-D_GLIBCXX_ASSERTIONS
CPPFLAGS:: -DNDEBUG
LDFLAGS:: -Wl,-O2,--sort-common,--as-needed,-z,relro,-z,now,--gc-sections,--compress-debug-sections=zstd


Thu May  2 15:59:18 UTC 2024

Totalseconds: 4

KB: 1077004	/

