Thu Mar 28 15:58:42 UTC 2024
KB: 1153852	/

## ------------------------- ##
## Configuring libtool 2.4.7 ##
## ------------------------- ##

checking for GNU M4 that supports accurate traces... /usr/bin/m4
checking whether /usr/bin/m4 accepts --gnu... yes
checking how m4 supports trace files... --debugfile
checking for a BSD-compatible install... /usr/bin/install -c
checking whether build environment is sane... yes
checking for a thread-safe mkdir -p... /usr/bin/mkdir -p
checking for gawk... gawk
checking whether make sets $(MAKE)... yes
checking whether make supports nested variables... yes
checking whether make supports nested variables... (cached) yes
checking build system type... x86_64-pc-linux-uclibc
checking host system type... x86_64-pc-linux-uclibc
configure: autobuild project... GNU Libtool
configure: autobuild revision... 2.4.7
configure: autobuild hostname... fv-az1106-382
configure: autobuild mode... default
configure: autobuild timestamp... 20240328T155843Z
checking for gcc... gcc
checking whether the C compiler works... yes
checking for C compiler default output file name... a.out
checking for suffix of executables... 
checking whether we are cross compiling... no
checking for suffix of object files... o
checking whether we are using the GNU C compiler... yes
checking whether gcc accepts -g... yes
checking for gcc option to accept ISO C89... none needed
checking whether gcc understands -c and -o together... yes
checking whether the compiler is clang... no
checking for compiler option needed when checking for declarations... none
checking whether make supports the include directive... yes (GNU style)
checking dependency style of gcc... gcc3
checking how to run the C preprocessor... gcc -E
checking for grep that handles long lines and -e... /usr/bin/grep
checking for egrep... /usr/bin/grep -E
checking for Minix Amsterdam compiler... no
checking for ar... ar
checking for ranlib... ranlib
checking how to run the C preprocessor... gcc -E
checking how to print strings... printf
checking for a sed that does not truncate output... /usr/bin/sed
checking for fgrep... /usr/bin/grep -F
checking for ld used by gcc... /usr/bin/ld
checking if the linker (/usr/bin/ld) is GNU ld... yes
checking for BSD- or MS-compatible name lister (nm)... /usr/bin/nm -B
checking the name lister (/usr/bin/nm -B) interface... BSD nm
checking whether ln -s works... yes
checking the maximum length of command line arguments... 1572864
checking how to convert x86_64-pc-linux-uclibc file names to x86_64-pc-linux-uclibc format... func_convert_file_noop
checking how to convert x86_64-pc-linux-uclibc file names to toolchain format... func_convert_file_noop
checking for /usr/bin/ld option to reload object files... -r
checking for file... file
checking for objdump... objdump
checking how to recognize dependent libraries... pass_all
checking for dlltool... no
checking how to associate runtime and link libraries... printf %s\n
checking for archiver @FILE support... @
checking for strip... strip
checking for ranlib... (cached) ranlib
checking command to parse /usr/bin/nm -B output from gcc object... ok
checking for sysroot... no
checking for a working dd... /usr/bin/dd
checking how to truncate binary pipes... /usr/bin/dd bs=4096 count=1
checking for mt... no
checking if : is a manifest tool... no
checking for ANSI C header files... yes
checking for sys/types.h... yes
checking for sys/stat.h... yes
checking for stdlib.h... yes
checking for string.h... yes
checking for memory.h... yes
checking for strings.h... yes
checking for inttypes.h... yes
checking for stdint.h... yes
checking for unistd.h... yes
checking for dlfcn.h... yes
checking for objdir... .libs
checking if gcc supports -fno-rtti -fno-exceptions... no
checking for gcc option to produce PIC... -fPIC -DPIC
checking if gcc PIC flag -fPIC -DPIC works... yes
checking if gcc static flag -static works... yes
checking if gcc supports -c -o file.o... yes
checking if gcc supports -c -o file.o... (cached) yes
checking whether the gcc linker (/usr/bin/ld -m elf_x86_64) supports shared libraries... yes
checking whether -lc should be explicitly linked in... no
checking dynamic linker characteristics... GNU/Linux ld.so
checking how to hardcode library paths into programs... immediate
checking for shl_load... no
checking for shl_load in -ldld... no
checking for dlopen... yes
checking whether a program can dlopen itself... yes
checking whether a statically linked program can dlopen itself... no
checking whether stripping libraries is possible... yes
checking if libtool supports shared libraries... yes
checking whether to build shared libraries... yes
checking whether to build static libraries... yes
checking what extension is used for runtime loadable modules... .so
checking what variable specifies run-time module search path... LD_LIBRARY_PATH
checking for the default library search path... /lib /usr/lib
checking for library containing dlopen... none required
checking for dlerror... yes
checking for shl_load... (cached) no
checking for shl_load in -ldld... (cached) no
checking for dld_link in -ldld... no
checking for _ prefix in compiled symbols... no
checking whether deplibs are loaded by dlopen... yes
checking for argz.h... no
checking for error_t... no
checking for argz_add... no
checking for argz_append... no
checking for argz_count... no
checking for argz_create_sep... no
checking for argz_insert... no
checking for argz_next... no
checking for argz_stringify... no
checking whether libtool supports -dlopen/-dlpreopen... yes
checking for unistd.h... (cached) yes
checking for dl.h... no
checking for sys/dl.h... no
checking for dld.h... no
checking for mach-o/dyld.h... no
checking for dirent.h... yes
checking for closedir... yes
checking for opendir... yes
checking for readdir... yes
checking for strlcat... yes
checking for strlcpy... yes
checking for g++... g++
checking whether we are using the GNU C++ compiler... yes
checking whether g++ accepts -g... yes
checking dependency style of g++... gcc3
checking how to run the C++ preprocessor... g++ -E
checking for ld used by g++... /usr/bin/ld -m elf_x86_64
checking if the linker (/usr/bin/ld -m elf_x86_64) is GNU ld... yes
checking whether the g++ linker (/usr/bin/ld -m elf_x86_64) supports shared libraries... yes
checking for g++ option to produce PIC... -fPIC -DPIC
checking if g++ PIC flag -fPIC -DPIC works... yes
checking if g++ static flag -static works... yes
checking if g++ supports -c -o file.o... yes
checking if g++ supports -c -o file.o... (cached) yes
checking whether the g++ linker (/usr/bin/ld -m elf_x86_64) supports shared libraries... yes
checking dynamic linker characteristics... (cached) GNU/Linux ld.so
checking how to hardcode library paths into programs... immediate
checking for g77... no
checking for xlf... no
checking for f77... no
checking for frt... no
checking for pgf77... no
checking for cf77... no
checking for fort77... no
checking for fl32... no
checking for af77... no
checking for xlf90... no
checking for f90... no
checking for pgf90... no
checking for pghpf... no
checking for epcf90... no
checking for gfortran... no
checking for g95... no
checking for xlf95... no
checking for f95... no
checking for fort... no
checking for ifort... no
checking for ifc... no
checking for efc... no
checking for pgfortran... no
checking for pgf95... no
checking for lf95... no
checking for ftn... no
checking for nagfor... no
checking whether we are using the GNU Fortran 77 compiler... no
checking whether  accepts -g... no
checking for gfortran... no
checking for g95... no
checking for xlf95... no
checking for f95... no
checking for fort... no
checking for ifort... no
checking for ifc... no
checking for efc... no
checking for pgfortran... no
checking for pgf95... no
checking for lf95... no
checking for ftn... no
checking for nagfor... no
checking for xlf90... no
checking for f90... no
checking for pgf90... no
checking for pghpf... no
checking for epcf90... no
checking for g77... no
checking for xlf... no
checking for f77... no
checking for frt... no
checking for pgf77... no
checking for cf77... no
checking for fort77... no
checking for fl32... no
checking for af77... no
checking whether we are using the GNU Fortran compiler... no
checking whether  accepts -g... no
checking for gccgo... no
checking for gcj... no
checking for windres... no
checking for C compiler option to allow warnings... -Wno-error
checking for C++ compiler option to allow warnings... -Wno-error
checking that generated files are newer than configure... done
configure: creating ./config.status
config.status: creating Makefile
config.status: creating gnulib-tests/Makefile
config.status: creating config.h
config.status: executing tests/atconfig commands
config.status: executing depfiles commands
config.status: executing libtool commands
  GEN      libtoolize
  GEN      libltdl/libltdl/lt__argz.h
make  all-recursive
make[1]: Entering directory '/sources/libtool-2.4.7'
Making all in .
make[2]: Entering directory '/sources/libtool-2.4.7'
  CC       libltdl/loaders/libltdl_la-preopen.lo
  CC       libltdl/loaders/dlopen.lo
  CC       libltdl/lt__argz.lo
  CC       libltdl/libltdl_la-lt__alloc.lo
  CC       libltdl/libltdl_la-lt_dlloader.lo
  CC       libltdl/libltdl_la-lt_error.lo
  CC       libltdl/libltdl_la-ltdl.lo
  CC       libltdl/libltdl_la-slist.lo
  CCLD     libltdl/dlopen.la
  CCLD     libltdl/libltdl.la
make[2]: Leaving directory '/sources/libtool-2.4.7'
Making all in gnulib-tests
make[2]: Entering directory '/sources/libtool-2.4.7/gnulib-tests'
## ---------------------------------------------------- ##
## ------------------- Gnulib tests ------------------- ##
## You can ignore compiler warnings in this directory.  ##
## ---------------------------------------------------- ##
make  all-recursive
make[3]: Entering directory '/sources/libtool-2.4.7/gnulib-tests'
Making all in .
make[4]: Entering directory '/sources/libtool-2.4.7/gnulib-tests'
make[4]: Nothing to be done for 'all-am'.
make[4]: Leaving directory '/sources/libtool-2.4.7/gnulib-tests'
make[3]: Leaving directory '/sources/libtool-2.4.7/gnulib-tests'
make[2]: Leaving directory '/sources/libtool-2.4.7/gnulib-tests'
make[1]: Leaving directory '/sources/libtool-2.4.7'
make  install-recursive
make[1]: Entering directory '/sources/libtool-2.4.7'
Making install in .
make[2]: Entering directory '/sources/libtool-2.4.7'
make[3]: Entering directory '/sources/libtool-2.4.7'
 /usr/bin/mkdir -p '/usr/bin'
 /usr/bin/install -c libtool '/usr/bin'
 /usr/bin/mkdir -p '/usr/include'
 /usr/bin/mkdir -p '/usr/include/libltdl'
 GREP='/usr/bin/grep' SED='/usr/bin/sed' './build-aux/inline-source' libtoolize > '/usr/bin/libtoolize'
 /usr/bin/install -c -m 644 libltdl/ltdl.h '/usr/include'
 /usr/bin/mkdir -p '/usr/share/info'
 /usr/bin/install -c -m 644 libltdl/libltdl/lt_system.h libltdl/libltdl/lt_error.h libltdl/libltdl/lt_dlloader.h '/usr/include/libltdl'
 /usr/bin/mkdir -p '/usr/share/man/man1'
 /usr/bin/mkdir -p '/usr/lib'
 /bin/sh ./libtool   --mode=install /usr/bin/install -c   libltdl/libltdl.la '/usr/lib'
 /usr/bin/install -c -m 644 ./doc/libtool.info ./doc/libtool.info-1 ./doc/libtool.info-2 '/usr/share/info'
 /usr/bin/install -c -m 644 ./doc/libtool.1 ./doc/libtoolize.1 '/usr/share/man/man1'
 install-info --info-dir='/usr/share/info' '/usr/share/info/libtool.info'
libtool: install: /usr/bin/install -c libltdl/.libs/libltdl.so.7.3.2 /usr/lib/libltdl.so.7.3.2
libtool: install: (cd /usr/lib && { ln -s -f libltdl.so.7.3.2 libltdl.so.7 || { rm -f libltdl.so.7 && ln -s libltdl.so.7.3.2 libltdl.so.7; }; })
libtool: install: (cd /usr/lib && { ln -s -f libltdl.so.7.3.2 libltdl.so || { rm -f libltdl.so && ln -s libltdl.so.7.3.2 libltdl.so; }; })
libtool: install: /usr/bin/install -c libltdl/.libs/libltdl.lai /usr/lib/libltdl.la
libtool: install: /usr/bin/install -c libltdl/.libs/libltdl.a /usr/lib/libltdl.a
libtool: install: chmod 644 /usr/lib/libltdl.a
libtool: install: ranlib /usr/lib/libltdl.a
libtool: finish: PATH="/usr/bin:/usr/sbin:/sbin" ldconfig -n /usr/lib
rm -rf '/usr/share/libtool'/*
----------------------------------------------------------------------
Libraries have been installed in:
   /usr/lib

If you ever happen to want to link against installed libraries
in a given directory, LIBDIR, you must either use libtool, and
specify the full pathname of the library, or use the '-LLIBDIR'
flag during linking and do at least one of the following:
   - add LIBDIR to the 'LD_LIBRARY_PATH' environment variable
     during execution
   - add LIBDIR to the 'LD_RUN_PATH' environment variable
     during linking
   - use the '-Wl,-rpath -Wl,LIBDIR' linker flag

See any operating system documentation about shared libraries for
more information, such as the ld(1) and ld.so(8) manual pages.
----------------------------------------------------------------------
 /usr/bin/install -c -m 644 './m4/libtool.m4' '/usr/share/aclocal/libtool.m4'
 /usr/bin/install -c -m 644 './m4/ltargz.m4' '/usr/share/aclocal/ltargz.m4'
 /usr/bin/install -c -m 644 './m4/ltdl.m4' '/usr/share/aclocal/ltdl.m4'
 /usr/bin/install -c -m 644 './m4/ltoptions.m4' '/usr/share/aclocal/ltoptions.m4'
 /usr/bin/install -c -m 644 './m4/ltsugar.m4' '/usr/share/aclocal/ltsugar.m4'
 /usr/bin/install -c -m 644 './m4/ltversion.m4' '/usr/share/aclocal/ltversion.m4'
 /usr/bin/install -c -m 644 './m4/lt~obsolete.m4' '/usr/share/aclocal/lt~obsolete.m4'
 /usr/bin/install -c './build-aux/compile' '/usr/share/libtool/build-aux/compile'
 /usr/bin/install -c './build-aux/config.guess' '/usr/share/libtool/build-aux/config.guess'
 /usr/bin/install -c './build-aux/config.sub' '/usr/share/libtool/build-aux/config.sub'
 /usr/bin/install -c './build-aux/depcomp' '/usr/share/libtool/build-aux/depcomp'
 /usr/bin/install -c './build-aux/install-sh' '/usr/share/libtool/build-aux/install-sh'
 /usr/bin/install -c './build-aux/missing' '/usr/share/libtool/build-aux/missing'
 /usr/bin/install -c -m 644 './build-aux/ltmain.sh' '/usr/share/libtool/build-aux/ltmain.sh'
 /usr/bin/install -c -m 644 './libltdl/COPYING.LIB' '/usr/share/libtool/COPYING.LIB'
 /usr/bin/install -c -m 644 './libltdl/Makefile.am' '/usr/share/libtool/Makefile.am'
 /usr/bin/install -c -m 644 './libltdl/README' '/usr/share/libtool/README'
 /usr/bin/install -c -m 644 './libltdl/configure.ac' '/usr/share/libtool/configure.ac'
 /usr/bin/install -c -m 644 './libltdl/aclocal.m4' '/usr/share/libtool/aclocal.m4'
 /usr/bin/install -c -m 644 './libltdl/Makefile.in' '/usr/share/libtool/Makefile.in'
 /usr/bin/install -c -m 644 './libltdl/config-h.in' '/usr/share/libtool/config-h.in'
 /usr/bin/install -c -m 644 './libltdl/configure' '/usr/share/libtool/configure'
 /usr/bin/install -c -m 644 './libltdl/libltdl/lt__alloc.h' '/usr/share/libtool/libltdl/lt__alloc.h'
 /usr/bin/install -c -m 644 './libltdl/libltdl/lt__argz_.h' '/usr/share/libtool/libltdl/lt__argz_.h'
 /usr/bin/install -c -m 644 './libltdl/libltdl/lt__dirent.h' '/usr/share/libtool/libltdl/lt__dirent.h'
 /usr/bin/install -c -m 644 './libltdl/libltdl/lt__glibc.h' '/usr/share/libtool/libltdl/lt__glibc.h'
 /usr/bin/install -c -m 644 './libltdl/libltdl/lt__private.h' '/usr/share/libtool/libltdl/lt__private.h'
 /usr/bin/install -c -m 644 './libltdl/libltdl/lt__strl.h' '/usr/share/libtool/libltdl/lt__strl.h'
 /usr/bin/install -c -m 644 './libltdl/libltdl/lt_dlloader.h' '/usr/share/libtool/libltdl/lt_dlloader.h'
 /usr/bin/install -c -m 644 './libltdl/libltdl/lt_error.h' '/usr/share/libtool/libltdl/lt_error.h'
 /usr/bin/install -c -m 644 './libltdl/libltdl/lt_system.h' '/usr/share/libtool/libltdl/lt_system.h'
 /usr/bin/install -c -m 644 './libltdl/libltdl/slist.h' '/usr/share/libtool/libltdl/slist.h'
 /usr/bin/install -c -m 644 './libltdl/loaders/dld_link.c' '/usr/share/libtool/loaders/dld_link.c'
 /usr/bin/install -c -m 644 './libltdl/loaders/dlopen.c' '/usr/share/libtool/loaders/dlopen.c'
 /usr/bin/install -c -m 644 './libltdl/loaders/dyld.c' '/usr/share/libtool/loaders/dyld.c'
 /usr/bin/install -c -m 644 './libltdl/loaders/load_add_on.c' '/usr/share/libtool/loaders/load_add_on.c'
 /usr/bin/install -c -m 644 './libltdl/loaders/loadlibrary.c' '/usr/share/libtool/loaders/loadlibrary.c'
 /usr/bin/install -c -m 644 './libltdl/loaders/preopen.c' '/usr/share/libtool/loaders/preopen.c'
 /usr/bin/install -c -m 644 './libltdl/loaders/shl_load.c' '/usr/share/libtool/loaders/shl_load.c'
 /usr/bin/install -c -m 644 './libltdl/lt__alloc.c' '/usr/share/libtool/lt__alloc.c'
 /usr/bin/install -c -m 644 './libltdl/lt__argz.c' '/usr/share/libtool/lt__argz.c'
 /usr/bin/install -c -m 644 './libltdl/lt__dirent.c' '/usr/share/libtool/lt__dirent.c'
 /usr/bin/install -c -m 644 './libltdl/lt__strl.c' '/usr/share/libtool/lt__strl.c'
 /usr/bin/install -c -m 644 './libltdl/lt_dlloader.c' '/usr/share/libtool/lt_dlloader.c'
 /usr/bin/install -c -m 644 './libltdl/lt_error.c' '/usr/share/libtool/lt_error.c'
 /usr/bin/install -c -m 644 './libltdl/ltdl.c' '/usr/share/libtool/ltdl.c'
 /usr/bin/install -c -m 644 './libltdl/ltdl.h' '/usr/share/libtool/ltdl.h'
 /usr/bin/install -c -m 644 './libltdl/ltdl.mk' '/usr/share/libtool/ltdl.mk'
 /usr/bin/install -c -m 644 './libltdl/slist.c' '/usr/share/libtool/slist.c'
chmod a+x '/usr/share/libtool/configure'
make[3]: Leaving directory '/sources/libtool-2.4.7'
make[2]: Leaving directory '/sources/libtool-2.4.7'
Making install in gnulib-tests
make[2]: Entering directory '/sources/libtool-2.4.7/gnulib-tests'
make  install-recursive
make[3]: Entering directory '/sources/libtool-2.4.7/gnulib-tests'
Making install in .
make[4]: Entering directory '/sources/libtool-2.4.7/gnulib-tests'
make[5]: Entering directory '/sources/libtool-2.4.7/gnulib-tests'
make[5]: Nothing to be done for 'install-exec-am'.
make[5]: Nothing to be done for 'install-data-am'.
make[5]: Leaving directory '/sources/libtool-2.4.7/gnulib-tests'
make[4]: Leaving directory '/sources/libtool-2.4.7/gnulib-tests'
make[3]: Leaving directory '/sources/libtool-2.4.7/gnulib-tests'
make[2]: Leaving directory '/sources/libtool-2.4.7/gnulib-tests'
make[1]: Leaving directory '/sources/libtool-2.4.7'
removed '/usr/lib/libltdl.a'


CFLAGS:: -march=x86-64-v3 -mtune=haswell -Os -pipe -fno-plt -fPIC -fstack-clash-protection -ffunction-sections -fdata-sections
CXXFLAGS:: -march=x86-64-v3 -mtune=haswell -Os -pipe -fno-plt -fPIC -fstack-clash-protection -ffunction-sections -fdata-sections -Wp,-D_GLIBCXX_ASSERTIONS
CPPFLAGS:: -DNDEBUG
LDFLAGS:: -Wl,-O2,--sort-common,--as-needed,-z,relro,-z,now,--gc-sections,--compress-debug-sections=zstd


Thu Mar 28 15:58:48 UTC 2024

Totalseconds: 6

KB: 1166368	/

