Fri Mar 29 01:56:47 UTC 2024
KB: 1133924	/

checking for a BSD-compatible install... /usr/bin/install -c
checking whether build environment is sane... yes
checking for a race-free mkdir -p... /usr/bin/mkdir -p
checking for gawk... gawk
checking whether make sets $(MAKE)... yes
checking whether make supports nested variables... yes
checking whether make supports nested variables... (cached) yes
checking whether make supports the include directive... yes (GNU style)
checking for gcc... gcc
checking whether the C compiler works... yes
checking for C compiler default output file name... a.out
checking for suffix of executables... 
checking whether we are cross compiling... no
checking for suffix of object files... o
checking whether the compiler supports GNU C... yes
checking whether gcc accepts -g... yes
checking for gcc option to enable C11 features... none needed
checking whether gcc understands -c and -o together... yes
checking dependency style of gcc... gcc3
checking for stdio.h... yes
checking for stdlib.h... yes
checking for string.h... yes
checking for inttypes.h... yes
checking for stdint.h... yes
checking for strings.h... yes
checking for sys/stat.h... yes
checking for sys/types.h... yes
checking for unistd.h... yes
checking for wchar.h... yes
checking for minix/config.h... no
checking whether it is safe to define __EXTENSIONS__... yes
checking whether _XOPEN_SOURCE should be defined... no
checking for special C compiler options needed for large files... no
checking for _FILE_OFFSET_BITS value needed for large files... no
checking for ar... ar
checking the archiver (ar) interface... ar
checking build system type... x86_64-pc-linux-uclibc
checking host system type... x86_64-pc-linux-uclibc
checking how to print strings... printf
checking for a sed that does not truncate output... /usr/bin/sed
checking for grep that handles long lines and -e... /usr/bin/grep
checking for egrep... /usr/bin/grep -E
checking for fgrep... /usr/bin/grep -F
checking for ld used by gcc... /usr/bin/ld
checking if the linker (/usr/bin/ld) is GNU ld... yes
checking for BSD- or MS-compatible name lister (nm)... /usr/bin/nm -B
checking the name lister (/usr/bin/nm -B) interface... BSD nm
checking whether ln -s works... yes
checking the maximum length of command line arguments... 1572864
checking how to convert x86_64-pc-linux-uclibc file names to x86_64-pc-linux-uclibc format... func_convert_file_noop
checking how to convert x86_64-pc-linux-uclibc file names to toolchain format... func_convert_file_noop
checking for /usr/bin/ld option to reload object files... -r
checking for file... file
checking for objdump... objdump
checking how to recognize dependent libraries... pass_all
checking for dlltool... no
checking how to associate runtime and link libraries... printf %s\n
checking for archiver @FILE support... @
checking for strip... strip
checking for ranlib... ranlib
checking command to parse /usr/bin/nm -B output from gcc object... ok
checking for sysroot... no
checking for a working dd... /usr/bin/dd
checking how to truncate binary pipes... /usr/bin/dd bs=4096 count=1
checking for mt... no
checking if : is a manifest tool... no
checking for dlfcn.h... yes
checking for objdir... .libs
checking if gcc supports -fno-rtti -fno-exceptions... no
checking for gcc option to produce PIC... -fPIC -DPIC
checking if gcc PIC flag -fPIC -DPIC works... yes
checking if gcc static flag -static works... yes
checking if gcc supports -c -o file.o... yes
checking if gcc supports -c -o file.o... (cached) yes
checking whether the gcc linker (/usr/bin/ld -m elf_x86_64) supports shared libraries... yes
checking whether -lc should be explicitly linked in... no
checking dynamic linker characteristics... GNU/Linux ld.so
checking how to hardcode library paths into programs... immediate
checking whether stripping libraries is possible... yes
checking if libtool supports shared libraries... yes
checking whether to build shared libraries... yes
checking whether to build static libraries... yes
checking for --version-script linker flag... yes
checking for a sed that does not truncate output... (cached) /usr/bin/sed
checking for gcc... (cached) gcc
checking whether the compiler supports GNU C... (cached) yes
checking whether gcc accepts -g... (cached) yes
checking for gcc option to enable C11 features... (cached) none needed
checking whether gcc understands -c and -o together... (cached) yes
checking dependency style of gcc... (cached) gcc3
checking for unistd.h... (cached) yes
checking whether byte ordering is bigendian... no
checking for off_t... yes
checking for size_t... yes
checking for ssize_t... yes
checking that generated files are newer than configure... done
configure: creating ./config.status
config.status: creating Makefile
config.status: creating include/Makefile
config.status: creating man/Makefile
config.status: creating src/Makefile
config.status: creating src/libmd.pc
config.status: creating test/Makefile
config.status: creating config.h
config.status: executing depfiles commands
config.status: executing libtool commands
make  all-recursive
make[1]: Entering directory '/sources/libmd-1.1.0'
Making all in include
make[2]: Entering directory '/sources/libmd-1.1.0/include'
make[2]: Nothing to be done for 'all'.
make[2]: Leaving directory '/sources/libmd-1.1.0/include'
Making all in man
make[2]: Entering directory '/sources/libmd-1.1.0/man'
make[2]: Nothing to be done for 'all'.
make[2]: Leaving directory '/sources/libmd-1.1.0/man'
Making all in src
make[2]: Entering directory '/sources/libmd-1.1.0/src'
make  all-am
make[3]: Entering directory '/sources/libmd-1.1.0/src'
  CC       md2.lo
  CC       md4.lo
  CC       md5.lo
  CC       rmd160.lo
  CC       sha1.lo
  CC       sha2.lo
  CC       md2hl.lo
  CC       md4hl.lo
  CC       md5hl.lo
  CC       rmd160hl.lo
  CC       sha1hl.lo
  CC       sha224hl.lo
  CC       sha256hl.lo
  CC       sha384hl.lo
  CC       sha512hl.lo
  CC       sha512_256hl.lo
  CCLD     libmd.la
make[3]: Leaving directory '/sources/libmd-1.1.0/src'
make[2]: Leaving directory '/sources/libmd-1.1.0/src'
Making all in test
make[2]: Entering directory '/sources/libmd-1.1.0/test'
make[2]: Nothing to be done for 'all'.
make[2]: Leaving directory '/sources/libmd-1.1.0/test'
make[2]: Entering directory '/sources/libmd-1.1.0'
make[2]: Leaving directory '/sources/libmd-1.1.0'
make[1]: Leaving directory '/sources/libmd-1.1.0'
Making install in include
make[1]: Entering directory '/sources/libmd-1.1.0/include'
make[2]: Entering directory '/sources/libmd-1.1.0/include'
make[2]: Nothing to be done for 'install-exec-am'.
 /usr/bin/mkdir -p '/usr/include'
 /usr/bin/install -c -m 644 md2.h md4.h md5.h rmd160.h sha1.h sha2.h ripemd.h sha.h sha256.h sha512.h '/usr/include'
make[2]: Leaving directory '/sources/libmd-1.1.0/include'
make[1]: Leaving directory '/sources/libmd-1.1.0/include'
Making install in man
make[1]: Entering directory '/sources/libmd-1.1.0/man'
make[2]: Entering directory '/sources/libmd-1.1.0/man'
make[2]: Nothing to be done for 'install-exec-am'.
 /usr/bin/mkdir -p '/usr/share/man/man3'
 /usr/bin/mkdir -p '/usr/share/man/man7'
 /usr/bin/install -c -m 644 md2.3 md4.3 md5.3 rmd160.3 sha1.3 sha2.3 '/usr/share/man/man3'
 /usr/bin/install -c -m 644 libmd.7 '/usr/share/man/man7'
make  install-data-hook
make[3]: Entering directory '/sources/libmd-1.1.0/man'
ln -s -f md2.3 /usr/share/man/man3/MD2Transform.3
ln -s -f md2.3 /usr/share/man/man3/MD2Init.3
ln -s -f md2.3 /usr/share/man/man3/MD2Final.3
ln -s -f md2.3 /usr/share/man/man3/MD2Update.3
ln -s -f md2.3 /usr/share/man/man3/MD2End.3
ln -s -f md2.3 /usr/share/man/man3/MD2File.3
ln -s -f md2.3 /usr/share/man/man3/MD2FileChunk.3
ln -s -f md2.3 /usr/share/man/man3/MD2Data.3
ln -s -f md4.3 /usr/share/man/man3/MD4Transform.3
ln -s -f md4.3 /usr/share/man/man3/MD4Init.3
ln -s -f md4.3 /usr/share/man/man3/MD4Final.3
ln -s -f md4.3 /usr/share/man/man3/MD4Update.3
ln -s -f md4.3 /usr/share/man/man3/MD4End.3
ln -s -f md4.3 /usr/share/man/man3/MD4File.3
ln -s -f md4.3 /usr/share/man/man3/MD4FileChunk.3
ln -s -f md4.3 /usr/share/man/man3/MD4Pad.3
ln -s -f md4.3 /usr/share/man/man3/MD4Data.3
ln -s -f md5.3 /usr/share/man/man3/MD5Transform.3
ln -s -f md5.3 /usr/share/man/man3/MD5Init.3
ln -s -f md5.3 /usr/share/man/man3/MD5Final.3
ln -s -f md5.3 /usr/share/man/man3/MD5Update.3
ln -s -f md5.3 /usr/share/man/man3/MD5End.3
ln -s -f md5.3 /usr/share/man/man3/MD5File.3
ln -s -f md5.3 /usr/share/man/man3/MD5FileChunk.3
ln -s -f md5.3 /usr/share/man/man3/MD5Pad.3
ln -s -f md5.3 /usr/share/man/man3/MD5Data.3
ln -s -f rmd160.3 /usr/share/man/man3/RMD160Transform.3
ln -s -f rmd160.3 /usr/share/man/man3/RMD160Init.3
ln -s -f rmd160.3 /usr/share/man/man3/RMD160Final.3
ln -s -f rmd160.3 /usr/share/man/man3/RMD160Update.3
ln -s -f rmd160.3 /usr/share/man/man3/RMD160End.3
ln -s -f rmd160.3 /usr/share/man/man3/RMD160File.3
ln -s -f rmd160.3 /usr/share/man/man3/RMD160FileChunk.3
ln -s -f rmd160.3 /usr/share/man/man3/RMD160Pad.3
ln -s -f rmd160.3 /usr/share/man/man3/RMD160Data.3
ln -s -f sha1.3 /usr/share/man/man3/SHA1Transform.3
ln -s -f sha1.3 /usr/share/man/man3/SHA1Init.3
ln -s -f sha1.3 /usr/share/man/man3/SHA1Final.3
ln -s -f sha1.3 /usr/share/man/man3/SHA1Update.3
ln -s -f sha1.3 /usr/share/man/man3/SHA1End.3
ln -s -f sha1.3 /usr/share/man/man3/SHA1File.3
ln -s -f sha1.3 /usr/share/man/man3/SHA1FileChunk.3
ln -s -f sha1.3 /usr/share/man/man3/SHA1Pad.3
ln -s -f sha1.3 /usr/share/man/man3/SHA1Data.3
ln -s -f sha2.3 /usr/share/man/man3/SHA256Init.3
ln -s -f sha2.3 /usr/share/man/man3/SHA256Update.3
ln -s -f sha2.3 /usr/share/man/man3/SHA256Pad.3
ln -s -f sha2.3 /usr/share/man/man3/SHA256Final.3
ln -s -f sha2.3 /usr/share/man/man3/SHA256Transform.3
ln -s -f sha2.3 /usr/share/man/man3/SHA256End.3
ln -s -f sha2.3 /usr/share/man/man3/SHA256File.3
ln -s -f sha2.3 /usr/share/man/man3/SHA256FileChunk.3
ln -s -f sha2.3 /usr/share/man/man3/SHA256Data.3
ln -s -f sha2.3 /usr/share/man/man3/SHA384Init.3
ln -s -f sha2.3 /usr/share/man/man3/SHA384Update.3
ln -s -f sha2.3 /usr/share/man/man3/SHA384Pad.3
ln -s -f sha2.3 /usr/share/man/man3/SHA384Final.3
ln -s -f sha2.3 /usr/share/man/man3/SHA384Transform.3
ln -s -f sha2.3 /usr/share/man/man3/SHA384End.3
ln -s -f sha2.3 /usr/share/man/man3/SHA384File.3
ln -s -f sha2.3 /usr/share/man/man3/SHA384FileChunk.3
ln -s -f sha2.3 /usr/share/man/man3/SHA384Data.3
ln -s -f sha2.3 /usr/share/man/man3/SHA512Init.3
ln -s -f sha2.3 /usr/share/man/man3/SHA512Update.3
ln -s -f sha2.3 /usr/share/man/man3/SHA512Pad.3
ln -s -f sha2.3 /usr/share/man/man3/SHA512Final.3
ln -s -f sha2.3 /usr/share/man/man3/SHA512Transform.3
ln -s -f sha2.3 /usr/share/man/man3/SHA512End.3
ln -s -f sha2.3 /usr/share/man/man3/SHA512File.3
ln -s -f sha2.3 /usr/share/man/man3/SHA512FileChunk.3
ln -s -f sha2.3 /usr/share/man/man3/SHA512Data.3
make[3]: Leaving directory '/sources/libmd-1.1.0/man'
make[2]: Leaving directory '/sources/libmd-1.1.0/man'
make[1]: Leaving directory '/sources/libmd-1.1.0/man'
Making install in src
make[1]: Entering directory '/sources/libmd-1.1.0/src'
make  install-am
make[2]: Entering directory '/sources/libmd-1.1.0/src'
make[3]: Entering directory '/sources/libmd-1.1.0/src'
 /usr/bin/mkdir -p '/usr/lib'
 /usr/bin/mkdir -p '/usr/lib/pkgconfig'
 /bin/sh ../libtool   --mode=install /usr/bin/install -c   libmd.la '/usr/lib'
 /usr/bin/install -c -m 644 libmd.pc '/usr/lib/pkgconfig'
libtool: install: /usr/bin/install -c .libs/libmd.so.0.1.0 /usr/lib/libmd.so.0.1.0
libtool: install: (cd /usr/lib && { ln -s -f libmd.so.0.1.0 libmd.so.0 || { rm -f libmd.so.0 && ln -s libmd.so.0.1.0 libmd.so.0; }; })
libtool: install: (cd /usr/lib && { ln -s -f libmd.so.0.1.0 libmd.so || { rm -f libmd.so && ln -s libmd.so.0.1.0 libmd.so; }; })
libtool: install: /usr/bin/install -c .libs/libmd.lai /usr/lib/libmd.la
libtool: install: /usr/bin/install -c .libs/libmd.a /usr/lib/libmd.a
libtool: install: chmod 644 /usr/lib/libmd.a
libtool: install: ranlib /usr/lib/libmd.a
libtool: finish: PATH="/usr/bin:/usr/sbin:/sbin" ldconfig -n /usr/lib
----------------------------------------------------------------------
Libraries have been installed in:
   /usr/lib

If you ever happen to want to link against installed libraries
in a given directory, LIBDIR, you must either use libtool, and
specify the full pathname of the library, or use the '-LLIBDIR'
flag during linking and do at least one of the following:
   - add LIBDIR to the 'LD_LIBRARY_PATH' environment variable
     during execution
   - add LIBDIR to the 'LD_RUN_PATH' environment variable
     during linking
   - use the '-Wl,-rpath -Wl,LIBDIR' linker flag

See any operating system documentation about shared libraries for
more information, such as the ld(1) and ld.so(8) manual pages.
----------------------------------------------------------------------
make  install-exec-hook
make[4]: Entering directory '/sources/libmd-1.1.0/src'
if [ "/usr/lib" != "/usr/lib" ]; then \
	/usr/bin/mkdir -p /usr/lib; \
	mv /usr/lib/libmd*.so.* \
	   /usr/lib/; \
	soname=`readlink /usr/lib/libmd.so`; \
	sorelprefix=`echo /usr/lib | /usr/bin/sed -r -e 's:(^/)?[^/]+:..:g'`; \
	ln -sf $sorelprefix/usr/lib/$soname \
	       /usr/lib/libmd.so; \
fi
make[4]: Leaving directory '/sources/libmd-1.1.0/src'
make[3]: Leaving directory '/sources/libmd-1.1.0/src'
make[2]: Leaving directory '/sources/libmd-1.1.0/src'
make[1]: Leaving directory '/sources/libmd-1.1.0/src'
Making install in test
make[1]: Entering directory '/sources/libmd-1.1.0/test'
make[2]: Entering directory '/sources/libmd-1.1.0/test'
make[2]: Nothing to be done for 'install-exec-am'.
make[2]: Nothing to be done for 'install-data-am'.
make[2]: Leaving directory '/sources/libmd-1.1.0/test'
make[1]: Leaving directory '/sources/libmd-1.1.0/test'
make[1]: Entering directory '/sources/libmd-1.1.0'
make[2]: Entering directory '/sources/libmd-1.1.0'
make[2]: Nothing to be done for 'install-exec-am'.
make[2]: Nothing to be done for 'install-data-am'.
make[2]: Leaving directory '/sources/libmd-1.1.0'
make[1]: Leaving directory '/sources/libmd-1.1.0'


CFLAGS:: -march=x86-64-v3 -mtune=haswell -Os -pipe -fno-plt -fPIC -fstack-clash-protection -ffunction-sections -fdata-sections
CXXFLAGS:: -march=x86-64-v3 -mtune=haswell -Os -pipe -fno-plt -fPIC -fstack-clash-protection -ffunction-sections -fdata-sections -Wp,-D_GLIBCXX_ASSERTIONS
CPPFLAGS:: -DNDEBUG
LDFLAGS:: -Wl,-O2,--sort-common,--as-needed,-z,relro,-z,now,--gc-sections,--compress-debug-sections=zstd


Fri Mar 29 01:56:52 UTC 2024

Totalseconds: 5

KB: 1137192	/

