Thu Mar 28 16:12:25 UTC 2024
KB: 1250248	/

checking for gcc... gcc
checking whether the C compiler works... yes
checking for C compiler default output file name... a.out
checking for suffix of executables... 
checking whether we are cross compiling... no
checking for suffix of object files... o
checking whether the compiler supports GNU C... yes
checking whether gcc accepts -g... yes
checking for gcc option to enable C11 features... none needed
checking whether gcc understands -c and -o together... yes
checking for stdio.h... yes
checking for stdlib.h... yes
checking for string.h... yes
checking for inttypes.h... yes
checking for stdint.h... yes
checking for strings.h... yes
checking for sys/stat.h... yes
checking for sys/types.h... yes
checking for unistd.h... yes
checking for wchar.h... yes
checking for minix/config.h... no
checking for linux/module.h... yes
checking whether it is safe to define __EXTENSIONS__... yes
checking whether _XOPEN_SOURCE should be defined... no
checking for gcc option to enable large file support... none needed
checking whether to enable maintainer-specific portions of Makefiles... yes
checking for a BSD-compatible install... /usr/bin/install -c
checking whether build environment is sane... yes
checking for a race-free mkdir -p... /usr/bin/mkdir -p
checking for gawk... gawk
checking whether make sets $(MAKE)... yes
checking whether make supports the include directive... yes (GNU style)
checking whether make supports nested variables... yes
checking how to create a pax tar archive... gnutar
checking dependency style of gcc... gcc3
checking whether make supports nested variables... (cached) yes
checking build system type... x86_64-pc-linux-uclibc
checking host system type... x86_64-pc-linux-uclibc
checking how to print strings... printf
checking for a sed that does not truncate output... /usr/bin/sed
checking for grep that handles long lines and -e... /usr/bin/grep
checking for egrep... /usr/bin/grep -E
checking for fgrep... /usr/bin/grep -F
checking for ld used by gcc... /usr/bin/ld
checking if the linker (/usr/bin/ld) is GNU ld... yes
checking for BSD- or MS-compatible name lister (nm)... /usr/bin/nm -B
checking the name lister (/usr/bin/nm -B) interface... BSD nm
checking whether ln -s works... yes
checking the maximum length of command line arguments... 1572864
checking how to convert x86_64-pc-linux-uclibc file names to x86_64-pc-linux-uclibc format... func_convert_file_noop
checking how to convert x86_64-pc-linux-uclibc file names to toolchain format... func_convert_file_noop
checking for /usr/bin/ld option to reload object files... -r
checking for file... file
checking for objdump... objdump
checking how to recognize dependent libraries... pass_all
checking for dlltool... no
checking how to associate runtime and link libraries... printf %s\n
checking for ar... ar
checking for archiver @FILE support... @
checking for strip... strip
checking for ranlib... ranlib
checking command to parse /usr/bin/nm -B output from gcc object... ok
checking for sysroot... no
checking for a working dd... /usr/bin/dd
checking how to truncate binary pipes... /usr/bin/dd bs=4096 count=1
checking for mt... no
checking if : is a manifest tool... no
checking for dlfcn.h... yes
checking for objdir... .libs
checking if gcc supports -fno-rtti -fno-exceptions... no
checking for gcc option to produce PIC... -fPIC -DPIC
checking if gcc PIC flag -fPIC -DPIC works... yes
checking if gcc static flag -static works... yes
checking if gcc supports -c -o file.o... yes
checking if gcc supports -c -o file.o... (cached) yes
checking whether the gcc linker (/usr/bin/ld -m elf_x86_64) supports shared libraries... yes
checking whether -lc should be explicitly linked in... no
checking dynamic linker characteristics... GNU/Linux ld.so
checking how to hardcode library paths into programs... immediate
checking whether stripping libraries is possible... yes
checking if libtool supports shared libraries... yes
checking whether to build shared libraries... yes
checking whether to build static libraries... no
checking for a sed that does not truncate output... (cached) /usr/bin/sed
checking whether ln -s works... yes
checking for pkg-config... /usr/bin/pkg-config
checking pkg-config is at least version 0.9.0... yes
checking for xsltproc... no
checking for __xstat... no
checking for __secure_getenv... no
checking for secure_getenv... yes
checking for finit_module... no
checking if compiler has __builtin_clz builtin function... yes
checking if compiler has __builtin_types_compatible_p builtin function... yes
checking if compiler has __builtin_uaddl_overflow builtin function... yes
checking if compiler has __builtin_uaddll_overflow builtin function... yes
checking for struct stat.st_mtim... yes
checking for gcc options needed to detect all undeclared functions... none needed
checking whether strndupa is declared... yes
checking whether be32toh is declared... yes
checking whether _Static_assert() is supported... yes
checking whether _Noreturn is supported... yes
checking for libzstd >= 1.4.4... yes
checking for liblzma >= 4.99... yes
checking for zlib... yes
checking for libcrypto >= 1.1.0... yes
checking for gtk-doc... no
configure: WARNING:
  You will not be able to create source packages with 'make dist'
  because gtk-doc >= 1.14 is not found.
checking for gtkdoc-check... no
checking for gtkdoc-check... no
checking for gtkdoc-rebase... no
checking for gtkdoc-mkpdf... no
checking whether to build gtk-doc documentation... no
checking for glib-2.0 >= 2.10.0 gobject-2.0  >= 2.10.0... no
checking if gcc supports flag -pipe in envvar CFLAGS... yes
checking if gcc supports flag -DANOTHER_BRICK_IN_THE in envvar CFLAGS... yes
checking if gcc supports flag -Wall in envvar CFLAGS... yes
checking if gcc supports flag -W in envvar CFLAGS... yes
checking if gcc supports flag -Wextra in envvar CFLAGS... yes
checking if gcc supports flag -Wno-inline in envvar CFLAGS... yes
checking if gcc supports flag -Wvla in envvar CFLAGS... yes
checking if gcc supports flag -Wundef in envvar CFLAGS... yes
checking if gcc supports flag -Wformat=2 in envvar CFLAGS... yes
checking if gcc supports flag -Wlogical-op in envvar CFLAGS... yes
checking if gcc supports flag -Wsign-compare in envvar CFLAGS... yes
checking if gcc supports flag -Wformat-security in envvar CFLAGS... no
checking if gcc supports flag -Wmissing-include-dirs in envvar CFLAGS... yes
checking if gcc supports flag -Wformat-nonliteral in envvar CFLAGS... no
checking if gcc supports flag -Wold-style-definition in envvar CFLAGS... yes
checking if gcc supports flag -Wpointer-arith in envvar CFLAGS... yes
checking if gcc supports flag -Winit-self in envvar CFLAGS... yes
checking if gcc supports flag -Wdeclaration-after-statement in envvar CFLAGS... yes
checking if gcc supports flag -Wfloat-equal in envvar CFLAGS... yes
checking if gcc supports flag -Wmissing-prototypes in envvar CFLAGS... yes
checking if gcc supports flag -Wstrict-prototypes in envvar CFLAGS... yes
checking if gcc supports flag -Wredundant-decls in envvar CFLAGS... yes
checking if gcc supports flag -Wmissing-declarations in envvar CFLAGS... yes
checking if gcc supports flag -Wmissing-noreturn in envvar CFLAGS... yes
checking if gcc supports flag -Wshadow in envvar CFLAGS... yes
checking if gcc supports flag -Wendif-labels in envvar CFLAGS... yes
checking if gcc supports flag -Wstrict-aliasing=3 in envvar CFLAGS... yes
checking if gcc supports flag -Wwrite-strings in envvar CFLAGS... yes
checking if gcc supports flag -Wno-long-long in envvar CFLAGS... yes
checking if gcc supports flag -Wno-overlength-strings in envvar CFLAGS... yes
checking if gcc supports flag -Wno-unused-parameter in envvar CFLAGS... yes
checking if gcc supports flag -Wno-missing-field-initializers in envvar CFLAGS... yes
checking if gcc supports flag -Wno-unused-result in envvar CFLAGS... yes
checking if gcc supports flag -Wnested-externs in envvar CFLAGS... yes
checking if gcc supports flag -Wchar-subscripts in envvar CFLAGS... yes
checking if gcc supports flag -Wtype-limits in envvar CFLAGS... yes
checking if gcc supports flag -Wuninitialized in envvar CFLAGS... yes
checking if gcc supports flag -fno-common in envvar CFLAGS... yes
checking if gcc supports flag -fdiagnostics-show-option in envvar CFLAGS... yes
checking if gcc supports flag -fvisibility=hidden in envvar CFLAGS... yes
checking if gcc supports flag -ffunction-sections in envvar CFLAGS... yes
checking if gcc supports flag -fdata-sections in envvar CFLAGS... yes
checking if gcc supports flag -Wl,--as-needed in envvar LDFLAGS... yes
checking if gcc supports flag -Wl,--no-undefined in envvar LDFLAGS... yes
checking if gcc supports flag -Wl,--gc-sections in envvar LDFLAGS... yes
checking that generated files are newer than configure... done
configure: creating ./config.status
config.status: creating Makefile
config.status: creating man/Makefile
config.status: creating libkmod/docs/Makefile
config.status: creating libkmod/docs/version.xml
config.status: creating libkmod/libkmod.pc
config.status: creating tools/kmod.pc
config.status: creating config.h
config.status: executing depfiles commands
config.status: executing libtool commands

	kmod 32
	=======

	module_directory:	/lib/modules
	prefix:			/usr
	sysconfdir:		/etc
	distconfdir:		${prefix}/lib
	libdir:			${exec_prefix}/lib
	rootlibdir:		${exec_prefix}/lib
	includedir:		${prefix}/include
	bindir:			${exec_prefix}/bin
	Bash completions dir:   ${datarootdir}/bash-completion/completions

	compiler:		gcc
	cflags:			 -pipe -DANOTHER_BRICK_IN_THE -Wall -W -Wextra -Wno-inline -Wvla -Wundef -Wformat=2 -Wlogical-op -Wsign-compare -Wmissing-include-dirs -Wold-style-definition -Wpointer-arith -Winit-self -Wdeclaration-after-statement -Wfloat-equal -Wmissing-prototypes -Wstrict-prototypes -Wredundant-decls -Wmissing-declarations -Wmissing-noreturn -Wshadow -Wendif-labels -Wstrict-aliasing=3 -Wwrite-strings -Wno-long-long -Wno-overlength-strings -Wno-unused-parameter -Wno-missing-field-initializers -Wno-unused-result -Wnested-externs -Wchar-subscripts -Wtype-limits -Wuninitialized -fno-common -fdiagnostics-show-option -fvisibility=hidden -ffunction-sections -fdata-sections -march=x86-64-v3 -mtune=haswell -Os -pipe -fno-plt -fPIC -fstack-clash-protection -ffunction-sections -fdata-sections
	ldflags:		 -Wl,--as-needed -Wl,--no-undefined -Wl,--gc-sections -Wl,-O2,--sort-common,--as-needed,-z,relro,-z,now,--gc-sections,--compress-debug-sections=zstd

	tools:			yes
	logging:		yes
	compression:		zstd=yes  xz=yes  zlib=yes
	debug:			no
	coverage:		no
	doc:			no
	man:			yes
	test-modules:           yes

	features:               +ZSTD +XZ +ZLIB +LIBCRYPTO

make --no-print-directory all-recursive
Making all in .
  CC       tools/kmod.o
  CC       tools/lsmod.o
  CC       tools/rmmod.o
  CC       tools/insmod.o
  CC       tools/modinfo.o
  CC       tools/modprobe.o
  CC       tools/depmod.o
  CC       tools/log.o
  CC       tools/static-nodes.o
  CC       shared/array.lo
  CC       shared/hash.lo
  CC       shared/scratchbuf.lo
  CC       shared/strbuf.lo
  CC       shared/util.lo
  CC       libkmod/libkmod.lo
  CC       libkmod/libkmod-builtin.lo
  CC       libkmod/libkmod-list.lo
  CC       libkmod/libkmod-config.lo
  CC       libkmod/libkmod-index.lo
  CC       libkmod/libkmod-module.lo
  CC       libkmod/libkmod-file.lo
  CC       libkmod/libkmod-elf.lo
  CC       libkmod/libkmod-signature.lo
  CCLD     shared/libshared.la
  CCLD     libkmod/libkmod-internal.la
  CCLD     libkmod/libkmod.la
  CCLD     tools/kmod
  GEN      tools/insmod
  GEN      tools/rmmod
  GEN      tools/lsmod
  GEN      tools/modprobe
  GEN      tools/modinfo
  GEN      tools/depmod
Making all in libkmod/docs
make[2]: Nothing to be done for 'all'.
Making all in man
make[2]: Nothing to be done for 'all'.
Making install in .
 /usr/bin/mkdir -p '/usr/share/bash-completion/completions'
 /usr/bin/mkdir -p '/usr/include'
 /usr/bin/mkdir -p '/usr/lib/pkgconfig'
 /usr/bin/mkdir -p '/usr/lib'
 /usr/bin/install -c -m 644 shell-completion/bash/kmod '/usr/share/bash-completion/completions'
 /usr/bin/install -c -m 644 libkmod/libkmod.h '/usr/include'
 /bin/sh ./libtool   --mode=install /usr/bin/install -c   libkmod/libkmod.la '/usr/lib'
 /usr/bin/install -c -m 644 libkmod/libkmod.pc tools/kmod.pc '/usr/lib/pkgconfig'
libtool: install: /usr/bin/install -c libkmod/.libs/libkmod.so.2.4.2 /usr/lib/libkmod.so.2.4.2
libtool: install: (cd /usr/lib && { ln -s -f libkmod.so.2.4.2 libkmod.so.2 || { rm -f libkmod.so.2 && ln -s libkmod.so.2.4.2 libkmod.so.2; }; })
libtool: install: (cd /usr/lib && { ln -s -f libkmod.so.2.4.2 libkmod.so || { rm -f libkmod.so && ln -s libkmod.so.2.4.2 libkmod.so; }; })
libtool: install: /usr/bin/install -c libkmod/.libs/libkmod.lai /usr/lib/libkmod.la
libtool: finish: PATH="/usr/bin:/usr/sbin:/sbin" ldconfig -n /usr/lib
----------------------------------------------------------------------
Libraries have been installed in:
   /usr/lib

If you ever happen to want to link against installed libraries
in a given directory, LIBDIR, you must either use libtool, and
specify the full pathname of the library, or use the '-LLIBDIR'
flag during linking and do at least one of the following:
   - add LIBDIR to the 'LD_LIBRARY_PATH' environment variable
     during execution
   - add LIBDIR to the 'LD_RUN_PATH' environment variable
     during linking
   - use the '-Wl,-rpath -Wl,LIBDIR' linker flag

See any operating system documentation about shared libraries for
more information, such as the ld(1) and ld.so(8) manual pages.
----------------------------------------------------------------------
 /usr/bin/mkdir -p '/usr/bin'
  /bin/sh ./libtool   --mode=install /usr/bin/install -c tools/kmod '/usr/bin'
libtool: install: /usr/bin/install -c tools/kmod /usr/bin/kmod
make --no-print-directory install-exec-hook
if test "/usr/lib" != "/usr/lib"; then \
	/usr/bin/mkdir -p /usr/lib && \
	so_img_name=$(readlink /usr/lib/libkmod.so) && \
	so_img_rel_target_prefix=$(echo /usr/lib | sed 's,\(^/\|\)[^/][^/]*,..,g') && \
	ln -sf $so_img_rel_target_prefix/usr/lib/$so_img_name /usr/lib/libkmod.so && \
	mv /usr/lib/libkmod.so.* /usr/lib; \
fi
for tool in insmod lsmod rmmod depmod modprobe modinfo; do \
	ln -s kmod /usr/bin/$tool; \
done
Making install in libkmod/docs
make[2]: Nothing to be done for 'install-exec-am'.
make[2]: Nothing to be done for 'install-data-am'.
Making install in man
make[2]: Nothing to be done for 'install-exec-am'.
 /usr/bin/mkdir -p '/usr/share/man/man5'
 /usr/bin/mkdir -p '/usr/share/man/man8'
 /usr/bin/install -c -m 644 kmod.8 depmod.8 insmod.8 lsmod.8 rmmod.8 modprobe.8 modinfo.8 '/usr/share/man/man8'
 /usr/bin/install -c -m 644 depmod.d.5 modprobe.d.5 modules.dep.5 modules.dep.bin.5 '/usr/share/man/man5'
'/usr/sbin/depmod' -> '../bin/kmod'
'/usr/sbin/insmod' -> '../bin/kmod'
'/usr/sbin/modinfo' -> '../bin/kmod'
'/usr/sbin/modprobe' -> '../bin/kmod'
'/usr/sbin/rmmod' -> '../bin/kmod'
'/usr/bin/lsmod' -> 'kmod'
Making clean in .
test -z "testsuite/uname.la testsuite/path.la testsuite/init_module.la testsuite/delete_module.la testsuite/libtestsuite.la" || rm -f testsuite/uname.la testsuite/path.la testsuite/init_module.la testsuite/delete_module.la testsuite/libtestsuite.la
test -z "" || rm -f 
 rm -f tools/kmod
 rm -f testsuite/test-hash testsuite/test-array testsuite/test-scratchbuf testsuite/test-strbuf testsuite/test-init testsuite/test-initstate testsuite/test-testsuite testsuite/test-loaded testsuite/test-modinfo testsuite/test-util testsuite/test-new-module testsuite/test-modprobe testsuite/test-blacklist testsuite/test-dependencies testsuite/test-depmod testsuite/test-list
test -z "libkmod/libkmod.la" || rm -f libkmod/libkmod.la
rm -rf .libs _libs
test -z "shared/libshared.la libkmod/libkmod-internal.la" || rm -f shared/libshared.la libkmod/libkmod-internal.la
rm -rf libkmod/.libs libkmod/_libs
rm -rf shared/.libs shared/_libs
rm -f testsuite/so_locations
rm -rf testsuite/.libs testsuite/_libs
rm -rf tools/.libs tools/_libs
rm -f libkmod/so_locations
rm -f *.o
test -z "testsuite/test-hash.log testsuite/test-array.log testsuite/test-scratchbuf.log testsuite/test-strbuf.log testsuite/test-init.log testsuite/test-initstate.log testsuite/test-testsuite.log testsuite/test-loaded.log testsuite/test-modinfo.log testsuite/test-util.log testsuite/test-new-module.log testsuite/test-modprobe.log testsuite/test-blacklist.log testsuite/test-dependencies.log testsuite/test-depmod.log testsuite/test-list.log" || rm -f testsuite/test-hash.log testsuite/test-array.log testsuite/test-scratchbuf.log testsuite/test-strbuf.log testsuite/test-init.log testsuite/test-initstate.log testsuite/test-testsuite.log testsuite/test-loaded.log testsuite/test-modinfo.log testsuite/test-util.log testsuite/test-new-module.log testsuite/test-modprobe.log testsuite/test-blacklist.log testsuite/test-dependencies.log testsuite/test-depmod.log testsuite/test-list.log
rm -f *.lo
rm -f libkmod/so_locations shared/so_locations
rm -f libkmod/*.o
test -z "testsuite/test-hash.trs testsuite/test-array.trs testsuite/test-scratchbuf.trs testsuite/test-strbuf.trs testsuite/test-init.trs testsuite/test-initstate.trs testsuite/test-testsuite.trs testsuite/test-loaded.trs testsuite/test-modinfo.trs testsuite/test-util.trs testsuite/test-new-module.trs testsuite/test-modprobe.trs testsuite/test-blacklist.trs testsuite/test-dependencies.trs testsuite/test-depmod.trs testsuite/test-list.trs" || rm -f testsuite/test-hash.trs testsuite/test-array.trs testsuite/test-scratchbuf.trs testsuite/test-strbuf.trs testsuite/test-init.trs testsuite/test-initstate.trs testsuite/test-testsuite.trs testsuite/test-loaded.trs testsuite/test-modinfo.trs testsuite/test-util.trs testsuite/test-new-module.trs testsuite/test-modprobe.trs testsuite/test-blacklist.trs testsuite/test-dependencies.trs testsuite/test-depmod.trs testsuite/test-list.trs
rm -f libkmod/*.lo
test -z "test-suite.log" || rm -f test-suite.log
rm -f shared/*.o
rm -f shared/*.lo
rm -f testsuite/*.o
rm -f testsuite/*.lo
rm -f tools/*.o
Making clean in libkmod/docs
test -z "" || rm -f 
rm -rf .libs _libs
rm -f *.lo
Making clean in man
test -z "" || rm -f 
rm -rf .libs _libs
rm -f *.lo
checking for gcc... gcc -m32
checking whether the C compiler works... yes
checking for C compiler default output file name... a.out
checking for suffix of executables... 
checking whether we are cross compiling... no
checking for suffix of object files... o
checking whether the compiler supports GNU C... yes
checking whether gcc -m32 accepts -g... yes
checking for gcc -m32 option to enable C11 features... none needed
checking whether gcc -m32 understands -c and -o together... yes
checking for stdio.h... yes
checking for stdlib.h... yes
checking for string.h... yes
checking for inttypes.h... yes
checking for stdint.h... yes
checking for strings.h... yes
checking for sys/stat.h... yes
checking for sys/types.h... yes
checking for unistd.h... yes
checking for wchar.h... yes
checking for minix/config.h... no
checking for linux/module.h... yes
checking whether it is safe to define __EXTENSIONS__... yes
checking whether _XOPEN_SOURCE should be defined... no
checking for gcc -m32 option to enable large file support... -D_FILE_OFFSET_BITS=64
checking whether to enable maintainer-specific portions of Makefiles... yes
checking for a BSD-compatible install... /usr/bin/install -c
checking whether build environment is sane... yes
checking for a race-free mkdir -p... /usr/bin/mkdir -p
checking for gawk... gawk
checking whether make sets $(MAKE)... yes
checking whether make supports the include directive... yes (GNU style)
checking whether make supports nested variables... yes
checking how to create a pax tar archive... gnutar
checking dependency style of gcc -m32... gcc3
checking whether make supports nested variables... (cached) yes
checking build system type... i686-pc-linux-uclibc
checking host system type... i686-pc-linux-uclibc
checking how to print strings... printf
checking for a sed that does not truncate output... /usr/bin/sed
checking for grep that handles long lines and -e... /usr/bin/grep
checking for egrep... /usr/bin/grep -E
checking for fgrep... /usr/bin/grep -F
checking for ld used by gcc -m32... /usr/bin/ld
checking if the linker (/usr/bin/ld) is GNU ld... yes
checking for BSD- or MS-compatible name lister (nm)... /usr/bin/nm -B
checking the name lister (/usr/bin/nm -B) interface... BSD nm
checking whether ln -s works... yes
checking the maximum length of command line arguments... 1572864
checking how to convert i686-pc-linux-uclibc file names to i686-pc-linux-uclibc format... func_convert_file_noop
checking how to convert i686-pc-linux-uclibc file names to toolchain format... func_convert_file_noop
checking for /usr/bin/ld option to reload object files... -r
checking for file... file
checking for objdump... objdump
checking how to recognize dependent libraries... pass_all
checking for dlltool... no
checking how to associate runtime and link libraries... printf %s\n
checking for ar... ar
checking for archiver @FILE support... @
checking for strip... strip
checking for ranlib... ranlib
checking command to parse /usr/bin/nm -B output from gcc -m32 object... ok
checking for sysroot... no
checking for a working dd... /usr/bin/dd
checking how to truncate binary pipes... /usr/bin/dd bs=4096 count=1
checking for mt... no
checking if : is a manifest tool... no
checking for dlfcn.h... yes
checking for objdir... .libs
checking if gcc -m32 supports -fno-rtti -fno-exceptions... no
checking for gcc -m32 option to produce PIC... -fPIC -DPIC
checking if gcc -m32 PIC flag -fPIC -DPIC works... yes
checking if gcc -m32 static flag -static works... yes
checking if gcc -m32 supports -c -o file.o... yes
checking if gcc -m32 supports -c -o file.o... (cached) yes
checking whether the gcc -m32 linker (/usr/bin/ld) supports shared libraries... yes
checking whether -lc should be explicitly linked in... no
checking dynamic linker characteristics... GNU/Linux ld.so
checking how to hardcode library paths into programs... immediate
checking whether stripping libraries is possible... yes
checking if libtool supports shared libraries... yes
checking whether to build shared libraries... yes
checking whether to build static libraries... no
checking for a sed that does not truncate output... (cached) /usr/bin/sed
checking whether ln -s works... yes
checking for pkg-config... /usr/bin/pkg-config
checking pkg-config is at least version 0.9.0... yes
checking for xsltproc... no
checking for __xstat... no
checking for __secure_getenv... no
checking for secure_getenv... yes
checking for finit_module... no
checking if compiler has __builtin_clz builtin function... yes
checking if compiler has __builtin_types_compatible_p builtin function... yes
checking if compiler has __builtin_uaddl_overflow builtin function... yes
checking if compiler has __builtin_uaddll_overflow builtin function... yes
checking for struct stat.st_mtim... yes
checking for gcc -m32 options needed to detect all undeclared functions... none needed
checking whether strndupa is declared... yes
checking whether be32toh is declared... yes
checking whether _Static_assert() is supported... yes
checking whether _Noreturn is supported... yes
checking for libzstd >= 1.4.4... yes
checking for liblzma >= 4.99... yes
checking for zlib... yes
checking for libcrypto >= 1.1.0... yes
checking for gtk-doc... no
configure: WARNING:
  You will not be able to create source packages with 'make dist'
  because gtk-doc >= 1.14 is not found.
checking for gtkdoc-check... no
checking for gtkdoc-check... no
checking for gtkdoc-rebase... no
checking for gtkdoc-mkpdf... no
checking whether to build gtk-doc documentation... no
checking for glib-2.0 >= 2.10.0 gobject-2.0  >= 2.10.0... no
checking if gcc -m32 supports flag -pipe in envvar CFLAGS... yes
checking if gcc -m32 supports flag -DANOTHER_BRICK_IN_THE in envvar CFLAGS... yes
checking if gcc -m32 supports flag -Wall in envvar CFLAGS... yes
checking if gcc -m32 supports flag -W in envvar CFLAGS... yes
checking if gcc -m32 supports flag -Wextra in envvar CFLAGS... yes
checking if gcc -m32 supports flag -Wno-inline in envvar CFLAGS... yes
checking if gcc -m32 supports flag -Wvla in envvar CFLAGS... yes
checking if gcc -m32 supports flag -Wundef in envvar CFLAGS... yes
checking if gcc -m32 supports flag -Wformat=2 in envvar CFLAGS... yes
checking if gcc -m32 supports flag -Wlogical-op in envvar CFLAGS... yes
checking if gcc -m32 supports flag -Wsign-compare in envvar CFLAGS... yes
checking if gcc -m32 supports flag -Wformat-security in envvar CFLAGS... no
checking if gcc -m32 supports flag -Wmissing-include-dirs in envvar CFLAGS... yes
checking if gcc -m32 supports flag -Wformat-nonliteral in envvar CFLAGS... no
checking if gcc -m32 supports flag -Wold-style-definition in envvar CFLAGS... yes
checking if gcc -m32 supports flag -Wpointer-arith in envvar CFLAGS... yes
checking if gcc -m32 supports flag -Winit-self in envvar CFLAGS... yes
checking if gcc -m32 supports flag -Wdeclaration-after-statement in envvar CFLAGS... yes
checking if gcc -m32 supports flag -Wfloat-equal in envvar CFLAGS... yes
checking if gcc -m32 supports flag -Wmissing-prototypes in envvar CFLAGS... yes
checking if gcc -m32 supports flag -Wstrict-prototypes in envvar CFLAGS... yes
checking if gcc -m32 supports flag -Wredundant-decls in envvar CFLAGS... yes
checking if gcc -m32 supports flag -Wmissing-declarations in envvar CFLAGS... yes
checking if gcc -m32 supports flag -Wmissing-noreturn in envvar CFLAGS... yes
checking if gcc -m32 supports flag -Wshadow in envvar CFLAGS... yes
checking if gcc -m32 supports flag -Wendif-labels in envvar CFLAGS... yes
checking if gcc -m32 supports flag -Wstrict-aliasing=3 in envvar CFLAGS... yes
checking if gcc -m32 supports flag -Wwrite-strings in envvar CFLAGS... yes
checking if gcc -m32 supports flag -Wno-long-long in envvar CFLAGS... yes
checking if gcc -m32 supports flag -Wno-overlength-strings in envvar CFLAGS... yes
checking if gcc -m32 supports flag -Wno-unused-parameter in envvar CFLAGS... yes
checking if gcc -m32 supports flag -Wno-missing-field-initializers in envvar CFLAGS... yes
checking if gcc -m32 supports flag -Wno-unused-result in envvar CFLAGS... yes
checking if gcc -m32 supports flag -Wnested-externs in envvar CFLAGS... yes
checking if gcc -m32 supports flag -Wchar-subscripts in envvar CFLAGS... yes
checking if gcc -m32 supports flag -Wtype-limits in envvar CFLAGS... yes
checking if gcc -m32 supports flag -Wuninitialized in envvar CFLAGS... yes
checking if gcc -m32 supports flag -fno-common in envvar CFLAGS... yes
checking if gcc -m32 supports flag -fdiagnostics-show-option in envvar CFLAGS... yes
checking if gcc -m32 supports flag -fvisibility=hidden in envvar CFLAGS... yes
checking if gcc -m32 supports flag -ffunction-sections in envvar CFLAGS... yes
checking if gcc -m32 supports flag -fdata-sections in envvar CFLAGS... yes
checking if gcc -m32 supports flag -Wl,--as-needed in envvar LDFLAGS... yes
checking if gcc -m32 supports flag -Wl,--no-undefined in envvar LDFLAGS... yes
checking if gcc -m32 supports flag -Wl,--gc-sections in envvar LDFLAGS... yes
checking that generated files are newer than configure... done
configure: creating ./config.status
config.status: creating Makefile
config.status: creating man/Makefile
config.status: creating libkmod/docs/Makefile
config.status: creating libkmod/docs/version.xml
config.status: creating libkmod/libkmod.pc
config.status: creating tools/kmod.pc
config.status: creating config.h
config.status: executing depfiles commands
config.status: executing libtool commands

	kmod 32
	=======

	module_directory:	/lib/modules
	prefix:			/usr
	sysconfdir:		/etc
	distconfdir:		${prefix}/lib
	libdir:			/usr/lib32
	rootlibdir:		/usr/lib32
	includedir:		${prefix}/include
	bindir:			${exec_prefix}/bin
	Bash completions dir:   ${datarootdir}/bash-completion/completions

	compiler:		gcc -m32
	cflags:			 -pipe -DANOTHER_BRICK_IN_THE -Wall -W -Wextra -Wno-inline -Wvla -Wundef -Wformat=2 -Wlogical-op -Wsign-compare -Wmissing-include-dirs -Wold-style-definition -Wpointer-arith -Winit-self -Wdeclaration-after-statement -Wfloat-equal -Wmissing-prototypes -Wstrict-prototypes -Wredundant-decls -Wmissing-declarations -Wmissing-noreturn -Wshadow -Wendif-labels -Wstrict-aliasing=3 -Wwrite-strings -Wno-long-long -Wno-overlength-strings -Wno-unused-parameter -Wno-missing-field-initializers -Wno-unused-result -Wnested-externs -Wchar-subscripts -Wtype-limits -Wuninitialized -fno-common -fdiagnostics-show-option -fvisibility=hidden -ffunction-sections -fdata-sections -march=x86-64-v3 -mtune=haswell -Os -pipe -fno-plt -fPIC -fstack-clash-protection -ffunction-sections -fdata-sections
	ldflags:		 -Wl,--as-needed -Wl,--no-undefined -Wl,--gc-sections -Wl,-O2,--sort-common,--as-needed,-z,relro,-z,now,--gc-sections,--compress-debug-sections=zstd

	tools:			yes
	logging:		yes
	compression:		zstd=yes  xz=yes  zlib=yes
	debug:			no
	coverage:		no
	doc:			no
	man:			yes
	test-modules:           yes

	features:               +ZSTD +XZ +ZLIB +LIBCRYPTO

make --no-print-directory all-recursive
Making all in .
  CC       tools/kmod.o
  CC       tools/lsmod.o
  CC       tools/rmmod.o
  CC       tools/insmod.o
  CC       tools/modinfo.o
  CC       tools/modprobe.o
  CC       tools/depmod.o
  CC       tools/log.o
  CC       tools/static-nodes.o
  CC       shared/array.lo
  CC       shared/hash.lo
  CC       shared/scratchbuf.lo
  CC       shared/strbuf.lo
  CC       shared/util.lo
  CC       libkmod/libkmod.lo
  CC       libkmod/libkmod-builtin.lo
  CC       libkmod/libkmod-list.lo
  CC       libkmod/libkmod-config.lo
  CC       libkmod/libkmod-index.lo
  CC       libkmod/libkmod-module.lo
  CC       libkmod/libkmod-file.lo
  CC       libkmod/libkmod-elf.lo
  CC       libkmod/libkmod-signature.lo
  CCLD     shared/libshared.la
  CCLD     libkmod/libkmod-internal.la
  CCLD     libkmod/libkmod.la
  CCLD     tools/kmod
  GEN      tools/insmod
  GEN      tools/rmmod
  GEN      tools/lsmod
  GEN      tools/modprobe
  GEN      tools/depmod
  GEN      tools/modinfo
Making all in libkmod/docs
make[2]: Nothing to be done for 'all'.
Making all in man
make[2]: Nothing to be done for 'all'.
Making install in .
 /usr/bin/mkdir -p '/sources/kmod-32/pkg/usr/share/bash-completion/completions'
 /usr/bin/mkdir -p '/sources/kmod-32/pkg/usr/include'
 /usr/bin/mkdir -p '/sources/kmod-32/pkg/usr/lib32'
 /usr/bin/mkdir -p '/sources/kmod-32/pkg/usr/lib32/pkgconfig'
 /usr/bin/install -c -m 644 shell-completion/bash/kmod '/sources/kmod-32/pkg/usr/share/bash-completion/completions'
 /usr/bin/install -c -m 644 libkmod/libkmod.h '/sources/kmod-32/pkg/usr/include'
 /bin/sh ./libtool   --mode=install /usr/bin/install -c   libkmod/libkmod.la '/sources/kmod-32/pkg/usr/lib32'
 /usr/bin/install -c -m 644 libkmod/libkmod.pc tools/kmod.pc '/sources/kmod-32/pkg/usr/lib32/pkgconfig'
libtool: install: /usr/bin/install -c libkmod/.libs/libkmod.so.2.4.2 /sources/kmod-32/pkg/usr/lib32/libkmod.so.2.4.2
libtool: install: (cd /sources/kmod-32/pkg/usr/lib32 && { ln -s -f libkmod.so.2.4.2 libkmod.so.2 || { rm -f libkmod.so.2 && ln -s libkmod.so.2.4.2 libkmod.so.2; }; })
libtool: install: (cd /sources/kmod-32/pkg/usr/lib32 && { ln -s -f libkmod.so.2.4.2 libkmod.so || { rm -f libkmod.so && ln -s libkmod.so.2.4.2 libkmod.so; }; })
libtool: install: /usr/bin/install -c libkmod/.libs/libkmod.lai /sources/kmod-32/pkg/usr/lib32/libkmod.la
libtool: warning: remember to run 'libtool --finish /usr/lib32'
 /usr/bin/mkdir -p '/sources/kmod-32/pkg/usr/bin'
  /bin/sh ./libtool   --mode=install /usr/bin/install -c tools/kmod '/sources/kmod-32/pkg/usr/bin'
libtool: install: /usr/bin/install -c tools/kmod /sources/kmod-32/pkg/usr/bin/kmod
make --no-print-directory install-exec-hook
if test "/usr/lib32" != "/usr/lib32"; then \
	/usr/bin/mkdir -p /sources/kmod-32/pkg/usr/lib32 && \
	so_img_name=$(readlink /sources/kmod-32/pkg/usr/lib32/libkmod.so) && \
	so_img_rel_target_prefix=$(echo /usr/lib32 | sed 's,\(^/\|\)[^/][^/]*,..,g') && \
	ln -sf $so_img_rel_target_prefix/usr/lib32/$so_img_name /sources/kmod-32/pkg/usr/lib32/libkmod.so && \
	mv /sources/kmod-32/pkg/usr/lib32/libkmod.so.* /sources/kmod-32/pkg/usr/lib32; \
fi
for tool in insmod lsmod rmmod depmod modprobe modinfo; do \
	ln -s kmod /sources/kmod-32/pkg/usr/bin/$tool; \
done
Making install in libkmod/docs
make[2]: Nothing to be done for 'install-exec-am'.
make[2]: Nothing to be done for 'install-data-am'.
Making install in man
make[2]: Nothing to be done for 'install-exec-am'.
 /usr/bin/mkdir -p '/sources/kmod-32/pkg/usr/share/man/man5'
 /usr/bin/mkdir -p '/sources/kmod-32/pkg/usr/share/man/man8'
 /usr/bin/install -c -m 644 depmod.d.5 modprobe.d.5 modules.dep.5 modules.dep.bin.5 '/sources/kmod-32/pkg/usr/share/man/man5'
 /usr/bin/install -c -m 644 kmod.8 depmod.8 insmod.8 lsmod.8 rmmod.8 modprobe.8 modinfo.8 '/sources/kmod-32/pkg/usr/share/man/man8'
'pkg/usr/lib32/libkmod.la' -> '/usr/lib32/libkmod.la'
'pkg/usr/lib32/libkmod.so' -> '/usr/lib32/libkmod.so'
'pkg/usr/lib32/libkmod.so.2' -> '/usr/lib32/libkmod.so.2'
'pkg/usr/lib32/libkmod.so.2.4.2' -> '/usr/lib32/libkmod.so.2.4.2'
'pkg/usr/lib32/pkgconfig/kmod.pc' -> '/usr/lib32/pkgconfig/kmod.pc'
'pkg/usr/lib32/pkgconfig/libkmod.pc' -> '/usr/lib32/pkgconfig/libkmod.pc'


CFLAGS:: -march=x86-64-v3 -mtune=haswell -Os -pipe -fno-plt -fPIC -fstack-clash-protection -ffunction-sections -fdata-sections
CXXFLAGS:: -march=x86-64-v3 -mtune=haswell -Os -pipe -fno-plt -fPIC -fstack-clash-protection -ffunction-sections -fdata-sections -Wp,-D_GLIBCXX_ASSERTIONS
CPPFLAGS:: -DNDEBUG
LDFLAGS:: -Wl,-O2,--sort-common,--as-needed,-z,relro,-z,now,--gc-sections,--compress-debug-sections=zstd


Thu Mar 28 16:12:39 UTC 2024

Totalseconds: 14

KB: 1258892	/

