Thu May  2 16:16:24 UTC 2024
KB: 1184896	/

configure: No --program-prefix given, using "eu-"
checking for a BSD-compatible install... /usr/bin/install -c
checking whether build environment is sane... yes
checking for a race-free mkdir -p... /usr/bin/mkdir -p
checking for gawk... gawk
checking whether make sets $(MAKE)... yes
checking whether make supports nested variables... yes
checking whether to enable maintainer-specific portions of Makefiles... no
checking whether make supports nested variables... (cached) yes
checking build system type... x86_64-pc-linux-uclibc
checking host system type... x86_64-pc-linux-uclibc
checking for gcc... gcc
checking whether the C compiler works... yes
checking for C compiler default output file name... a.out
checking for suffix of executables... 
checking whether we are cross compiling... no
checking for suffix of object files... o
checking whether the compiler supports GNU C... yes
checking whether gcc accepts -g... yes
checking for gcc option to enable C11 features... none needed
checking whether gcc understands -c and -o together... yes
checking whether make supports the include directive... yes (GNU style)
checking dependency style of gcc... gcc3
checking for g++... g++
checking whether the compiler supports GNU C++... yes
checking whether g++ accepts -g... yes
checking for g++ option to enable C++11 features... none needed
checking dependency style of g++... gcc3
checking for ranlib... ranlib
checking for bison... bison -y
checking for flex... flex
checking for lex output file root... lex.yy
checking for lex library... none needed
checking whether yytext is a pointer... yes
checking for ar... ar
checking the archiver (ar) interface... ar
checking for readelf... readelf
checking for nm... nm
checking whether gcc supports __attribute__((visibility()))... yes
checking whether gcc supports __attribute__((gcc_struct))... yes
checking whether gcc supports -fPIC... yes
checking whether gcc supports -fPIE... yes
checking whether gcc supports -Wl,-z,defs... yes
checking whether the compiler generates build-ids... no
configure: WARNING: compiler doesn't generate build-id by default
checking whether gcc supports -Wl,-z,relro... yes
checking for __thread support... yes
checking whether gcc provides stdatomic.h... yes
checking for special C compiler options needed for large files... no
checking for _FILE_OFFSET_BITS value needed for large files... no
checking whether fts.h is bad when included (with LFS)... no
checking whether to add -D_FORTIFY_SOURCE=2 or =3 to CFLAGS... yes -D_FORTIFY_SOURCE=3
checking for library containing gzdirect... -lz
checking for library containing BZ2_bzdopen... -lbz2
checking for library containing lzma_auto_decoder... -llzma
checking for library containing ZSTD_decompress... -lzstd
checking for pkg-config... /usr/bin/pkg-config
checking pkg-config is at least version 0.9.0... yes
checking for libzstd >= 1.4.0... yes
checking for gcc options needed to detect all undeclared functions... none needed
checking whether memrchr is declared... yes
checking whether rawmemchr is declared... yes
checking whether powerof2 is declared... yes
checking whether mempcpy is declared... yes
checking whether reallocarray is declared... yes
checking for process_vm_readv... yes
checking for mremap... yes
checking for stdio.h... yes
checking for stdlib.h... yes
checking for string.h... yes
checking for inttypes.h... yes
checking for stdint.h... yes
checking for strings.h... yes
checking for sys/stat.h... yes
checking for sys/types.h... yes
checking for unistd.h... yes
checking for error.h... yes
checking for err.h... yes
checking for sched.h... yes
checking for sched_getaffinity... yes
checking for sys/resource.h... yes
checking for getrlimit... yes
checking whether strerror_r is declared... yes
checking whether strerror_r returns char *... yes
checking for __cxa_demangle in -lstdc++... yes
checking whether symbol versioning is supported... yes
checking whether gcc accepts -Wstack-usage... yes
checking whether gcc has a sane -Wlogical-op... yes
checking whether gcc accepts -Wduplicated-cond... yes
checking whether gcc accepts -Wnull-dereference... yes
checking whether gcc accepts -Wimplicit-fallthrough... yes
checking whether the compiler accepts -Wimplicit-fallthrough=5... yes
checking whether the compiler accepts -Wtrampolines... yes
checking whether the compiler accepts -Wno-packed-not-aligned... yes
checking whether the compiler accepts -Wuse-after-free=3... yes
checking whether the compiler accepts -fno-addrsig... no
checking for library containing argp_parse... none required
checking for library containing fts_close... -lfts
checking for library containing _obstack_free... -lobstack
checking for a sed that does not truncate output... /usr/bin/sed
checking whether NLS is requested... yes
checking for msgfmt... /usr/bin/msgfmt
checking for gmsgfmt... /usr/bin/msgfmt
checking for xgettext... /usr/bin/xgettext
checking for msgmerge... /usr/bin/msgmerge
checking for ld used by gcc... /usr/bin/ld
checking if the linker (/usr/bin/ld) is GNU ld... yes
checking for shared library run path origin... done
checking 32-bit host C ABI... no
checking how to run the C preprocessor... gcc -E
checking for grep that handles long lines and -e... /usr/bin/grep
checking for egrep... /usr/bin/grep -E
checking for ELF binary format... yes
checking for the common suffixes of directories in the library search path... lib,lib,lib
od: cannot skip past end of combined input
checking for CFPreferencesCopyAppValue... no
checking for CFLocaleCopyPreferredLanguages... no
checking for GNU gettext in libc... no
checking for iconv... yes
checking for working iconv... yes
checking for GNU gettext in libintl... yes
checking whether to use NLS... yes
checking where the gettext function comes from... external libintl
checking how to link with libintl... /usr/lib/libintl.so
checking size of long... 8
checking for struct user_regs_struct... yes
checking gcc option for 32-bit word size... -m32
checking for 64-bit host... yes
checking whether gcc -m32 makes executables we can run... no
configure: WARNING: not running biarch tests, gcc -m32 does not work
checking for bunzip2... yes
checking for zstd... yes
checking whether g++ supports C++11 features with -std=c++11... yes
configure: building (bootstrap) dummy libdebuginfo library
checking for pthread_setname_np in -lpthread... yes
checking for execinfo.h... no
checking that generated files are newer than configure... done
configure: creating ./config.status
config.status: creating config/Makefile
config.status: creating Makefile
config.status: creating elfutils.spec
config.status: creating debuginfod/Makefile
config.status: creating debuginfod/debuginfod.h
config.status: creating doc/Makefile
config.status: creating lib/Makefile
config.status: creating libelf/Makefile
config.status: creating libebl/Makefile
config.status: creating libdwelf/Makefile
config.status: creating libdw/Makefile
config.status: creating libdwfl/Makefile
config.status: creating libcpu/Makefile
config.status: creating libasm/Makefile
config.status: creating backends/Makefile
config.status: creating src/Makefile
config.status: creating po/Makefile.in
config.status: creating tests/Makefile
config.status: creating config/libelf.pc
config.status: creating config/libdw.pc
config.status: creating config/libdebuginfod.pc
config.status: creating version.h
config.status: creating config/profile.sh
config.status: creating config/profile.csh
config.status: creating config.h
config.status: executing depfiles commands
config.status: executing po-directories commands
config.status: creating po/POTFILES
config.status: creating po/Makefile
configure:
=====================================================================
        elfutils: 0.191 (eu_version: 191)
=====================================================================

    Prefix                             : /usr
    Program prefix ("eu-" recommended) : eu-
    Source code location               : .
    Maintainer mode                    : 
    build arch                         : x86_64-pc-linux-uclibc

    CFLAGS=-D_FORTIFY_SOURCE=3 -march=x86-64-v3 -mtune=haswell -Os -pipe -fno-plt -fPIC -fstack-clash-protection -ffunction-sections -fdata-sections
    CXXFLAGS=-D_FORTIFY_SOURCE=3 -march=x86-64-v3 -mtune=haswell -Os -pipe -fno-plt -fPIC -fstack-clash-protection -ffunction-sections -fdata-sections -Wp,-D_GLIBCXX_ASSERTIONS

  RECOMMENDED FEATURES (should all be yes)
    gzip support                       : yes
    bzip2 support                      : yes
    lzma/xz support                    : yes
    zstd support                       : yes
    zstd compression support           : yes
    libstdc++ demangle support         : yes
    File textrel check                 : yes
    Symbol versioning                  : yes

  NOT RECOMMENDED FEATURES (should all be no)
    Experimental thread safety         : no
    install elf.h                      : no

  OTHER FEATURES
    Deterministic archives by default  : false
    Native language support            : yes
    Extra Valgrind annotations         : no
    libdebuginfod client support       : dummy
    Debuginfod server support          : no
    Default DEBUGINFOD_URLS            : 

  EXTRA TEST FEATURES (used with make check)
    have bunzip2 installed (required)  : yes
    have zstd installed                : yes
    C++11                              : yes
    debug branch prediction            : no
    gprof support                      : no
    gcov support                       : no
    run all tests under valgrind       : no
    gcc undefined behaviour sanitizer  : no
    gcc address sanitizer              : no
    clang memory sanitizer             : no
    use rpath in tests                 : no
    test biarch                        : no

make: Entering directory '/sources/elfutils-0.191/lib'
  CC       xasprintf.o
  CC       xstrdup.o
  CC       xstrndup.o
  CC       xmalloc.o
  CC       next_prime.o
  CC       crc32.o
  CC       crc32_file.o
  CC       color.o
  CC       error.o
  CC       printversion.o
  AR       libeu.a
make: Leaving directory '/sources/elfutils-0.191/lib'
make: Entering directory '/sources/elfutils-0.191/libelf'
  CC       elf_version.o
  CC       elf_hash.o
  CC       elf_error.o
  CC       elf_fill.o
  CC       elf_begin.o
  CC       elf_next.o
  CC       elf_rand.o
  CC       elf_end.o
  CC       elf_kind.o
  CC       gelf_getclass.o
  CC       elf_getbase.o
  CC       elf_getident.o
  CC       elf32_fsize.o
  CC       elf64_fsize.o
  CC       gelf_fsize.o
  CC       elf32_xlatetof.o
  CC       elf32_xlatetom.o
  CC       elf64_xlatetof.o
  CC       elf64_xlatetom.o
  CC       gelf_xlate.o
  CC       elf32_getehdr.o
  CC       elf64_getehdr.o
  CC       gelf_getehdr.o
  CC       elf32_newehdr.o
  CC       elf64_newehdr.o
  CC       gelf_newehdr.o
  CC       gelf_update_ehdr.o
  CC       elf32_getphdr.o
  CC       elf64_getphdr.o
  CC       gelf_getphdr.o
  CC       elf32_newphdr.o
  CC       elf64_newphdr.o
  CC       gelf_newphdr.o
  CC       gelf_update_phdr.o
  CC       elf_getarhdr.o
  CC       elf_getarsym.o
  CC       elf_rawfile.o
  CC       elf_readall.o
  CC       elf_cntl.o
  CC       elf_getscn.o
  CC       elf_nextscn.o
  CC       elf_ndxscn.o
  CC       elf_newscn.o
  CC       elf32_getshdr.o
  CC       elf64_getshdr.o
  CC       gelf_getshdr.o
  CC       gelf_update_shdr.o
  CC       elf_strptr.o
  CC       elf_rawdata.o
  CC       elf_getdata.o
  CC       elf_newdata.o
  CC       elf_getdata_rawchunk.o
  CC       elf_flagelf.o
  CC       elf_flagehdr.o
  CC       elf_flagphdr.o
  CC       elf_flagscn.o
  CC       elf_flagshdr.o
  CC       elf_flagdata.o
  CC       elf_memory.o
  CC       elf_update.o
  CC       elf32_updatenull.o
  CC       elf64_updatenull.o
  CC       elf32_updatefile.o
  CC       elf64_updatefile.o
  CC       gelf_getsym.o
  CC       gelf_update_sym.o
  CC       gelf_getversym.o
  CC       gelf_getverneed.o
  CC       gelf_getvernaux.o
  CC       gelf_getverdef.o
  CC       gelf_getverdaux.o
  CC       gelf_getrel.o
  CC       gelf_getrela.o
  CC       gelf_update_rel.o
  CC       gelf_update_rela.o
  CC       gelf_getdyn.o
  CC       gelf_update_dyn.o
  CC       gelf_getmove.o
  CC       gelf_update_move.o
  CC       gelf_getsyminfo.o
  CC       gelf_update_syminfo.o
  CC       gelf_getauxv.o
  CC       gelf_update_auxv.o
  CC       gelf_getnote.o
  CC       gelf_xlatetof.o
  CC       gelf_xlatetom.o
  CC       nlist.o
  CC       gelf_getsymshndx.o
  CC       gelf_update_symshndx.o
  CC       gelf_update_versym.o
  CC       gelf_update_verneed.o
  CC       gelf_update_vernaux.o
  CC       gelf_update_verdef.o
  CC       gelf_update_verdaux.o
  CC       elf_getphdrnum.o
  CC       elf_getshdrnum.o
  CC       elf_getshdrstrndx.o
  CC       gelf_checksum.o
  CC       elf32_checksum.o
  CC       elf64_checksum.o
  CC       libelf_crc32.o
  CC       libelf_next_prime.o
  CC       elf_clone.o
  CC       gelf_getlib.o
  CC       elf32_offscn.o
  CC       gelf_update_lib.o
  CC       elf64_offscn.o
  CC       gelf_offscn.o
  CC       elf_getaroff.o
  CC       elf_gnu_hash.o
  CC       elf_scnshndx.o
  CC       elf32_getchdr.o
  CC       elf64_getchdr.o
  CC       gelf_getchdr.o
  CC       elf_compress.o
  CC       elf_compress_gnu.o
  CC       elf_version.os
  CC       elf_hash.os
  CC       elf_error.os
  CC       elf_fill.os
  CC       elf_begin.os
  CC       elf_next.os
  CC       elf_rand.os
  CC       elf_end.os
  CC       elf_kind.os
  CC       gelf_getclass.os
  CC       elf_getbase.os
  CC       elf_getident.os
  CC       elf32_fsize.os
  CC       elf64_fsize.os
  CC       gelf_fsize.os
  CC       elf32_xlatetof.os
  CC       elf32_xlatetom.os
  CC       elf64_xlatetof.os
  CC       elf64_xlatetom.os
  CC       gelf_xlate.os
  CC       elf32_getehdr.os
  CC       elf64_getehdr.os
  CC       gelf_getehdr.os
  CC       elf32_newehdr.os
  CC       elf64_newehdr.os
  CC       gelf_newehdr.os
  CC       gelf_update_ehdr.os
  CC       elf32_getphdr.os
  CC       elf64_getphdr.os
  CC       gelf_getphdr.os
  CC       elf32_newphdr.os
  CC       elf64_newphdr.os
  CC       gelf_newphdr.os
  CC       gelf_update_phdr.os
  CC       elf_getarhdr.os
  CC       elf_getarsym.os
  CC       elf_rawfile.os
  CC       elf_readall.os
  CC       elf_cntl.os
  CC       elf_getscn.os
  CC       elf_nextscn.os
  CC       elf_ndxscn.os
  CC       elf_newscn.os
  CC       elf32_getshdr.os
  CC       elf64_getshdr.os
  CC       gelf_getshdr.os
  CC       gelf_update_shdr.os
  CC       elf_strptr.os
  CC       elf_rawdata.os
  CC       elf_getdata.os
  CC       elf_newdata.os
  CC       elf_getdata_rawchunk.os
  CC       elf_flagelf.os
  CC       elf_flagehdr.os
  CC       elf_flagphdr.os
  CC       elf_flagscn.os
  CC       elf_flagshdr.os
  CC       elf_flagdata.os
  CC       elf_update.os
  CC       elf_memory.os
  CC       elf32_updatenull.os
  CC       elf64_updatenull.os
  CC       elf32_updatefile.os
  CC       elf64_updatefile.os
  CC       gelf_getsym.os
  CC       gelf_update_sym.os
  CC       gelf_getversym.os
  CC       gelf_getverneed.os
  CC       gelf_getvernaux.os
  CC       gelf_getverdef.os
  CC       gelf_getverdaux.os
  CC       gelf_getrel.os
  CC       gelf_update_rel.os
  CC       gelf_getrela.os
  CC       gelf_update_rela.os
  CC       gelf_getdyn.os
  CC       gelf_update_dyn.os
  CC       gelf_getmove.os
  CC       gelf_update_move.os
  CC       gelf_getsyminfo.os
  CC       gelf_update_syminfo.os
  CC       gelf_getauxv.os
  CC       gelf_update_auxv.os
  CC       gelf_getnote.os
  CC       gelf_xlatetof.os
  CC       gelf_xlatetom.os
  CC       nlist.os
  CC       gelf_getsymshndx.os
  CC       gelf_update_symshndx.os
  CC       gelf_update_versym.os
  CC       gelf_update_verneed.os
  CC       gelf_update_vernaux.os
  CC       gelf_update_verdef.os
  CC       gelf_update_verdaux.os
  CC       elf_getphdrnum.os
  CC       elf_getshdrnum.os
  CC       elf_getshdrstrndx.os
  CC       gelf_checksum.os
  CC       elf32_checksum.os
  CC       elf64_checksum.os
  CC       libelf_crc32.os
  CC       libelf_next_prime.os
  CC       elf_clone.os
  CC       gelf_getlib.os
  CC       gelf_update_lib.os
  CC       elf32_offscn.os
  CC       elf64_offscn.os
  CC       gelf_offscn.os
  CC       elf_getaroff.os
  CC       elf_gnu_hash.os
  CC       elf_scnshndx.os
  CC       elf32_getchdr.os
  CC       elf64_getchdr.os
  CC       gelf_getchdr.os
  CC       elf_compress.os
  CC       elf_compress_gnu.os
  AR       libelf.a
  AR       libelf_pic.a
  CCLD     libelf.so
make: Leaving directory '/sources/elfutils-0.191/libelf'
make: Entering directory '/sources/elfutils-0.191/libelf'
make[1]: Entering directory '/sources/elfutils-0.191/libelf'
 /usr/bin/mkdir -p '/usr/include'
 /usr/bin/mkdir -p '/usr/lib'
 /usr/bin/mkdir -p '/usr/include/elfutils'
 /usr/bin/install -c -m 644  libelf.a '/usr/lib'
 /usr/bin/install -c -m 644 libelf.h gelf.h nlist.h '/usr/include'
 /usr/bin/install -c -m 644 elf-knowledge.h '/usr/include/elfutils'
 ( cd '/usr/lib' && ranlib libelf.a )
make[1]: Leaving directory '/sources/elfutils-0.191/libelf'
/bin/sh /sources/elfutils-0.191/config/install-sh -d /usr/lib
/usr/bin/install -c libelf.so /usr/lib/libelf-0.191.so
ln -fs libelf-0.191.so /usr/lib/libelf.so.1
ln -fs libelf.so.1 /usr/lib/libelf.so
make: Leaving directory '/sources/elfutils-0.191/libelf'
'config/libelf.pc' -> '/usr/lib/pkgconfig/libelf.pc'
removed '/usr/lib/libelf.a'


CFLAGS:: -march=x86-64-v3 -mtune=haswell -Os -pipe -fno-plt -fPIC -fstack-clash-protection -ffunction-sections -fdata-sections
CXXFLAGS:: -march=x86-64-v3 -mtune=haswell -Os -pipe -fno-plt -fPIC -fstack-clash-protection -ffunction-sections -fdata-sections -Wp,-D_GLIBCXX_ASSERTIONS
CPPFLAGS:: -DNDEBUG
LDFLAGS:: -Wl,-O2,--sort-common,--as-needed,-z,relro,-z,now,--gc-sections,--compress-debug-sections=zstd


Thu May  2 16:16:36 UTC 2024

Totalseconds: 12

KB: 1214728	/

