Fri May  3 09:56:57 UTC 2024
KB: 1252656	/

checking build system type... x86_64-pc-linux-uclibc
checking host system type... x86_64-pc-linux-uclibc
checking target system type... x86_64-pc-linux-uclibc
continue configure in default builddir "./x86_64-pc-linux-uclibc"
....exec /bin/sh .././configure "--srcdir=.." "--enable-builddir=x86_64-pc-linux-uclibc" "linux
uclibc"
checking build system type... x86_64-pc-linux-uclibc
checking host system type... x86_64-pc-linux-uclibc
checking target system type... x86_64-pc-linux-uclibc
checking for gsed... sed
checking for a BSD-compatible install... /usr/bin/install -c
checking whether build environment is sane... yes
checking for a race-free mkdir -p... /usr/bin/mkdir -p
checking for gawk... gawk
checking whether make sets $(MAKE)... yes
checking whether make supports nested variables... yes
checking for gcc... gcc
checking whether the C compiler works... yes
checking for C compiler default output file name... a.out
checking for suffix of executables... 
checking whether we are cross compiling... no
checking for suffix of object files... o
checking whether the compiler supports GNU C... yes
checking whether gcc accepts -g... yes
checking for gcc option to enable C11 features... none needed
checking whether gcc understands -c and -o together... yes
checking whether make supports the include directive... yes (GNU style)
checking dependency style of gcc... gcc3
checking for g++... g++
checking whether the compiler supports GNU C++... yes
checking whether g++ accepts -g... yes
checking for g++ option to enable C++11 features... none needed
checking dependency style of g++... gcc3
checking dependency style of gcc... gcc3
checking for grep that handles long lines and -e... /usr/bin/grep
checking for egrep... /usr/bin/grep -E
checking how to print strings... printf
checking for a sed that does not truncate output... /usr/bin/sed
checking for fgrep... /usr/bin/grep -F
checking for ld used by gcc... /usr/bin/ld
checking if the linker (/usr/bin/ld) is GNU ld... yes
checking for BSD- or MS-compatible name lister (nm)... /usr/bin/nm -B
checking the name lister (/usr/bin/nm -B) interface... BSD nm
checking whether ln -s works... yes
checking the maximum length of command line arguments... 1572864
checking how to convert x86_64-pc-linux-uclibc file names to x86_64-pc-linux-uclibc format... func_convert_file_noop
checking how to convert x86_64-pc-linux-uclibc file names to toolchain format... func_convert_file_noop
checking for /usr/bin/ld option to reload object files... -r
checking for file... file
checking for objdump... objdump
checking how to recognize dependent libraries... pass_all
checking for dlltool... no
checking how to associate runtime and link libraries... printf %s\n
checking for ar... ar
checking for archiver @FILE support... @
checking for strip... strip
checking for ranlib... ranlib
checking command to parse /usr/bin/nm -B output from gcc object... ok
checking for sysroot... no
checking for a working dd... /usr/bin/dd
checking how to truncate binary pipes... /usr/bin/dd bs=4096 count=1
checking for mt... no
checking if : is a manifest tool... no
checking for stdio.h... yes
checking for stdlib.h... yes
checking for string.h... yes
checking for inttypes.h... yes
checking for stdint.h... yes
checking for strings.h... yes
checking for sys/stat.h... yes
checking for sys/types.h... yes
checking for unistd.h... yes
checking for dlfcn.h... yes
checking for objdir... .libs
checking if gcc supports -fno-rtti -fno-exceptions... no
checking for gcc option to produce PIC... -fPIC -DPIC
checking if gcc PIC flag -fPIC -DPIC works... yes
checking if gcc static flag -static works... yes
checking if gcc supports -c -o file.o... yes
checking if gcc supports -c -o file.o... (cached) yes
checking whether the gcc linker (/usr/bin/ld -m elf_x86_64) supports shared libraries... yes
checking whether -lc should be explicitly linked in... no
checking dynamic linker characteristics... GNU/Linux ld.so
checking how to hardcode library paths into programs... immediate
checking whether stripping libraries is possible... yes
checking if libtool supports shared libraries... yes
checking whether to build shared libraries... yes
checking whether to build static libraries... no
checking how to run the C++ preprocessor... g++ -E
checking for ld used by g++... /usr/bin/ld -m elf_x86_64
checking if the linker (/usr/bin/ld -m elf_x86_64) is GNU ld... yes
checking whether the g++ linker (/usr/bin/ld -m elf_x86_64) supports shared libraries... yes
checking for g++ option to produce PIC... -fPIC -DPIC
checking if g++ PIC flag -fPIC -DPIC works... yes
checking if g++ static flag -static works... yes
checking if g++ supports -c -o file.o... yes
checking if g++ supports -c -o file.o... (cached) yes
checking whether the g++ linker (/usr/bin/ld -m elf_x86_64) supports shared libraries... yes
checking dynamic linker characteristics... (cached) GNU/Linux ld.so
checking how to hardcode library paths into programs... immediate
checking for readelf... readelf
checking size of size_t... 8
checking for C compiler vendor... gnu
checking CFLAGS for most reasonable warnings... -Wall
checking whether to enable maintainer-specific portions of Makefiles... no
checking for sys/memfd.h... no
checking for memfd_create... no
checking for egrep... (cached) /usr/bin/grep -E
checking for memcpy... yes
checking for alloca.h... yes
checking size of double... 8
checking size of long double... 16
checking whether byte ordering is bigendian... no
checking assembler .cfi pseudo-op support... yes
checking assembler supports pc related relocs... yes
checking whether compiler supports pointer authentication... no
checking for _ prefix in compiled symbols... no
checking toolchain supports unwind section type... yes
checking whether C compiler accepts -fno-lto... yes
checking whether .eh_frame section should be read-only... yes
checking for __attribute__((visibility("hidden")))... yes
checking for shared libgcc... yes
configure: versioning on shared library symbols is gnu
checking that generated files are newer than configure... done
configure: creating ./config.status
config.status: creating include/Makefile
config.status: creating include/ffi.h
config.status: creating Makefile
config.status: creating testsuite/Makefile
config.status: creating man/Makefile
config.status: creating doc/Makefile
config.status: creating libffi.pc
config.status: creating fficonfig.h
config.status: executing buildir commands
config.status: create top_srcdir/Makefile guessed from local Makefile
config.status: build in x86_64-pc-linux-uclibc (HOST=)
config.status: executing depfiles commands
config.status: executing libtool commands
config.status: executing include commands
config.status: executing src commands
MAKE x86_64-pc-linux-uclibc : 0 * all-all
make[1]: Entering directory '/sources/libffi-3.4.6/x86_64-pc-linux-uclibc'
make  all-recursive
make[2]: Entering directory '/sources/libffi-3.4.6/x86_64-pc-linux-uclibc'
Making all in include
make[3]: Entering directory '/sources/libffi-3.4.6/x86_64-pc-linux-uclibc/include'
make[3]: Nothing to be done for 'all'.
make[3]: Leaving directory '/sources/libffi-3.4.6/x86_64-pc-linux-uclibc/include'
Making all in testsuite
make[3]: Entering directory '/sources/libffi-3.4.6/x86_64-pc-linux-uclibc/testsuite'
make[3]: Nothing to be done for 'all'.
make[3]: Leaving directory '/sources/libffi-3.4.6/x86_64-pc-linux-uclibc/testsuite'
Making all in man
make[3]: Entering directory '/sources/libffi-3.4.6/x86_64-pc-linux-uclibc/man'
make[3]: Nothing to be done for 'all'.
make[3]: Leaving directory '/sources/libffi-3.4.6/x86_64-pc-linux-uclibc/man'
Making all in doc
make[3]: Entering directory '/sources/libffi-3.4.6/x86_64-pc-linux-uclibc/doc'
make[3]: Nothing to be done for 'all'.
make[3]: Leaving directory '/sources/libffi-3.4.6/x86_64-pc-linux-uclibc/doc'
make[3]: Entering directory '/sources/libffi-3.4.6/x86_64-pc-linux-uclibc'
gcc -DHAVE_CONFIG_H -I. -I..  -I. -I../include -Iinclude -I../src -DNDEBUG  -Wall -march=x86-64-v3 -mtune=haswell -Os -pipe -fno-plt -fPIC -fstack-clash-protection -ffunction-sections -fdata-sections -fexceptions -DX86_64 -DGENERATE_LIBFFI_MAP \
 -E -x assembler-with-cpp -o libffi.map ../libffi.map.in
depbase=`echo src/prep_cif.lo | sed 's|[^/]*$|.deps/&|;s|\.lo$||'`;\
/bin/sh ./libtool  --tag=CC   --mode=compile gcc -DHAVE_CONFIG_H -I. -I..  -I. -I../include -Iinclude -I../src -DNDEBUG  -Wall -march=x86-64-v3 -mtune=haswell -Os -pipe -fno-plt -fPIC -fstack-clash-protection -ffunction-sections -fdata-sections -fexceptions -MT src/prep_cif.lo -MD -MP -MF $depbase.Tpo -c -o src/prep_cif.lo ../src/prep_cif.c &&\
mv -f $depbase.Tpo $depbase.Plo
depbase=`echo src/types.lo | sed 's|[^/]*$|.deps/&|;s|\.lo$||'`;\
/bin/sh ./libtool  --tag=CC   --mode=compile gcc -DHAVE_CONFIG_H -I. -I..  -I. -I../include -Iinclude -I../src -DNDEBUG  -Wall -march=x86-64-v3 -mtune=haswell -Os -pipe -fno-plt -fPIC -fstack-clash-protection -ffunction-sections -fdata-sections -fexceptions -MT src/types.lo -MD -MP -MF $depbase.Tpo -c -o src/types.lo ../src/types.c &&\
mv -f $depbase.Tpo $depbase.Plo
depbase=`echo src/raw_api.lo | sed 's|[^/]*$|.deps/&|;s|\.lo$||'`;\
/bin/sh ./libtool  --tag=CC   --mode=compile gcc -DHAVE_CONFIG_H -I. -I..  -I. -I../include -Iinclude -I../src -DNDEBUG  -Wall -march=x86-64-v3 -mtune=haswell -Os -pipe -fno-plt -fPIC -fstack-clash-protection -ffunction-sections -fdata-sections -fexceptions -MT src/raw_api.lo -MD -MP -MF $depbase.Tpo -c -o src/raw_api.lo ../src/raw_api.c &&\
mv -f $depbase.Tpo $depbase.Plo
depbase=`echo src/java_raw_api.lo | sed 's|[^/]*$|.deps/&|;s|\.lo$||'`;\
/bin/sh ./libtool  --tag=CC   --mode=compile gcc -DHAVE_CONFIG_H -I. -I..  -I. -I../include -Iinclude -I../src -DNDEBUG  -Wall -march=x86-64-v3 -mtune=haswell -Os -pipe -fno-plt -fPIC -fstack-clash-protection -ffunction-sections -fdata-sections -fexceptions -MT src/java_raw_api.lo -MD -MP -MF $depbase.Tpo -c -o src/java_raw_api.lo ../src/java_raw_api.c &&\
mv -f $depbase.Tpo $depbase.Plo
libtool: compile:  gcc -DHAVE_CONFIG_H -I. -I.. -I. -I../include -Iinclude -I../src -DNDEBUG -Wall -march=x86-64-v3 -mtune=haswell -Os -pipe -fno-plt -fPIC -fstack-clash-protection -ffunction-sections -fdata-sections -fexceptions -MT src/prep_cif.lo -MD -MP -MF src/.deps/prep_cif.Tpo -c ../src/prep_cif.c  -fPIC -DPIC -o src/.libs/prep_cif.o
libtool: compile:  gcc -DHAVE_CONFIG_H -I. -I.. -I. -I../include -Iinclude -I../src -DNDEBUG -Wall -march=x86-64-v3 -mtune=haswell -Os -pipe -fno-plt -fPIC -fstack-clash-protection -ffunction-sections -fdata-sections -fexceptions -MT src/types.lo -MD -MP -MF src/.deps/types.Tpo -c ../src/types.c  -fPIC -DPIC -o src/.libs/types.o
libtool: compile:  gcc -DHAVE_CONFIG_H -I. -I.. -I. -I../include -Iinclude -I../src -DNDEBUG -Wall -march=x86-64-v3 -mtune=haswell -Os -pipe -fno-plt -fPIC -fstack-clash-protection -ffunction-sections -fdata-sections -fexceptions -MT src/java_raw_api.lo -MD -MP -MF src/.deps/java_raw_api.Tpo -c ../src/java_raw_api.c  -fPIC -DPIC -o src/.libs/java_raw_api.o
libtool: compile:  gcc -DHAVE_CONFIG_H -I. -I.. -I. -I../include -Iinclude -I../src -DNDEBUG -Wall -march=x86-64-v3 -mtune=haswell -Os -pipe -fno-plt -fPIC -fstack-clash-protection -ffunction-sections -fdata-sections -fexceptions -MT src/raw_api.lo -MD -MP -MF src/.deps/raw_api.Tpo -c ../src/raw_api.c  -fPIC -DPIC -o src/.libs/raw_api.o
../src/java_raw_api.c: In function 'ffi_java_raw_call':
../src/java_raw_api.c:317:3: warning: 'ffi_java_raw_to_ptrarray' is deprecated [-Wdeprecated-declarations]
  317 |   ffi_java_raw_to_ptrarray (cif, raw, avalue);
      |   ^~~~~~~~~~~~~~~~~~~~~~~~
../src/java_raw_api.c:76:1: note: declared here
   76 | ffi_java_raw_to_ptrarray (ffi_cif *cif, ffi_java_raw *raw, void **args)
      | ^~~~~~~~~~~~~~~~~~~~~~~~
../src/java_raw_api.c: In function 'ffi_java_translate_args':
../src/java_raw_api.c:328:3: warning: 'ffi_java_raw_size' is deprecated [-Wdeprecated-declarations]
  328 |   ffi_java_raw *raw = (ffi_java_raw*)alloca (ffi_java_raw_size (cif));
      |   ^~~~~~~~~~~~
../src/java_raw_api.c:45:1: note: declared here
   45 | ffi_java_raw_size (ffi_cif *cif)
      | ^~~~~~~~~~~~~~~~~
../src/java_raw_api.c:331:3: warning: 'ffi_java_ptrarray_to_raw' is deprecated [-Wdeprecated-declarations]
  331 |   ffi_java_ptrarray_to_raw (cif, avalue, raw);
      |   ^~~~~~~~~~~~~~~~~~~~~~~~
../src/java_raw_api.c:157:1: note: declared here
  157 | ffi_java_ptrarray_to_raw (ffi_cif *cif, void **args, ffi_java_raw *raw)
      | ^~~~~~~~~~~~~~~~~~~~~~~~
../src/java_raw_api.c: In function 'ffi_prep_java_raw_closure':
../src/java_raw_api.c:369:3: warning: 'ffi_prep_java_raw_closure_loc' is deprecated [-Wdeprecated-declarations]
  369 |   return ffi_prep_java_raw_closure_loc (cl, cif, fun, user_data, cl);
      |   ^~~~~~
../src/java_raw_api.c:337:1: note: declared here
  337 | ffi_prep_java_raw_closure_loc (ffi_java_raw_closure* cl,
      | ^~~~~~~~~~~~~~~~~~~~~~~~~~~~~
depbase=`echo src/closures.lo | sed 's|[^/]*$|.deps/&|;s|\.lo$||'`;\
/bin/sh ./libtool  --tag=CC   --mode=compile gcc -DHAVE_CONFIG_H -I. -I..  -I. -I../include -Iinclude -I../src -DNDEBUG  -Wall -march=x86-64-v3 -mtune=haswell -Os -pipe -fno-plt -fPIC -fstack-clash-protection -ffunction-sections -fdata-sections -fexceptions -MT src/closures.lo -MD -MP -MF $depbase.Tpo -c -o src/closures.lo ../src/closures.c &&\
mv -f $depbase.Tpo $depbase.Plo
libtool: compile:  gcc -DHAVE_CONFIG_H -I. -I.. -I. -I../include -Iinclude -I../src -DNDEBUG -Wall -march=x86-64-v3 -mtune=haswell -Os -pipe -fno-plt -fPIC -fstack-clash-protection -ffunction-sections -fdata-sections -fexceptions -MT src/closures.lo -MD -MP -MF src/.deps/closures.Tpo -c ../src/closures.c  -fPIC -DPIC -o src/.libs/closures.o
depbase=`echo src/tramp.lo | sed 's|[^/]*$|.deps/&|;s|\.lo$||'`;\
/bin/sh ./libtool  --tag=CC   --mode=compile gcc -DHAVE_CONFIG_H -I. -I..  -I. -I../include -Iinclude -I../src -DNDEBUG  -Wall -march=x86-64-v3 -mtune=haswell -Os -pipe -fno-plt -fPIC -fstack-clash-protection -ffunction-sections -fdata-sections -fexceptions -MT src/tramp.lo -MD -MP -MF $depbase.Tpo -c -o src/tramp.lo ../src/tramp.c &&\
mv -f $depbase.Tpo $depbase.Plo
depbase=`echo src/x86/ffi64.lo | sed 's|[^/]*$|.deps/&|;s|\.lo$||'`;\
/bin/sh ./libtool  --tag=CC   --mode=compile gcc -DHAVE_CONFIG_H -I. -I..  -I. -I../include -Iinclude -I../src -DNDEBUG  -Wall -march=x86-64-v3 -mtune=haswell -Os -pipe -fno-plt -fPIC -fstack-clash-protection -ffunction-sections -fdata-sections -fexceptions -MT src/x86/ffi64.lo -MD -MP -MF $depbase.Tpo -c -o src/x86/ffi64.lo ../src/x86/ffi64.c &&\
mv -f $depbase.Tpo $depbase.Plo
depbase=`echo src/x86/unix64.lo | sed 's|[^/]*$|.deps/&|;s|\.lo$||'`;\
/bin/sh ./libtool  --tag=CC   --mode=compile gcc -DHAVE_CONFIG_H -I. -I..  -I. -I../include -Iinclude -I../src -DNDEBUG -I. -I../include -Iinclude -I../src -march=x86-64-v3 -mtune=haswell -Os -pipe -fno-plt -fPIC -fstack-clash-protection -ffunction-sections -fdata-sections -MT src/x86/unix64.lo -MD -MP -MF $depbase.Tpo -c -o src/x86/unix64.lo ../src/x86/unix64.S &&\
mv -f $depbase.Tpo $depbase.Plo
libtool: compile:  gcc -DHAVE_CONFIG_H -I. -I.. -I. -I../include -Iinclude -I../src -DNDEBUG -Wall -march=x86-64-v3 -mtune=haswell -Os -pipe -fno-plt -fPIC -fstack-clash-protection -ffunction-sections -fdata-sections -fexceptions -MT src/tramp.lo -MD -MP -MF src/.deps/tramp.Tpo -c ../src/tramp.c  -fPIC -DPIC -o src/.libs/tramp.o
libtool: compile:  gcc -DHAVE_CONFIG_H -I. -I.. -I. -I../include -Iinclude -I../src -DNDEBUG -Wall -march=x86-64-v3 -mtune=haswell -Os -pipe -fno-plt -fPIC -fstack-clash-protection -ffunction-sections -fdata-sections -fexceptions -MT src/x86/ffi64.lo -MD -MP -MF src/x86/.deps/ffi64.Tpo -c ../src/x86/ffi64.c  -fPIC -DPIC -o src/x86/.libs/ffi64.o
libtool: compile:  gcc -DHAVE_CONFIG_H -I. -I.. -I. -I../include -Iinclude -I../src -DNDEBUG -I. -I../include -Iinclude -I../src -march=x86-64-v3 -mtune=haswell -Os -pipe -fno-plt -fPIC -fstack-clash-protection -ffunction-sections -fdata-sections -MT src/x86/unix64.lo -MD -MP -MF src/x86/.deps/unix64.Tpo -c ../src/x86/unix64.S  -fPIC -DPIC -o src/x86/.libs/unix64.o
depbase=`echo src/x86/ffiw64.lo | sed 's|[^/]*$|.deps/&|;s|\.lo$||'`;\
/bin/sh ./libtool  --tag=CC   --mode=compile gcc -DHAVE_CONFIG_H -I. -I..  -I. -I../include -Iinclude -I../src -DNDEBUG  -Wall -march=x86-64-v3 -mtune=haswell -Os -pipe -fno-plt -fPIC -fstack-clash-protection -ffunction-sections -fdata-sections -fexceptions -MT src/x86/ffiw64.lo -MD -MP -MF $depbase.Tpo -c -o src/x86/ffiw64.lo ../src/x86/ffiw64.c &&\
mv -f $depbase.Tpo $depbase.Plo
libtool: compile:  gcc -DHAVE_CONFIG_H -I. -I.. -I. -I../include -Iinclude -I../src -DNDEBUG -Wall -march=x86-64-v3 -mtune=haswell -Os -pipe -fno-plt -fPIC -fstack-clash-protection -ffunction-sections -fdata-sections -fexceptions -MT src/x86/ffiw64.lo -MD -MP -MF src/x86/.deps/ffiw64.Tpo -c ../src/x86/ffiw64.c  -fPIC -DPIC -o src/x86/.libs/ffiw64.o
depbase=`echo src/x86/win64.lo | sed 's|[^/]*$|.deps/&|;s|\.lo$||'`;\
/bin/sh ./libtool  --tag=CC   --mode=compile gcc -DHAVE_CONFIG_H -I. -I..  -I. -I../include -Iinclude -I../src -DNDEBUG -I. -I../include -Iinclude -I../src -march=x86-64-v3 -mtune=haswell -Os -pipe -fno-plt -fPIC -fstack-clash-protection -ffunction-sections -fdata-sections -MT src/x86/win64.lo -MD -MP -MF $depbase.Tpo -c -o src/x86/win64.lo ../src/x86/win64.S &&\
mv -f $depbase.Tpo $depbase.Plo
libtool: compile:  gcc -DHAVE_CONFIG_H -I. -I.. -I. -I../include -Iinclude -I../src -DNDEBUG -I. -I../include -Iinclude -I../src -march=x86-64-v3 -mtune=haswell -Os -pipe -fno-plt -fPIC -fstack-clash-protection -ffunction-sections -fdata-sections -MT src/x86/win64.lo -MD -MP -MF src/x86/.deps/win64.Tpo -c ../src/x86/win64.S  -fPIC -DPIC -o src/x86/.libs/win64.o
/bin/sh ./libtool  --tag=CC   --mode=link gcc  -Wall -march=x86-64-v3 -mtune=haswell -Os -pipe -fno-plt -fPIC -fstack-clash-protection -ffunction-sections -fdata-sections -fexceptions  -Wl,-O2,--sort-common,--as-needed,-z,relro,-z,now,--gc-sections,--compress-debug-sections=zstd -o libffi_convenience.la  src/prep_cif.lo src/types.lo src/raw_api.lo src/java_raw_api.lo src/closures.lo src/tramp.lo   src/x86/ffi64.lo src/x86/unix64.lo src/x86/ffiw64.lo src/x86/win64.lo 
/bin/sh ./libtool  --tag=CC   --mode=link gcc  -Wall -march=x86-64-v3 -mtune=haswell -Os -pipe -fno-plt -fPIC -fstack-clash-protection -ffunction-sections -fdata-sections -fexceptions -no-undefined -version-info `grep -v '^#' ../libtool-version` -Wl,--version-script,libffi.map  '-Wl,-O2,--sort-common,--as-needed,-z,relro,-z,now,--gc-sections,--compress-debug-sections=zstd'  -Wl,-O2,--sort-common,--as-needed,-z,relro,-z,now,--gc-sections,--compress-debug-sections=zstd -o libffi.la -rpath /usr/lib/../lib src/prep_cif.lo src/types.lo src/raw_api.lo src/java_raw_api.lo src/closures.lo src/tramp.lo  src/x86/ffi64.lo src/x86/unix64.lo src/x86/ffiw64.lo src/x86/win64.lo 
libtool: link: ar cr .libs/libffi_convenience.a src/.libs/prep_cif.o src/.libs/types.o src/.libs/raw_api.o src/.libs/java_raw_api.o src/.libs/closures.o src/.libs/tramp.o src/x86/.libs/ffi64.o src/x86/.libs/unix64.o src/x86/.libs/ffiw64.o src/x86/.libs/win64.o 
libtool: link: gcc -shared  -fPIC -DPIC  src/.libs/prep_cif.o src/.libs/types.o src/.libs/raw_api.o src/.libs/java_raw_api.o src/.libs/closures.o src/.libs/tramp.o src/x86/.libs/ffi64.o src/x86/.libs/unix64.o src/x86/.libs/ffiw64.o src/x86/.libs/win64.o    -march=x86-64-v3 -mtune=haswell -Os -Wl,--version-script -Wl,libffi.map -Wl,-O2 -Wl,--sort-common -Wl,--as-needed -Wl,-z -Wl,relro -Wl,-z -Wl,now -Wl,--gc-sections -Wl,--compress-debug-sections=zstd -Wl,-O2 -Wl,--sort-common -Wl,--as-needed -Wl,-z -Wl,relro -Wl,-z -Wl,now -Wl,--gc-sections -Wl,--compress-debug-sections=zstd   -Wl,-soname -Wl,libffi.so.8 -o .libs/libffi.so.8.1.4
libtool: link: ranlib .libs/libffi_convenience.a
libtool: link: ( cd ".libs" && rm -f "libffi_convenience.la" && ln -s "../libffi_convenience.la" "libffi_convenience.la" )
libtool: link: (cd ".libs" && rm -f "libffi.so.8" && ln -s "libffi.so.8.1.4" "libffi.so.8")
libtool: link: (cd ".libs" && rm -f "libffi.so" && ln -s "libffi.so.8.1.4" "libffi.so")
libtool: link: ( cd ".libs" && rm -f "libffi.la" && ln -s "../libffi.la" "libffi.la" )
make[3]: Leaving directory '/sources/libffi-3.4.6/x86_64-pc-linux-uclibc'
make[2]: Leaving directory '/sources/libffi-3.4.6/x86_64-pc-linux-uclibc'
make[1]: Leaving directory '/sources/libffi-3.4.6/x86_64-pc-linux-uclibc'
MAKE x86_64-pc-linux-uclibc : 0 * install
make[1]: Entering directory '/sources/libffi-3.4.6/x86_64-pc-linux-uclibc'
Making install in include
make[2]: Entering directory '/sources/libffi-3.4.6/x86_64-pc-linux-uclibc/include'
make[3]: Entering directory '/sources/libffi-3.4.6/x86_64-pc-linux-uclibc/include'
make[3]: Nothing to be done for 'install-exec-am'.
 /usr/bin/mkdir -p '/usr/include'
 /usr/bin/install -c -m 644 ffi.h ffitarget.h '/usr/include'
make[3]: Leaving directory '/sources/libffi-3.4.6/x86_64-pc-linux-uclibc/include'
make[2]: Leaving directory '/sources/libffi-3.4.6/x86_64-pc-linux-uclibc/include'
Making install in testsuite
make[2]: Entering directory '/sources/libffi-3.4.6/x86_64-pc-linux-uclibc/testsuite'
make[3]: Entering directory '/sources/libffi-3.4.6/x86_64-pc-linux-uclibc/testsuite'
make[3]: Nothing to be done for 'install-exec-am'.
make[3]: Nothing to be done for 'install-data-am'.
make[3]: Leaving directory '/sources/libffi-3.4.6/x86_64-pc-linux-uclibc/testsuite'
make[2]: Leaving directory '/sources/libffi-3.4.6/x86_64-pc-linux-uclibc/testsuite'
Making install in man
make[2]: Entering directory '/sources/libffi-3.4.6/x86_64-pc-linux-uclibc/man'
make[3]: Entering directory '/sources/libffi-3.4.6/x86_64-pc-linux-uclibc/man'
make[3]: Nothing to be done for 'install-exec-am'.
 /usr/bin/mkdir -p '/usr/share/man/man3'
 /usr/bin/install -c -m 644 ../../man/ffi.3 ../../man/ffi_call.3 ../../man/ffi_prep_cif.3 ../../man/ffi_prep_cif_var.3 '/usr/share/man/man3'
make[3]: Leaving directory '/sources/libffi-3.4.6/x86_64-pc-linux-uclibc/man'
make[2]: Leaving directory '/sources/libffi-3.4.6/x86_64-pc-linux-uclibc/man'
Making install in doc
make[2]: Entering directory '/sources/libffi-3.4.6/x86_64-pc-linux-uclibc/doc'
make[3]: Entering directory '/sources/libffi-3.4.6/x86_64-pc-linux-uclibc/doc'
make[3]: Nothing to be done for 'install-exec-am'.
 /usr/bin/mkdir -p '/usr/share/info'
 /usr/bin/install -c -m 644 ../../doc/libffi.info '/usr/share/info'
 install-info --info-dir='/usr/share/info' '/usr/share/info/libffi.info'
make[3]: Leaving directory '/sources/libffi-3.4.6/x86_64-pc-linux-uclibc/doc'
make[2]: Leaving directory '/sources/libffi-3.4.6/x86_64-pc-linux-uclibc/doc'
make[2]: Entering directory '/sources/libffi-3.4.6/x86_64-pc-linux-uclibc'
make[3]: Entering directory '/sources/libffi-3.4.6/x86_64-pc-linux-uclibc'
 /usr/bin/mkdir -p '/usr/lib/pkgconfig'
 /usr/bin/mkdir -p '/usr/lib/../lib'
 /usr/bin/install -c -m 644 libffi.pc '/usr/lib/pkgconfig'
 /bin/sh ./libtool   --mode=install /usr/bin/install -c   libffi.la '/usr/lib/../lib'
libtool: install: /usr/bin/install -c .libs/libffi.so.8.1.4 /usr/lib/../lib/libffi.so.8.1.4
libtool: install: (cd /usr/lib/../lib && { ln -s -f libffi.so.8.1.4 libffi.so.8 || { rm -f libffi.so.8 && ln -s libffi.so.8.1.4 libffi.so.8; }; })
libtool: install: (cd /usr/lib/../lib && { ln -s -f libffi.so.8.1.4 libffi.so || { rm -f libffi.so && ln -s libffi.so.8.1.4 libffi.so; }; })
libtool: install: /usr/bin/install -c .libs/libffi.lai /usr/lib/../lib/libffi.la
libtool: finish: PATH="/usr/bin:/usr/sbin:/sbin" ldconfig -n /usr/lib/../lib
----------------------------------------------------------------------
Libraries have been installed in:
   /usr/lib/../lib

If you ever happen to want to link against installed libraries
in a given directory, LIBDIR, you must either use libtool, and
specify the full pathname of the library, or use the '-LLIBDIR'
flag during linking and do at least one of the following:
   - add LIBDIR to the 'LD_LIBRARY_PATH' environment variable
     during execution
   - add LIBDIR to the 'LD_RUN_PATH' environment variable
     during linking
   - use the '-Wl,-rpath -Wl,LIBDIR' linker flag

See any operating system documentation about shared libraries for
more information, such as the ld(1) and ld.so(8) manual pages.
----------------------------------------------------------------------
make[3]: Leaving directory '/sources/libffi-3.4.6/x86_64-pc-linux-uclibc'
make[2]: Leaving directory '/sources/libffi-3.4.6/x86_64-pc-linux-uclibc'
make[1]: Leaving directory '/sources/libffi-3.4.6/x86_64-pc-linux-uclibc'
MAKE x86_64-pc-linux-uclibc : 0 * distclean
make[1]: Entering directory '/sources/libffi-3.4.6/x86_64-pc-linux-uclibc'
Making distclean in include
make[2]: Entering directory '/sources/libffi-3.4.6/x86_64-pc-linux-uclibc/include'
rm -rf .libs _libs
rm -f *.lo
test -z "ffi.h" || rm -f ffi.h
rm -f TAGS ID GTAGS GRTAGS GSYMS GPATH tags
test . = "../../include" || test -z "" || rm -f 
test -z "ffitarget.h" || rm -f ffitarget.h
rm -f Makefile
make[2]: Leaving directory '/sources/libffi-3.4.6/x86_64-pc-linux-uclibc/include'
Making distclean in testsuite
make[2]: Entering directory '/sources/libffi-3.4.6/x86_64-pc-linux-uclibc/testsuite'
test -z "*.exe core* *.log *.sum" || rm -f *.exe core* *.log *.sum
rm -rf .libs _libs
rm -f *.lo
rm -f site.exp site.bak
test -z "" || rm -f 
l='libffi'; for tool in $l; do \
  rm -f $tool.sum $tool.log; \
done
test . = "../../testsuite" || test -z "" || rm -f 
rm -f Makefile
make[2]: Leaving directory '/sources/libffi-3.4.6/x86_64-pc-linux-uclibc/testsuite'
Making distclean in man
make[2]: Entering directory '/sources/libffi-3.4.6/x86_64-pc-linux-uclibc/man'
rm -rf .libs _libs
rm -f *.lo
test -z "" || rm -f 
test . = "../../man" || test -z "" || rm -f 
rm -f Makefile
make[2]: Leaving directory '/sources/libffi-3.4.6/x86_64-pc-linux-uclibc/man'
Making distclean in doc
make[2]: Entering directory '/sources/libffi-3.4.6/x86_64-pc-linux-uclibc/doc'
test -z "libffi.dvi libffi.pdf libffi.ps libffi.html" \
|| rm -rf libffi.dvi libffi.pdf libffi.ps libffi.html
rm -rf .libs _libs
rm -rf libffi.t2d libffi.t2p
rm -f *.lo
rm -f vti.tmp* ../../doc/version.texi.tmp*
test -z "" || rm -f 
test . = "../../doc" || test -z "" || rm -f 
rm -f Makefile
make[2]: Leaving directory '/sources/libffi-3.4.6/x86_64-pc-linux-uclibc/doc'
make[2]: Entering directory '/sources/libffi-3.4.6/x86_64-pc-linux-uclibc'
rm -rf .libs _libs
test -z "libffi_convenience.la" || rm -f libffi_convenience.la
test -z "libffi.la" || rm -f libffi.la
rm -f *.o
rm -rf src/.libs src/_libs
rm -rf src/aarch64/.libs src/aarch64/_libs
rm -rf src/alpha/.libs src/alpha/_libs
rm -f src/*.o
rm -rf src/arc/.libs src/arc/_libs
rm -rf src/arm/.libs src/arm/_libs
rm -rf src/avr32/.libs src/avr32/_libs
rm -f src/*.lo
rm -f ./so_locations
rm -rf src/bfin/.libs src/bfin/_libs
rm -f ./so_locations
rm -rf src/cris/.libs src/cris/_libs
rm -f *.lo
rm -f *.tab.c
rm -rf src/csky/.libs src/csky/_libs
rm -f src/aarch64/*.o
rm -rf src/frv/.libs src/frv/_libs
test -z "libffi.pc" || rm -f libffi.pc
rm -rf src/ia64/.libs src/ia64/_libs
rm -f fficonfig.h stamp-h1
rm -rf src/kvx/.libs src/kvx/_libs
rm -f libtool config.lt
rm -f src/aarch64/*.lo
rm -rf src/loongarch64/.libs src/loongarch64/_libs
test . = ".." || test -z "" || rm -f 
rm -f TAGS ID GTAGS GRTAGS GSYMS GPATH tags
rm -rf src/m32r/.libs src/m32r/_libs
rm -f cscope.out cscope.in.out cscope.po.out cscope.files
rm -rf src/m68k/.libs src/m68k/_libs
rm -f src/.deps/.dirstamp
rm -f src/alpha/*.o
rm -rf src/m88k/.libs src/m88k/_libs
rm -f src/.dirstamp
rm -rf src/metag/.libs src/metag/_libs
rm -f src/aarch64/.deps/.dirstamp
rm -rf src/microblaze/.libs src/microblaze/_libs
rm -f src/aarch64/.dirstamp
rm -f src/alpha/*.lo
rm -rf src/mips/.libs src/mips/_libs
rm -f src/alpha/.deps/.dirstamp
rm -rf src/moxie/.libs src/moxie/_libs
rm -f src/alpha/.dirstamp
rm -rf src/nios2/.libs src/nios2/_libs
rm -f src/arc/.deps/.dirstamp
rm -f src/arc/*.o
rm -rf src/or1k/.libs src/or1k/_libs
rm -f src/arc/.dirstamp
rm -rf src/pa/.libs src/pa/_libs
rm -f src/arm/.deps/.dirstamp
rm -rf src/powerpc/.libs src/powerpc/_libs
rm -f src/arm/.dirstamp
rm -f src/arc/*.lo
rm -rf src/riscv/.libs src/riscv/_libs
rm -f src/avr32/.deps/.dirstamp
rm -rf src/s390/.libs src/s390/_libs
rm -f src/avr32/.dirstamp
rm -rf src/sh/.libs src/sh/_libs
rm -f src/bfin/.deps/.dirstamp
rm -f src/arm/*.o
rm -rf src/sh64/.libs src/sh64/_libs
rm -f src/bfin/.dirstamp
rm -rf src/sparc/.libs src/sparc/_libs
rm -f src/cris/.deps/.dirstamp
rm -rf src/tile/.libs src/tile/_libs
rm -f src/cris/.dirstamp
rm -f src/arm/*.lo
rm -rf src/vax/.libs src/vax/_libs
rm -f src/csky/.deps/.dirstamp
rm -rf src/wasm32/.libs src/wasm32/_libs
rm -f src/csky/.dirstamp
rm -rf src/x86/.libs src/x86/_libs
rm -f src/frv/.deps/.dirstamp
rm -f src/avr32/*.o
rm -rf src/xtensa/.libs src/xtensa/_libs
rm -f src/frv/.dirstamp
rm -f src/ia64/.deps/.dirstamp
rm -f src/avr32/*.lo
rm -f src/ia64/.dirstamp
rm -f src/kvx/.deps/.dirstamp
rm -f src/kvx/.dirstamp
rm -f src/bfin/*.o
rm -f src/loongarch64/.deps/.dirstamp
rm -f src/loongarch64/.dirstamp
rm -f src/m32r/.deps/.dirstamp
rm -f src/m32r/.dirstamp
rm -f src/bfin/*.lo
rm -f src/m68k/.deps/.dirstamp
rm -f src/m68k/.dirstamp
rm -f src/m88k/.deps/.dirstamp
rm -f src/cris/*.o
rm -f src/m88k/.dirstamp
rm -f src/metag/.deps/.dirstamp
rm -f src/metag/.dirstamp
rm -f src/cris/*.lo
rm -f src/microblaze/.deps/.dirstamp
rm -f src/microblaze/.dirstamp
rm -f src/mips/.deps/.dirstamp
rm -f src/csky/*.o
rm -f src/mips/.dirstamp
rm -f src/moxie/.deps/.dirstamp
rm -f src/moxie/.dirstamp
rm -f src/csky/*.lo
rm -f src/nios2/.deps/.dirstamp
rm -f src/nios2/.dirstamp
rm -f src/or1k/.deps/.dirstamp
rm -f src/frv/*.o
rm -f src/or1k/.dirstamp
rm -f src/pa/.deps/.dirstamp
rm -f src/pa/.dirstamp
rm -f src/frv/*.lo
rm -f src/powerpc/.deps/.dirstamp
rm -f src/powerpc/.dirstamp
rm -f src/riscv/.deps/.dirstamp
rm -f src/ia64/*.o
rm -f src/riscv/.dirstamp
rm -f src/s390/.deps/.dirstamp
rm -f src/s390/.dirstamp
rm -f src/ia64/*.lo
rm -f src/sh/.deps/.dirstamp
rm -f src/sh/.dirstamp
rm -f src/sh64/.deps/.dirstamp
rm -f src/kvx/*.o
rm -f src/sh64/.dirstamp
rm -f src/sparc/.deps/.dirstamp
rm -f src/sparc/.dirstamp
rm -f src/kvx/*.lo
rm -f src/tile/.deps/.dirstamp
rm -f src/tile/.dirstamp
rm -f src/vax/.deps/.dirstamp
rm -f src/loongarch64/*.o
rm -f src/vax/.dirstamp
rm -f src/wasm32/.deps/.dirstamp
rm -f src/wasm32/.dirstamp
rm -f src/loongarch64/*.lo
rm -f src/x86/.deps/.dirstamp
rm -f src/x86/.dirstamp
rm -f src/xtensa/.deps/.dirstamp
rm -f src/m32r/*.o
rm -f src/xtensa/.dirstamp
test -z "local.exp" || rm -f local.exp
rm -f src/m32r/*.lo
rm -f src/m68k/*.o
rm -f src/m68k/*.lo
rm -f src/m88k/*.o
rm -f src/m88k/*.lo
rm -f src/metag/*.o
rm -f src/metag/*.lo
rm -f src/microblaze/*.o
rm -f src/microblaze/*.lo
rm -f src/mips/*.o
rm -f src/mips/*.lo
rm -f src/moxie/*.o
rm -f src/moxie/*.lo
rm -f src/nios2/*.o
rm -f src/nios2/*.lo
rm -f src/or1k/*.o
rm -f src/or1k/*.lo
rm -f src/pa/*.o
rm -f src/pa/*.lo
rm -f src/powerpc/*.o
rm -f src/powerpc/*.lo
rm -f src/riscv/*.o
rm -f src/riscv/*.lo
rm -f src/s390/*.o
rm -f src/s390/*.lo
rm -f src/sh/*.o
rm -f src/sh/*.lo
rm -f src/sh64/*.o
rm -f src/sh64/*.lo
rm -f src/sparc/*.o
rm -f src/sparc/*.lo
rm -f src/tile/*.o
rm -f src/tile/*.lo
rm -f src/vax/*.o
rm -f src/vax/*.lo
rm -f src/wasm32/*.o
rm -f src/wasm32/*.lo
rm -f src/x86/*.o
rm -f src/x86/*.lo
rm -f src/xtensa/*.o
rm -f src/xtensa/*.lo
make[2]: Leaving directory '/sources/libffi-3.4.6/x86_64-pc-linux-uclibc'
rm -f config.status config.cache config.log configure.lineno config.status.lineno
rm -f src/.deps/closures.Plo
rm -f src/.deps/debug.Plo
rm -f src/.deps/java_raw_api.Plo
rm -f src/.deps/prep_cif.Plo
rm -f src/.deps/raw_api.Plo
rm -f src/.deps/tramp.Plo
rm -f src/.deps/types.Plo
rm -f src/aarch64/.deps/ffi.Plo
rm -f src/aarch64/.deps/sysv.Plo
rm -f src/aarch64/.deps/win64_armasm.Plo
rm -f src/alpha/.deps/ffi.Plo
rm -f src/alpha/.deps/osf.Plo
rm -f src/arc/.deps/arcompact.Plo
rm -f src/arc/.deps/ffi.Plo
rm -f src/arm/.deps/ffi.Plo
rm -f src/arm/.deps/sysv.Plo
rm -f src/arm/.deps/sysv_msvc_arm32.Plo
rm -f src/avr32/.deps/ffi.Plo
rm -f src/avr32/.deps/sysv.Plo
rm -f src/bfin/.deps/ffi.Plo
rm -f src/bfin/.deps/sysv.Plo
rm -f src/cris/.deps/ffi.Plo
rm -f src/cris/.deps/sysv.Plo
rm -f src/csky/.deps/ffi.Plo
rm -f src/csky/.deps/sysv.Plo
rm -f src/frv/.deps/eabi.Plo
rm -f src/frv/.deps/ffi.Plo
rm -f src/ia64/.deps/ffi.Plo
rm -f src/ia64/.deps/unix.Plo
rm -f src/kvx/.deps/ffi.Plo
rm -f src/kvx/.deps/sysv.Plo
rm -f src/loongarch64/.deps/ffi.Plo
rm -f src/loongarch64/.deps/sysv.Plo
rm -f src/m32r/.deps/ffi.Plo
rm -f src/m32r/.deps/sysv.Plo
rm -f src/m68k/.deps/ffi.Plo
rm -f src/m68k/.deps/sysv.Plo
rm -f src/m88k/.deps/ffi.Plo
rm -f src/m88k/.deps/obsd.Plo
rm -f src/metag/.deps/ffi.Plo
rm -f src/metag/.deps/sysv.Plo
rm -f src/microblaze/.deps/ffi.Plo
rm -f src/microblaze/.deps/sysv.Plo
rm -f src/mips/.deps/ffi.Plo
rm -f src/mips/.deps/n32.Plo
rm -f src/mips/.deps/o32.Plo
rm -f src/moxie/.deps/eabi.Plo
rm -f src/moxie/.deps/ffi.Plo
rm -f src/nios2/.deps/ffi.Plo
rm -f src/nios2/.deps/sysv.Plo
rm -f src/or1k/.deps/ffi.Plo
rm -f src/or1k/.deps/sysv.Plo
rm -f src/pa/.deps/ffi.Plo
rm -f src/pa/.deps/hpux32.Plo
rm -f src/pa/.deps/hpux64.Plo
rm -f src/pa/.deps/linux.Plo
rm -f src/powerpc/.deps/aix.Plo
rm -f src/powerpc/.deps/aix_closure.Plo
rm -f src/powerpc/.deps/darwin.Plo
rm -f src/powerpc/.deps/darwin_closure.Plo
rm -f src/powerpc/.deps/ffi.Plo
rm -f src/powerpc/.deps/ffi_darwin.Plo
rm -f src/powerpc/.deps/ffi_linux64.Plo
rm -f src/powerpc/.deps/ffi_sysv.Plo
rm -f src/powerpc/.deps/linux64.Plo
rm -f src/powerpc/.deps/linux64_closure.Plo
rm -f src/powerpc/.deps/ppc_closure.Plo
rm -f src/powerpc/.deps/sysv.Plo
rm -f src/riscv/.deps/ffi.Plo
rm -f src/riscv/.deps/sysv.Plo
rm -f src/s390/.deps/ffi.Plo
rm -f src/s390/.deps/sysv.Plo
rm -f src/sh/.deps/ffi.Plo
rm -f src/sh/.deps/sysv.Plo
rm -f src/sh64/.deps/ffi.Plo
rm -f src/sh64/.deps/sysv.Plo
rm -f src/sparc/.deps/ffi.Plo
rm -f src/sparc/.deps/ffi64.Plo
rm -f src/sparc/.deps/v8.Plo
rm -f src/sparc/.deps/v9.Plo
rm -f src/tile/.deps/ffi.Plo
rm -f src/tile/.deps/tile.Plo
rm -f src/vax/.deps/elfbsd.Plo
rm -f src/vax/.deps/ffi.Plo
rm -f src/wasm32/.deps/ffi.Plo
rm -f src/x86/.deps/ffi.Plo
rm -f src/x86/.deps/ffi64.Plo
rm -f src/x86/.deps/ffiw64.Plo
rm -f src/x86/.deps/sysv.Plo
rm -f src/x86/.deps/sysv_intel.Plo
rm -f src/x86/.deps/unix64.Plo
rm -f src/x86/.deps/win64.Plo
rm -f src/x86/.deps/win64_intel.Plo
rm -f src/xtensa/.deps/ffi.Plo
rm -f src/xtensa/.deps/sysv.Plo
rm -f Makefile
make[1]: Leaving directory '/sources/libffi-3.4.6/x86_64-pc-linux-uclibc'
MAKE x86_64-pc-linux-uclibc : 1 * distclean (all local builds)
# rm -r x86_64-pc-linux-uclibc
# (sleep 3)
rm -r x86_64-pc-linux-uclibc
checking build system type... x86_64-pc-linux-uclibcx32
checking host system type... x86_64-pc-linux-uclibcx32
checking target system type... x86_64-pc-linux-uclibcx32
continue configure in default builddir "./x86_64-pc-linux-uclibcx32"
....exec /bin/sh .././configure "--srcdir=.." "--enable-builddir=x86_64-pc-linux-uclibcx32" "linux
uclibcx32"
checking build system type... x86_64-pc-linux-uclibcx32
checking host system type... x86_64-pc-linux-uclibcx32
checking target system type... x86_64-pc-linux-uclibcx32
checking for gsed... sed
checking for a BSD-compatible install... /usr/bin/install -c
checking whether build environment is sane... yes
checking for a race-free mkdir -p... /usr/bin/mkdir -p
checking for gawk... gawk
checking whether make sets $(MAKE)... yes
checking whether make supports nested variables... yes
checking for gcc... gcc -m32
checking whether the C compiler works... yes
checking for C compiler default output file name... a.out
checking for suffix of executables... 
checking whether we are cross compiling... no
checking for suffix of object files... o
checking whether the compiler supports GNU C... yes
checking whether gcc -m32 accepts -g... yes
checking for gcc -m32 option to enable C11 features... none needed
checking whether gcc -m32 understands -c and -o together... yes
checking whether make supports the include directive... yes (GNU style)
checking dependency style of gcc -m32... gcc3
checking whether the compiler supports GNU C++... yes
checking whether g++ -m32 accepts -g... yes
checking for g++ -m32 option to enable C++11 features... none needed
checking dependency style of g++ -m32... gcc3
checking dependency style of gcc -m32... gcc3
checking for grep that handles long lines and -e... /usr/bin/grep
checking for egrep... /usr/bin/grep -E
checking how to print strings... printf
checking for a sed that does not truncate output... /usr/bin/sed
checking for fgrep... /usr/bin/grep -F
checking for ld used by gcc -m32... /usr/bin/ld
checking if the linker (/usr/bin/ld) is GNU ld... yes
checking for BSD- or MS-compatible name lister (nm)... /usr/bin/nm -B
checking the name lister (/usr/bin/nm -B) interface... BSD nm
checking whether ln -s works... yes
checking the maximum length of command line arguments... 1572864
checking how to convert x86_64-pc-linux-uclibcx32 file names to x86_64-pc-linux-uclibcx32 format... func_convert_file_noop
checking how to convert x86_64-pc-linux-uclibcx32 file names to toolchain format... func_convert_file_noop
checking for /usr/bin/ld option to reload object files... -r
checking for file... file
checking for objdump... objdump
checking how to recognize dependent libraries... pass_all
checking for dlltool... no
checking how to associate runtime and link libraries... printf %s\n
checking for ar... ar
checking for archiver @FILE support... @
checking for strip... strip
checking for ranlib... ranlib
checking command to parse /usr/bin/nm -B output from gcc -m32 object... ok
checking for sysroot... no
checking for a working dd... /usr/bin/dd
checking how to truncate binary pipes... /usr/bin/dd bs=4096 count=1
checking for mt... no
checking if : is a manifest tool... no
checking for stdio.h... yes
checking for stdlib.h... yes
checking for string.h... yes
checking for inttypes.h... yes
checking for stdint.h... yes
checking for strings.h... yes
checking for sys/stat.h... yes
checking for sys/types.h... yes
checking for unistd.h... yes
checking for dlfcn.h... yes
checking for objdir... .libs
checking if gcc -m32 supports -fno-rtti -fno-exceptions... no
checking for gcc -m32 option to produce PIC... -fPIC -DPIC
checking if gcc -m32 PIC flag -fPIC -DPIC works... yes
checking if gcc -m32 static flag -static works... yes
checking if gcc -m32 supports -c -o file.o... yes
checking if gcc -m32 supports -c -o file.o... (cached) yes
checking whether the gcc -m32 linker (/usr/bin/ld -m elf_i386) supports shared libraries... yes
checking whether -lc should be explicitly linked in... no
checking dynamic linker characteristics... GNU/Linux ld.so
checking how to hardcode library paths into programs... immediate
checking whether stripping libraries is possible... yes
checking if libtool supports shared libraries... yes
checking whether to build shared libraries... yes
checking whether to build static libraries... no
checking how to run the C++ preprocessor... g++ -m32 -E
checking for ld used by g++ -m32... /usr/bin/ld -m elf_i386
checking if the linker (/usr/bin/ld -m elf_i386) is GNU ld... yes
checking whether the g++ -m32 linker (/usr/bin/ld -m elf_i386) supports shared libraries... yes
checking for g++ -m32 option to produce PIC... -fPIC -DPIC
checking if g++ -m32 PIC flag -fPIC -DPIC works... yes
checking if g++ -m32 static flag -static works... yes
checking if g++ -m32 supports -c -o file.o... yes
checking if g++ -m32 supports -c -o file.o... (cached) yes
checking whether the g++ -m32 linker (/usr/bin/ld -m elf_i386) supports shared libraries... yes
checking dynamic linker characteristics... (cached) GNU/Linux ld.so
checking how to hardcode library paths into programs... immediate
checking for readelf... readelf
checking size of size_t... 4
checking for C compiler vendor... gnu
checking CFLAGS for most reasonable warnings... -Wall
checking whether to enable maintainer-specific portions of Makefiles... no
checking for sys/memfd.h... no
checking for memfd_create... no
checking for egrep... (cached) /usr/bin/grep -E
checking for memcpy... yes
checking for alloca.h... yes
checking size of double... 8
checking size of long double... 12
checking whether byte ordering is bigendian... no
checking assembler .cfi pseudo-op support... yes
checking assembler supports pc related relocs... yes
checking whether compiler supports pointer authentication... no
checking for _ prefix in compiled symbols... no
checking whether C compiler accepts -fno-lto... yes
checking whether .eh_frame section should be read-only... yes
checking for __attribute__((visibility("hidden")))... yes
checking for shared libgcc... yes
configure: versioning on shared library symbols is gnu
checking that generated files are newer than configure... done
configure: creating ./config.status
config.status: creating include/Makefile
config.status: creating include/ffi.h
config.status: creating Makefile
config.status: creating testsuite/Makefile
config.status: creating man/Makefile
config.status: creating doc/Makefile
config.status: creating libffi.pc
config.status: creating fficonfig.h
config.status: executing buildir commands
config.status: create top_srcdir/Makefile guessed from local Makefile
config.status: build in x86_64-pc-linux-uclibcx32 (HOST=)
config.status: executing depfiles commands
config.status: executing libtool commands
config.status: executing include commands
config.status: executing src commands
MAKE x86_64-pc-linux-uclibc : 0 * all-all
make[1]: Entering directory '/sources/libffi-3.4.6/x86_64-pc-linux-uclibcx32'
make  all-recursive
make[2]: Entering directory '/sources/libffi-3.4.6/x86_64-pc-linux-uclibcx32'
Making all in include
make[3]: Entering directory '/sources/libffi-3.4.6/x86_64-pc-linux-uclibcx32/include'
make[3]: Nothing to be done for 'all'.
make[3]: Leaving directory '/sources/libffi-3.4.6/x86_64-pc-linux-uclibcx32/include'
Making all in testsuite
make[3]: Entering directory '/sources/libffi-3.4.6/x86_64-pc-linux-uclibcx32/testsuite'
make[3]: Nothing to be done for 'all'.
make[3]: Leaving directory '/sources/libffi-3.4.6/x86_64-pc-linux-uclibcx32/testsuite'
Making all in man
make[3]: Entering directory '/sources/libffi-3.4.6/x86_64-pc-linux-uclibcx32/man'
make[3]: Nothing to be done for 'all'.
make[3]: Leaving directory '/sources/libffi-3.4.6/x86_64-pc-linux-uclibcx32/man'
Making all in doc
make[3]: Entering directory '/sources/libffi-3.4.6/x86_64-pc-linux-uclibcx32/doc'
make[3]: Nothing to be done for 'all'.
make[3]: Leaving directory '/sources/libffi-3.4.6/x86_64-pc-linux-uclibcx32/doc'
make[3]: Entering directory '/sources/libffi-3.4.6/x86_64-pc-linux-uclibcx32'
gcc -m32 -DHAVE_CONFIG_H -I. -I..  -I. -I../include -Iinclude -I../src -DNDEBUG  -Wall -march=x86-64-v3 -mtune=haswell -Os -pipe -fno-plt -fPIC -fstack-clash-protection -ffunction-sections -fdata-sections -fexceptions -DX86 -DGENERATE_LIBFFI_MAP \
 -E -x assembler-with-cpp -o libffi.map ../libffi.map.in
depbase=`echo src/prep_cif.lo | sed 's|[^/]*$|.deps/&|;s|\.lo$||'`;\
/bin/sh ./libtool  --tag=CC   --mode=compile gcc -m32 -DHAVE_CONFIG_H -I. -I..  -I. -I../include -Iinclude -I../src -DNDEBUG  -Wall -march=x86-64-v3 -mtune=haswell -Os -pipe -fno-plt -fPIC -fstack-clash-protection -ffunction-sections -fdata-sections -fexceptions -MT src/prep_cif.lo -MD -MP -MF $depbase.Tpo -c -o src/prep_cif.lo ../src/prep_cif.c &&\
mv -f $depbase.Tpo $depbase.Plo
depbase=`echo src/types.lo | sed 's|[^/]*$|.deps/&|;s|\.lo$||'`;\
/bin/sh ./libtool  --tag=CC   --mode=compile gcc -m32 -DHAVE_CONFIG_H -I. -I..  -I. -I../include -Iinclude -I../src -DNDEBUG  -Wall -march=x86-64-v3 -mtune=haswell -Os -pipe -fno-plt -fPIC -fstack-clash-protection -ffunction-sections -fdata-sections -fexceptions -MT src/types.lo -MD -MP -MF $depbase.Tpo -c -o src/types.lo ../src/types.c &&\
mv -f $depbase.Tpo $depbase.Plo
depbase=`echo src/raw_api.lo | sed 's|[^/]*$|.deps/&|;s|\.lo$||'`;\
/bin/sh ./libtool  --tag=CC   --mode=compile gcc -m32 -DHAVE_CONFIG_H -I. -I..  -I. -I../include -Iinclude -I../src -DNDEBUG  -Wall -march=x86-64-v3 -mtune=haswell -Os -pipe -fno-plt -fPIC -fstack-clash-protection -ffunction-sections -fdata-sections -fexceptions -MT src/raw_api.lo -MD -MP -MF $depbase.Tpo -c -o src/raw_api.lo ../src/raw_api.c &&\
mv -f $depbase.Tpo $depbase.Plo
depbase=`echo src/java_raw_api.lo | sed 's|[^/]*$|.deps/&|;s|\.lo$||'`;\
/bin/sh ./libtool  --tag=CC   --mode=compile gcc -m32 -DHAVE_CONFIG_H -I. -I..  -I. -I../include -Iinclude -I../src -DNDEBUG  -Wall -march=x86-64-v3 -mtune=haswell -Os -pipe -fno-plt -fPIC -fstack-clash-protection -ffunction-sections -fdata-sections -fexceptions -MT src/java_raw_api.lo -MD -MP -MF $depbase.Tpo -c -o src/java_raw_api.lo ../src/java_raw_api.c &&\
mv -f $depbase.Tpo $depbase.Plo
libtool: compile:  gcc -m32 -DHAVE_CONFIG_H -I. -I.. -I. -I../include -Iinclude -I../src -DNDEBUG -Wall -march=x86-64-v3 -mtune=haswell -Os -pipe -fno-plt -fPIC -fstack-clash-protection -ffunction-sections -fdata-sections -fexceptions -MT src/prep_cif.lo -MD -MP -MF src/.deps/prep_cif.Tpo -c ../src/prep_cif.c  -fPIC -DPIC -o src/.libs/prep_cif.o
libtool: compile:  gcc -m32 -DHAVE_CONFIG_H -I. -I.. -I. -I../include -Iinclude -I../src -DNDEBUG -Wall -march=x86-64-v3 -mtune=haswell -Os -pipe -fno-plt -fPIC -fstack-clash-protection -ffunction-sections -fdata-sections -fexceptions -MT src/types.lo -MD -MP -MF src/.deps/types.Tpo -c ../src/types.c  -fPIC -DPIC -o src/.libs/types.o
libtool: compile:  gcc -m32 -DHAVE_CONFIG_H -I. -I.. -I. -I../include -Iinclude -I../src -DNDEBUG -Wall -march=x86-64-v3 -mtune=haswell -Os -pipe -fno-plt -fPIC -fstack-clash-protection -ffunction-sections -fdata-sections -fexceptions -MT src/raw_api.lo -MD -MP -MF src/.deps/raw_api.Tpo -c ../src/raw_api.c  -fPIC -DPIC -o src/.libs/raw_api.o
libtool: compile:  gcc -m32 -DHAVE_CONFIG_H -I. -I.. -I. -I../include -Iinclude -I../src -DNDEBUG -Wall -march=x86-64-v3 -mtune=haswell -Os -pipe -fno-plt -fPIC -fstack-clash-protection -ffunction-sections -fdata-sections -fexceptions -MT src/java_raw_api.lo -MD -MP -MF src/.deps/java_raw_api.Tpo -c ../src/java_raw_api.c  -fPIC -DPIC -o src/.libs/java_raw_api.o
depbase=`echo src/closures.lo | sed 's|[^/]*$|.deps/&|;s|\.lo$||'`;\
/bin/sh ./libtool  --tag=CC   --mode=compile gcc -m32 -DHAVE_CONFIG_H -I. -I..  -I. -I../include -Iinclude -I../src -DNDEBUG  -Wall -march=x86-64-v3 -mtune=haswell -Os -pipe -fno-plt -fPIC -fstack-clash-protection -ffunction-sections -fdata-sections -fexceptions -MT src/closures.lo -MD -MP -MF $depbase.Tpo -c -o src/closures.lo ../src/closures.c &&\
mv -f $depbase.Tpo $depbase.Plo
depbase=`echo src/tramp.lo | sed 's|[^/]*$|.deps/&|;s|\.lo$||'`;\
/bin/sh ./libtool  --tag=CC   --mode=compile gcc -m32 -DHAVE_CONFIG_H -I. -I..  -I. -I../include -Iinclude -I../src -DNDEBUG  -Wall -march=x86-64-v3 -mtune=haswell -Os -pipe -fno-plt -fPIC -fstack-clash-protection -ffunction-sections -fdata-sections -fexceptions -MT src/tramp.lo -MD -MP -MF $depbase.Tpo -c -o src/tramp.lo ../src/tramp.c &&\
mv -f $depbase.Tpo $depbase.Plo
depbase=`echo src/x86/ffi.lo | sed 's|[^/]*$|.deps/&|;s|\.lo$||'`;\
/bin/sh ./libtool  --tag=CC   --mode=compile gcc -m32 -DHAVE_CONFIG_H -I. -I..  -I. -I../include -Iinclude -I../src -DNDEBUG  -Wall -march=x86-64-v3 -mtune=haswell -Os -pipe -fno-plt -fPIC -fstack-clash-protection -ffunction-sections -fdata-sections -fexceptions -MT src/x86/ffi.lo -MD -MP -MF $depbase.Tpo -c -o src/x86/ffi.lo ../src/x86/ffi.c &&\
mv -f $depbase.Tpo $depbase.Plo
libtool: compile:  gcc -m32 -DHAVE_CONFIG_H -I. -I.. -I. -I../include -Iinclude -I../src -DNDEBUG -Wall -march=x86-64-v3 -mtune=haswell -Os -pipe -fno-plt -fPIC -fstack-clash-protection -ffunction-sections -fdata-sections -fexceptions -MT src/closures.lo -MD -MP -MF src/.deps/closures.Tpo -c ../src/closures.c  -fPIC -DPIC -o src/.libs/closures.o
depbase=`echo src/x86/sysv.lo | sed 's|[^/]*$|.deps/&|;s|\.lo$||'`;\
/bin/sh ./libtool  --tag=CC   --mode=compile gcc -m32 -DHAVE_CONFIG_H -I. -I..  -I. -I../include -Iinclude -I../src -DNDEBUG -I. -I../include -Iinclude -I../src -march=x86-64-v3 -mtune=haswell -Os -pipe -fno-plt -fPIC -fstack-clash-protection -ffunction-sections -fdata-sections -MT src/x86/sysv.lo -MD -MP -MF $depbase.Tpo -c -o src/x86/sysv.lo ../src/x86/sysv.S &&\
mv -f $depbase.Tpo $depbase.Plo
libtool: compile:  gcc -m32 -DHAVE_CONFIG_H -I. -I.. -I. -I../include -Iinclude -I../src -DNDEBUG -Wall -march=x86-64-v3 -mtune=haswell -Os -pipe -fno-plt -fPIC -fstack-clash-protection -ffunction-sections -fdata-sections -fexceptions -MT src/tramp.lo -MD -MP -MF src/.deps/tramp.Tpo -c ../src/tramp.c  -fPIC -DPIC -o src/.libs/tramp.o
libtool: compile:  gcc -m32 -DHAVE_CONFIG_H -I. -I.. -I. -I../include -Iinclude -I../src -DNDEBUG -Wall -march=x86-64-v3 -mtune=haswell -Os -pipe -fno-plt -fPIC -fstack-clash-protection -ffunction-sections -fdata-sections -fexceptions -MT src/x86/ffi.lo -MD -MP -MF src/x86/.deps/ffi.Tpo -c ../src/x86/ffi.c  -fPIC -DPIC -o src/x86/.libs/ffi.o
libtool: compile:  gcc -m32 -DHAVE_CONFIG_H -I. -I.. -I. -I../include -Iinclude -I../src -DNDEBUG -I. -I../include -Iinclude -I../src -march=x86-64-v3 -mtune=haswell -Os -pipe -fno-plt -fPIC -fstack-clash-protection -ffunction-sections -fdata-sections -MT src/x86/sysv.lo -MD -MP -MF src/x86/.deps/sysv.Tpo -c ../src/x86/sysv.S  -fPIC -DPIC -o src/x86/.libs/sysv.o
/bin/sh ./libtool  --tag=CC   --mode=link gcc -m32  -Wall -march=x86-64-v3 -mtune=haswell -Os -pipe -fno-plt -fPIC -fstack-clash-protection -ffunction-sections -fdata-sections -fexceptions  -Wl,-O2,--sort-common,--as-needed,-z,relro,-z,now,--gc-sections,--compress-debug-sections=zstd -o libffi_convenience.la  src/prep_cif.lo src/types.lo src/raw_api.lo src/java_raw_api.lo src/closures.lo src/tramp.lo   src/x86/ffi.lo src/x86/sysv.lo 
/bin/sh ./libtool  --tag=CC   --mode=link gcc -m32  -Wall -march=x86-64-v3 -mtune=haswell -Os -pipe -fno-plt -fPIC -fstack-clash-protection -ffunction-sections -fdata-sections -fexceptions -no-undefined -version-info `grep -v '^#' ../libtool-version` -Wl,--version-script,libffi.map  '-Wl,-O2,--sort-common,--as-needed,-z,relro,-z,now,--gc-sections,--compress-debug-sections=zstd'  -Wl,-O2,--sort-common,--as-needed,-z,relro,-z,now,--gc-sections,--compress-debug-sections=zstd -o libffi.la -rpath /usr/lib32/../lib32 src/prep_cif.lo src/types.lo src/raw_api.lo src/java_raw_api.lo src/closures.lo src/tramp.lo  src/x86/ffi.lo src/x86/sysv.lo 
libtool: link: ar cr .libs/libffi_convenience.a src/.libs/prep_cif.o src/.libs/types.o src/.libs/raw_api.o src/.libs/java_raw_api.o src/.libs/closures.o src/.libs/tramp.o src/x86/.libs/ffi.o src/x86/.libs/sysv.o 
libtool: link: gcc -m32 -shared  -fPIC -DPIC  src/.libs/prep_cif.o src/.libs/types.o src/.libs/raw_api.o src/.libs/java_raw_api.o src/.libs/closures.o src/.libs/tramp.o src/x86/.libs/ffi.o src/x86/.libs/sysv.o    -m32 -march=x86-64-v3 -mtune=haswell -Os -Wl,--version-script -Wl,libffi.map -Wl,-O2 -Wl,--sort-common -Wl,--as-needed -Wl,-z -Wl,relro -Wl,-z -Wl,now -Wl,--gc-sections -Wl,--compress-debug-sections=zstd -Wl,-O2 -Wl,--sort-common -Wl,--as-needed -Wl,-z -Wl,relro -Wl,-z -Wl,now -Wl,--gc-sections -Wl,--compress-debug-sections=zstd   -Wl,-soname -Wl,libffi.so.8 -o .libs/libffi.so.8.1.4
libtool: link: ranlib .libs/libffi_convenience.a
libtool: link: ( cd ".libs" && rm -f "libffi_convenience.la" && ln -s "../libffi_convenience.la" "libffi_convenience.la" )
libtool: link: (cd ".libs" && rm -f "libffi.so.8" && ln -s "libffi.so.8.1.4" "libffi.so.8")
libtool: link: (cd ".libs" && rm -f "libffi.so" && ln -s "libffi.so.8.1.4" "libffi.so")
libtool: link: ( cd ".libs" && rm -f "libffi.la" && ln -s "../libffi.la" "libffi.la" )
make[3]: Leaving directory '/sources/libffi-3.4.6/x86_64-pc-linux-uclibcx32'
make[2]: Leaving directory '/sources/libffi-3.4.6/x86_64-pc-linux-uclibcx32'
make[1]: Leaving directory '/sources/libffi-3.4.6/x86_64-pc-linux-uclibcx32'
MAKE x86_64-pc-linux-uclibc : 0 * install
make[1]: Entering directory '/sources/libffi-3.4.6/x86_64-pc-linux-uclibcx32'
Making install in include
make[2]: Entering directory '/sources/libffi-3.4.6/x86_64-pc-linux-uclibcx32/include'
make[3]: Entering directory '/sources/libffi-3.4.6/x86_64-pc-linux-uclibcx32/include'
make[3]: Nothing to be done for 'install-exec-am'.
 /usr/bin/mkdir -p '/sources/libffi-3.4.6/pkg/usr/include'
 /usr/bin/install -c -m 644 ffi.h ffitarget.h '/sources/libffi-3.4.6/pkg/usr/include'
make[3]: Leaving directory '/sources/libffi-3.4.6/x86_64-pc-linux-uclibcx32/include'
make[2]: Leaving directory '/sources/libffi-3.4.6/x86_64-pc-linux-uclibcx32/include'
Making install in testsuite
make[2]: Entering directory '/sources/libffi-3.4.6/x86_64-pc-linux-uclibcx32/testsuite'
make[3]: Entering directory '/sources/libffi-3.4.6/x86_64-pc-linux-uclibcx32/testsuite'
make[3]: Nothing to be done for 'install-exec-am'.
make[3]: Nothing to be done for 'install-data-am'.
make[3]: Leaving directory '/sources/libffi-3.4.6/x86_64-pc-linux-uclibcx32/testsuite'
make[2]: Leaving directory '/sources/libffi-3.4.6/x86_64-pc-linux-uclibcx32/testsuite'
Making install in man
make[2]: Entering directory '/sources/libffi-3.4.6/x86_64-pc-linux-uclibcx32/man'
make[3]: Entering directory '/sources/libffi-3.4.6/x86_64-pc-linux-uclibcx32/man'
make[3]: Nothing to be done for 'install-exec-am'.
 /usr/bin/mkdir -p '/sources/libffi-3.4.6/pkg/usr/share/man/man3'
 /usr/bin/install -c -m 644 ../../man/ffi.3 ../../man/ffi_call.3 ../../man/ffi_prep_cif.3 ../../man/ffi_prep_cif_var.3 '/sources/libffi-3.4.6/pkg/usr/share/man/man3'
make[3]: Leaving directory '/sources/libffi-3.4.6/x86_64-pc-linux-uclibcx32/man'
make[2]: Leaving directory '/sources/libffi-3.4.6/x86_64-pc-linux-uclibcx32/man'
Making install in doc
make[2]: Entering directory '/sources/libffi-3.4.6/x86_64-pc-linux-uclibcx32/doc'
make[3]: Entering directory '/sources/libffi-3.4.6/x86_64-pc-linux-uclibcx32/doc'
make[3]: Nothing to be done for 'install-exec-am'.
 /usr/bin/mkdir -p '/sources/libffi-3.4.6/pkg/usr/share/info'
 /usr/bin/install -c -m 644 ../../doc/libffi.info '/sources/libffi-3.4.6/pkg/usr/share/info'
 install-info --info-dir='/sources/libffi-3.4.6/pkg/usr/share/info' '/sources/libffi-3.4.6/pkg/usr/share/info/libffi.info'
make[3]: Leaving directory '/sources/libffi-3.4.6/x86_64-pc-linux-uclibcx32/doc'
make[2]: Leaving directory '/sources/libffi-3.4.6/x86_64-pc-linux-uclibcx32/doc'
make[2]: Entering directory '/sources/libffi-3.4.6/x86_64-pc-linux-uclibcx32'
make[3]: Entering directory '/sources/libffi-3.4.6/x86_64-pc-linux-uclibcx32'
 /usr/bin/mkdir -p '/sources/libffi-3.4.6/pkg/usr/lib32/pkgconfig'
 /usr/bin/mkdir -p '/sources/libffi-3.4.6/pkg/usr/lib32/../lib32'
 /usr/bin/install -c -m 644 libffi.pc '/sources/libffi-3.4.6/pkg/usr/lib32/pkgconfig'
 /bin/sh ./libtool   --mode=install /usr/bin/install -c   libffi.la '/sources/libffi-3.4.6/pkg/usr/lib32/../lib32'
libtool: install: /usr/bin/install -c .libs/libffi.so.8.1.4 /sources/libffi-3.4.6/pkg/usr/lib32/../lib32/libffi.so.8.1.4
libtool: install: (cd /sources/libffi-3.4.6/pkg/usr/lib32/../lib32 && { ln -s -f libffi.so.8.1.4 libffi.so.8 || { rm -f libffi.so.8 && ln -s libffi.so.8.1.4 libffi.so.8; }; })
libtool: install: (cd /sources/libffi-3.4.6/pkg/usr/lib32/../lib32 && { ln -s -f libffi.so.8.1.4 libffi.so || { rm -f libffi.so && ln -s libffi.so.8.1.4 libffi.so; }; })
libtool: install: /usr/bin/install -c .libs/libffi.lai /sources/libffi-3.4.6/pkg/usr/lib32/../lib32/libffi.la
libtool: warning: remember to run 'libtool --finish /usr/lib32/../lib32'
make[3]: Leaving directory '/sources/libffi-3.4.6/x86_64-pc-linux-uclibcx32'
make[2]: Leaving directory '/sources/libffi-3.4.6/x86_64-pc-linux-uclibcx32'
make[1]: Leaving directory '/sources/libffi-3.4.6/x86_64-pc-linux-uclibcx32'
'pkg/usr/lib32/libffi.la' -> '/usr/lib32/libffi.la'
'pkg/usr/lib32/libffi.so' -> '/usr/lib32/libffi.so'
'pkg/usr/lib32/libffi.so.8' -> '/usr/lib32/libffi.so.8'
'pkg/usr/lib32/libffi.so.8.1.4' -> '/usr/lib32/libffi.so.8.1.4'
'pkg/usr/lib32/pkgconfig/libffi.pc' -> '/usr/lib32/pkgconfig/libffi.pc'


CFLAGS:: -march=x86-64-v3 -mtune=haswell -Os -pipe -fno-plt -fPIC -fstack-clash-protection -ffunction-sections -fdata-sections
CXXFLAGS:: -march=x86-64-v3 -mtune=haswell -Os -pipe -fno-plt -fPIC -fstack-clash-protection -ffunction-sections -fdata-sections -Wp,-D_GLIBCXX_ASSERTIONS
CPPFLAGS:: -DNDEBUG
LDFLAGS:: -Wl,-O2,--sort-common,--as-needed,-z,relro,-z,now,--gc-sections,--compress-debug-sections=zstd


Fri May  3 09:57:09 UTC 2024

Totalseconds: 12

KB: 1261516	/

