Thu May  2 16:21:41 UTC 2024
KB: 1459048	/

[4 1/32 0.026s] INLINE build/browse_py.h
[4 2/32 0.414s] CXX build/browse.o
[4 3/32 0.796s] CXX build/depfile_parser.o
[4 4/32 1.046s] CXX build/lexer.o
[4 5/32 1.943s] CXX build/clparser.o
[4 6/32 1.965s] CXX build/debug_flags.o
[4 7/32 2.318s] CXX build/build_log.o
[4 8/32 2.456s] CXX build/clean.o
[4 9/32 3.107s] CXX build/disk_interface.o
[4 10/32 3.539s] CXX build/deps_log.o
[4 11/32 3.940s] CXX build/dyndep.o
[4 12/32 4.047s] CXX build/edit_distance.o
[4 13/32 4.418s] CXX build/build.o
[4 14/32 4.798s] CXX build/dyndep_parser.o
[4 15/32 5.252s] CXX build/json.o
[4 16/32 5.474s] CXX build/graphviz.o
[4 17/32 5.510s] CXX build/eval_env.o
[4 18/32 5.902s] CXX build/line_printer.o
[4 19/32 6.195s] CXX build/metrics.o
[4 20/32 6.889s] CXX build/parser.o
[4 21/32 7.006s] CXX build/graph.o
[4 22/32 7.505s] CXX build/manifest_parser.o
[4 23/32 8.242s] CXX build/string_piece_util.o
[4 24/32 8.308s] CXX build/missing_deps.o
[4 25/32 8.522s] CXX build/status.o
[4 26/32 8.753s] CXX build/version.o
[4 27/32 9.038s] CXX build/state.o
[3 28/32 9.614s] CXX build/subprocess-posix.o
[2 29/32 9.982s] CXX build/util.o
[2 30/32 10.024s] AR build/libninja.a
[1 31/32 11.479s] CXX build/ninja.o
[1 32/32 11.666s] LINK ninja
bootstrapping ninja...
warning: A compatible version of re2c (>= 0.15.3) was not found; changes to src/*.in.cc will not affect your build.
wrote build.ninja.
bootstrap complete.  rebuilding...
'ninja' -> '/usr/bin/ninja'
'misc/bash-completion' -> '/usr/share/bash-completion/completions/ninja'
install: creating directory '/usr/share/zsh'
install: creating directory '/usr/share/zsh/site-functions'
'misc/zsh-completion' -> '/usr/share/zsh/site-functions/_ninja'


CFLAGS:: -march=x86-64-v3 -mtune=haswell -Os -pipe -fno-plt -fPIC -fstack-clash-protection -ffunction-sections -fdata-sections
CXXFLAGS:: -march=x86-64-v3 -mtune=haswell -Os -pipe -fno-plt -fPIC -fstack-clash-protection -ffunction-sections -fdata-sections -Wp,-D_GLIBCXX_ASSERTIONS
CPPFLAGS:: -DNDEBUG
LDFLAGS:: -Wl,-O2,--sort-common,--as-needed,-z,relro,-z,now,--gc-sections,--compress-debug-sections=zstd


Thu May  2 16:22:18 UTC 2024

Totalseconds: 37

KB: 1482816	/

