Fri Mar  8 09:09:51 UTC 2024
KB: 1446148	/

/sources/ninja-1.11.1/configure.py:26: DeprecationWarning: 'pipes' is deprecated and slated for removal in Python 3.13
  import pipes
[01m[K./src/ninja.cc:[m[K In constructor '[01m[K{anonymous}::DeferGuessParallelism::[01;32m[KDeferGuessParallelism[m[K(BuildConfig*)[m[K':
[01m[K./src/ninja.cc:1405:16:[m[K [01;35m[Kwarning: [m[K'[01m[K{anonymous}::DeferGuessParallelism::config[m[K' will be initialized after [[01;35m[K-Wreorder[m[K]
 1405 |   BuildConfig* [01;35m[Kconfig[m[K;
      |                [01;35m[K^~~~~~[m[K
[01m[K./src/ninja.cc:1404:8:[m[K [01;35m[Kwarning: [m[K  '[01m[Kbool {anonymous}::DeferGuessParallelism::needGuess[m[K' [[01;35m[K-Wreorder[m[K]
 1404 |   bool [01;35m[KneedGuess[m[K;
      |        [01;35m[K^~~~~~~~~[m[K
[01m[K./src/ninja.cc:1407:3:[m[K [01;35m[Kwarning: [m[K  when initialized here [[01;35m[K-Wreorder[m[K]
 1407 |   [01;35m[KDeferGuessParallelism[m[K(BuildConfig* config)
      |   [01;35m[K^~~~~~~~~~~~~~~~~~~~~[m[K
[4 1/32 0.027s] INLINE build/browse_py.h
[4 2/32 0.493s] CXX build/browse.o
[4 3/32 1.557s] CXX build/clparser.o
[4 4/32 1.578s] CXX build/debug_flags.o
[4 5/32 1.893s] CXX build/clean.o
[4 6/32 2.123s] CXX build/build_log.o
[4 7/32 2.504s] CXX build/depfile_parser.o
[4 8/32 3.074s] CXX build/disk_interface.o
[4 9/32 3.643s] CXX build/deps_log.o
[4 10/32 4.110s] CXX build/build.o
[4 11/32 4.181s] CXX build/dyndep.o
[4 12/32 4.275s] CXX build/edit_distance.o
[4 13/32 4.958s] CXX build/dyndep_parser.o
[4 14/32 5.467s] CXX build/graphviz.o
[4 15/32 5.563s] CXX build/json.o
[4 16/32 5.864s] CXX build/eval_env.o
[4 17/32 6.366s] CXX build/line_printer.o
[4 18/32 6.656s] CXX build/lexer.o
[4 19/32 7.111s] CXX build/metrics.o
[4 20/32 7.335s] CXX build/graph.o
[4 21/32 7.943s] CXX build/parser.o
[4 22/32 8.131s] CXX build/manifest_parser.o
[4 23/32 9.035s] CXX build/string_piece_util.o
[4 24/32 9.266s] CXX build/missing_deps.o
[4 25/32 9.597s] CXX build/status.o
[4 26/32 9.666s] CXX build/state.o
[4 27/32 9.889s] CXX build/version.o
[3 28/32 10.737s] CXX build/subprocess-posix.o
[2 29/32 11.018s] CXX build/util.o
[2 30/32 11.061s] AR build/libninja.a
[1 31/32 12.636s] CXX build/ninja.o
src/ninja.cc: In constructor '{anonymous}::DeferGuessParallelism::DeferGuessParallelism(BuildConfig*)':
src/ninja.cc:1405:16: warning: '{anonymous}::DeferGuessParallelism::config' will be initialized after [-Wreorder]
 1405 |   BuildConfig* config;
      |                ^~~~~~
src/ninja.cc:1404:8: warning:   'bool {anonymous}::DeferGuessParallelism::needGuess' [-Wreorder]
 1404 |   bool needGuess;
      |        ^~~~~~~~~
src/ninja.cc:1407:3: warning:   when initialized here [-Wreorder]
 1407 |   DeferGuessParallelism(BuildConfig* config)
      |   ^~~~~~~~~~~~~~~~~~~~~
[1 32/32 12.822s] LINK ninja
bootstrapping ninja...
warning: A compatible version of re2c (>= 0.11.3) was not found; changes to src/*.in.cc will not affect your build.
wrote build.ninja.
bootstrap complete.  rebuilding...
'ninja' -> '/usr/bin/ninja'
'misc/bash-completion' -> '/usr/share/bash-completion/completions/ninja'
install: creating directory '/usr/share/zsh'
install: creating directory '/usr/share/zsh/site-functions'
'misc/zsh-completion' -> '/usr/share/zsh/site-functions/_ninja'


CFLAGS:: -march=x86-64-v3 -mtune=haswell -Os -pipe -fno-plt -fPIC -ffunction-sections -fdata-sections
CXXFLAGS:: -march=x86-64-v3 -mtune=haswell -Os -pipe -fno-plt -fPIC -ffunction-sections -fdata-sections -Wp,-D_GLIBCXX_ASSERTIONS
CPPFLAGS:: -D_FORTIFY_SOURCE=2 -DNDEBUG
LDFLAGS:: -Wl,-O2,--sort-common,--as-needed,-z,relro,-z,now,--gc-sections,--compress-debug-sections=zstd


Fri Mar  8 09:10:32 UTC 2024

Totalseconds: 41

KB: 1469952	/

