Patching coreutils:
Applying patch '../coreutils-03-gentoo-uname.patch'...
patching file src/uname.c
Hunk #1 succeeded at 44 with fuzz 2.
Hunk #2 succeeded at 153 (offset -2 lines).


Applying patch '../coreutils-30-more-dir-colors.patch'...
patching file src/dircolors.hin
Hunk #1 succeeded at 9 with fuzz 1 (offset 1 line).
Hunk #2 succeeded at 71 (offset 7 lines).
Hunk #3 succeeded at 214 (offset 20 lines).


Applying patch '../coreutils-40-cp-mkdir-eexist.patch'...
patching file src/cp.c
Hunk #1 succeeded at 517 (offset 43 lines).


Applying patch '../coreutils-9.5-i18n-1.patch'...
patching file bootstrap.conf
patching file configure.ac
patching file src/cut.c
patching file src/expand-common.c
patching file src/expand-common.h
patching file src/expand.c
patching file src/fold.c
patching file src/local.mk
patching file src/pr.c
patching file src/sort.c
patching file src/unexpand.c
patching file tests/Coreutils.pm
patching file tests/expand/mb.sh
patching file tests/i18n/sort.sh
patching file tests/local.mk
patching file tests/misc/expand.pl
patching file tests/misc/fold.pl
patching file tests/misc/unexpand.pl
patching file tests/pr/pr-tests.pl
patching file tests/sort/sort-mb-tests.sh
patching file tests/sort/sort-merge.pl
patching file tests/sort/sort.pl
patching file tests/unexpand/mb.sh
patching file lib/mbfile.c
patching file lib/mbfile.h
patching file m4/mbfile.m4
patching file lib/mbchar.h


Fri May  3 10:03:24 UTC 2024
KB: 1545872	/

autoreconf: export WARNINGS=
autoreconf: Entering directory '.'
autoreconf: running: autopoint --force
Copying file build-aux/config.rpath
Copying file m4/extern-inline.m4
Copying file m4/glibc2.m4
Copying file m4/glibc21.m4
Copying file m4/intdiv0.m4
Copying file m4/intl.m4
Copying file m4/intldir.m4
Copying file m4/intmax.m4
Copying file m4/inttypes-pri.m4
Copying file m4/printf-posix.m4
Copying file m4/uintmax_t.m4
Copying file po/Makefile.in.in
Copying file po/Makevars.template
autoreconf: running: aclocal --force -I m4
autoreconf: configure.ac: tracing
autoreconf: configure.ac: not using Libtool
autoreconf: configure.ac: not using Intltool
autoreconf: configure.ac: not using Gtkdoc
autoreconf: running: /usr/bin/autoconf --force
autoreconf: running: /usr/bin/autoheader --force
autoreconf: running: automake --add-missing --copy --force-missing
autoreconf: 'build-aux/install-sh' is updated
autoreconf: 'build-aux/config.sub' is updated
autoreconf: 'build-aux/config.guess' is updated
autoreconf: Leaving directory '.'
checking for a BSD-compatible install... /usr/bin/install -c
checking whether build environment is sane... yes
checking for a race-free mkdir -p... /usr/bin/mkdir -p
checking for gawk... gawk
checking whether make sets $(MAKE)... yes
checking whether make supports nested variables... yes
checking whether make supports nested variables... (cached) yes
checking for gcc... gcc
checking whether the C compiler works... yes
checking for C compiler default output file name... a.out
checking for suffix of executables... 
checking whether we are cross compiling... no
checking for suffix of object files... o
checking whether the compiler supports GNU C... yes
checking whether gcc accepts -g... yes
checking for gcc option to enable C11 features... none needed
checking whether gcc understands -c and -o together... yes
checking whether the compiler is clang... no
checking for compiler option needed when checking for declarations... none
checking whether make supports the include directive... yes (GNU style)
checking dependency style of gcc... gcc3
checking how to run the C preprocessor... gcc -E
checking for ranlib... ranlib
checking for grep that handles long lines and -e... /usr/bin/grep
checking for egrep... /usr/bin/grep -E
checking whether ln -s works... yes
checking for stdio.h... yes
checking for stdlib.h... yes
checking for string.h... yes
checking for inttypes.h... yes
checking for stdint.h... yes
checking for strings.h... yes
checking for sys/stat.h... yes
checking for sys/types.h... yes
checking for unistd.h... yes
checking for wchar.h... yes
checking for minix/config.h... no
checking for arpa/inet.h... yes
checking for features.h... yes
checking for sys/socket.h... yes
checking for xlocale.h... yes
checking for uchar.h... yes
checking for sys/param.h... yes
checking for dirent.h... yes
checking for error.h... yes
checking for linux/xattr.h... yes
checking for fnmatch.h... yes
checking for stdio_ext.h... yes
checking for sys/vfs.h... yes
checking for sys/fs_types.h... no
checking for netdb.h... yes
checking for netinet/in.h... yes
checking for getopt.h... yes
checking for sys/cdefs.h... yes
checking for sys/time.h... yes
checking for grp.h... yes
checking for threads.h... no
checking for iconv.h... yes
checking for limits.h... yes
checking for crtdefs.h... no
checking for wctype.h... yes
checking for langinfo.h... yes
checking for math.h... yes
checking for sys/mman.h... yes
checking for sys/statvfs.h... yes
checking for obstack.h... yes
checking for priv.h... no
checking for sys/select.h... yes
checking for pthread.h... yes
checking for utmp.h... yes
checking for utmpx.h... yes
checking for OS.h... no
checking for malloc.h... yes
checking for selinux/selinux.h... no
checking for stdbool.h... yes
checking for stdckdint.h... no
checking for sys/ioctl.h... yes
checking for sys/random.h... yes
checking for sys/resource.h... yes
checking for sys/uio.h... yes
checking for sys/utsname.h... yes
checking for sys/wait.h... yes
checking for termios.h... yes
checking for utime.h... yes
checking for semaphore.h... yes
checking for hurd.h... no
checking for linux/falloc.h... yes
checking for linux/fs.h... yes
checking for paths.h... yes
checking for stropts.h... no
checking for sys/mtio.h... yes
checking for sys/systeminfo.h... no
checking for syslog.h... yes
checking for pwd.h... yes
checking for vfork.h... no
checking whether it is safe to define __EXTENSIONS__... yes
checking whether _XOPEN_SOURCE should be defined... no
checking build system type... x86_64-pc-linux-uclibc
checking host system type... x86_64-pc-linux-uclibc
checking for egrep -e... (cached) /usr/bin/grep -E
checking for Minix Amsterdam compiler... no
checking for ar... ar
checking for gcc option to enable large file support... none needed
checking for gcc option for timestamps after 2038... none needed
configure: autobuild project... GNU coreutils
configure: autobuild revision... 9.5
configure: autobuild hostname... fv-az1208-498
configure: autobuild timestamp... 20240503T100344Z
checking for lstat... yes
checking for fchmod... yes
checking for pathconf... yes
checking for btowc... yes
checking for mbrtowc... yes
checking for mbsinit... yes
checking for canonicalize_file_name... yes
checking for realpath... yes
checking for chown... yes
checking for fchown... yes
checking for _set_invalid_parameter_handler... no
checking for fchdir... yes
checking for fdopendir... yes
checking for explicit_bzero... yes
checking for posix_fadvise... yes
checking for fchmodat... yes
checking for lchmod... no
checking for fcntl... yes
checking for symlink... yes
checking for listxattr... yes
checking for fnmatch... yes
checking for mbsrtowcs... yes
checking for fpurge... no
checking for __freadptr... no
checking for __freadptrinc... no
checking for fstatat... yes
checking for fsync... yes
checking for openat... yes
checking for fstatfs... yes
checking for getdtablesize... yes
checking for microuptime... no
checking for nanouptime... no
checking for getlogin... yes
checking for flockfile... yes
checking for funlockfile... yes
checking for getexecname... no
checking for gettimeofday... yes
checking for isblank... yes
checking for iswcntrl... yes
checking for link... yes
checking for readlink... yes
checking for mbrlen... yes
checking for mbslen... no
checking for isascii... yes
checking for mprotect... yes
checking for memset_s... no
checking for getgrouplist... yes
checking for mkdirat... yes
checking for mknod... yes
checking for mkstemp... yes
checking for pipe... yes
checking for pselect... yes
checking for pthread_sigmask... yes
checking for qsort_r... yes
checking for utmpname... yes
checking for utmpxname... yes
checking for iswctype... yes
checking for renameat... yes
checking for fpathconf... yes
checking for secure_getenv... yes
checking for getuid... yes
checking for geteuid... yes
checking for getgid... yes
checking for getegid... yes
checking for setenv... yes
checking for settimeofday... yes
checking for stime... yes
checking for sigaction... yes
checking for sigaltstack... yes
checking for siginterrupt... yes
checking for snprintf... yes
checking for __xpg_strerror_r... yes
checking for strtoimax... yes
checking for strtold... yes
checking for strtoumax... yes
checking for localtime_r... yes
checking for unlinkat... yes
checking for vasnprintf... no
checking for wcrtomb... yes
checking for wcwidth... yes
checking for pause... yes
checking for getrusage... yes
checking for sleep... yes
checking for shutdown... yes
checking for usleep... yes
checking for mquery... no
checking for pstat_getprocvm... no
checking for wctob... yes
checking for directio... no
checking for nl_langinfo... yes
checking for setitimer... yes
checking for setrlimit... yes
checking for prctl... yes
checking for endgrent... yes
checking for endpwent... yes
checking for fallocate... yes
checking for setgroups... yes
checking for sethostname... yes
checking for sync... yes
checking for syncfs... yes
checking for sysinfo... yes
checking for tcgetpgrp... yes
checking for getgrgid_nomembers... no
checking for getgrnam_nomembers... no
checking for getgrent_nomembers... no
checking for fork... yes
checking for vfork... yes
checking for sys/acl.h... yes
checking for library containing acl_get_file... -lacl
checking for acl_get_file... yes
checking for acl_get_fd... yes
checking for acl_set_file... yes
checking for acl_set_fd... yes
checking for acl_free... yes
checking for acl_from_mode... yes
checking for acl_from_text... yes
checking for acl_delete_def_file... yes
checking for acl_extended_file... yes
checking for acl_delete_fd_np... no
checking for acl_delete_file_np... no
checking for acl_copy_ext_native... no
checking for acl_create_entry_np... no
checking for acl_to_short_text... no
checking for acl_free_text... no
checking for working acl_get_file... yes
checking for acl/libacl.h... yes
checking for acl_entries... yes
checking for ACL_FIRST_ENTRY... yes
checking for ACL_TYPE_EXTENDED... no
checking for gcc options needed to detect all undeclared functions... none needed
checking for size_t... yes
checking for working alloca.h... yes
checking for alloca... yes
checking whether the preprocessor supports include_next... yes
checking whether source code line length is unlimited... yes
checking for d_ino member in directory struct... yes
checking for long file names... yes
checking for C/C++ restrict keyword... __restrict__
checking whether <wchar.h> uses 'inline' correctly... yes
checking for nl_langinfo and CODESET... yes
checking for a traditional french locale... none
checking for uselocale... yes
checking whether uselocale works... yes
checking whether char8_t is correctly defined... no
checking whether char16_t is correctly defined... yes
checking whether char32_t is correctly defined... yes
checking for bit size of wchar_t... 32
checking for mbstate_t... yes
checking for a traditional japanese locale... none
checking for a french Unicode locale... none
checking for a transitional chinese locale... none
checking whether mbrtowc handles incomplete characters... guessing yes
checking whether mbrtowc works as well as mbtowc... guessing yes
checking whether mbrtoc32 is declared... no
checking whether malloc is ptrdiff_t safe... yes
checking whether malloc, realloc, calloc set errno on failure... yes
checking whether lstat correctly handles trailing slash... yes
checking whether // is distinct from /... no
checking whether realpath works... no
checking for uid_t... yes
checking for gid_t... yes
checking for unistd.h... (cached) yes
checking for working chown... yes
checking whether chown dereferences symlinks... yes
checking whether chown honors trailing slash... yes
checking whether chown always updates ctime... yes
checking whether <sys/socket.h> is self-contained... yes
checking for shutdown... (cached) yes
checking whether <sys/socket.h> defines the SHUT_* macros... yes
checking for struct sockaddr_storage... yes
checking for sa_family_t... yes
checking for struct sockaddr_storage.ss_family... yes
checking for inline... inline
checking whether linux/if_alg.h has struct sockaddr_alg.... yes
checking whether byte ordering is bigendian... no
checking if environ is properly declared... yes
checking for complete errno.h... yes
checking for error... yes
checking whether error_at_line is declared... yes
checking for error_at_line... yes
checking for working error function... yes
checking whether strerror_r is declared... yes
checking whether strerror_r returns char *... yes
checking type of array argument to getgroups... gid_t
checking whether fchdir is declared... yes
checking whether fflush works on input streams... no
checking for working fcntl.h... yes
checking for pid_t... yes
checking for mode_t... yes
checking for promoted mode_t type... mode_t
checking whether fdatasync is declared... yes
checking whether strmode is declared... no
checking for mempcpy... yes
checking whether fopen recognizes a trailing slash... yes
checking whether frexp() can be used without linking with libm... yes
checking whether alarm is declared... yes
checking whether long double and double are the same... no
checking whether stdin defaults to large file offsets... yes
checking whether fseeko is declared... yes
checking for fseeko... yes
checking whether fflush works on input streams... (cached) no
checking whether stat file-mode macros are broken... no
checking for nlink_t... yes
checking whether ftello is declared... yes
checking whether ungetc works on arbitrary bytes... yes
checking for ftello... yes
checking whether ftello works... yes
checking for O_CLOEXEC... yes
checking for library containing gethostbyname... none required
checking for gethostbyname... yes
checking for library containing getservbyname... none required
checking for getservbyname... yes
checking for library containing inet_ntop... none required
checking whether inet_ntop is declared... yes
checking for IPv4 sockets... yes
checking for IPv6 sockets... yes
checking whether getcwd (NULL, 0) allocates memory for result... yes
checking for getcwd with POSIX signature... yes
checking whether getcwd is declared... yes
checking whether getdelim is declared... yes
checking whether getdtablesize is declared... yes
checking for arithmetic hrtime_t... no
checking whether getline is declared... yes
checking whether getlogin is declared... yes
checking for ssize_t... yes
checking for getopt.h... (cached) yes
checking for getopt_long_only... yes
checking whether getopt is POSIX compatible... yes
checking for working GNU getopt function... no
checking whether timespec_get is declared... yes
checking for timespec_get... yes
checking for struct timeval... yes
checking for wide-enough struct timeval.tv_sec member... yes
checking for pthread.h... (cached) yes
checking for pthread_kill in -lpthread... yes
checking whether POSIX threads API is available... yes
checking whether setlocale (LC_ALL, NULL) is multithread-safe... guessing no
checking whether setlocale (category, NULL) is multithread-safe... guessing no
checking whether imported symbols can be declared weak... yes
checking for ld used by gcc... /usr/bin/ld
checking if the linker (/usr/bin/ld) is GNU ld... yes
checking for shared library run path origin... done
checking 32-bit host C ABI... no
checking for ELF binary format... yes
checking for the common suffixes of directories in the library search path... lib,lib,lib
od: cannot skip past end of combined input
checking for iconv... yes
checking for working iconv... yes
checking whether iconv is compatible with its POSIX signature... yes
checking for off_t... yes
checking whether limits.h has WORD_BIT, BOOL_WIDTH etc.... no
checking for wint_t... yes
checking whether wint_t is large enough... yes
checking whether the compiler produces multi-arch binaries... no
checking whether stdint.h conforms to C99... yes
checking whether stdint.h works without ISO C predefines... yes
checking whether stdint.h has UINTMAX_WIDTH etc.... no
checking whether INT32_MAX < INTMAX_MAX... yes
checking whether INT64_MAX == LONG_MAX... yes
checking whether UINT32_MAX < UINTMAX_MAX... yes
checking whether UINT64_MAX == ULONG_MAX... yes
checking where to find the exponent in a 'double'... word 1 bit 20
checking where to find the exponent in a 'float'... word 0 bit 23
checking where to find the exponent in a 'long double'... word 2 bit 0
checking whether iswcntrl works... yes
checking for towlower... yes
checking for wctype_t... yes
checking for wctrans_t... yes
checking whether wctype supports the "blank" and "punct" character classes... yes
checking whether langinfo.h defines CODESET... yes
checking whether langinfo.h defines T_FMT_AMPM... yes
checking whether langinfo.h defines ALTMON_1... no
checking whether langinfo.h defines ERA... yes
checking whether langinfo.h defines YESEXPR... yes
checking for wchar_t... yes
checking for good max_align_t... yes
checking whether NULL can be used in arbitrary expressions... yes
checking for unreachable... no
checking whether locale.h defines locale_t... yes
checking whether locale.h conforms to POSIX:2001... yes
checking whether struct lconv is properly defined... yes
checking for LC_MESSAGES... yes
checking for uselocale... (cached) yes
checking whether uselocale works... (cached) yes
checking for fake locale system (OpenBSD)... no
checking for Solaris 11.4 locale system... no
checking for getlocalename_l... no
checking whether imported symbols can be declared weak... (cached) yes
checking for multithread API to use... posix
checking for a sed that does not truncate output... /usr/bin/sed
checking whether malloc (0) returns nonnull... yes
checking whether NAN macro works... yes
checking whether HUGE_VAL works... yes
checking whether mbrtowc handles a NULL pwc argument... guessing yes
checking whether mbrtowc handles a NULL string argument... guessing yes
checking whether mbrtowc has a correct return value... guessing yes
checking whether mbrtowc returns 0 when parsing a NUL character... guessing yes
checking whether mbrtowc stores incomplete characters... guessing no
checking whether mbrtowc works on empty input... no
checking whether the C locale is free of encoding errors... no
checking for mmap... yes
checking for MAP_ANONYMOUS... yes
checking whether memchr works... yes
checking whether memrchr is declared... yes
checking whether <limits.h> defines MIN and MAX... no
checking whether <sys/param.h> defines MIN and MAX... yes
checking for compiler option needed when checking for future declarations... none
checking whether time_t is signed... yes
checking for working mktime... no
checking whether struct tm is in sys/time.h or time.h... time.h
checking for struct tm.tm_zone... yes
checking for struct tm.tm_gmtoff... yes
checking for compound literals... yes
checking for external symbol _system_configuration... no
checking for desired default level of POSIX conformance... none-specified
checking whether <sys/select.h> is self-contained... yes
checking for pthread_t... yes
checking for pthread_spinlock_t... yes
checking for PTHREAD_CREATE_DETACHED... yes
checking for PTHREAD_MUTEX_RECURSIVE... yes
checking for PTHREAD_MUTEX_ROBUST... yes
checking for PTHREAD_PROCESS_SHARED... yes
checking for sigset_t... yes
checking whether to use systemd APIs... no
checking whether endutent is declared... yes
checking for struct utmpx.ut_user... yes
checking for struct utmp.ut_user... yes
checking for struct utmpx.ut_name... yes
checking for struct utmp.ut_name... yes
checking for struct utmpx.ut_type... yes
checking for struct utmp.ut_type... yes
checking for struct utmpx.ut_pid... yes
checking for struct utmp.ut_pid... yes
checking for struct utmp.ut_tv... yes
checking for struct utmpx.ut_host... yes
checking for struct utmp.ut_host... yes
checking for struct utmpx.ut_id... yes
checking for struct utmp.ut_id... yes
checking for struct utmpx.ut_session... yes
checking for struct utmp.ut_session... yes
checking for struct utmpx.ut_exit... yes
checking for struct utmp.ut_exit... yes
checking for struct utmpx.ut_exit.ut_exit... no
checking for struct utmpx.ut_exit.e_exit... yes
checking for struct utmp.ut_exit.e_exit... yes
checking for struct utmpx.ut_exit.ut_termination... no
checking for struct utmpx.ut_exit.e_termination... yes
checking for struct utmp.ut_exit.e_termination... yes
checking whether sysinfo is declared... yes
checking for sys/sysctl.h... yes
checking for sysctl... yes
checking whether rmdir works... yes
checking whether unlink honors trailing slashes... yes
checking whether unlink of a parent directory fails as it should... guessing yes
checking for sched.h... yes
checking for struct sched_param... yes
checking for library containing setsockopt... none needed
checking for library containing setfilecon... no
checking whether setenv is declared... yes
checking for search.h... yes
checking for tsearch... yes
checking for volatile sig_atomic_t... yes
checking for sighandler_t... yes
checking whether snprintf returns a byte count as in C99... yes
checking whether printf supports POSIX/XSI format strings with positions... yes
checking whether snprintf is declared... yes
checking whether fcloseall is declared... yes
checking whether getw is declared... yes
checking whether putw is declared... yes
checking which flavor of printf attribute matches inttypes macros... system
checking whether ecvt is declared... no
checking whether fcvt is declared... no
checking whether gcvt is declared... yes
checking whether MB_CUR_MAX is correct... guessing yes
checking whether strdup is declared... yes
checking whether strerror(0) succeeds... yes
checking for strerror_r... yes
checking for strerror_r with POSIX signature... no
checking whether __xpg_strerror_r works... yes
checking whether strnlen is declared... yes
checking whether strsignal is declared... yes
checking whether ldexp() can be used without linking with libm... yes
checking whether strtoimax is declared... yes
checking whether strtoumax is declared... yes
checking whether <sys/ioctl.h> declares ioctl... yes
checking for struct utsname... yes
checking for struct timespec in <time.h>... yes
checking for TIME_UTC in <time.h>... yes
checking whether execvpe is declared... yes
checking whether clearerr_unlocked is declared... yes
checking whether feof_unlocked is declared... yes
checking whether ferror_unlocked is declared... yes
checking whether fflush_unlocked is declared... yes
checking whether fgets_unlocked is declared... yes
checking whether fputc_unlocked is declared... yes
checking whether fputs_unlocked is declared... yes
checking whether fread_unlocked is declared... yes
checking whether fwrite_unlocked is declared... yes
checking whether getc_unlocked is declared... yes
checking whether getchar_unlocked is declared... yes
checking whether putc_unlocked is declared... yes
checking whether putchar_unlocked is declared... yes
checking whether unsetenv is declared... yes
checking whether the utimes function works... yes
checking for inttypes.h... yes
checking for stdint.h... yes
checking for intmax_t... yes
checking whether snprintf truncates the result as in C99... yes
checking for wcslen... yes
checking for snprintf... (cached) yes
checking for strnlen... yes
checking for wcrtomb... (cached) yes
checking whether _snprintf is declared... no
checking whether printf supports size specifiers as in C99... yes
checking whether printf supports size specifiers as in C23... no
checking whether printf supports 'long double' arguments... yes
checking whether printf supports infinite 'double' arguments... yes
checking whether printf supports infinite 'long double' arguments... yes
checking whether printf supports the 'a' and 'A' directives... no
checking whether printf supports the 'b' directive... no
checking whether printf supports the 'F' directive... yes
checking whether printf supports the 'n' directive... yes
checking whether printf supports the 'ls' directive... yes
checking whether printf supports the 'lc' directive correctly... yes
checking whether printf supports the grouping flag... yes
checking whether printf supports the left-adjust flag correctly... yes
checking whether printf supports the zero flag correctly... yes
checking whether printf supports the alternative flag with a zero precision... yes
checking whether printf supports large precisions... yes
checking whether printf survives out-of-memory conditions... yes
checking for vasprintf... yes
checking whether wcsdup is declared... yes
checking POSIX termios... yes
checking whether use of TIOCGWINSZ requires termios.h... no
checking for C compiler option to allow warnings... -Wno-error
checking for a turkish Unicode locale... none
checking for CFPreferencesCopyAppValue... no
checking for CFLocaleCopyPreferredLanguages... no
checking for library needed for semaphore functions... none
checking whether initstate is declared... yes
checking whether setstate is declared... yes
checking whether access honors trailing slash... yes
checking for posix_memalign... yes
checking for alignas and alignof... yes, <stdalign.h> macros
checking for alloca as a compiler built-in... yes
checking whether to enable assertions... yes
checking for static_assert... yes, an <assert.h> macro
checking whether btowc(0) is correct... yes
checking whether btowc(EOF) is correct... guessing yes
checking whether btowc is consistent with mbrtowc in the C locale... no
checking for __builtin_expect... yes
checking for byteswap.h... yes
checking for nl_langinfo... yes
checking for strtod_l... yes
checking for nl_langinfo... (cached) yes
checking for strtold_l... yes
checking whether calloc (0, n) and calloc (n, 0) return nonnull... yes
checking for faccessat... yes
checking for readlinkat... yes
checking whether this system supports file names of any length... no
checking whether chmod works... yes
checking for library containing clock_gettime... none required
checking for clock_getres... yes
checking for clock_gettime... yes
checking for clock_settime... yes
checking for closedir... yes
checking for copy_file_range... no
checking whether openssl is GPL compatible... yes
checking for MD5 in -lcrypto... yes
checking for openssl/md5.h... yes
checking whether openssl is GPL compatible... (cached) yes
checking for SHA1 in -lcrypto... yes
checking for openssl/sha.h... yes
checking whether openssl is GPL compatible... (cached) yes
checking for SHA256 in -lcrypto... yes
checking for openssl/sha.h... (cached) yes
checking whether openssl is GPL compatible... (cached) yes
checking for SHA512 in -lcrypto... yes
checking for openssl/sha.h... (cached) yes
checking for d_ino member in directory struct... (cached) yes
checking for d_type member in directory struct... yes
checking for dirfd... yes
checking whether dirfd is declared... yes
checking whether dirfd is a macro... no
checking whether // is distinct from /... (cached) no
checking whether dup works... yes
checking whether dup2 works... yes
checking for euidaccess... yes
checking for faccessat... (cached) yes
checking whether fchmodat works... no
checking for readlinkat... (cached) yes
checking for fchownat... yes
checking whether fchownat works with AT_SYMLINK_NOFOLLOW... yes
checking whether fchownat works with an empty file name... yes
checking whether fcntl handles F_DUPFD correctly... yes
checking whether fcntl understands F_DUPFD_CLOEXEC... needs runtime check
checking for fdatasync... yes
checking whether fdopen sets errno... yes
checking whether fdopendir is declared... yes
checking whether fdopendir works... yes
checking whether fflush works on input streams... (cached) no
checking for struct stat.st_blocks... yes
checking for mempcpy... (cached) yes
checking for flexible array member... yes
checking whether conversion from 'int' to 'long double' works... yes
checking for working GNU fnmatch... no
checking whether fopen supports the mode character 'x'... yes
checking whether fopen supports the mode character 'e'... no
checking for __fpending... yes
checking whether __fpending is declared... yes
checking for __fpurge... yes
checking whether fpurge is declared... no
checking for __freadahead... no
checking for __freading... yes
checking whether free is known to preserve errno... no
checking whether freopen works on closed fds... yes
checking whether frexp works... yes
checking whether frexpl is declared... yes
checking whether frexpl() can be used without linking with libm... yes
checking whether frexpl works... no
checking for fseeko... (cached) yes
checking whether fflush works on input streams... (cached) no
checking for _fseeki64... no
checking for __fseterr... no
checking whether fstatat (..., 0) works... yes
checking for sys/mount.h... yes
checking for statvfs function (SVR4)... yes
checking whether to use statvfs64... no
checking for two-argument statfs with statfs.f_frsize member... yes
checking for sys/fs/s5param.h... no
checking for sys/statfs.h... yes
checking for statfs that truncates block counts... no
checking for ftello... (cached) yes
checking whether ftello works... (cached) yes
checking for strtof... yes
checking for ftruncate... yes
checking for struct statfs.f_type... yes
checking for __fsword_t... no
checking for fts_open... no
checking for futimens... yes
checking whether futimens works... no
checking for library containing getaddrinfo... none required
checking for getaddrinfo... yes
checking whether gai_strerror is declared... yes
checking whether gai_strerrorA is declared... no
checking for gai_strerror with POSIX signature... yes
checking for struct sockaddr.sa_len... no
checking whether getaddrinfo is declared... yes
checking whether freeaddrinfo is declared... yes
checking whether getnameinfo is declared... yes
checking for struct addrinfo... yes
checking whether getcwd handles long file names properly... no, but it is partly working
checking for getpagesize... yes
checking whether getcwd succeeds when 4k < cwd_length < 16k... yes
checking for getdelim... yes
checking for working getdelim function... yes
checking whether getdtablesize works... yes
checking for getgroups... yes
checking for working getgroups... yes
checking whether getgroups handles negative values... yes
checking for gethostname... yes
checking for HOST_NAME_MAX... yes
checking whether gethrtime is declared... no
checking whether CLOCK_MONOTONIC or CLOCK_REALTIME is defined... yes
checking for getline... yes
checking for working getline function... yes
checking for getloadavg... yes
checking for sys/loadavg.h... no
checking whether getloadavg is declared... yes
checking for getpagesize... (cached) yes
checking whether getpagesize is declared... yes
checking for getprogname... no
checking whether program_invocation_name is declared... yes
checking whether program_invocation_name is declared... (cached) yes
checking whether program_invocation_short_name is declared... yes
checking whether __argv is declared... no
checking for getrandom... yes
checking whether getrandom is compatible with its GNU+BSD signature... no
checking for timespec_getres... yes
checking for gettimeofday with POSIX signature... almost
checking for group_member... no
checking host operating system... GNU/Linux
checking for library containing gethostbyname... (cached) none required
checking for gethostbyname... (cached) yes
checking for library containing inet_ntop... (cached) none required
checking whether inet_ntop is declared... (cached) yes
checking whether the compiler generally respects inline... yes
checking for isapipe... no
checking whether pipes are FIFOs (and for their link count)... yes (1)
checking whether isnan(double) can be used without linking with libm... yes
checking whether isnan(float) can be used without linking with libm... yes
checking whether isnan(float) works... yes
checking whether isnan(long double) can be used without linking with libm... yes
checking whether isnanl works... yes
checking for iswblank... yes
checking whether iswblank is declared... yes
checking whether iswdigit is ISO C compliant... guessing yes
checking whether iswpunct is consistent with ispunct... yes
checking whether iswxdigit is ISO C compliant... guessing yes
checking for lchown... yes
checking for C compiler flag to ignore unused libraries... -Wl,--as-needed
checking whether the compiler supports the __inline keyword... yes
checking for gmp.h... yes
checking for libgmp... yes
checking how to link with libgmp... /usr/lib/libgmp.so
checking whether link obeys POSIX... yes
checking for __xpg4... no
checking whether link(2) dereferences a symlink... no
checking for linkat... yes
checking whether linkat() can link symlinks... yes
checking whether linkat handles trailing slash correctly... yes
checking whether localeconv works... no
checking for struct lconv.decimal_point... yes
checking for struct lconv.int_p_cs_precedes... yes
checking for pthread_rwlock_t... yes
checking whether pthread_rwlock_rdlock prefers a writer to a reader... no
checking whether lseek detects pipes... yes
checking whether SEEK_DATA works but is incompatible with GNU... no
checking whether malloc (0) returns nonnull... (cached) yes
checking whether mbrtowc handles a NULL pwc argument... (cached) guessing yes
checking whether mbrtowc handles a NULL string argument... (cached) guessing yes
checking whether mbrtowc has a correct return value... (cached) guessing yes
checking whether mbrtowc returns 0 when parsing a NUL character... (cached) guessing yes
checking whether mbrtowc stores incomplete characters... (cached) guessing no
checking whether mbrtowc works on empty input... (cached) no
checking whether the C locale is free of encoding errors... (cached) no
checking whether mbsrtowcs works... guessing yes
checking whether the C locale is free of encoding errors... (cached) no
checking whether mbswidth is declared in <wchar.h>... no
checking for mbstate_t... (cached) yes
checking for mbtowc... yes
checking for mempcpy... (cached) yes
checking for memrchr... yes
checking for memset_explicit... no
checking for explicit_memset... no
checking whether mkdir handles trailing slash... yes
checking whether mkdir handles trailing dot... yes
checking for mkfifo... yes
checking whether mkfifo rejects trailing slashes... yes
checking for mknodat... yes
checking for mkfifoat... yes
checking whether mkfifoat rejects trailing slashes... yes
checking whether mknod can create fifo without root privileges... no
checking for mkostemp... yes
checking for working mkstemp... yes
checking for __mktime_internal... no
checking for listmntent... no
checking for sys/ucred.h... no
checking for sys/mount.h... (cached) yes
checking for mntent.h... yes
checking for sys/fs_types.h... (cached) no
checking for struct fsstat.f_fstypename... no
checking for library containing getmntent... none required
checking for getmntent... yes
checking for mntctl function and struct vmount... no
checking for one-argument getmntent function... yes
checking for setmntent... yes
checking for endmntent... yes
checking for hasmntopt... yes
checking for sys/mntent.h... no
checking for sys/mkdev.h... no
checking for sys/sysmacros.h... yes
checking for struct statfs.f_fstypename... no
checking for library containing nanosleep... none required
checking for working nanosleep... no (mishandles large arguments)
checking whether <netinet/in.h> is self-contained... yes
checking for nl_langinfo... (cached) yes
checking whether YESEXPR works... yes
checking for sys/pstat.h... no
checking for sys/sysmp.h... no
checking for sys/param.h... (cached) yes
checking for sys/sysctl.h... (cached) yes
checking for sched_getaffinity_np... no
checking for pstat_getdynamic... no
checking for sysmp... no
checking for sysctl... (cached) yes
checking for sched_getaffinity... yes
checking for glibc compatible sched_getaffinity... yes
checking for C nullptr... no
checking for obstacks that work with any size object... no
checking whether open recognizes a trailing slash... yes
checking for opendir... yes
checking for bison... bison
checking for bison 2.4 or newer... 3.8.2, ok
checking for struct tm.tm_zone... (cached) yes
checking for Perl 5.005 or newer... perl
checking for sys/pstat.h... (cached) no
checking for sys/sysmp.h... (cached) no
checking for sys/sysinfo.h... yes
checking for machine/hal_sysinfo.h... no
checking for sys/table.h... no
checking for sys/param.h... (cached) yes
checking for sys/systemcfg.h... no
checking for sys/sysctl.h... (cached) yes
checking for pstat_getstatic... no
checking for pstat_getdynamic... (cached) no
checking for sysmp... (cached) no
checking for getsysinfo... no
checking for sysctl... (cached) yes
checking for table... no
checking for sysinfo... (cached) yes
checking for struct sysinfo.mem_unit... yes
checking for pipe2... yes
checking for a shell that conforms to POSIX... /bin/sh
checking for posix_memalign... (cached) yes
checking whether posix_memalign works for large alignments... yes
checking whether frexp works... (cached) yes
checking whether ldexp can be used without linking with libm... (cached) yes
checking whether frexpl() can be used without linking with libm... (cached) yes
checking whether frexpl works... (cached) no
checking whether ldexpl() can be used without linking with libm... yes
checking whether ldexpl works... yes
checking whether ldexpl is declared... yes
checking for getppriv... no
checking whether program_invocation_name is declared... (cached) yes
checking whether program_invocation_short_name is declared... (cached) yes
checking whether signature of pselect conforms to POSIX... yes
checking whether pselect detects invalid fds... yes
checking for pthread_mutexattr_getrobust... yes
checking whether pthread_create exists as a global function... yes
checking whether pthread_mutex_timedlock is declared... yes
checking for pthread_mutex_timedlock... yes
checking whether pthread_sigmask is a macro... no
checking whether pthread_sigmask works without -lpthread... yes
checking whether pthread_sigmask returns error numbers... yes
checking whether pthread_sigmask unblocks signals correctly... guessing yes
checking for putenv compatible with GNU and SVID... yes
checking for xattr library with ATTR_ACTION_PERMISSIONS... -lattr
checking for qsort_r signature... GNU
checking for raise... yes
checking for sigprocmask... yes
checking for rawmemchr... yes
checking for readdir... yes
checking whether readlink signature is correct... yes
checking whether readlink handles trailing slash correctly... yes
checking whether readlink truncates results correctly... yes
checking for readlinkat... (cached) yes
checking whether readlinkat signature is correct... yes
checking whether realloc (0, 0) returns nonnull... yes
checking for reallocarray... yes
checking for working re_compile_pattern... no
checking for libintl.h... yes
checking whether isblank is declared... yes
checking whether remove handles directories... yes
checking whether rename honors trailing slash on destination... yes
checking whether rename honors trailing slash on source... yes
checking whether rename manages hard links correctly... yes
checking whether rename manages existing destinations correctly... yes
checking for linux/fs.h... (cached) yes
checking for renameat2... no
checking for linux/fs.h... (cached) yes
checking for renameat2... (cached) no
checking for rewinddir... yes
checking whether rmdir works... (cached) yes
checking for rpmatch... yes
checking whether select supports a 0 argument... yes
checking whether select detects invalid fds... yes
checking for selinux/flask.h... no
checking for library containing getservbyname... (cached) none required
checking for getservbyname... (cached) yes
checking whether setenv validates arguments... yes
checking whether setlocale (LC_ALL, NULL) is multithread-safe... (cached) guessing no
checking whether setlocale (category, NULL) is multithread-safe... (cached) guessing no
checking whether imported symbols can be declared weak... (cached) yes
checking whether the -Werror option is usable... yes
checking for simple visibility declarations... yes
checking for sig2str... no
checking for struct sigaction.sa_sigaction... yes
checking for signbit macro... yes
checking for signbit compiler built-ins... yes
checking for sigprocmask... (cached) yes
checking for stdint.h... (cached) yes
checking for SIZE_MAX... yes
checking for smack_new_label_from_self in -lsmack... no
checking for snprintf... (cached) yes
checking whether snprintf respects a size of 1... yes
checking for socklen_t... yes
checking for ssize_t... (cached) yes
checking whether stat handles trailing slashes on files... yes
checking for struct stat.st_atim.tv_nsec... yes
checking whether struct stat.st_atim is of type struct timespec... yes
checking for struct stat.st_birthtimespec.tv_nsec... no
checking for struct stat.st_birthtimensec... no
checking for struct stat.st_birthtim.tv_nsec... no
checking for va_copy... yes
checking for bool, true, false... no
checking for stpcpy... yes
checking for working strerror function... yes
checking for working strnlen... yes
checking for strsignal... yes
checking whether strsignal always returns a string... yes
checking whether strstr works... yes
checking whether strtod obeys C99... no
checking for nl_langinfo... (cached) yes
checking whether strtoimax works... yes
checking whether strtold obeys POSIX... no
checking for nl_langinfo... (cached) yes
checking for strtoll... yes
checking whether strtoll works... no
checking for strtoull... yes
checking whether strtoull works... no
checking whether symlink handles trailing slash correctly... yes
checking for symlinkat... yes
checking whether symlinkat handles trailing slash correctly... yes
checking whether time() works... guessing yes
checking whether localtime_r is declared... yes
checking whether localtime_r is compatible with its POSIX signature... yes
checking whether localtime works even near extrema... yes
checking for timezone_t... no
checking for timegm... yes
checking whether timer_settime is declared... yes
checking for library containing timer_settime... none required
checking for timer_settime... yes
checking for uname... yes
checking whether unlink honors trailing slashes... (cached) yes
checking whether unlink of a parent directory fails as it should... (cached) guessing yes
checking whether a running program can be unlinked... yes
checking for unsetenv... yes
checking for unsetenv() return type... int
checking whether unsetenv obeys POSIX... yes
checking for utime... yes
checking whether utime handles trailing slashes on files... yes
checking for futimes... no
checking for futimesat... yes
checking for lutimes... yes
checking for futimens... (cached) yes
checking for utimensat... yes
checking for utimensat... (cached) yes
checking whether utimensat works... yes
checking for variable-length arrays... yes
checking for ptrdiff_t... yes
checking for vasprintf... (cached) yes
checking for nl_langinfo... (cached) yes
checking for ptrdiff_t... (cached) yes
checking for nl_langinfo... (cached) yes
checking for ptrdiff_t... (cached) yes
checking for nl_langinfo... (cached) yes
checking for ptrdiff_t... (cached) yes
checking whether wcrtomb works in the C locale... yes
checking whether wcrtomb return value is correct... guessing yes
checking whether wcwidth is declared... yes
checking whether wcwidth works reasonably in UTF-8 locales... yes
checking whether use of TIOCGWINSZ requires sys/ioctl.h... yes
checking whether use of TIOCGWINSZ requires termios.h... (cached) no
checking whether use of struct winsize requires sys/ptem.h... no
checking for wmemchr... yes
checking for wmempcpy... yes
checking for stdint.h... (cached) yes
checking for atoll... yes
checking whether c32rtomb is declared... no
checking whether open recognizes a trailing slash... (cached) yes
checking for duplocale... yes
checking whether byte ordering is bigendian... (cached) no
checking for library containing inet_pton... none required
checking whether inet_pton is declared... yes
checking whether byte ordering is bigendian... (cached) no
checking for ioctl... yes
checking for ioctl with POSIX signature... no
checking for newlocale... yes
checking for newlocale... (cached) yes
checking for newlocale... (cached) yes
checking for duplocale... (cached) yes
checking for freelocale... yes
checking for uselocale... (cached) yes
checking whether uselocale works... (cached) yes
checking whether perror matches strerror... yes
checking for random... yes
checking for initstate... yes
checking for setstate... yes
checking for random.h... no
checking for struct random_data... yes
checking for random_r... yes
checking whether sched_yield is declared... yes
checking whether setlocale supports the C locale... yes
checking whether sleep is declared... yes
checking for working sleep... yes
checking for catgets... no
checking for pthread_atfork... yes
checking for sys/single_threaded.h... no
checking for struct tm.tm_gmtoff... (cached) yes
checking whether tmpfile works... yes
checking for useconds_t... yes
checking whether usleep allows large arguments... yes
checking whether wctob works... guessing yes
checking whether wctob is declared... yes
checking for working volatile... yes
checking for unsigned long long int... yes
checking for sys/sysctl.h... (cached) yes
checking whether geteuid is declared... yes
checking whether getuid is declared... yes
checking whether getgrgid is declared... yes
checking whether getpwuid is declared... yes
checking whether ttyname is declared... yes
checking whether setregid is declared... yes
checking for declarations of fseeko and ftello... yes
checking for struct stat.st_author... no
checking for ino_t... yes
checking for major_t... no
checking for minor_t... no
checking for mode_to_security_class... no
checking for inotify_init... yes
checking for nfs/vfs.h... no
checking for struct statvfs.f_basetype... no
checking for struct statvfs.f_fstypename... no
checking for struct statvfs.f_type... no
checking for struct statfs.f_namelen... yes
checking for struct statfs.f_namemax... no
checking for struct statfs.f_type... (cached) yes
checking for struct statfs.f_frsize... yes
checking for cap_get_file in -lcap... yes
checking for sys/capability.h... yes
checking for working fork... yes
checking for working vfork... (cached) yes
checking for chroot... yes
checking for gethostid... yes
checking for sigsuspend... yes
checking whether use of struct winsize requires sys/ptem.h... (cached) no
checking whether localtime caches TZ... no
checking for library containing dlopen... none required
checking for dlopen and whether libcrypto is linked dynamically... yes
checking for fclonefileat... no
checking for getattrat... no
checking for statx... no
checking for initgroups... yes
checking for syslog... yes
checking for 3-argument setpriority function... yes
checking POSIX termios... (cached) yes
checking whether use of TIOCGWINSZ requires sys/ioctl.h... (cached) yes
checking whether termios.h needs _XOPEN_SOURCE... no
checking c_line in struct termios... yes
checking whether use of struct winsize requires sys/ptem.h... (cached) no
checking whether use of TIOCGWINSZ requires termios.h... (cached) no
checking whether C compiler handles -Werror... yes
checking whether C compiler handles -errwarn... no
checking whether this system supports stdbuf... yes
checking IEEE 16 bit floating point... yes
checking Brain 16 bit floating point... yes
checking if pclmul intrinsic exists... yes
checking for avx2 intrinsics... yes
checking whether NLS is requested... yes
checking for msgfmt... /usr/bin/msgfmt
checking for gmsgfmt... /usr/bin/msgfmt
checking for xgettext... /usr/bin/xgettext
checking for msgmerge... /usr/bin/msgmerge
checking for CFPreferencesCopyAppValue... (cached) no
checking for CFLocaleCopyPreferredLanguages... (cached) no
checking for GNU gettext in libc... no
checking for iconv... (cached) yes
checking for working iconv... (cached) yes
checking for GNU gettext in libintl... yes
checking whether to use NLS... yes
checking where the gettext function comes from... external libintl
checking how to link with libintl... /usr/lib/libintl.so
checking that generated files are newer than configure... done
configure: creating ./config.status
config.status: creating Makefile
config.status: creating po/Makefile.in
config.status: creating gnulib-tests/Makefile
config.status: creating lib/config.h
config.status: executing depfiles commands
config.status: executing po-directories commands
config.status: creating po/POTFILES
config.status: creating po/Makefile
  GEN      src/single-binary.mk
 cd . && /bin/sh /sources/coreutils-9.5/build-aux/missing automake-1.16 --gnu Makefile
 cd . && /bin/sh ./config.status Makefile depfiles
config.status: creating Makefile
config.status: executing depfiles commands
  GEN      lib/alloca.h
  GEN      lib/arpa/inet.h
  GEN      lib/configmake.h
  GEN      lib/ctype.h
  GEN      lib/dirent.h
  GEN      lib/error.h
  GEN      lib/fcntl.h
  GEN      lib/fnmatch.h
  GEN      lib/getopt.h
  GEN      lib/getopt-cdefs.h
  GEN      lib/malloc/dynarray.gl.h
  GEN      lib/malloc/dynarray-skeleton.gl.h
  GEN      lib/malloc/scratch_buffer.gl.h
  GEN      lib/iconv.h
  GEN      lib/inttypes.h
  GEN      lib/langinfo.h
  GEN      lib/limits.h
  GEN      lib/locale.h
  GEN      lib/math.h
  GEN      lib/netdb.h
  GEN      lib/obstack.h
  GEN      lib/pthread.h
  GEN      lib/sched.h
  GEN      lib/selinux/selinux.h
  GEN      lib/selinux/label.h
  GEN      lib/selinux/context.h
  GEN      lib/signal.h
  GEN      lib/stdckdint.h
  GEN      lib/stddef.h
  GEN      lib/stdint.h
  GEN      lib/stdio.h
  GEN      lib/stdlib.h
  GEN      lib/string.h
  GEN      lib/sys/ioctl.h
  GEN      lib/sys/random.h
  GEN      lib/sys/resource.h
  GEN      lib/sys/select.h
  GEN      lib/sys/socket.h
  GEN      lib/sys/stat.h
  GEN      lib/sys/time.h
  GEN      lib/sys/types.h
  GEN      lib/sys/uio.h
  GEN      lib/sys/utsname.h
  GEN      lib/sys/wait.h
  GEN      lib/termios.h
  GEN      lib/time.h
  GEN      lib/uchar.h
  GEN      lib/unicase.h
  GEN      lib/unictype.h
  GEN      lib/uninorm.h
  GEN      lib/unistd.h
  GEN      lib/unistr.h
  GEN      lib/unitypes.h
  GEN      lib/uniwidth.h
  GEN      lib/utime.h
  GEN      lib/wchar.h
  GEN      lib/wctype.h
  GEN      src/coreutils.h
  GEN      src/dircolors.h
  GEN      src/version.c
  GEN      src/version.h
make  all-recursive
make[1]: Entering directory '/sources/coreutils-9.5'
Making all in po
make[2]: Entering directory '/sources/coreutils-9.5/po'
make[2]: Nothing to be done for 'all'.
make[2]: Leaving directory '/sources/coreutils-9.5/po'
Making all in .
make[2]: Entering directory '/sources/coreutils-9.5'
  CC       lib/libcoreutils_a-long-options.o
  CC       lib/libcoreutils_a-malloca.o
  CC       lib/libcoreutils_a-math.o
  CC       lib/libcoreutils_a-mbrlen.o
make[3]: Entering directory '/sources/coreutils-9.5'
  CC       lib/libcoreutils_a-mbrtoc32.o
  CC       lib/libcoreutils_a-mbrtowc.o
  CC       lib/libcoreutils_a-mbscasecmp.o
make[3]: Leaving directory '/sources/coreutils-9.5'
  CC       lib/libcoreutils_a-mbschr.o
  CC       lib/libcoreutils_a-mbslen.o
  CC       lib/libcoreutils_a-mbsrtoc32s.o
  CC       lib/libcoreutils_a-mbsrtowcs.o
  CC       lib/libcoreutils_a-mbswidth.o
  CC       lib/libcoreutils_a-mbszero.o
  CC       lib/libcoreutils_a-mcel.o
  CC       lib/libcoreutils_a-memcasecmp.o
  CC       lib/libcoreutils_a-memchr2.o
  CC       lib/libcoreutils_a-memcmp2.o
  CC       lib/libcoreutils_a-memcoll.o
  CC       lib/libcoreutils_a-memset_explicit.o
  CC       lib/libcoreutils_a-mgetgroups.o
  CC       lib/libcoreutils_a-mkancesdirs.o
  CC       lib/libcoreutils_a-dirchownmod.o
  CC       lib/libcoreutils_a-mkdir-p.o
  CC       lib/libcoreutils_a-mknod.o
  CC       lib/libcoreutils_a-modechange.o
  CC       lib/libcoreutils_a-mountlist.o
  CC       lib/libcoreutils_a-mpsort.o
  CC       lib/libcoreutils_a-nanosleep.o
  CC       lib/libcoreutils_a-nl_langinfo.o
  CC       lib/libcoreutils_a-nproc.o
  CC       lib/libcoreutils_a-nstrftime.o
  CC       lib/libcoreutils_a-obstack.o
  CC       lib/libcoreutils_a-openat-die.o
  CC       lib/libcoreutils_a-openat-safer.o
  CC       lib/libcoreutils_a-opendirat.o
  CC       lib/libcoreutils_a-parse-datetime.o
  CC       lib/libcoreutils_a-physmem.o
  CC       lib/libcoreutils_a-pipe2.o
  CC       lib/libcoreutils_a-posixtm.o
  CC       lib/libcoreutils_a-posixver.o
  CC       lib/libcoreutils_a-printf-frexp.o
  CC       lib/libcoreutils_a-printf-frexpl.o
  CC       lib/libcoreutils_a-priv-set.o
  CC       lib/libcoreutils_a-progname.o
  CC       lib/libcoreutils_a-propername-lite.o
  CC       lib/libcoreutils_a-qcopy-acl.o
  CC       lib/libcoreutils_a-qset-acl.o
  CC       lib/libcoreutils_a-quotearg.o
  CC       lib/libcoreutils_a-randint.o
  CC       lib/libcoreutils_a-randperm.o
  CC       lib/libcoreutils_a-randread.o
  CC       lib/libcoreutils_a-rand-isaac.o
  CC       lib/libcoreutils_a-read-file.o
  CC       lib/libcoreutils_a-readtokens.o
  CC       lib/libcoreutils_a-readtokens0.o
  CC       lib/libcoreutils_a-readutmp.o
  CC       lib/libcoreutils_a-regex.o
  CC       lib/libcoreutils_a-renameatu.o
  CC       lib/libcoreutils_a-root-dev-ino.o
  CC       lib/libcoreutils_a-safe-read.o
  CC       lib/libcoreutils_a-safe-write.o
  CC       lib/libcoreutils_a-same.o
  CC       lib/libcoreutils_a-same-inode.o
  CC       lib/libcoreutils_a-save-cwd.o
  CC       lib/libcoreutils_a-savedir.o
  CC       lib/libcoreutils_a-savewd.o
  CC       lib/libcoreutils_a-selinux-at.o
  CC       lib/libcoreutils_a-se-context.o
  CC       lib/libcoreutils_a-se-label.o
  CC       lib/libcoreutils_a-se-selinux.o
  CC       lib/libcoreutils_a-setlocale_null.o
  CC       lib/libcoreutils_a-setlocale-lock.o
  CC       lib/libcoreutils_a-setlocale_null-unlocked.o
  CC       lib/libcoreutils_a-settime.o
  CC       lib/libcoreutils_a-sig2str.o
  CC       lib/libcoreutils_a-sig-handler.o
  CC       lib/libcoreutils_a-skipchars.o
  CC       lib/libcoreutils_a-sockets.o
  CC       lib/libcoreutils_a-stat-time.o
  CC       lib/libcoreutils_a-mkstemp-safer.o
  CC       lib/libcoreutils_a-strnlen1.o
  CC       lib/libcoreutils_a-strintcmp.o
  CC       lib/libcoreutils_a-strnumcmp.o
  CC       lib/libcoreutils_a-strtod.o
  CC       lib/libcoreutils_a-strtold.o
  CC       lib/libcoreutils_a-strtoll.o
  CC       lib/libcoreutils_a-strtoull.o
  CC       lib/libcoreutils_a-sys_socket.o
  CC       lib/libcoreutils_a-targetdir.o
  CC       lib/libcoreutils_a-tempname.o
  CC       lib/glthread/libcoreutils_a-threadlib.o
  CC       lib/libcoreutils_a-time_rz.o
  CC       lib/libcoreutils_a-timegm.o
  CC       lib/libcoreutils_a-timespec.o
  CC       lib/glthread/libcoreutils_a-tls.o
  CC       lib/libcoreutils_a-tmpdir.o
  CC       lib/libcoreutils_a-u64.o
  CC       lib/libcoreutils_a-unicodeio.o
  CC       lib/libcoreutils_a-unistd.o
  CC       lib/libcoreutils_a-dup-safer.o
  CC       lib/libcoreutils_a-fd-safer.o
  CC       lib/libcoreutils_a-pipe-safer.o
  CC       lib/libcoreutils_a-unlinkdir.o
  CC       lib/libcoreutils_a-userspec.o
  CC       lib/libcoreutils_a-utimecmp.o
  CC       lib/libcoreutils_a-utimens.o
  CC       lib/libcoreutils_a-verror.o
  CC       lib/libcoreutils_a-version-etc.o
  CC       lib/libcoreutils_a-version-etc-fsf.o
  CC       lib/libcoreutils_a-wctype-h.o
  CC       lib/libcoreutils_a-write-any-file.o
  CC       lib/libcoreutils_a-xalignalloc.o
  CC       lib/libcoreutils_a-xmalloc.o
  CC       lib/libcoreutils_a-xalloc-die.o
  CC       lib/libcoreutils_a-xbinary-io.o
  CC       lib/libcoreutils_a-xdectoimax.o
  CC       lib/libcoreutils_a-xdectoumax.o
  CC       lib/libcoreutils_a-xfts.o
  CC       lib/libcoreutils_a-xgetcwd.o
  CC       lib/libcoreutils_a-xgetgroups.o
  CC       lib/libcoreutils_a-xgethostname.o
  CC       lib/libcoreutils_a-xmemcoll.o
  CC       lib/libcoreutils_a-xnanosleep.o
  CC       lib/libcoreutils_a-xprintf.o
  CC       lib/libcoreutils_a-xreadlink.o
  CC       lib/libcoreutils_a-xsize.o
  CC       lib/libcoreutils_a-xstrtod.o
  CC       lib/libcoreutils_a-xstrtoimax.o
  CC       lib/libcoreutils_a-xstrtol.o
  CC       lib/libcoreutils_a-xstrtoul.o
  CC       lib/libcoreutils_a-xstrtol-error.o
  CC       lib/libcoreutils_a-xstrtold.o
  CC       lib/libcoreutils_a-xstrtoumax.o
  CC       lib/libcoreutils_a-xvasprintf.o
  CC       lib/libcoreutils_a-xasprintf.o
  CC       lib/libcoreutils_a-yesno.o
  CC       lib/asnprintf.o
  CC       lib/asprintf.o
  CC       lib/fnmatch.o
  CC       lib/fopen.o
  CC       lib/frexpl.o
  CC       lib/mbsrtoc32s-state.o
  CC       lib/mbsrtowcs-state.o
  CC       lib/mktime.o
  CC       lib/printf-args.o
  CC       lib/printf-parse.o
  CC       lib/vasnprintf.o
  CC       lib/vasprintf.o
  CC       lib/vfprintf.o
  CC       lib/vprintf.o
  CC       src/hostid.o
  CC       src/timeout.o
  CC       src/operand2sig.o
  CC       src/nice.o
  CC       src/who.o
  CC       src/users.o
  CC       src/pinky.o
  CC       src/stty.o
  CC       src/df.o
src/df.c: In function 'replace_invalid_chars':
src/df.c:321:22: warning: implicit declaration of function 'mbszero'; did you mean 'bzero'? [-Wimplicit-function-declaration]
  321 |   mbstate_t mbstate; mbszero (&mbstate);
      |                      ^~~~~~~
      |                      bzero
  CC       src/find-mount-point.o
  CC       src/stdbuf.o
  CC       src/lbracket.o
  CC       src/b2sum-digest.o
  CC       src/base64-basenc.o
  CC       src/base32-basenc.o
  CC       src/basenc-basenc.o
  CC       src/basename.o
  CC       src/cat.o
  CC       src/chcon.o
  CC       src/chown.o
  CC       src/chown-core.o
  CC       src/chown-chgrp.o
  CC       src/chmod.o
  CC       src/chown-chown.o
  CC       src/cksum-digest.o
  CC       src/blake2/cksum-blake2b-ref.o
  CC       src/blake2/cksum-b2sum.o
  CC       src/cksum-sum.o
  CC       src/cksum-cksum.o
  CC       src/cksum-crctab.o
  CC       src/libcksum_pclmul_a-cksum_pclmul.o
  CC       src/comm.o
  CC       src/cp.o
  CC       src/copy.o
  CC       src/cp-hash.o
  CC       src/force-link.o
  CC       src/selinux.o
  CC       src/csplit.o
  CC       src/cut.o
  CC       src/set-fields.o
  CC       src/date.o
  CC       src/dd.o
  CC       src/ls.o
  CC       src/ls-dir.o
  CC       src/dircolors.o
src/ls.c: In function 'quote_name_buf':
src/ls.c:4609:40: warning: implicit declaration of function 'mbszero'; did you mean 'bzero'? [-Wimplicit-function-declaration]
 4609 |                     mbstate_t mbstate; mbszero (&mbstate);
      |                                        ^~~~~~~
      |                                        bzero
  CC       src/dirname.o
  CC       src/du.o
  CC       src/echo.o
  CC       src/env.o
  CC       src/expand.o
  CC       src/expand-common.o
In file included from src/expand.c:42:
./lib/mbfile.h:229:3: warning: 'mb_copy' is static but used in inline function 'mbfile_multi_ungetc' which is not static
  229 |   mb_copy (&mbf->pushback, mbc);
      |   ^~~~~~~
./lib/mbfile.h:96:7: warning: 'mb_copy' is static but used in inline function 'mbfile_multi_getc' which is not static
   96 |       mb_copy (mbc, &mbf->pushback);
      |       ^~~~~~~
In file included from src/expand-common.c:22:
./lib/mbfile.h:229:3: warning: 'mb_copy' is static but used in inline function 'mbfile_multi_ungetc' which is not static
  229 |   mb_copy (&mbf->pushback, mbc);
      |   ^~~~~~~
./lib/mbfile.h:96:7: warning: 'mb_copy' is static but used in inline function 'mbfile_multi_getc' which is not static
   96 |       mb_copy (mbc, &mbf->pushback);
      |       ^~~~~~~
  CC       lib/mbfile.o
  CC       src/expr.o
  CC       src/factor.o
  CC       src/false.o
  CC       src/fmt.o
  CC       src/fold.o
  CC       src/install.o
  CC       src/prog-fprintf.o
  CC       src/groups.o
  CC       src/group-list.o
  CC       src/head.o
  CC       src/id.o
  CC       src/join.o
  CC       src/link.o
  CC       src/ln.o
  CC       src/relpath.o
  CC       src/logname.o
  CC       src/ls-ls.o
  CC       src/md5sum-digest.o
  CC       src/mkdir.o
  CC       src/mkfifo.o
  CC       src/mknod.o
  CC       src/mktemp.o
  CC       src/mv.o
  CC       src/remove.o
  CC       src/nl.o
  CC       src/nproc.o
  CC       src/nohup.o
  CC       src/numfmt.o
  CC       src/od.o
  CC       src/paste.o
  CC       src/pathchk.o
  CC       src/pr.o
  CC       src/printenv.o
  CC       src/printf.o
  CC       src/ptx.o
  CC       src/pwd.o
  CC       src/readlink.o
  CC       src/realpath.o
  CC       src/rm.o
  CC       src/rmdir.o
  CC       src/runcon.o
  CC       src/seq.o
  CC       src/sha1sum-digest.o
  CC       src/sha224sum-digest.o
  CC       src/sha256sum-digest.o
  CC       src/sha384sum-digest.o
  CC       src/sha512sum-digest.o
  CC       src/shred.o
  CC       src/shuf.o
  CC       src/sleep.o
  CC       src/sort.o
  CC       src/split.o
  CC       src/temp-stream.o
  CC       src/stat.o
  CC       src/sum-sum.o
  CC       src/sum-digest.o
  CC       src/sync.o
  CC       src/tac.o
  CC       src/tail.o
  CC       src/iopoll.o
  CC       src/tee.o
  CC       src/test.o
  CC       src/touch.o
  CC       src/tr.o
  CC       src/true.o
  CC       src/truncate.o
  CC       src/tsort.o
  CC       src/tty.o
  CC       src/uname.o
  CC       src/uname-uname.o
  CC       src/unexpand.o
  CC       src/uniq.o
  CC       src/unlink.o
src/uname.c: In function '__eat_cpuinfo_space':
src/uname.c:173:29: warning: implicit declaration of function 'isspace' [-Wimplicit-function-declaration]
  173 |         while (tmp > buf && isspace (*tmp))
      |                             ^~~~~~~
src/uname.c:56:1: note: include '<ctype.h>' or provide a declaration of 'isspace'
   55 | #include "uname.h"
  +++ |+#include <ctype.h>
   56 | 
In file included from src/unexpand.c:43:
./lib/mbfile.h:229:3: warning: 'mb_copy' is static but used in inline function 'mbfile_multi_ungetc' which is not static
  229 |   mb_copy (&mbf->pushback, mbc);
      |   ^~~~~~~
./lib/mbfile.h:96:7: warning: 'mb_copy' is static but used in inline function 'mbfile_multi_getc' which is not static
   96 |       mb_copy (mbc, &mbf->pushback);
      |       ^~~~~~~
  CC       src/ls-vdir.o
  CC       src/wc.o
  CC       src/libwc_avx2_a-wc_avx2.o
  CC       src/whoami.o
src/wc.c: In function 'wc':
src/wc.c:411:24: warning: implicit declaration of function 'mbszero'; did you mean 'bzero'? [-Wimplicit-function-declaration]
  411 |       mbstate_t state; mbszero (&state);
      |                        ^~~~~~~
      |                        bzero
  CC       src/yes.o
  CC       src/getlimits.o
  CC       src/make-prime-list.o
  CC       src/libstdbuf_so-libstdbuf.o
  CC       src/chroot.o
  CC       src/version.o
  CC       lib/libcoreutils_a-copy-acl.o
  CC       lib/libcoreutils_a-set-acl.o
  CC       lib/libcoreutils_a-acl-errno-valid.o
  CC       lib/libcoreutils_a-acl-internal.o
  CC       lib/libcoreutils_a-get-permissions.o
  CC       lib/libcoreutils_a-set-permissions.o
  CC       lib/libcoreutils_a-alignalloc.o
  CC       lib/libcoreutils_a-allocator.o
  CC       lib/libcoreutils_a-areadlink.o
  CC       lib/libcoreutils_a-areadlink-with-size.o
  CC       lib/libcoreutils_a-areadlinkat.o
  CC       lib/libcoreutils_a-areadlinkat-with-size.o
  CC       lib/libcoreutils_a-argmatch.o
  CC       lib/libcoreutils_a-argv-iter.o
  CC       lib/libcoreutils_a-openat-proc.o
  CC       lib/libcoreutils_a-backupfile.o
  CC       lib/libcoreutils_a-backup-rename.o
  CC       lib/libcoreutils_a-backup-find.o
  CC       lib/libcoreutils_a-base32.o
  CC       lib/libcoreutils_a-base64.o
  CC       lib/libcoreutils_a-basename-lgpl.o
  CC       lib/libcoreutils_a-binary-io.o
  CC       lib/libcoreutils_a-bitrotate.o
  CC       lib/libcoreutils_a-btoc32.o
  CC       lib/libcoreutils_a-btowc.o
  CC       lib/libcoreutils_a-buffer-lcm.o
  CC       lib/libcoreutils_a-c-ctype.o
  CC       lib/libcoreutils_a-c-file-type.o
  CC       lib/libcoreutils_a-c-strcasecmp.o
  CC       lib/libcoreutils_a-c-strncasecmp.o
  CC       lib/libcoreutils_a-c-strtod.o
  CC       lib/libcoreutils_a-c-strtold.o
  CC       lib/libcoreutils_a-c32_apply_type_test.o
  CC       lib/libcoreutils_a-c32_get_type_test.o
  CC       lib/libcoreutils_a-c32isalnum.o
  CC       lib/libcoreutils_a-c32isblank.o
  CC       lib/libcoreutils_a-c32isalpha.o
  CC       lib/libcoreutils_a-c32iscntrl.o
  CC       lib/libcoreutils_a-c32isdigit.o
  CC       lib/libcoreutils_a-c32isgraph.o
  CC       lib/libcoreutils_a-c32islower.o
  CC       lib/libcoreutils_a-c32isprint.o
  CC       lib/libcoreutils_a-c32ispunct.o
  CC       lib/libcoreutils_a-c32isspace.o
  CC       lib/libcoreutils_a-c32isupper.o
  CC       lib/libcoreutils_a-c32isxdigit.o
  CC       lib/libcoreutils_a-c32tolower.o
  CC       lib/libcoreutils_a-c32width.o
  CC       lib/libcoreutils_a-canon-host.o
  CC       lib/libcoreutils_a-canonicalize.o
  CC       lib/libcoreutils_a-careadlinkat.o
  CC       lib/libcoreutils_a-chdir-long.o
  CC       lib/libcoreutils_a-chmodat.o
  CC       lib/libcoreutils_a-chownat.o
  CC       lib/libcoreutils_a-cl-strtod.o
  CC       lib/libcoreutils_a-cl-strtold.o
  CC       lib/libcoreutils_a-cloexec.o
  CC       lib/libcoreutils_a-close-stream.o
  CC       lib/libcoreutils_a-closein.o
  CC       lib/libcoreutils_a-closeout.o
  CC       lib/libcoreutils_a-copy-file-range.o
  CC       lib/libcoreutils_a-count-leading-zeros.o
  CC       lib/libcoreutils_a-af_alg.o
  CC       lib/libcoreutils_a-md5-stream.o
  CC       lib/libcoreutils_a-md5.o
  CC       lib/libcoreutils_a-sha1-stream.o
  CC       lib/libcoreutils_a-sha1.o
  CC       lib/libcoreutils_a-sha256-stream.o
  CC       lib/libcoreutils_a-sha256.o
  CC       lib/libcoreutils_a-sha512-stream.o
  CC       lib/libcoreutils_a-sha512.o
  CC       lib/libcoreutils_a-sm3-stream.o
  CC       lib/libcoreutils_a-sm3.o
  CC       lib/libcoreutils_a-cycle-check.o
  CC       lib/libcoreutils_a-di-set.o
  CC       lib/libcoreutils_a-opendir-safer.o
  CC       lib/libcoreutils_a-dirname.o
  CC       lib/libcoreutils_a-basename.o
  CC       lib/libcoreutils_a-dirname-lgpl.o
  CC       lib/libcoreutils_a-stripslash.o
  CC       lib/libcoreutils_a-dtoastr.o
  CC       lib/libcoreutils_a-dtotimespec.o
  CC       lib/libcoreutils_a-exclude.o
  CC       lib/libcoreutils_a-exitfail.o
  CC       lib/libcoreutils_a-fadvise.o
  CC       lib/libcoreutils_a-fchmodat.o
  CC       lib/libcoreutils_a-fclose.o
  CC       lib/libcoreutils_a-fcntl.o
  CC       lib/libcoreutils_a-creat-safer.o
  CC       lib/libcoreutils_a-open-safer.o
  CC       lib/libcoreutils_a-fd-hook.o
  CC       lib/libcoreutils_a-fd-reopen.o
  CC       lib/libcoreutils_a-fd-safer-flag.o
  CC       lib/libcoreutils_a-dup-safer-flag.o
  CC       lib/libcoreutils_a-fdutimensat.o
  CC       lib/libcoreutils_a-fflush.o
  CC       lib/libcoreutils_a-file-has-acl.o
  CC       lib/libcoreutils_a-file-set.o
  CC       lib/libcoreutils_a-file-type.o
  CC       lib/libcoreutils_a-filemode.o
  CC       lib/libcoreutils_a-filenamecat.o
  CC       lib/libcoreutils_a-filenamecat-lgpl.o
  CC       lib/libcoreutils_a-filevercmp.o
  CC       lib/libcoreutils_a-fopen-safer.o
  CC       lib/libcoreutils_a-fprintftime.o
  CC       lib/libcoreutils_a-fpurge.o
  CC       lib/libcoreutils_a-freadahead.o
  CC       lib/libcoreutils_a-freading.o
  CC       lib/libcoreutils_a-freadptr.o
  CC       lib/libcoreutils_a-freadseek.o
  CC       lib/libcoreutils_a-free.o
  CC       lib/libcoreutils_a-freopen-safer.o
  CC       lib/libcoreutils_a-fseek.o
  CC       lib/libcoreutils_a-fseeko.o
  CC       lib/libcoreutils_a-fseterr.o
  CC       lib/libcoreutils_a-fsusage.o
  CC       lib/libcoreutils_a-ftoastr.o
  CC       lib/libcoreutils_a-fts.o
  CC       lib/libcoreutils_a-full-read.o
  CC       lib/libcoreutils_a-full-write.o
  CC       lib/libcoreutils_a-futimens.o
  CC       lib/libcoreutils_a-getcwd.o
  CC       lib/libcoreutils_a-getcwd-lgpl.o
  CC       lib/libcoreutils_a-gethrxtime.o
  CC       lib/libcoreutils_a-xtime.o
  CC       lib/libcoreutils_a-getndelim2.o
  CC       lib/libcoreutils_a-getopt.o
  CC       lib/libcoreutils_a-getopt1.o
  CC       lib/libcoreutils_a-getprogname.o
  CC       lib/libcoreutils_a-getrandom.o
  CC       lib/libcoreutils_a-gettime.o
  CC       lib/libcoreutils_a-gettime-res.o
  CC       lib/libcoreutils_a-getugroups.o
  CC       lib/malloc/libcoreutils_a-dynarray_at_failure.o
  CC       lib/malloc/libcoreutils_a-dynarray_emplace_enlarge.o
  CC       lib/malloc/libcoreutils_a-dynarray_finalize.o
  CC       lib/malloc/libcoreutils_a-dynarray_resize.o
  CC       lib/malloc/libcoreutils_a-dynarray_resize_clear.o
  CC       lib/malloc/libcoreutils_a-scratch_buffer_grow.o
  CC       lib/malloc/libcoreutils_a-scratch_buffer_grow_preserve.o
  CC       lib/malloc/libcoreutils_a-scratch_buffer_set_array_size.o
  CC       lib/libcoreutils_a-group-member.o
  CC       lib/libcoreutils_a-hard-locale.o
  CC       lib/libcoreutils_a-hash.o
  CC       lib/libcoreutils_a-hash-pjw.o
  CC       lib/libcoreutils_a-hash-triple.o
  CC       lib/libcoreutils_a-hash-triple-simple.o
  CC       lib/libcoreutils_a-heap.o
  CC       lib/libcoreutils_a-human.o
  CC       lib/libcoreutils_a-i-ring.o
  CC       lib/libcoreutils_a-ialloc.o
  CC       lib/libcoreutils_a-idcache.o
  CC       lib/libcoreutils_a-ino-map.o
  CC       lib/libcoreutils_a-imaxtostr.o
  CC       lib/libcoreutils_a-inttostr.o
  CC       lib/libcoreutils_a-offtostr.o
  CC       lib/libcoreutils_a-uinttostr.o
  CC       lib/libcoreutils_a-umaxtostr.o
  CC       lib/libcoreutils_a-isapipe.o
  CC       lib/libcoreutils_a-lchmod.o
  CC       lib/libcoreutils_a-ldtoastr.o
  CC       lib/libcoreutils_a-linebuffer.o
  CC       lib/libcoreutils_a-localcharset.o
  CC       lib/libcoreutils_a-localeconv.o
  CC       lib/glthread/libcoreutils_a-lock.o
  CC       lib/unicase/libcoreutils_a-tolower.o
  CC       lib/unictype/libcoreutils_a-ctype_alnum.o
  CC       lib/unictype/libcoreutils_a-ctype_alpha.o
  CC       lib/unictype/libcoreutils_a-ctype_blank.o
  CC       lib/unictype/libcoreutils_a-ctype_cntrl.o
  CC       lib/unictype/libcoreutils_a-ctype_digit.o
  CC       lib/unictype/libcoreutils_a-ctype_graph.o
  CC       lib/unictype/libcoreutils_a-ctype_lower.o
  CC       lib/unictype/libcoreutils_a-ctype_print.o
  CC       lib/unictype/libcoreutils_a-ctype_punct.o
  CC       lib/unictype/libcoreutils_a-ctype_space.o
  CC       lib/unictype/libcoreutils_a-ctype_upper.o
  CC       lib/unictype/libcoreutils_a-ctype_xdigit.o
  CC       lib/unistr/libcoreutils_a-u32-chr.o
  CC       lib/unistr/libcoreutils_a-u32-cpy.o
  CC       lib/unistr/libcoreutils_a-u32-pcpy.o
  CC       lib/unistr/libcoreutils_a-u32-strcat.o
  CC       lib/unistr/libcoreutils_a-u32-strlen.o
  CC       lib/unistr/libcoreutils_a-u8-mbtoucr.o
  CC       lib/unistr/libcoreutils_a-u8-uctomb.o
  CC       lib/unistr/libcoreutils_a-u8-uctomb-aux.o
  CC       lib/uniwidth/libcoreutils_a-width.o
  CC       src/blake2/b2sum-blake2b-ref.o
  CC       src/blake2/b2sum-b2sum.o
  AR       src/libcksum_pclmul.a
  AR       src/libwc_avx2.a
  CCLD     src/make-prime-list
  CCLD     src/libstdbuf.so
  AR       src/libver.a
  AR       lib/libcoreutils.a
  CCLD     src/chroot
  CCLD     src/hostid
  CCLD     src/timeout
  CCLD     src/nice
  CCLD     src/who
  CCLD     src/users
  CCLD     src/pinky
  CCLD     src/stty
  CCLD     src/df
  CCLD     src/stdbuf
  CCLD     src/[
  CCLD     src/base64
  CCLD     src/base32
  CCLD     src/basenc
  CCLD     src/basename
  CCLD     src/cat
  CCLD     src/chcon
  CCLD     src/chgrp
  CCLD     src/chmod
  CCLD     src/chown
  CCLD     src/cksum
  CCLD     src/comm
  CCLD     src/cp
  CCLD     src/csplit
  CCLD     src/cut
  CCLD     src/date
  CCLD     src/dd
  CCLD     src/dir
  CCLD     src/dircolors
  CCLD     src/dirname
  CCLD     src/du
  CCLD     src/echo
  CCLD     src/env
  CCLD     src/expand
  CCLD     src/expr
  CCLD     src/factor
  CCLD     src/false
  CCLD     src/fmt
  CCLD     src/fold
  CCLD     src/ginstall
  CCLD     src/groups
  CCLD     src/head
  CCLD     src/id
  CCLD     src/join
  CCLD     src/link
  CCLD     src/ln
  CCLD     src/logname
  CCLD     src/ls
  CCLD     src/md5sum
  CCLD     src/mkdir
  CCLD     src/mkfifo
  CCLD     src/mknod
  CCLD     src/mktemp
  CCLD     src/mv
  CCLD     src/nl
  CCLD     src/nproc
  CCLD     src/nohup
  CCLD     src/numfmt
  CCLD     src/od
  CCLD     src/paste
  CCLD     src/pathchk
  CCLD     src/pr
  CCLD     src/printenv
  CCLD     src/printf
  CCLD     src/ptx
  CCLD     src/pwd
  CCLD     src/readlink
  CCLD     src/realpath
  CCLD     src/rm
  CCLD     src/rmdir
  CCLD     src/runcon
  CCLD     src/seq
  CCLD     src/sha1sum
  CCLD     src/sha224sum
  CCLD     src/sha256sum
  CCLD     src/sha384sum
  CCLD     src/sha512sum
  CCLD     src/shred
  CCLD     src/shuf
  CCLD     src/sleep
  CCLD     src/sort
  CCLD     src/split
  CCLD     src/stat
  CCLD     src/sum
  CCLD     src/sync
  CCLD     src/tac
  CCLD     src/tail
  CCLD     src/tee
  CCLD     src/test
  CCLD     src/touch
  CCLD     src/tr
  CCLD     src/true
  CCLD     src/truncate
  CCLD     src/tsort
  CCLD     src/tty
  CCLD     src/uname
  CCLD     src/unexpand
  CCLD     src/uniq
  CCLD     src/unlink
  CCLD     src/vdir
  CCLD     src/wc
  CCLD     src/whoami
  CCLD     src/yes
  CCLD     src/getlimits
  GEN      man/chroot.1
  GEN      man/hostid.1
  GEN      man/timeout.1
  GEN      man/nice.1
  GEN      man/who.1
  GEN      man/users.1
  GEN      man/pinky.1
  GEN      man/stty.1
  GEN      man/df.1
  GEN      man/stdbuf.1
  GEN      man/base64.1
  GEN      man/base32.1
  GEN      man/basenc.1
  GEN      man/basename.1
  GEN      man/cat.1
  GEN      man/chcon.1
  GEN      man/chgrp.1
  GEN      man/chmod.1
  GEN      man/chown.1
  GEN      man/cksum.1
  GEN      man/comm.1
  GEN      man/cp.1
  GEN      man/csplit.1
  GEN      man/cut.1
  GEN      man/date.1
  GEN      man/dd.1
  GEN      man/dir.1
  GEN      man/dircolors.1
  GEN      man/dirname.1
  GEN      man/du.1
  GEN      man/echo.1
  GEN      man/env.1
  GEN      man/expand.1
  GEN      man/expr.1
  GEN      man/factor.1
  GEN      man/false.1
  GEN      man/fmt.1
  GEN      man/fold.1
  GEN      man/install.1
  GEN      man/groups.1
  GEN      man/head.1
  GEN      man/id.1
  GEN      man/join.1
  GEN      man/link.1
  GEN      man/ln.1
  GEN      man/logname.1
  GEN      man/ls.1
  GEN      man/md5sum.1
  GEN      man/mkdir.1
  GEN      man/mkfifo.1
  GEN      man/mknod.1
  GEN      man/mktemp.1
  GEN      man/mv.1
  GEN      man/nl.1
  GEN      man/nproc.1
  GEN      man/nohup.1
  GEN      man/numfmt.1
  GEN      man/od.1
  GEN      man/paste.1
  GEN      man/pathchk.1
  GEN      man/pr.1
  GEN      man/printenv.1
  GEN      man/printf.1
  GEN      man/ptx.1
  GEN      man/pwd.1
  GEN      man/readlink.1
  GEN      man/realpath.1
  GEN      man/rm.1
  GEN      man/rmdir.1
  GEN      man/runcon.1
  GEN      man/seq.1
  GEN      man/sha1sum.1
  GEN      man/sha224sum.1
  GEN      man/sha256sum.1
  GEN      man/sha384sum.1
  GEN      man/sha512sum.1
  GEN      man/shred.1
  GEN      man/shuf.1
  GEN      man/sleep.1
  GEN      man/sort.1
  GEN      man/split.1
  GEN      man/stat.1
  GEN      man/sum.1
  GEN      man/sync.1
  GEN      man/tac.1
  GEN      man/tail.1
  GEN      man/tee.1
  GEN      man/test.1
  GEN      man/touch.1
  GEN      man/tr.1
  GEN      man/true.1
  GEN      man/truncate.1
  GEN      man/tsort.1
  GEN      man/tty.1
  GEN      man/uname.1
  GEN      man/unexpand.1
  GEN      man/uniq.1
  GEN      man/unlink.1
  GEN      man/vdir.1
  GEN      man/wc.1
  GEN      man/whoami.1
  GEN      man/yes.1
  CCLD     src/b2sum
  GEN      man/b2sum.1
make[2]: Leaving directory '/sources/coreutils-9.5'
Making all in gnulib-tests
make[2]: Entering directory '/sources/coreutils-9.5/gnulib-tests'
## ---------------------------------------------------- ##
## ------------------- Gnulib tests ------------------- ##
## You can ignore compiler warnings in this directory.  ##
## ---------------------------------------------------- ##
make  all-recursive
make[3]: Entering directory '/sources/coreutils-9.5/gnulib-tests'
Making all in .
make[4]: Entering directory '/sources/coreutils-9.5/gnulib-tests'
  CC       bench_md5-bench-md5.o
  CC       c-strcasestr.o
  CC       c32rtomb.o
  CC       c32tob.o
  CC       ioctl.o
  CC       localename.o
  CC       localename-unsafe.o
  CC       localename-table.o
  CC       setlocale.o
  CC       timespec-add.o
  CC       timespec-sub.o
  CC       vma-iter.o
  CC       strerror_r.o
  CC       bench_sha1-bench-sha1.o
  CC       bench_sha224-bench-sha224.o
  CC       bench_sha256-bench-sha256.o
  CC       bench_sha384-bench-sha384.o
  CC       bench_sha512-bench-sha512.o
  CC       locale.o
  CC       test-localcharset.o
  CC       glthread/thread.o
  CC       unistr/u32-set.o
  AR       libtests.a
  CCLD     bench-md5
  CCLD     bench-sha1
  CCLD     bench-sha224
  CCLD     bench-sha256
  CCLD     bench-sha384
  CCLD     bench-sha512
  CCLD     current-locale
  CCLD     test-localcharset
make[4]: Leaving directory '/sources/coreutils-9.5/gnulib-tests'
make[3]: Leaving directory '/sources/coreutils-9.5/gnulib-tests'
make[2]: Leaving directory '/sources/coreutils-9.5/gnulib-tests'
make[1]: Leaving directory '/sources/coreutils-9.5'
make  install-recursive
make[1]: Entering directory '/sources/coreutils-9.5'
Making install in po
make[2]: Entering directory '/sources/coreutils-9.5/po'
installing af.gmo as /usr/share/locale/af/LC_MESSAGES/coreutils.mo
installing af.gmo link as /usr/share/locale/af/LC_TIME/coreutils.mo
installing be.gmo as /usr/share/locale/be/LC_MESSAGES/coreutils.mo
installing be.gmo link as /usr/share/locale/be/LC_TIME/coreutils.mo
installing bg.gmo as /usr/share/locale/bg/LC_MESSAGES/coreutils.mo
installing bg.gmo link as /usr/share/locale/bg/LC_TIME/coreutils.mo
installing ca.gmo as /usr/share/locale/ca/LC_MESSAGES/coreutils.mo
installing ca.gmo link as /usr/share/locale/ca/LC_TIME/coreutils.mo
installing cs.gmo as /usr/share/locale/cs/LC_MESSAGES/coreutils.mo
installing cs.gmo link as /usr/share/locale/cs/LC_TIME/coreutils.mo
installing da.gmo as /usr/share/locale/da/LC_MESSAGES/coreutils.mo
installing da.gmo link as /usr/share/locale/da/LC_TIME/coreutils.mo
installing de.gmo as /usr/share/locale/de/LC_MESSAGES/coreutils.mo
installing de.gmo link as /usr/share/locale/de/LC_TIME/coreutils.mo
installing el.gmo as /usr/share/locale/el/LC_MESSAGES/coreutils.mo
installing el.gmo link as /usr/share/locale/el/LC_TIME/coreutils.mo
installing eo.gmo as /usr/share/locale/eo/LC_MESSAGES/coreutils.mo
installing eo.gmo link as /usr/share/locale/eo/LC_TIME/coreutils.mo
installing es.gmo as /usr/share/locale/es/LC_MESSAGES/coreutils.mo
installing es.gmo link as /usr/share/locale/es/LC_TIME/coreutils.mo
installing et.gmo as /usr/share/locale/et/LC_MESSAGES/coreutils.mo
installing et.gmo link as /usr/share/locale/et/LC_TIME/coreutils.mo
installing eu.gmo as /usr/share/locale/eu/LC_MESSAGES/coreutils.mo
installing eu.gmo link as /usr/share/locale/eu/LC_TIME/coreutils.mo
installing fi.gmo as /usr/share/locale/fi/LC_MESSAGES/coreutils.mo
installing fi.gmo link as /usr/share/locale/fi/LC_TIME/coreutils.mo
installing fr.gmo as /usr/share/locale/fr/LC_MESSAGES/coreutils.mo
installing fr.gmo link as /usr/share/locale/fr/LC_TIME/coreutils.mo
installing ga.gmo as /usr/share/locale/ga/LC_MESSAGES/coreutils.mo
installing ga.gmo link as /usr/share/locale/ga/LC_TIME/coreutils.mo
installing gl.gmo as /usr/share/locale/gl/LC_MESSAGES/coreutils.mo
installing gl.gmo link as /usr/share/locale/gl/LC_TIME/coreutils.mo
installing hr.gmo as /usr/share/locale/hr/LC_MESSAGES/coreutils.mo
installing hr.gmo link as /usr/share/locale/hr/LC_TIME/coreutils.mo
installing hu.gmo as /usr/share/locale/hu/LC_MESSAGES/coreutils.mo
installing hu.gmo link as /usr/share/locale/hu/LC_TIME/coreutils.mo
installing ia.gmo as /usr/share/locale/ia/LC_MESSAGES/coreutils.mo
installing ia.gmo link as /usr/share/locale/ia/LC_TIME/coreutils.mo
installing id.gmo as /usr/share/locale/id/LC_MESSAGES/coreutils.mo
installing id.gmo link as /usr/share/locale/id/LC_TIME/coreutils.mo
installing it.gmo as /usr/share/locale/it/LC_MESSAGES/coreutils.mo
installing it.gmo link as /usr/share/locale/it/LC_TIME/coreutils.mo
installing ja.gmo as /usr/share/locale/ja/LC_MESSAGES/coreutils.mo
installing ja.gmo link as /usr/share/locale/ja/LC_TIME/coreutils.mo
installing ka.gmo as /usr/share/locale/ka/LC_MESSAGES/coreutils.mo
installing ka.gmo link as /usr/share/locale/ka/LC_TIME/coreutils.mo
installing kk.gmo as /usr/share/locale/kk/LC_MESSAGES/coreutils.mo
installing kk.gmo link as /usr/share/locale/kk/LC_TIME/coreutils.mo
installing ko.gmo as /usr/share/locale/ko/LC_MESSAGES/coreutils.mo
installing ko.gmo link as /usr/share/locale/ko/LC_TIME/coreutils.mo
installing lg.gmo as /usr/share/locale/lg/LC_MESSAGES/coreutils.mo
installing lg.gmo link as /usr/share/locale/lg/LC_TIME/coreutils.mo
installing lt.gmo as /usr/share/locale/lt/LC_MESSAGES/coreutils.mo
installing lt.gmo link as /usr/share/locale/lt/LC_TIME/coreutils.mo
installing ms.gmo as /usr/share/locale/ms/LC_MESSAGES/coreutils.mo
installing ms.gmo link as /usr/share/locale/ms/LC_TIME/coreutils.mo
installing nb.gmo as /usr/share/locale/nb/LC_MESSAGES/coreutils.mo
installing nb.gmo link as /usr/share/locale/nb/LC_TIME/coreutils.mo
installing nl.gmo as /usr/share/locale/nl/LC_MESSAGES/coreutils.mo
installing nl.gmo link as /usr/share/locale/nl/LC_TIME/coreutils.mo
installing pl.gmo as /usr/share/locale/pl/LC_MESSAGES/coreutils.mo
installing pl.gmo link as /usr/share/locale/pl/LC_TIME/coreutils.mo
installing pt.gmo as /usr/share/locale/pt/LC_MESSAGES/coreutils.mo
installing pt.gmo link as /usr/share/locale/pt/LC_TIME/coreutils.mo
installing pt_BR.gmo as /usr/share/locale/pt_BR/LC_MESSAGES/coreutils.mo
installing pt_BR.gmo link as /usr/share/locale/pt_BR/LC_TIME/coreutils.mo
installing ro.gmo as /usr/share/locale/ro/LC_MESSAGES/coreutils.mo
installing ro.gmo link as /usr/share/locale/ro/LC_TIME/coreutils.mo
installing ru.gmo as /usr/share/locale/ru/LC_MESSAGES/coreutils.mo
installing ru.gmo link as /usr/share/locale/ru/LC_TIME/coreutils.mo
installing sk.gmo as /usr/share/locale/sk/LC_MESSAGES/coreutils.mo
installing sk.gmo link as /usr/share/locale/sk/LC_TIME/coreutils.mo
installing sl.gmo as /usr/share/locale/sl/LC_MESSAGES/coreutils.mo
installing sl.gmo link as /usr/share/locale/sl/LC_TIME/coreutils.mo
installing sr.gmo as /usr/share/locale/sr/LC_MESSAGES/coreutils.mo
installing sr.gmo link as /usr/share/locale/sr/LC_TIME/coreutils.mo
installing sv.gmo as /usr/share/locale/sv/LC_MESSAGES/coreutils.mo
installing sv.gmo link as /usr/share/locale/sv/LC_TIME/coreutils.mo
installing ta.gmo as /usr/share/locale/ta/LC_MESSAGES/coreutils.mo
installing ta.gmo link as /usr/share/locale/ta/LC_TIME/coreutils.mo
installing tr.gmo as /usr/share/locale/tr/LC_MESSAGES/coreutils.mo
installing tr.gmo link as /usr/share/locale/tr/LC_TIME/coreutils.mo
installing uk.gmo as /usr/share/locale/uk/LC_MESSAGES/coreutils.mo
installing uk.gmo link as /usr/share/locale/uk/LC_TIME/coreutils.mo
installing vi.gmo as /usr/share/locale/vi/LC_MESSAGES/coreutils.mo
installing vi.gmo link as /usr/share/locale/vi/LC_TIME/coreutils.mo
installing zh_CN.gmo as /usr/share/locale/zh_CN/LC_MESSAGES/coreutils.mo
installing zh_CN.gmo link as /usr/share/locale/zh_CN/LC_TIME/coreutils.mo
installing zh_TW.gmo as /usr/share/locale/zh_TW/LC_MESSAGES/coreutils.mo
installing zh_TW.gmo link as /usr/share/locale/zh_TW/LC_TIME/coreutils.mo
if test "coreutils" = "gettext-tools"; then \
  /usr/bin/mkdir -p /usr/share/gettext/po; \
  for file in Makefile.in.in remove-potcdate.sin quot.sed boldquot.sed en@quot.header en@boldquot.header insert-header.sin Rules-quot   Makevars.template; do \
    /usr/bin/install -c -m 644 ./$file \
		    /usr/share/gettext/po/$file; \
  done; \
  for file in Makevars; do \
    rm -f /usr/share/gettext/po/$file; \
  done; \
else \
  : ; \
fi
make[2]: Leaving directory '/sources/coreutils-9.5/po'
Making install in .
make[2]: Entering directory '/sources/coreutils-9.5'
make[3]: Entering directory '/sources/coreutils-9.5'
 /usr/bin/mkdir -p '/usr/share/info'
 /usr/bin/mkdir -p '/usr/bin'
 /usr/bin/mkdir -p '/usr/libexec/coreutils'
 /usr/bin/mkdir -p '/usr/share/man/man1'
 src/ginstall -c -m 644 ./doc/coreutils.info '/usr/share/info'
  src/ginstall -c src/libstdbuf.so '/usr/libexec/coreutils'
  src/ginstall -c src/ginstall '/usr/bin/./install'
 install-info --info-dir='/usr/share/info' '/usr/share/info/coreutils.info'
  src/ginstall -c src/chroot src/hostid src/timeout src/nice src/who src/users src/pinky src/stty src/df src/stdbuf src/[ src/b2sum src/base64 src/base32 src/basenc src/basename src/cat src/chcon src/chgrp src/chmod src/chown src/cksum src/comm src/cp src/csplit src/cut src/date src/dd src/dir src/dircolors src/dirname src/du src/echo src/env src/expand src/expr src/factor src/false src/fmt src/fold src/groups src/head src/id src/join src/link src/ln src/logname src/ls src/md5sum src/mkdir src/mkfifo src/mknod src/mktemp src/mv src/nl src/nproc src/nohup src/numfmt src/od src/paste src/pathchk src/pr src/printenv src/printf src/ptx src/pwd src/readlink src/realpath src/rm src/rmdir src/runcon src/seq src/sha1sum src/sha224sum src/sha256sum src/sha384sum src/sha512sum src/shred src/shuf src/sleep src/sort src/split src/stat src/sum src/sync src/tac src/tail src/tee src/test src/touch src/tr src/true src/truncate src/tsort src/tty src/uname src/unexpand src/uniq src/unlink src/vdir src/wc src/whoami src/yes '/usr/bin'
 src/ginstall -c -m 644 man/chroot.1 man/hostid.1 man/timeout.1 man/nice.1 man/who.1 man/users.1 man/pinky.1 man/stty.1 man/df.1 man/stdbuf.1 man/b2sum.1 man/base64.1 man/base32.1 man/basenc.1 man/basename.1 man/cat.1 man/chcon.1 man/chgrp.1 man/chmod.1 man/chown.1 man/cksum.1 man/comm.1 man/cp.1 man/csplit.1 man/cut.1 man/date.1 man/dd.1 man/dir.1 man/dircolors.1 man/dirname.1 man/du.1 man/echo.1 man/env.1 man/expand.1 man/expr.1 man/factor.1 man/false.1 man/fmt.1 man/fold.1 man/install.1 '/usr/share/man/man1'
 src/ginstall -c -m 644 man/groups.1 man/head.1 man/id.1 man/join.1 man/link.1 man/ln.1 man/logname.1 man/ls.1 man/md5sum.1 man/mkdir.1 man/mkfifo.1 man/mknod.1 man/mktemp.1 man/mv.1 man/nl.1 man/nproc.1 man/nohup.1 man/numfmt.1 man/od.1 man/paste.1 man/pathchk.1 man/pr.1 man/printenv.1 man/printf.1 man/ptx.1 man/pwd.1 man/readlink.1 man/realpath.1 man/rm.1 man/rmdir.1 man/runcon.1 man/seq.1 man/sha1sum.1 man/sha224sum.1 man/sha256sum.1 man/sha384sum.1 man/sha512sum.1 man/shred.1 man/shuf.1 man/sleep.1 '/usr/share/man/man1'
 src/ginstall -c -m 644 man/sort.1 man/split.1 man/stat.1 man/sum.1 man/sync.1 man/tac.1 man/tail.1 man/tee.1 man/test.1 man/touch.1 man/tr.1 man/true.1 man/truncate.1 man/tsort.1 man/tty.1 man/uname.1 man/unexpand.1 man/uniq.1 man/unlink.1 man/vdir.1 man/wc.1 man/whoami.1 man/yes.1 '/usr/share/man/man1'
make  install-exec-hook
make[4]: Entering directory '/sources/coreutils-9.5'
make[4]: Leaving directory '/sources/coreutils-9.5'
make[3]: Leaving directory '/sources/coreutils-9.5'
make[2]: Leaving directory '/sources/coreutils-9.5'
Making install in gnulib-tests
make[2]: Entering directory '/sources/coreutils-9.5/gnulib-tests'
make  install-recursive
make[3]: Entering directory '/sources/coreutils-9.5/gnulib-tests'
Making install in .
make[4]: Entering directory '/sources/coreutils-9.5/gnulib-tests'
make[5]: Entering directory '/sources/coreutils-9.5/gnulib-tests'
make[5]: Leaving directory '/sources/coreutils-9.5/gnulib-tests'
make[4]: Leaving directory '/sources/coreutils-9.5/gnulib-tests'
make[3]: Leaving directory '/sources/coreutils-9.5/gnulib-tests'
make[2]: Leaving directory '/sources/coreutils-9.5/gnulib-tests'
make[1]: Leaving directory '/sources/coreutils-9.5'
renamed '/usr/bin/chroot' -> '/usr/sbin/chroot'
renamed '/usr/share/man/man1/chroot.1' -> '/usr/share/man/man8/chroot.8'


CFLAGS:: -march=x86-64-v3 -mtune=haswell -Os -pipe -fno-plt -fPIC -fstack-clash-protection -ffunction-sections -fdata-sections
CXXFLAGS:: -march=x86-64-v3 -mtune=haswell -Os -pipe -fno-plt -fPIC -fstack-clash-protection -ffunction-sections -fdata-sections -Wp,-D_GLIBCXX_ASSERTIONS
CPPFLAGS:: -DNDEBUG
LDFLAGS:: -Wl,-O2,--sort-common,--as-needed,-z,relro,-z,now,--gc-sections,--compress-debug-sections=zstd


Fri May  3 10:04:59 UTC 2024

Totalseconds: 95

KB: 1662916	/

