Fri Mar  8 08:54:46 UTC 2024
KB: 1402460	/

Collecting setuptools
  Downloading setuptools-69.1.1-py3-none-any.whl.metadata (6.2 kB)
Downloading setuptools-69.1.1-py3-none-any.whl (819 kB)
   ━━━━━━━━━━━━━━━━━━━━━━━━━━━━━━━━━━━━━━━━ 819.3/819.3 kB 9.8 MB/s eta 0:00:00
Installing collected packages: setuptools
Successfully installed setuptools-69.1.1
WARNING: Running pip as the 'root' user can result in broken permissions and conflicting behaviour with the system package manager. It is recommended to use a virtual environment instead: https://pip.pypa.io/warnings/venv
Processing /sources/meson-1.3.2
  Preparing metadata (pyproject.toml): started
  Preparing metadata (pyproject.toml): finished with status 'done'
Building wheels for collected packages: meson
  Building wheel for meson (pyproject.toml): started
  Building wheel for meson (pyproject.toml): finished with status 'done'
  Created wheel for meson: filename=meson-1.3.2-py3-none-any.whl size=977700 sha256=fbefb910639d0473e8f767144f8231d22c257ec977bf12859303ffaa76956961
  Stored in directory: /root/.cache/pip/wheels/22/35/7b/685fa5e0df89cbe0b89b4075adf0b71c0255152a1000c1fa88
Successfully built meson
Looking in links: dist
Processing ./dist/meson-1.3.2-py3-none-any.whl
Installing collected packages: meson
Successfully installed meson-1.3.2
WARNING: Running pip as the 'root' user can result in broken permissions and conflicting behaviour with the system package manager. It is recommended to use a virtual environment instead: https://pip.pypa.io/warnings/venv
'data/shell-completions/bash/meson' -> '/usr/share/bash-completion/completions/meson'
'data/shell-completions/zsh/_meson' -> '/usr/share/zsh/site-functions/_meson'


removed '/root/.cache/pip/http-v2/8/4/4/3/2/8443223eb993671bbb7f3c95a2ebeb88c8cfb2baac757b0d3f703285.body'
removed '/root/.cache/pip/http-v2/8/4/4/3/2/8443223eb993671bbb7f3c95a2ebeb88c8cfb2baac757b0d3f703285'
removed directory '/root/.cache/pip/http-v2/8/4/4/3/2'
removed directory '/root/.cache/pip/http-v2/8/4/4/3'
removed directory '/root/.cache/pip/http-v2/8/4/4'
removed directory '/root/.cache/pip/http-v2/8/4'
removed directory '/root/.cache/pip/http-v2/8'
removed '/root/.cache/pip/http-v2/7/0/e/e/1/70ee12175aab414b36457b57bddfa81d3e2ab66d7b9059f5919e53b4.body'
removed '/root/.cache/pip/http-v2/7/0/e/e/1/70ee12175aab414b36457b57bddfa81d3e2ab66d7b9059f5919e53b4'
removed directory '/root/.cache/pip/http-v2/7/0/e/e/1'
removed directory '/root/.cache/pip/http-v2/7/0/e/e'
removed directory '/root/.cache/pip/http-v2/7/0/e'
removed directory '/root/.cache/pip/http-v2/7/0'
removed directory '/root/.cache/pip/http-v2/7'
removed '/root/.cache/pip/http-v2/0/4/1/8/c/0418c83b80f7f7bfaec2738bfbbee53d2c1562196c0781702f6eddc8.body'
removed '/root/.cache/pip/http-v2/0/4/1/8/c/0418c83b80f7f7bfaec2738bfbbee53d2c1562196c0781702f6eddc8'
removed directory '/root/.cache/pip/http-v2/0/4/1/8/c'
removed directory '/root/.cache/pip/http-v2/0/4/1/8'
removed directory '/root/.cache/pip/http-v2/0/4/1'
removed directory '/root/.cache/pip/http-v2/0/4'
removed directory '/root/.cache/pip/http-v2/0'
removed '/root/.cache/pip/http-v2/a/1/9/5/3/a19537d3cf37c122db841d6fe4cd322bc10d1a558bb00d146b85cb9a.body'
removed '/root/.cache/pip/http-v2/a/1/9/5/3/a19537d3cf37c122db841d6fe4cd322bc10d1a558bb00d146b85cb9a'
removed directory '/root/.cache/pip/http-v2/a/1/9/5/3'
removed directory '/root/.cache/pip/http-v2/a/1/9/5'
removed directory '/root/.cache/pip/http-v2/a/1/9'
removed directory '/root/.cache/pip/http-v2/a/1'
removed directory '/root/.cache/pip/http-v2/a'
removed directory '/root/.cache/pip/http-v2'
removed '/root/.cache/pip/wheels/22/35/7b/685fa5e0df89cbe0b89b4075adf0b71c0255152a1000c1fa88/origin.json'
removed '/root/.cache/pip/wheels/22/35/7b/685fa5e0df89cbe0b89b4075adf0b71c0255152a1000c1fa88/meson-1.3.2-py3-none-any.whl'
removed directory '/root/.cache/pip/wheels/22/35/7b/685fa5e0df89cbe0b89b4075adf0b71c0255152a1000c1fa88'
removed directory '/root/.cache/pip/wheels/22/35/7b'
removed directory '/root/.cache/pip/wheels/22/35'
removed directory '/root/.cache/pip/wheels/22'
removed directory '/root/.cache/pip/wheels'
removed '/root/.cache/pip/selfcheck/241e69162522ccf5846a2f42ebc24b17464915a155679666b89a9f31'
removed directory '/root/.cache/pip/selfcheck'
removed directory '/root/.cache/pip'
removed directory '/root/.cache'


CFLAGS:: -march=i686 -mtune=haswell -Os -pipe -fno-plt -fPIC -ffunction-sections -fdata-sections
CXXFLAGS:: -march=i686 -mtune=haswell -Os -pipe -fno-plt -fPIC -ffunction-sections -fdata-sections -Wp,-D_GLIBCXX_ASSERTIONS
CPPFLAGS:: -D_FORTIFY_SOURCE=2 -DNDEBUG
LDFLAGS:: -Wl,-O2,--sort-common,--as-needed,-z,relro,-z,now,--gc-sections,--compress-debug-sections=zstd


Fri Mar  8 08:54:53 UTC 2024

Totalseconds: 7

KB: 1452452	/

