Thu May  2 16:27:09 UTC 2024
KB: 1526896	/

checking for a BSD-compatible install... /usr/bin/install -c
checking whether build environment is sane... yes
checking for a race-free mkdir -p... /usr/bin/mkdir -p
checking for gawk... gawk
checking whether make sets $(MAKE)... yes
checking whether make supports nested variables... yes
checking whether to enable maintainer-specific portions of Makefiles... no
checking whether make supports nested variables... (cached) yes
checking whether make supports the include directive... yes (GNU style)
checking for gcc... gcc
checking whether the C compiler works... yes
checking for C compiler default output file name... a.out
checking for suffix of executables... 
checking whether we are cross compiling... no
checking for suffix of object files... o
checking whether the compiler supports GNU C... yes
checking whether gcc accepts -g... yes
checking for gcc option to enable C11 features... none needed
checking whether gcc understands -c and -o together... yes
checking whether the compiler is clang... no
checking for compiler option needed when checking for declarations... none
checking dependency style of gcc... gcc3
checking for stdio.h... yes
checking for stdlib.h... yes
checking for string.h... yes
checking for inttypes.h... yes
checking for stdint.h... yes
checking for strings.h... yes
checking for sys/stat.h... yes
checking for sys/types.h... yes
checking for unistd.h... yes
checking for wchar.h... yes
checking for minix/config.h... no
checking for sys/socket.h... yes
checking for limits.h... yes
checking for threads.h... no
checking for sys/mman.h... yes
checking for sys/param.h... yes
checking for sys/time.h... yes
checking for sys/random.h... yes
checking for sys/select.h... yes
checking for sys/wait.h... yes
checking for features.h... yes
checking for crtdefs.h... no
checking for vfork.h... no
checking whether it is safe to define __EXTENSIONS__... yes
checking whether _XOPEN_SOURCE should be defined... no
checking if tar --sort=name works... yes
checking build system type... x86_64-pc-linux-uclibc
checking host system type... x86_64-pc-linux-uclibc
checking for gcc... (cached) gcc
checking whether the compiler supports GNU C... (cached) yes
checking whether gcc accepts -g... (cached) yes
checking for gcc option to enable C11 features... (cached) none needed
checking whether gcc understands -c and -o together... (cached) yes
checking whether the compiler is clang... (cached) no
checking for compiler option needed when checking for declarations... (cached) none
checking dependency style of gcc... (cached) gcc3
checking how to run the C preprocessor... gcc -E
checking for grep that handles long lines and -e... /usr/bin/grep
checking for egrep... /usr/bin/grep -E
checking for Minix Amsterdam compiler... no
checking for ar... ar
checking the archiver (ar) interface... ar
checking for ar... (cached) ar
checking for ranlib... ranlib
checking for special C compiler options needed for large files... no
checking for _FILE_OFFSET_BITS value needed for large files... no
checking how to run the C preprocessor... gcc -E
checking whether -Wno-missing-field-initializers is supported... yes
checking whether -Wno-missing-field-initializers is needed... no
checking whether -Wuninitialized is supported... yes
checking whether C compiler handles -Werror -Wunknown-warning-option... no
checking whether C compiler handles -fno-common... yes
checking whether C compiler handles -Werror -Wunknown-warning-option... (cached) no
checking whether C compiler handles -Wall... yes
checking whether C compiler handles -Werror -Wunknown-warning-option... (cached) no
checking whether C compiler handles -Warith-conversion... yes
checking whether C compiler handles -Werror -Wunknown-warning-option... (cached) no
checking whether C compiler handles -Wbad-function-cast... yes
checking whether C compiler handles -Werror -Wunknown-warning-option... (cached) no
checking whether C compiler handles -Wcast-align=strict... yes
checking whether C compiler handles -Werror -Wunknown-warning-option... (cached) no
checking whether C compiler handles -Wdate-time... yes
checking whether C compiler handles -Werror -Wunknown-warning-option... (cached) no
checking whether C compiler handles -Wdisabled-optimization... yes
checking whether C compiler handles -Werror -Wunknown-warning-option... (cached) no
checking whether C compiler handles -Wdouble-promotion... yes
checking whether C compiler handles -Werror -Wunknown-warning-option... (cached) no
checking whether C compiler handles -Wduplicated-branches... yes
checking whether C compiler handles -Werror -Wunknown-warning-option... (cached) no
checking whether C compiler handles -Wduplicated-cond... yes
checking whether C compiler handles -Werror -Wunknown-warning-option... (cached) no
checking whether C compiler handles -Wextra... yes
checking whether C compiler handles -Werror -Wunknown-warning-option... (cached) no
checking whether C compiler handles -Wformat-signedness... yes
checking whether C compiler handles -Werror -Wunknown-warning-option... (cached) no
checking whether C compiler handles -Winit-self... yes
checking whether C compiler handles -Werror -Wunknown-warning-option... (cached) no
checking whether C compiler handles -Winvalid-pch... yes
checking whether C compiler handles -Werror -Wunknown-warning-option... (cached) no
checking whether C compiler handles -Wlogical-op... yes
checking whether C compiler handles -Werror -Wunknown-warning-option... (cached) no
checking whether C compiler handles -Wmissing-declarations... yes
checking whether C compiler handles -Werror -Wunknown-warning-option... (cached) no
checking whether C compiler handles -Wmissing-include-dirs... yes
checking whether C compiler handles -Werror -Wunknown-warning-option... (cached) no
checking whether C compiler handles -Wmissing-prototypes... yes
checking whether C compiler handles -Werror -Wunknown-warning-option... (cached) no
checking whether C compiler handles -Wnested-externs... yes
checking whether C compiler handles -Werror -Wunknown-warning-option... (cached) no
checking whether C compiler handles -Wnull-dereference... yes
checking whether C compiler handles -Werror -Wunknown-warning-option... (cached) no
checking whether C compiler handles -Wold-style-definition... yes
checking whether C compiler handles -Werror -Wunknown-warning-option... (cached) no
checking whether C compiler handles -Wopenmp-simd... yes
checking whether C compiler handles -Werror -Wunknown-warning-option... (cached) no
checking whether C compiler handles -Woverlength-strings... yes
checking whether C compiler handles -Werror -Wunknown-warning-option... (cached) no
checking whether C compiler handles -Wpacked... yes
checking whether C compiler handles -Werror -Wunknown-warning-option... (cached) no
checking whether C compiler handles -Wpointer-arith... yes
checking whether C compiler handles -Werror -Wunknown-warning-option... (cached) no
checking whether C compiler handles -Wshadow... yes
checking whether C compiler handles -Werror -Wunknown-warning-option... (cached) no
checking whether C compiler handles -Wstack-protector... yes
checking whether C compiler handles -Werror -Wunknown-warning-option... (cached) no
checking whether C compiler handles -Wstrict-overflow... yes
checking whether C compiler handles -Werror -Wunknown-warning-option... (cached) no
checking whether C compiler handles -Wstrict-prototypes... yes
checking whether C compiler handles -Werror -Wunknown-warning-option... (cached) no
checking whether C compiler handles -Wsuggest-attribute=cold... yes
checking whether C compiler handles -Werror -Wunknown-warning-option... (cached) no
checking whether C compiler handles -Wsuggest-attribute=const... yes
checking whether C compiler handles -Werror -Wunknown-warning-option... (cached) no
checking whether C compiler handles -Wsuggest-attribute=format... yes
checking whether C compiler handles -Werror -Wunknown-warning-option... (cached) no
checking whether C compiler handles -Wsuggest-attribute=malloc... yes
checking whether C compiler handles -Werror -Wunknown-warning-option... (cached) no
checking whether C compiler handles -Wsuggest-attribute=noreturn... yes
checking whether C compiler handles -Werror -Wunknown-warning-option... (cached) no
checking whether C compiler handles -Wsuggest-attribute=pure... yes
checking whether C compiler handles -Werror -Wunknown-warning-option... (cached) no
checking whether C compiler handles -Wsuggest-final-methods... yes
checking whether C compiler handles -Werror -Wunknown-warning-option... (cached) no
checking whether C compiler handles -Wsuggest-final-types... yes
checking whether C compiler handles -Werror -Wunknown-warning-option... (cached) no
checking whether C compiler handles -Wsync-nand... yes
checking whether C compiler handles -Werror -Wunknown-warning-option... (cached) no
checking whether C compiler handles -Wtrampolines... yes
checking whether C compiler handles -Werror -Wunknown-warning-option... (cached) no
checking whether C compiler handles -Wuninitialized... yes
checking whether C compiler handles -Werror -Wunknown-warning-option... (cached) no
checking whether C compiler handles -Wunknown-pragmas... yes
checking whether C compiler handles -Werror -Wunknown-warning-option... (cached) no
checking whether C compiler handles -Wunsafe-loop-optimizations... yes
checking whether C compiler handles -Werror -Wunknown-warning-option... (cached) no
checking whether C compiler handles -Wunused-macros... yes
checking whether C compiler handles -Werror -Wunknown-warning-option... (cached) no
checking whether C compiler handles -Wvariadic-macros... yes
checking whether C compiler handles -Werror -Wunknown-warning-option... (cached) no
checking whether C compiler handles -Wvector-operation-performance... yes
checking whether C compiler handles -Werror -Wunknown-warning-option... (cached) no
checking whether C compiler handles -Wvla... yes
checking whether C compiler handles -Werror -Wunknown-warning-option... (cached) no
checking whether C compiler handles -Wwrite-strings... yes
checking whether C compiler handles -Werror -Wunknown-warning-option... (cached) no
checking whether C compiler handles -Warray-bounds=2... yes
checking whether C compiler handles -Werror -Wunknown-warning-option... (cached) no
checking whether C compiler handles -Wattribute-alias=2... yes
checking whether C compiler handles -Werror -Wunknown-warning-option... (cached) no
checking whether C compiler handles -Wformat-overflow=2... yes
checking whether C compiler handles -Werror -Wunknown-warning-option... (cached) no
checking whether C compiler handles -Wformat=2... yes
checking whether C compiler handles -Werror -Wunknown-warning-option... (cached) no
checking whether C compiler handles -Wformat-truncation=2... yes
checking whether C compiler handles -Werror -Wunknown-warning-option... (cached) no
checking whether C compiler handles -Wimplicit-fallthrough=5... yes
checking whether C compiler handles -Werror -Wunknown-warning-option... (cached) no
checking whether C compiler handles -Wshift-overflow=2... yes
checking whether C compiler handles -Werror -Wunknown-warning-option... (cached) no
checking whether C compiler handles -Wunused-const-variable=2... yes
checking whether C compiler handles -Werror -Wunknown-warning-option... (cached) no
checking whether C compiler handles -Wvla-larger-than=4031... yes
checking whether C compiler handles -Werror -Wunknown-warning-option... (cached) no
checking whether C compiler handles -Wno-analyzer-malloc-leak... yes
checking whether C compiler handles -Wno-missing-field-initializers... yes
checking whether ln -s works... yes
checking the archiver (ar) interface... (cached) ar
checking how to print strings... printf
checking for a sed that does not truncate output... /usr/bin/sed
checking for fgrep... /usr/bin/grep -F
checking for ld used by gcc... /usr/bin/ld
checking if the linker (/usr/bin/ld) is GNU ld... yes
checking for BSD- or MS-compatible name lister (nm)... /usr/bin/nm -B
checking the name lister (/usr/bin/nm -B) interface... BSD nm
checking the maximum length of command line arguments... 1572864
checking how to convert x86_64-pc-linux-uclibc file names to x86_64-pc-linux-uclibc format... func_convert_file_noop
checking how to convert x86_64-pc-linux-uclibc file names to toolchain format... func_convert_file_noop
checking for /usr/bin/ld option to reload object files... -r
checking for file... file
checking for objdump... objdump
checking how to recognize dependent libraries... pass_all
checking for dlltool... no
checking how to associate runtime and link libraries... printf %s\n
checking for archiver @FILE support... @
checking for strip... strip
checking for ranlib... (cached) ranlib
checking command to parse /usr/bin/nm -B output from gcc object... ok
checking for sysroot... no
checking for a working dd... /usr/bin/dd
checking how to truncate binary pipes... /usr/bin/dd bs=4096 count=1
checking for mt... no
checking if : is a manifest tool... no
checking for dlfcn.h... yes
checking for objdir... .libs
checking if gcc supports -fno-rtti -fno-exceptions... no
checking for gcc option to produce PIC... -fPIC -DPIC
checking if gcc PIC flag -fPIC -DPIC works... yes
checking if gcc static flag -static works... yes
checking if gcc supports -c -o file.o... yes
checking if gcc supports -c -o file.o... (cached) yes
checking whether the gcc linker (/usr/bin/ld -m elf_x86_64) supports shared libraries... yes
checking whether -lc should be explicitly linked in... no
checking dynamic linker characteristics... GNU/Linux ld.so
checking how to hardcode library paths into programs... immediate
checking whether stripping libraries is possible... yes
checking if libtool supports shared libraries... yes
checking whether to build shared libraries... yes
checking whether to build static libraries... no
checking for pkg-config... /usr/bin/pkg-config
checking pkg-config is at least version 0.9.0... yes
checking for CHECK... yes
checking for size_t... yes
checking for working alloca.h... yes
checking for alloca... yes
checking whether malloc is ptrdiff_t safe... yes
checking whether malloc, realloc, calloc set errno on failure... yes
checking for _set_invalid_parameter_handler... no
checking for fcntl... yes
checking for symlink... yes
checking for getdtablesize... yes
checking for getprogname... no
checking for getexecname... no
checking for getrandom... yes
checking for lstat... yes
checking for mprotect... yes
checking for setenv... yes
checking for sigaction... yes
checking for sigaltstack... yes
checking for siginterrupt... yes
checking for snprintf... yes
checking for strndup... yes
checking for vasnprintf... no
checking for fork... yes
checking for vfork... yes
checking if environ is properly declared... yes
checking whether the preprocessor supports include_next... yes
checking whether source code line length is unlimited... yes
checking for complete errno.h... yes
checking for gcc options needed to detect all undeclared functions... none needed
checking whether strerror_r is declared... yes
checking whether strerror_r returns char *... yes
checking for working fcntl.h... yes
checking for pid_t... yes
checking for mode_t... yes
checking whether stat file-mode macros are broken... no
checking for C/C++ restrict keyword... __restrict__
checking for nlink_t... yes
checking whether getdtablesize is declared... yes
checking whether limits.h has WORD_BIT, BOOL_WIDTH etc.... no
checking for wint_t... yes
checking whether wint_t is large enough... yes
checking whether the compiler produces multi-arch binaries... no
checking whether stdint.h conforms to C99... yes
checking whether stdint.h works without ISO C predefines... yes
checking whether stdint.h has UINTMAX_WIDTH etc.... no
checking whether imported symbols can be declared weak... yes
checking for pthread.h... yes
checking for pthread_kill in -lpthread... yes
checking whether POSIX threads API is available... yes
checking for multithread API to use... posix
checking whether lstat correctly handles trailing slash... yes
checking whether malloc (0) returns nonnull... yes
checking for mmap... yes
checking for MAP_ANONYMOUS... yes
checking whether memchr works... yes
checking whether <limits.h> defines MIN and MAX... no
checking whether <sys/param.h> defines MIN and MAX... yes
checking for O_CLOEXEC... yes
checking for promoted mode_t type... mode_t
checking for sigset_t... yes
checking for ssize_t... yes
checking whether setenv is declared... yes
checking for search.h... yes
checking for tsearch... yes
checking for uid_t in sys/types.h... yes
checking for volatile sig_atomic_t... yes
checking for sighandler_t... yes
checking whether snprintf returns a byte count as in C99... yes
checking whether snprintf is declared... yes
checking for stdbool.h that conforms to C99... yes
checking for _Bool... yes
checking for wchar_t... yes
checking for good max_align_t... yes
checking whether NULL can be used in arbitrary expressions... yes
checking whether fcloseall is declared... yes
checking which flavor of printf attribute matches inttypes macros... system
checking whether ecvt is declared... no
checking whether fcvt is declared... no
checking whether gcvt is declared... yes
checking whether strerror(0) succeeds... yes
checking whether strndup is declared... yes
checking whether strnlen is declared... yes
checking whether strsignal is declared... yes
checking whether <sys/select.h> is self-contained... yes
checking for struct timeval... yes
checking for wide-enough struct timeval.tv_sec member... yes
checking for struct timespec in <time.h>... yes
checking for TIME_UTC in <time.h>... yes
checking whether execvpe is declared... yes
checking whether unsetenv is declared... yes
checking for inttypes.h... yes
checking for stdint.h... yes
checking for intmax_t... yes
checking where to find the exponent in a 'double'... word 1 bit 20
checking whether snprintf truncates the result as in C99... yes
checking for snprintf... (cached) yes
checking for strnlen... yes
checking for wcslen... yes
checking for wcsnlen... yes
checking for mbrtowc... yes
checking for wcrtomb... yes
checking whether _snprintf is declared... no
checking whether <wchar.h> uses 'inline' correctly... yes
checking whether wcsdup is declared... yes
checking for C compiler option to allow warnings... -Wno-error
checking for alloca as a compiler built-in... yes
checking whether calloc (0, n) and calloc (n, 0) return nonnull... yes
checking for library containing clock_gettime... none required
checking for clock_getres... yes
checking for clock_gettime... yes
checking for clock_settime... yes
checking whether // is distinct from /... no
checking whether dup2 works... yes
checking for error_at_line... yes
checking whether fcntl handles F_DUPFD correctly... yes
checking whether fcntl understands F_DUPFD_CLOEXEC... needs runtime check
checking whether conversion from 'int' to 'long double' works... yes
checking whether free is known to preserve errno... no
checking whether getdtablesize works... yes
checking whether program_invocation_name is declared... yes
checking whether program_invocation_short_name is declared... yes
checking whether __argv is declared... no
checking whether getrandom is compatible with its GNU+BSD signature... no
checking for C compiler flag to ignore unused libraries... -Wl,--as-needed
checking whether the compiler supports the __inline keyword... yes
checking for pthread_rwlock_t... yes
checking whether pthread_rwlock_rdlock prefers a writer to a reader... no
checking whether malloc (0) returns nonnull... (cached) yes
checking whether mkdir handles trailing slash... yes
checking whether mkdir handles trailing dot... yes
checking for mkdtemp... yes
checking whether open recognizes a trailing slash... yes
checking for raise... yes
checking for sigprocmask... yes
checking whether realloc (0, 0) returns nonnull... yes
checking for reallocarray... yes
checking whether setenv validates arguments... yes
checking for struct sigaction.sa_sigaction... yes
checking for sigprocmask... (cached) yes
checking for stdint.h... (cached) yes
checking for SIZE_MAX... yes
checking for snprintf... (cached) yes
checking whether snprintf respects a size of 1... yes
checking whether printf supports POSIX/XSI format strings with positions... yes
checking for ssize_t... (cached) yes
checking whether stat handles trailing slashes on files... yes
checking for struct stat.st_atim.tv_nsec... yes
checking whether struct stat.st_atim is of type struct timespec... yes
checking for struct stat.st_birthtimespec.tv_nsec... no
checking for struct stat.st_birthtimensec... no
checking for struct stat.st_birthtim.tv_nsec... no
checking for working stdalign.h... yes
checking for va_copy... yes
checking for working strerror function... yes
checking for working strndup... yes
checking for working strnlen... yes
checking for strsignal... yes
checking whether strsignal always returns a string... yes
checking for unsetenv... yes
checking for unsetenv() return type... int
checking whether unsetenv obeys POSIX... yes
checking for variable-length arrays... yes
checking for ptrdiff_t... yes
checking for vasprintf... yes
checking for stdint.h... (cached) yes
checking for fcntl.h... yes
checking for clearenv... yes
checking for an ANSI C-conforming const... yes
checking for pid_t... (cached) yes
checking for size_t... (cached) yes
checking for working fork... yes
checking for working vfork... (cached) yes
configure: default CC = "gcc"
configure: default CPP = "gcc -E"
configure: default CPPFLAGS = "-DNDEBUG"
configure: default CFLAGS = "-march=x86-64-v3 -mtune=haswell -Os -pipe -fno-plt -fPIC -fstack-clash-protection -ffunction-sections -fdata-sections -Wall"
configure: default LDFLAGS = "-Wl,-O2,--sort-common,--as-needed,-z,relro,-z,now,--gc-sections,--compress-debug-sections=zstd"
configure: default LIBS = ""
checking that generated files are newer than configure... done
configure: creating ./config.status
config.status: creating Makefile
config.status: creating gl/lib/Makefile
config.status: creating lib/Makefile
config.status: creating lib/libpipeline.pc
config.status: creating man/Makefile
config.status: creating tests/Makefile
config.status: creating config.h
config.status: executing depfiles commands
config.status: executing libtool commands
make  all-recursive
make[1]: Entering directory '/sources/libpipeline-1.5.7'
Making all in gl/lib
make[2]: Entering directory '/sources/libpipeline-1.5.7/gl/lib'
  GEN      alloca.h
  GEN      fcntl.h
  GEN      inttypes.h
  GEN      limits.h
  GEN      signal.h
  GEN      stdint.h
  GEN      stdio.h
  GEN      stdlib.h
  GEN      string.h
  GEN      sys/random.h
  GEN      sys/select.h
  GEN      sys/stat.h
  GEN      sys/time.h
  GEN      sys/types.h
  GEN      sys/wait.h
  GEN      time.h
  GEN      unistd.h
  GEN      wchar.h
make  all-recursive
make[3]: Entering directory '/sources/libpipeline-1.5.7/gl/lib'
make[4]: Entering directory '/sources/libpipeline-1.5.7/gl/lib'
  CC       libgnu_la-basename-lgpl.lo
  CC       libgnu_la-cloexec.lo
  CC       libgnu_la-dirname.lo
  CC       libgnu_la-basename.lo
  CC       libgnu_la-dirname-lgpl.lo
  CC       libgnu_la-stripslash.lo
  CC       libgnu_la-exitfail.lo
  CC       libgnu_la-fcntl.lo
  CC       libgnu_la-fd-hook.lo
  CC       libgnu_la-free.lo
  CC       libgnu_la-full-write.lo
  CC       libgnu_la-getprogname.lo
  CC       libgnu_la-getrandom.lo
  CC       libgnu_la-ialloc.lo
  CC       libgnu_la-malloca.lo
  CC       libgnu_la-safe-read.lo
  CC       libgnu_la-safe-write.lo
  CC       libgnu_la-sig-handler.lo
  CC       libgnu_la-stat-time.lo
  CC       libgnu_la-tempname.lo
  CC       glthread/libgnu_la-threadlib.lo
  CC       glthread/libgnu_la-tls.lo
  CC       libgnu_la-unistd.lo
  CC       libgnu_la-verror.lo
  CC       libgnu_la-xmalloc.lo
  CC       libgnu_la-xalloc-die.lo
  CC       libgnu_la-xsize.lo
  CC       libgnu_la-xstrndup.lo
  CC       libgnu_la-xvasprintf.lo
  CC       libgnu_la-xasprintf.lo
  CC       asnprintf.lo
  CC       printf-args.lo
  CC       printf-parse.lo
  CC       vasnprintf.lo
  CC       glthread/libgnu_la-lock.lo
  CCLD     libgnu.la
make[4]: Leaving directory '/sources/libpipeline-1.5.7/gl/lib'
make[3]: Leaving directory '/sources/libpipeline-1.5.7/gl/lib'
make[2]: Leaving directory '/sources/libpipeline-1.5.7/gl/lib'
Making all in lib
make[2]: Entering directory '/sources/libpipeline-1.5.7/lib'
  CC       libpipeline_la-appendstr.lo
  CC       libpipeline_la-debug.lo
  CC       libpipeline_la-fatal.lo
  CC       libpipeline_la-pipeline.lo
  CCLD     libpipeline.la
make[2]: Leaving directory '/sources/libpipeline-1.5.7/lib'
Making all in man
make[2]: Entering directory '/sources/libpipeline-1.5.7/man'
make[2]: Nothing to be done for 'all'.
make[2]: Leaving directory '/sources/libpipeline-1.5.7/man'
Making all in tests
make[2]: Entering directory '/sources/libpipeline-1.5.7/tests'
make[2]: Nothing to be done for 'all'.
make[2]: Leaving directory '/sources/libpipeline-1.5.7/tests'
make[2]: Entering directory '/sources/libpipeline-1.5.7'
make[2]: Leaving directory '/sources/libpipeline-1.5.7'
make[1]: Leaving directory '/sources/libpipeline-1.5.7'
Making install in gl/lib
make[1]: Entering directory '/sources/libpipeline-1.5.7/gl/lib'
make  install-recursive
make[2]: Entering directory '/sources/libpipeline-1.5.7/gl/lib'
make[3]: Entering directory '/sources/libpipeline-1.5.7/gl/lib'
make[4]: Entering directory '/sources/libpipeline-1.5.7/gl/lib'
make[4]: Nothing to be done for 'install-exec-am'.
make[4]: Nothing to be done for 'install-data-am'.
make[4]: Leaving directory '/sources/libpipeline-1.5.7/gl/lib'
make[3]: Leaving directory '/sources/libpipeline-1.5.7/gl/lib'
make[2]: Leaving directory '/sources/libpipeline-1.5.7/gl/lib'
make[1]: Leaving directory '/sources/libpipeline-1.5.7/gl/lib'
Making install in lib
make[1]: Entering directory '/sources/libpipeline-1.5.7/lib'
make[2]: Entering directory '/sources/libpipeline-1.5.7/lib'
 /usr/bin/mkdir -p '/usr/lib'
 /usr/bin/mkdir -p '/usr/include'
 /usr/bin/mkdir -p '/usr/lib/pkgconfig'
 /bin/sh ../libtool   --mode=install /usr/bin/install -c   libpipeline.la '/usr/lib'
 /usr/bin/install -c -m 644 pipeline.h '/usr/include'
 /usr/bin/install -c -m 644 libpipeline.pc '/usr/lib/pkgconfig'
libtool: install: /usr/bin/install -c .libs/libpipeline.so.1.5.7 /usr/lib/libpipeline.so.1.5.7
libtool: install: (cd /usr/lib && { ln -s -f libpipeline.so.1.5.7 libpipeline.so.1 || { rm -f libpipeline.so.1 && ln -s libpipeline.so.1.5.7 libpipeline.so.1; }; })
libtool: install: (cd /usr/lib && { ln -s -f libpipeline.so.1.5.7 libpipeline.so || { rm -f libpipeline.so && ln -s libpipeline.so.1.5.7 libpipeline.so; }; })
libtool: install: /usr/bin/install -c .libs/libpipeline.lai /usr/lib/libpipeline.la
libtool: finish: PATH="/usr/bin:/usr/sbin:/sbin" ldconfig -n /usr/lib
----------------------------------------------------------------------
Libraries have been installed in:
   /usr/lib

If you ever happen to want to link against installed libraries
in a given directory, LIBDIR, you must either use libtool, and
specify the full pathname of the library, or use the '-LLIBDIR'
flag during linking and do at least one of the following:
   - add LIBDIR to the 'LD_LIBRARY_PATH' environment variable
     during execution
   - add LIBDIR to the 'LD_RUN_PATH' environment variable
     during linking
   - use the '-Wl,-rpath -Wl,LIBDIR' linker flag

See any operating system documentation about shared libraries for
more information, such as the ld(1) and ld.so(8) manual pages.
----------------------------------------------------------------------
make[2]: Leaving directory '/sources/libpipeline-1.5.7/lib'
make[1]: Leaving directory '/sources/libpipeline-1.5.7/lib'
Making install in man
make[1]: Entering directory '/sources/libpipeline-1.5.7/man'
make[2]: Entering directory '/sources/libpipeline-1.5.7/man'
make[2]: Nothing to be done for 'install-exec-am'.
 /usr/bin/mkdir -p '/usr/share/man/man3'
 /usr/bin/install -c -m 644 libpipeline.3 '/usr/share/man/man3'
make  install-data-hook
make[3]: Entering directory '/sources/libpipeline-1.5.7/man'
set -e; cd "/usr/share/man/man3"; for function in pipecmd_new pipecmd_new_argv pipecmd_new_args pipecmd_new_argstr pipecmd_new_function pipecmd_new_sequencev pipecmd_new_sequence pipecmd_new_passthrough pipecmd_dup pipecmd_arg pipecmd_argf pipecmd_argv pipecmd_args pipecmd_argstr pipecmd_get_nargs pipecmd_nice pipecmd_discard_err pipecmd_chdir pipecmd_fchdir pipecmd_setenv pipecmd_unsetenv pipecmd_clearenv pipecmd_pre_exec pipecmd_sequence_command pipecmd_dump pipecmd_tostring pipecmd_exec pipecmd_free pipeline_new pipeline_new_commandv pipeline_new_commands pipeline_new_command_argv pipeline_new_command_args pipeline_join pipeline_connect pipeline_command pipeline_command_argv pipeline_command_args pipeline_command_argstr pipeline_commandv pipeline_commands pipeline_want_in pipeline_want_out pipeline_want_infile pipeline_want_outfile pipeline_ignore_signals pipeline_get_ncommands pipeline_get_command pipeline_set_command pipeline_get_pid pipeline_get_infile pipeline_get_outfile pipeline_dump pipeline_tostring pipeline_free pipeline_install_post_fork pipeline_start pipeline_wait_all pipeline_wait pipeline_run pipeline_pump pipeline_read pipeline_peek pipeline_peek_size pipeline_peek_skip pipeline_readline pipeline_peekline; do \
	rm -f $function.3; \
	ln -s libpipeline.3 $function.3; \
done
make[3]: Leaving directory '/sources/libpipeline-1.5.7/man'
make[2]: Leaving directory '/sources/libpipeline-1.5.7/man'
make[1]: Leaving directory '/sources/libpipeline-1.5.7/man'
Making install in tests
make[1]: Entering directory '/sources/libpipeline-1.5.7/tests'
make[2]: Entering directory '/sources/libpipeline-1.5.7/tests'
make[2]: Nothing to be done for 'install-exec-am'.
make[2]: Nothing to be done for 'install-data-am'.
make[2]: Leaving directory '/sources/libpipeline-1.5.7/tests'
make[1]: Leaving directory '/sources/libpipeline-1.5.7/tests'
make[1]: Entering directory '/sources/libpipeline-1.5.7'
make[2]: Entering directory '/sources/libpipeline-1.5.7'
make[2]: Nothing to be done for 'install-exec-am'.
make[2]: Nothing to be done for 'install-data-am'.
make[2]: Leaving directory '/sources/libpipeline-1.5.7'
make[1]: Leaving directory '/sources/libpipeline-1.5.7'


CFLAGS:: -march=x86-64-v3 -mtune=haswell -Os -pipe -fno-plt -fPIC -fstack-clash-protection -ffunction-sections -fdata-sections
CXXFLAGS:: -march=x86-64-v3 -mtune=haswell -Os -pipe -fno-plt -fPIC -fstack-clash-protection -ffunction-sections -fdata-sections -Wp,-D_GLIBCXX_ASSERTIONS
CPPFLAGS:: -DNDEBUG
LDFLAGS:: -Wl,-O2,--sort-common,--as-needed,-z,relro,-z,now,--gc-sections,--compress-debug-sections=zstd


Thu May  2 16:27:24 UTC 2024

Totalseconds: 15

KB: 1535292	/

