Wed Feb 14 11:37:04 UTC 2024
KB: 1539320	/

pip 24.0 from /usr/lib/python3.12/site-packages/pip (python 3.12)
Processing /sources/Jinja2-3.1.3
  Preparing metadata (setup.py): started
  Preparing metadata (setup.py): finished with status 'done'
Building wheels for collected packages: Jinja2
  Building wheel for Jinja2 (setup.py): started
  Building wheel for Jinja2 (setup.py): finished with status 'done'
  Created wheel for Jinja2: filename=Jinja2-3.1.3-py3-none-any.whl size=133236 sha256=5c5fbae2146218a37e371f736ef368efdc3e9f2f948e93f77a5bf3fc0057f296
  Stored in directory: /root/.cache/pip/wheels/fb/ef/cf/1f58c0e9cb1941e91e76da88c981090a45a8e6928aaaad649a
Successfully built Jinja2
Looking in links: dist
Processing ./dist/Jinja2-3.1.3-py3-none-any.whl
Requirement already satisfied: MarkupSafe>=2.0 in /usr/lib/python3.12/site-packages (from Jinja2) (2.1.5)
Installing collected packages: Jinja2
Successfully installed Jinja2-3.1.3
WARNING: Running pip as the 'root' user can result in broken permissions and conflicting behaviour with the system package manager. It is recommended to use a virtual environment instead: https://pip.pypa.io/warnings/venv


removed '/root/.cache/pip/wheels/fb/ef/cf/1f58c0e9cb1941e91e76da88c981090a45a8e6928aaaad649a/Jinja2-3.1.3-py3-none-any.whl'
removed '/root/.cache/pip/wheels/fb/ef/cf/1f58c0e9cb1941e91e76da88c981090a45a8e6928aaaad649a/origin.json'
removed directory '/root/.cache/pip/wheels/fb/ef/cf/1f58c0e9cb1941e91e76da88c981090a45a8e6928aaaad649a'
removed directory '/root/.cache/pip/wheels/fb/ef/cf'
removed directory '/root/.cache/pip/wheels/fb/ef'
removed directory '/root/.cache/pip/wheels/fb'
removed directory '/root/.cache/pip/wheels'
removed '/root/.cache/pip/http-v2/a/1/9/5/3/a19537d3cf37c122db841d6fe4cd322bc10d1a558bb00d146b85cb9a'
removed '/root/.cache/pip/http-v2/a/1/9/5/3/a19537d3cf37c122db841d6fe4cd322bc10d1a558bb00d146b85cb9a.body'
removed directory '/root/.cache/pip/http-v2/a/1/9/5/3'
removed directory '/root/.cache/pip/http-v2/a/1/9/5'
removed directory '/root/.cache/pip/http-v2/a/1/9'
removed directory '/root/.cache/pip/http-v2/a/1'
removed directory '/root/.cache/pip/http-v2/a'
removed directory '/root/.cache/pip/http-v2'
removed '/root/.cache/pip/selfcheck/241e69162522ccf5846a2f42ebc24b17464915a155679666b89a9f31'
removed directory '/root/.cache/pip/selfcheck'
removed directory '/root/.cache/pip'
removed directory '/root/.cache'


CFLAGS:: -march=i686 -mtune=haswell -Os -pipe -fno-plt -fPIC -ffunction-sections -fdata-sections
CXXFLAGS:: -march=i686 -mtune=haswell -Os -pipe -fno-plt -fPIC -ffunction-sections -fdata-sections -Wp,-D_GLIBCXX_ASSERTIONS
CPPFLAGS:: -D_FORTIFY_SOURCE=2 -DNDEBUG
LDFLAGS:: -Wl,-O2,--sort-common,--as-needed,-z,relro,-z,now,--gc-sections,--compress-debug-sections=zstd


Wed Feb 14 11:37:07 UTC 2024

Totalseconds: 3

KB: 1542556	/

