Thu May  2 16:36:15 UTC 2024
KB: 1625892	/

scripts/genconfig.sh
cc -o kconfig/conf kconfig/conf.c kconfig/zconf.tab.c -DKBUILD_NO_NLS=1 \
	-DPROJECT_NAME=\"ToyBox\"
kconfig/conf -D /dev/null Config.in > /dev/null
scripts/make.sh
Library probe
generated/{Config.in,newtoys.h,flags.h,globals.h,tags.h,help.h}
Compile toybox
............................................................................................................................................toys/posix/date.c: In function 'parse_date':
toys/posix/date.c:88:17: warning: 'old_tz' may be used uninitialized [-Wmaybe-uninitialized]
   88 |     if (old_tz) setenv("TZ", old_tz, 1);
      |                 ^~~~~~~~~~~~~~~~~~~~~~~
toys/posix/date.c:71:25: note: 'old_tz' was declared here
   71 |   char *new_tz = NULL, *old_tz, *s = str;
      |                         ^~~~~~
..............toys/posix/iconv.c: In function 'do_iconv':
toys/posix/iconv.c:51:13: warning: passing argument 1 of 'iconv' makes integer from pointer without a cast [-Wint-conversion]
   51 |     iconv(TT.ic, &in, &inlen, &out, &outlen);
In file included from toys/posix/iconv.c:26:
/usr/include/iconv.h:20:15: note: expected 'iconv_t' {aka 'long int'} but argument is of type 'void *'
   20 | iconv(iconv_t cd, char **inbuf, size_t *inbytesleft,
      |       ~~~~~~~~^~
toys/posix/iconv.c: In function 'iconv_main':
toys/posix/iconv.c:68:29: warning: assignment to 'void *' from 'iconv_t' {aka 'long int'} makes pointer from integer without a cast [-Wint-conversion]
   68 |   if ((iconv_t)-1 == (TT.ic = iconv_open(TT.t, TT.f)))
      |                             ^
toys/posix/iconv.c:68:19: warning: comparison between pointer and integer
   68 |   if ((iconv_t)-1 == (TT.ic = iconv_open(TT.t, TT.f)))
      |                   ^~
toys/posix/iconv.c:71:38: warning: passing argument 1 of 'iconv_close' makes integer from pointer without a cast [-Wint-conversion]
   71 |   if (CFG_TOYBOX_FREE) iconv_close(TT.ic);
/usr/include/iconv.h:24:21: note: expected 'iconv_t' {aka 'long int'} but argument is of type 'void *'
   24 | iconv_close(iconv_t cd);
      |             ~~~~~~~~^~
............................................
cleaned
scripts/genconfig.sh
scripts/make.sh
Library probe
generated/{Config.in,newtoys.h,flags.h,globals.h,tags.h,help.h}
Compile toybox
............................................................................................................................................toys/posix/date.c: In function 'parse_date':
toys/posix/date.c:88:17: warning: 'old_tz' may be used uninitialized [-Wmaybe-uninitialized]
   88 |     if (old_tz) setenv("TZ", old_tz, 1);
      |                 ^~~~~~~~~~~~~~~~~~~~~~~
toys/posix/date.c:71:25: note: 'old_tz' was declared here
   71 |   char *new_tz = NULL, *old_tz, *s = str;
      |                         ^~~~~~
..............toys/posix/iconv.c: In function 'do_iconv':
toys/posix/iconv.c:51:13: warning: passing argument 1 of 'iconv' makes integer from pointer without a cast [-Wint-conversion]
   51 |     iconv(TT.ic, &in, &inlen, &out, &outlen);
In file included from toys/posix/iconv.c:26:
/usr/include/iconv.h:20:15: note: expected 'iconv_t' {aka 'long int'} but argument is of type 'void *'
   20 | iconv(iconv_t cd, char **inbuf, size_t *inbytesleft,
      |       ~~~~~~~~^~
toys/posix/iconv.c: In function 'iconv_main':
toys/posix/iconv.c:68:29: warning: assignment to 'void *' from 'iconv_t' {aka 'long int'} makes pointer from integer without a cast [-Wint-conversion]
   68 |   if ((iconv_t)-1 == (TT.ic = iconv_open(TT.t, TT.f)))
      |                             ^
toys/posix/iconv.c:68:19: warning: comparison between pointer and integer
   68 |   if ((iconv_t)-1 == (TT.ic = iconv_open(TT.t, TT.f)))
      |                   ^~
toys/posix/iconv.c:71:38: warning: passing argument 1 of 'iconv_close' makes integer from pointer without a cast [-Wint-conversion]
   71 |   if (CFG_TOYBOX_FREE) iconv_close(TT.ic);
/usr/include/iconv.h:24:21: note: expected 'iconv_t' {aka 'long int'} but argument is of type 'void *'
   24 | iconv_close(iconv_t cd);
      |             ~~~~~~~~^~
............................................


CFLAGS:: -march=x86-64-v3 -mtune=haswell -Os -pipe -fno-plt -fPIC -fstack-clash-protection -ffunction-sections -fdata-sections
CXXFLAGS:: -march=x86-64-v3 -mtune=haswell -Os -pipe -fno-plt -fPIC -fstack-clash-protection -ffunction-sections -fdata-sections -Wp,-D_GLIBCXX_ASSERTIONS
CPPFLAGS:: -DNDEBUG
LDFLAGS:: -Wl,-O2,--sort-common,--as-needed,-z,relro,-z,now,--gc-sections,--compress-debug-sections=zstd


Thu May  2 16:36:39 UTC 2024

Totalseconds: 24

KB: 1638800	/

