Thu Mar 28 16:35:36 UTC 2024
KB: 1690860	/

removed 'man/man8/arpd.8'
TC schedulers

lib directory: /usr/lib
libc has setns: yes
libc has name_to_handle_at: yes
SELinux support: no
libtirpc support: no
libbpf support: no
ELF support: yes
libmnl support: no
Berkeley DB: no
need for strlcpy: no
libcap support: yes
color output: never

lib
    CC       libgenl.o
    CC       libnetlink.o
    CC       utils.o
    CC       utils_math.o
libnetlink.c:148:2: warning: #warning "libmnl required for error support" [-Wcpp]
  148 | #warning "libmnl required for error support"
      |  ^~~~~~~
    CC       rt_names.o
    CC       ll_map.o
    CC       ll_types.o
    CC       ll_proto.o
    CC       ll_addr.o
    CC       inet_proto.o
    CC       namespace.o
    CC       json_writer.o
    CC       json_print.o
    CC       json_print_math.o
    CC       names.o
    CC       color.o
    CC       bpf_legacy.o
    CC       bpf_glue.o
In file included from ../include/bpf_util.h:16,
                 from bpf_legacy.c:41:
../include/uapi/linux/elf-em.h:66: warning: "EM_S390_OLD" redefined
   66 | #define EM_S390_OLD     0xA390
      | 
In file included from /usr/include/libelf.h:36,
                 from bpf_legacy.c:24:
/usr/include/elf.h:310: note: this is the location of the previous definition
  310 | #define EM_S390_OLD     0xa390
      | 
    CC       exec.o
    CC       fs.o
    CC       cg_map.o
    CC       ppp_proto.o
    CC       selinux.o
    CC       ax25_ntop.o
    CC       rose_ntop.o
    CC       mpls_ntop.o
    CC       mpls_pton.o
    CC       netrom_ntop.o
    AR       libnetlink.a
    AR       libutil.a

ip
    CC       ip.o
    CC       ipaddress.o
    CC       ipaddrlabel.o
    CC       iproute.o
    CC       iprule.o
    CC       ipnetns.o
    CC       rtm_map.o
    CC       iptunnel.o
    CC       ip6tunnel.o
    CC       tunnel.o
    CC       ipneigh.o
    CC       ipntable.o
    CC       iplink.o
    CC       ipmaddr.o
    CC       ipmonitor.o
    CC       ipmroute.o
    CC       ipprefix.o
    CC       iptuntap.o
    CC       iptoken.o
    CC       ipxfrm.o
    CC       xfrm_state.o
    CC       xfrm_policy.o
    CC       xfrm_monitor.o
    CC       iplink_dummy.o
    CC       iplink_ifb.o
    CC       iplink_nlmon.o
    CC       iplink_team.o
    CC       iplink_vcan.o
    CC       iplink_vxcan.o
    CC       iplink_vlan.o
    CC       link_veth.o
    CC       link_gre.o
    CC       iplink_can.o
    CC       iplink_xdp.o
    CC       iplink_macvlan.o
    CC       ipl2tp.o
    CC       link_vti.o
    CC       link_vti6.o
    CC       link_xfrm.o
    CC       iplink_vxlan.o
    CC       tcp_metrics.o
    CC       iplink_ipoib.o
    CC       ipnetconf.o
    CC       link_ip6tnl.o
    CC       link_iptnl.o
    CC       link_gre6.o
    CC       iplink_bond.o
    CC       iplink_bond_slave.o
    CC       iplink_hsr.o
    CC       iplink_bridge.o
    CC       iplink_bridge_slave.o
    CC       iplink_dsa.o
    CC       ipfou.o
    CC       iplink_ipvlan.o
    CC       iplink_geneve.o
    CC       iplink_vrf.o
    CC       iproute_lwtunnel.o
    CC       ipmacsec.o
    CC       ipila.o
    CC       ipvrf.o
    CC       iplink_xstats.o
    CC       ipseg6.o
    CC       iplink_netdevsim.o
    CC       iplink_rmnet.o
    CC       ipnexthop.o
    CC       ipmptcp.o
    CC       iplink_bareudp.o
    CC       iplink_wwan.o
    CC       ipioam6.o
    CC       iplink_amt.o
    CC       iplink_batadv.o
    CC       iplink_gtp.o
    CC       iplink_virt_wifi.o
    CC       iplink_netkit.o
    CC       ipstats.o
    CC       rtmon.o
    LINK     rtmon
    LINK     ip

tc
    CC       tc.o
    CC       tc_qdisc.o
    CC       tc_class.o
    CC       tc_filter.o
    CC       tc_util.o
    CC       tc_monitor.o
    CC       tc_exec.o
    CC       m_police.o
    CC       m_estimator.o
    CC       m_action.o
    CC       m_ematch.o
    YACC     emp_ematch.tab.c
    LEX      emp_ematch.lex.c
    CC       q_fifo.o
    CC       q_sfq.o
    CC       q_red.o
    CC       q_prio.o
    CC       q_skbprio.o
    CC       q_tbf.o
    CC       q_multiq.o
    CC       q_netem.o
    CC       q_choke.o
    CC       q_sfb.o
    CC       f_u32.o
    CC       f_route.o
    CC       f_fw.o
    CC       f_basic.o
    CC       f_bpf.o
    CC       f_flow.o
    CC       f_cgroup.o
    CC       f_flower.o
    CC       q_gred.o
    CC       q_ingress.o
    CC       q_hfsc.o
    CC       q_htb.o
    CC       q_drr.o
    CC       q_qfq.o
    CC       m_gact.o
    CC       m_mirred.o
    CC       m_mpls.o
    CC       m_nat.o
    CC       m_pedit.o
    CC       m_ife.o
    CC       m_skbedit.o
    CC       m_skbmod.o
    CC       m_csum.o
    CC       m_simple.o
    CC       m_vlan.o
    CC       m_connmark.o
    CC       m_ctinfo.o
    CC       m_bpf.o
    CC       m_tunnel_key.o
    CC       m_sample.o
    CC       m_ct.o
    CC       m_gate.o
    CC       p_ip.o
    CC       p_ip6.o
    CC       p_icmp.o
    CC       p_eth.o
    CC       p_tcp.o
    CC       p_udp.o
    CC       em_nbyte.o
    CC       em_cmp.o
    CC       em_u32.o
    CC       em_canid.o
    CC       em_meta.o
    CC       q_mqprio.o
    CC       q_codel.o
    CC       q_fq_codel.o
    CC       q_fq.o
    CC       q_pie.o
    CC       q_fq_pie.o
    CC       q_cake.o
    CC       q_hhf.o
    CC       q_clsact.o
    CC       e_bpf.o
    CC       f_matchall.o
    CC       q_cbs.o
    CC       q_etf.o
    CC       q_taprio.o
    CC       q_plug.o
    CC       q_ets.o
    CC       tc_red.o
    CC       tc_core.o
    CC       tc_estimator.o
    CC       tc_stab.o
    CC       tc_qevent.o
    CC       emp_ematch.tab.o
    CC       emp_ematch.lex.o
    AR       libtc.a
    LINK     tc
rm emp_ematch.lex.c

bridge
    CC       bridge.o
    CC       fdb.o
    CC       monitor.o
    CC       link.o
    CC       mdb.o
    CC       vlan.o
    CC       vni.o
    LINK     bridge

misc
    CC       ss.o
    CC       ssfilter_check.o
    YACC     ssfilter.tab.c
    CC       nstat
    CC       ifstat
    CC       rtacct
    CC       lnstat.o
    CC       lnstat_util.o
    CC       ssfilter.tab.o
    LINK     lnstat
    LINK     ss

netem
gcc  -I../include -o maketable maketable.c -lm
gcc  -I../include -o normal normal.c -lm
gcc  -I../include -o pareto pareto.c -lm
gcc  -I../include -o paretonormal paretonormal.c -lm
./pareto > pareto.dist
./normal > normal.dist
./paretonormal > paretonormal.dist
./maketable experimental.dat > experimental.dist

genl
    CC       genl.o
    CC       ctrl.o
    LINK     genl

man
make[2]: Nothing to be done for 'all'.
make[2]: Nothing to be done for 'all'.
sed \
	-e "s|@NETNS_ETC_DIR@|/etc/netns|g" \
	-e "s|@NETNS_RUN_DIR@|/run/netns|g" \
	-e "s|@SYSCONF_ETC_DIR@|/etc/iproute2|g" \
	-e "s|@SYSCONF_USR_DIR@|/usr/share/iproute2|g" \
	ip-address.8.in > ip-address.8
sed \
	-e "s|@NETNS_ETC_DIR@|/etc/netns|g" \
	-e "s|@NETNS_RUN_DIR@|/run/netns|g" \
	-e "s|@SYSCONF_ETC_DIR@|/etc/iproute2|g" \
	-e "s|@SYSCONF_USR_DIR@|/usr/share/iproute2|g" \
	ip-link.8.in > ip-link.8
sed \
	-e "s|@NETNS_ETC_DIR@|/etc/netns|g" \
	-e "s|@NETNS_RUN_DIR@|/run/netns|g" \
	-e "s|@SYSCONF_ETC_DIR@|/etc/iproute2|g" \
	-e "s|@SYSCONF_USR_DIR@|/usr/share/iproute2|g" \
	ip-netns.8.in > ip-netns.8
sed \
	-e "s|@NETNS_ETC_DIR@|/etc/netns|g" \
	-e "s|@NETNS_RUN_DIR@|/run/netns|g" \
	-e "s|@SYSCONF_ETC_DIR@|/etc/iproute2|g" \
	-e "s|@SYSCONF_USR_DIR@|/usr/share/iproute2|g" \
	ip-route.8.in > ip-route.8

lib
make[1]: Nothing to be done for 'all'.

ip
make[1]: Nothing to be done for 'all'.

tc
make[1]: Nothing to be done for 'all'.

bridge
make[1]: Nothing to be done for 'all'.

misc
make[1]: Nothing to be done for 'all'.

netem
make[1]: Nothing to be done for 'all'.

genl
make[1]: Nothing to be done for 'all'.

man
make[2]: Nothing to be done for 'all'.
make[2]: Nothing to be done for 'all'.
make[2]: Nothing to be done for 'all'.
install -m 0755 -d /usr/sbin
install -m 0755 -d /usr/share/iproute2
install -m 0755 -d /usr/include/iproute2
make[1]: Nothing to be done for 'install'.
install -m 0755 ip rtmon /usr/sbin
install -m 0755 routel /usr/sbin
mkdir -p /usr/lib/tc
install -m 0755 tc /usr/sbin
for i in ; \
do install -m 755 $i /usr/lib/tc; \
done
if [ ! -f /usr/lib/tc/m_ipt.so ]; then \
if [ -f /usr/lib/tc/m_xt.so ]; \
	then ln -s m_xt.so /usr/lib/tc/m_ipt.so ; \
elif [ -f /usr/lib/tc/m_xt_old.so ]; \
	then ln -s m_xt_old.so /usr/lib/tc/m_ipt.so ; \
fi; \
fi
install -m 0755 bridge /usr/sbin
install -m 0755 ss nstat ifstat rtacct lnstat /usr/sbin
ln -sf lnstat /usr/sbin/rtstat
ln -sf lnstat /usr/sbin/ctstat
mkdir -p /usr/lib/tc
for i in normal.dist pareto.dist paretonormal.dist experimental.dist; \
do install -m 644 $i /usr/lib/tc; \
done
install -m 0755 genl /usr/sbin
install -m 0755 -d /usr/share/man/man3
install -m 0644 libnetlink.3 /usr/share/man/man3
install -m 0755 -d /usr/share/man/man7
install -m 0644 tc-hfsc.7 /usr/share/man/man7
install -m 0755 -d /usr/share/man/man8
install -m 0644 ip-address.8 ip-link.8 ip-netns.8 ip-route.8 bridge.8 ctstat.8 dcb-app.8 dcb-apptrust.8 dcb-buffer.8 dcb-dcbx.8 dcb-ets.8 dcb-maxrate.8 dcb-pfc.8 dcb-rewr.8 dcb.8 devlink-dev.8 devlink-dpipe.8 devlink-health.8 devlink-lc.8 devlink-monitor.8 devlink-port.8 devlink-rate.8 devlink-region.8 devlink-resource.8 devlink-sb.8 devlink-trap.8 devlink.8 genl.8 ifstat.8 ip-addrlabel.8 ip-fou.8 ip-gue.8 ip-ioam.8 ip-l2tp.8 ip-macsec.8 ip-maddress.8 ip-monitor.8 ip-mptcp.8 ip-mroute.8 ip-neighbour.8 ip-netconf.8 ip-nexthop.8 ip-ntable.8 ip-rule.8 ip-sr.8 ip-stats.8 ip-tcp_metrics.8 ip-token.8 ip-tunnel.8 ip-vrf.8 ip-xfrm.8 ip.8 lnstat.8 nstat.8 rdma-dev.8 rdma-link.8 rdma-resource.8 rdma-statistic.8 rdma-system.8 rdma.8 routel.8 rtacct.8 rtmon.8 rtstat.8 ss.8 tc-actions.8 tc-basic.8 tc-bfifo.8 tc-bpf.8 tc-cake.8 tc-cbs.8 tc-cgroup.8 tc-choke.8 tc-codel.8 tc-connmark.8 tc-csum.8 tc-ct.8 tc-ctinfo.8 tc-drr.8 tc-ematch.8 tc-etf.8 tc-ets.8 tc-flow.8 tc-flower.8 tc-fq.8 tc-fq_codel.8 tc-fq_pie.8 tc-fw.8 tc-gact.8 tc-gate.8 tc-hfsc.8 tc-htb.8 tc-ife.8 tc-matchall.8 tc-mirred.8 tc-mpls.8 tc-mqprio.8 tc-nat.8 tc-netem.8 tc-pedit.8 tc-pfifo.8 tc-pfifo_fast.8 tc-pie.8 tc-police.8 tc-prio.8 tc-red.8 tc-route.8 tc-sample.8 tc-sfb.8 tc-sfq.8 tc-simple.8 tc-skbedit.8 tc-skbmod.8 tc-skbprio.8 tc-stab.8 tc-taprio.8 tc-tbf.8 tc-tunnel_key.8 tc-u32.8 tc-vlan.8 tc.8 tipc-bearer.8 tipc-link.8 tipc-media.8 tipc-nametable.8 tipc-node.8 tipc-peer.8 tipc-socket.8 tipc.8 vdpa-dev.8 vdpa-mgmtdev.8 vdpa.8 /usr/share/man/man8
install -m 0644 etc/iproute2/rt_protos etc/iproute2/rt_tables etc/iproute2/rt_realms etc/iproute2/nl_protos etc/iproute2/rt_scopes etc/iproute2/ematch_map etc/iproute2/rt_dsfield etc/iproute2/group etc/iproute2/bpf_pinning /usr/share/iproute2
install -m 0755 -d /usr/share/bash-completion/completions
install -m 0644 bash-completion/tc /usr/share/bash-completion/completions
install -m 0644 bash-completion/devlink /usr/share/bash-completion/completions
install -m 0644 include/bpf_elf.h /usr/include/iproute2


CFLAGS:: -march=x86-64-v3 -mtune=haswell -Os -pipe -fno-plt -fPIC -fstack-clash-protection -ffunction-sections -fdata-sections
CXXFLAGS:: -march=x86-64-v3 -mtune=haswell -Os -pipe -fno-plt -fPIC -fstack-clash-protection -ffunction-sections -fdata-sections -Wp,-D_GLIBCXX_ASSERTIONS
CPPFLAGS:: -DNDEBUG
LDFLAGS:: -Wl,-O2,--sort-common,--as-needed,-z,relro,-z,now,--gc-sections,--compress-debug-sections=zstd


Thu Mar 28 16:35:52 UTC 2024

Totalseconds: 16

KB: 1707200	/

