Wed Feb 14 11:46:47 UTC 2024
KB: 1602252	/

The Meson build system
Version: 1.3.1
Source dir: /sources/p11-kit-0.25.3
Build dir: /sources/p11-kit-0.25.3/p11-build
Build type: native build
Project name: p11-kit
Project version: 0.25.3
C compiler for the host machine: cc (gcc 13.2.0 "cc (GCC) 13.2.0")
C linker for the host machine: cc ld.bfd 2.42
Host machine cpu family: x86
Host machine cpu: i686
Has header "libintl.h" : YES 
Library intl found: YES
Checking for function "dgettext" with dependency -lintl: YES 
Checking for size of "unsigned long" : 4 
Run-time dependency threads found: YES
Checking for function "pthread_create" with dependency threads: YES 
Checking for function "nanosleep" : YES 
Checking for function "dlopen" : YES 
Library nsl found: YES
Checking for function "gethostbyname" with dependency -lnsl: YES 
Library socket found: NO
Has header "locale.h" : YES 
Checking for type "locale_t" : YES 
Checking for function "newlocale" : YES 
Checking for function "strerror_l" : NO 
Has header "sys/resource.h" : YES 
Has header "sys/un.h" : YES 
Has header "ucred.h" : NO 
Checking for function "fdwalk" : NO 
Checking for function "getauxval" : YES 
Checking for function "getexecname" : NO 
Checking for function "getpeereid" : NO 
Checking for function "getpeerucred" : NO 
Checking for function "getprogname" : NO 
Checking for function "getresuid" : YES 
Checking for function "isatty" : YES 
Checking for function "issetugid" : YES 
Checking for function "mkdtemp" : YES 
Checking for function "mkstemp" : YES 
Checking for function "readpassphrase" : NO 
Checking for function "secure_getenv" : YES 
Checking for function "strndup" : YES 
Checking whether type "struct dirent" has member "d_type" : YES 
Checking if "thread-local storage class" compiles: YES 
Checking for function "gmtime_r" : YES 
Checking if "program_invocation_short_name_test_code" : links: YES 
Checking if "__libc_enable_secure" : links: NO 
Checking if "vsock_test" compiles: YES 
Checking for type "sighandler_t" : NO 
Checking for type "sig_t" : NO 
Checking for type "__sighandler_t" : NO 
Checking for type "sighandler_t" : NO 
Checking for type "sig_t" : YES 
Checking for type "__sighandler_t" : YES 
Has header "stdbool.h" : YES 
Checking for function "asprintf" : YES 
Checking for function "basename" : YES 
Checking for function "memdup" : NO 
Checking for function "reallocarray" : NO 
Checking for function "secure_getenv" : YES (cached)
Checking for function "setenv" : YES 
Checking for function "strnstr" : NO 
Checking for function "vasprintf" : YES 
Checking for function "strerror_r" : YES 
Checking if "GNU strerror_r check" compiles: YES 
Header "errno.h" has symbol "program_invocation_short_name" : YES 
Header "stdio.h" has symbol "asprintf" : YES 
Header "stdio.h" has symbol "vasprintf" : YES 
Header "stdlib.h" has symbol "reallocarray" : NO 
Found pkg-config: YES (/usr/bin/pkg-config) 2.1.1
Run-time dependency libffi found: YES 3.4.4
Run-time dependency libtasn1 found: YES 4.19.0
Program asn1Parser found: YES (/usr/bin/asn1Parser)
Run-time dependency libsystemd found: YES 253
Run-time dependency systemd found: YES 253
Configuring config.h using configuration
Program python3 found: YES (/usr/bin/python3.12)

Executing subproject pkcs11-json 

pkcs11-json| Project name: pkcs11-json
pkcs11-json| Project version: undefined
pkcs11-json| Program castxml found: NO
pkcs11-json| Program cp found: YES (/usr/bin/cp)
pkcs11-json| Build targets in project: 0
pkcs11-json| Subproject pkcs11-json finished.

Checking for function "readpassphrase" : NO (cached)
Configuring test-init.sh using configuration
Compiler for C supports link arguments -Wl,--version-script,/sources/p11-kit-0.25.3/p11-kit/libp11-kit.map: YES 
Compiler for C supports link arguments -Wl,-z,nodelete: YES 
Compiler for C supports link arguments -Wl,--version-script,/sources/p11-kit-0.25.3/p11-kit/p11-module.map: YES 
Configuring p11-kit-server.service using configuration
Program gen-pkcs11-gnu.sh found: YES (/sources/p11-kit-0.25.3/p11-kit/gen-pkcs11-gnu.sh)
Program test-objects.sh found: YES (/sources/p11-kit-0.25.3/p11-kit/test-objects.sh)
Program test-lists.sh found: YES (/sources/p11-kit-0.25.3/p11-kit/test-lists.sh)
Program test-messages.sh found: YES (/sources/p11-kit-0.25.3/p11-kit/test-messages.sh)
Program test-server.sh found: YES (/sources/p11-kit-0.25.3/p11-kit/test-server.sh)
Program test-list-mechanisms.sh found: YES (/sources/p11-kit-0.25.3/p11-kit/test-list-mechanisms.sh)
Program test-list-tokens.sh found: YES (/sources/p11-kit-0.25.3/p11-kit/test-list-tokens.sh)
Program test-generate-keypair.sh found: YES (/sources/p11-kit-0.25.3/p11-kit/test-generate-keypair.sh)
Program test-export-public.sh found: YES (/sources/p11-kit-0.25.3/p11-kit/test-export-public.sh)
Program test-import-public.sh found: YES (/sources/p11-kit-0.25.3/p11-kit/test-import-public.sh)
Program test-profiles.sh found: YES (/sources/p11-kit-0.25.3/p11-kit/test-profiles.sh)
Configuring pkcs11.conf.example using configuration
Program msgfmt found: YES (/usr/bin/msgfmt)
Program msginit found: YES (/usr/bin/msginit)
Program msgmerge found: YES (/usr/bin/msgmerge)
Program xgettext found: YES (/usr/bin/xgettext)
Did not find CMake 'cmake'
Found CMake: NO
Run-time dependency bash-completion found: NO (tried pkgconfig and cmake)
../bash-completion/meson.build:7: WARNING: Will not install bash completion due to missing dependencies!
Build targets in project: 195

p11-kit 0.25.3

  Subprojects
    pkcs11-json: YES

  User defined options
    buildtype  : release
    prefix     : /usr
    trust_paths: /etc/pki/anchors

Found ninja-1.11.1 at /usr/bin/ninja
[4 1/416 0.111s] Compiling C object common/libp11-common.a.p/argv.c.o
[4 2/416 0.137s] Compiling C object common/libp11-common.a.p/array.c.o
[4 3/416 0.188s] Compiling C object common/libp11-common.a.p/base64.c.o
[4 4/416 0.262s] Compiling C object common/libp11-common.a.p/buffer.c.o
[4 5/416 0.365s] Compiling C object common/libp11-common.a.p/compat.c.o
[4 6/416 0.368s] Compiling C object common/libp11-common.a.p/constants.c.o
[4 7/416 0.401s] Compiling C object common/libp11-common.a.p/debug.c.o
[4 8/416 0.466s] Compiling C object common/libp11-common.a.p/hex.c.o
[4 9/416 0.473s] Compiling C object common/libp11-common.a.p/hash.c.o
[4 10/416 0.541s] Compiling C object common/libp11-common.a.p/attrs.c.o
[4 11/416 0.590s] Compiling C object common/libp11-common.a.p/dict.c.o
[4 12/416 0.590s] Compiling C object common/libp11-common.a.p/message.c.o
[4 13/416 0.669s] Compiling C object common/libp11-common.a.p/lexer.c.o
[4 14/416 0.705s] Compiling C object common/libp11-common.a.p/runtime.c.o
[4 15/416 0.748s] Compiling C object common/libp11-common.a.p/pem.c.o
[4 16/416 0.793s] Compiling C object common/libp11-common.a.p/url.c.o
[4 17/416 0.796s] Compiling C object common/libp11-common.a.p/path.c.o
[4 18/416 0.810s] Compiling C object common/libp11-common.a.p/vsock.c.o
[4 19/416 0.822s] Linking static target common/libp11-common.a
[4 20/416 0.844s] Compiling C object common/libp11-library.a.p/library.c.o
[4 21/416 0.850s] Linking static target common/libp11-library.a
[4 22/416 0.980s] Compiling C object common/libp11-tool.a.p/print.c.o
[4 23/416 1.044s] Compiling C object common/libp11-tool.a.p/unix-peer.c.o
[4 24/416 1.085s] Compiling C object common/libp11-tool.a.p/tool.c.o
[4 25/416 1.088s] Generating common/basic.asn.h with a custom command
Done.
[4 26/416 1.093s] Generating common/pkix.asn.h with a custom command
Done.
[4 27/416 1.096s] Generating common/openssl.asn.h with a custom command
Done.
[4 28/416 1.108s] Compiling C object common/libp11-test.a.p/test.c.o
[4 29/416 1.205s] Compiling C object common/libp11-asn1.a.p/oid.c.o
[4 30/416 1.218s] Compiling C object common/libp11-tool.a.p/readpassphrase.c.o
[4 31/416 1.225s] Linking static target common/libp11-tool.a
[4 32/416 1.317s] Compiling C object common/test-tests.p/test-tests.c.o
[4 33/416 1.365s] Compiling C object common/libp11-asn1.a.p/asn1.c.o
[4 34/416 1.467s] Compiling C object common/test-hash.p/test-hash.c.o
[4 35/416 1.475s] Compiling C object common/test-compat.p/test-compat.c.o
[4 36/416 1.626s] Compiling C object common/libp11-asn1.a.p/persist.c.o
[4 37/416 1.633s] Linking static target common/libp11-asn1.a
[4 38/416 1.680s] Compiling C object common/test-array.p/test-array.c.o
[4 39/416 1.790s] Compiling C object common/test-constants.p/test-constants.c.o
[4 40/416 1.968s] Compiling C object common/test-dict.p/test-dict.c.o
../common/test-dict.c: In function 'test_set_clear':
../common/test-dict.c:254:15: warning: variable 'check' set but not used [-Wunused-but-set-variable]
  254 |         char *check;
      |               ^~~~~
[4 41/416 2.027s] Compiling C object common/test-buffer.p/test-buffer.c.o
[4 42/416 2.162s] Compiling C object common/test-url.p/test-url.c.o
[4 43/416 2.345s] Compiling C object common/test-lexer.p/test-lexer.c.o
[4 44/416 2.370s] Compiling C object common/test-path.p/test-path.c.o
[4 45/416 2.450s] Compiling C object common/test-message.p/test-message.c.o
[4 46/416 2.493s] Compiling C object common/test-attrs.p/test-attrs.c.o
[4 47/416 2.520s] Compiling C object common/test-argv.p/test-argv.c.o
[4 48/416 2.607s] Compiling C object common/test-runtime.p/test-runtime.c.o
[4 49/416 2.636s] Compiling C object common/test-asn1.p/test-asn1.c.o
[4 50/416 2.695s] Compiling C object common/frob-getauxval.p/frob-getauxval.c.o
[4 51/416 2.710s] Compiling C object common/test-oid.p/test-oid.c.o
[4 52/416 2.714s] Linking target common/frob-getauxval
[4 53/416 2.718s] Generating 'p11-kit/virtual-ffi-generated.h.p/pkcs11.json'
[4 54/416 2.723s] Compiling C object common/frob-getenv.p/frob-getenv.c.o
[4 55/416 2.741s] Linking target common/frob-getenv
[4 56/416 2.745s] Generating 'p11-kit/virtual-fixed-wrappers.h.p/pkcs11.json'
[4 57/416 2.809s] Generating p11-kit/generate virtual-ffi-generated.h with a custom command
[4 58/416 2.832s] Compiling C object common/frob-getprogname.p/frob-getprogname.c.o
[4 59/416 2.836s] Generating p11-kit/generate virtual-fixed-wrappers.h with a custom command
[4 60/416 2.839s] Generating 'p11-kit/virtual-stack-generated.h.p/pkcs11.json'
[4 61/416 2.852s] Linking target common/frob-getprogname
[4 62/416 2.855s] Generating 'p11-kit/virtual-base-generated.h.p/pkcs11.json'
[4 63/416 2.871s] Generating p11-kit/generate virtual-fixed-closures.h with a custom command
[4 64/416 2.875s] Generating 'p11-kit/proxy-generated.h.p/pkcs11.json'
[4 65/416 2.899s] Compiling C object common/libp11-test.a.p/mock.c.o
[4 66/416 2.908s] Linking static target common/libp11-test.a
[4 67/416 2.928s] Linking target common/test-tests
[4 68/416 2.931s] Generating p11-kit/generate virtual-stack-generated.h with a custom command
[4 69/416 2.949s] Linking target common/test-compat
[4 70/416 2.951s] Linking target common/test-hash
[4 71/416 2.955s] Generating p11-kit/generate virtual-base-generated.h with a custom command
[4 72/416 2.963s] Generating p11-kit/generate proxy-generated.h with a custom command
[4 73/416 2.970s] Linking target common/test-dict
[4 74/416 2.972s] Linking target common/test-array
[4 75/416 2.977s] Linking target common/test-constants
[4 76/416 2.988s] Linking target common/test-attrs
[4 77/416 2.991s] Linking target common/test-buffer
[4 78/416 2.992s] Linking target common/test-url
[4 79/416 2.998s] Linking target common/test-path
[4 80/416 3.009s] Linking target common/test-lexer
[4 81/416 3.011s] Linking target common/test-message
[4 82/416 3.012s] Linking target common/test-argv
[4 83/416 3.018s] Linking target common/test-runtime
[4 84/416 3.032s] Linking target common/test-asn1
[4 85/416 3.033s] Linking target common/test-oid
[4 86/416 3.292s] Compiling C object p11-kit/libp11-kit-internal.a.p/filter.c.o
[4 87/416 3.306s] Compiling C object p11-kit/libp11-kit-internal.a.p/conf.c.o
[4 88/416 3.526s] Compiling C object p11-kit/libp11-kit-internal.a.p/rpc-transport.c.o
[4 89/416 4.186s] Compiling C object p11-kit/libp11-kit-internal.a.p/rpc-message.c.o
[4 90/416 4.683s] Compiling C object p11-kit/libp11-kit.so.0.3.1.p/iter.c.o
[4 91/416 4.827s] Compiling C object p11-kit/libp11-kit.so.0.3.1.p/messages.c.o
[4 92/416 5.258s] Compiling C object p11-kit/libp11-kit-internal.a.p/rpc-client.c.o
[4 93/416 5.450s] Compiling C object p11-kit/libp11-kit-internal.a.p/log.c.o
[4 94/416 5.508s] Compiling C object p11-kit/libp11-kit.so.0.3.1.p/pin.c.o
[4 95/416 5.594s] Compiling C object p11-kit/libp11-kit.so.0.3.1.p/proxy-init.c.o
[4 96/416 5.823s] Compiling C object p11-kit/libp11-kit.so.0.3.1.p/modules.c.o
[4 97/416 6.604s] Compiling C object p11-kit/libp11-kit.so.0.3.1.p/proxy.c.o
../p11-kit/proxy.c: In function 'proxy_C_Initialize':
../p11-kit/proxy.c:427:35: warning: 'py' may be used uninitialized [-Wmaybe-uninitialized]
  427 |                         state->px = py;
      |                         ~~~~~~~~~~^~~~
../p11-kit/proxy.c:379:16: note: 'py' was declared here
  379 |         Proxy *py;
      |                ^~
[4 98/416 6.610s] Compiling C object p11-kit/libp11-kit.so.0.3.1.p/uri.c.o
[4 99/416 6.732s] Compiling C object p11-kit/libp11-kit.so.0.3.1.p/util.c.o
[4 100/416 6.781s] Compiling C object p11-kit/p11-kit-client.so.p/client.c.o
[4 101/416 6.814s] Compiling C object p11-kit/p11-kit-client.so.p/client-init.c.o
[4 102/416 7.075s] Compiling C object p11-kit/libp11-kit-testable.a.p/conf.c.o
[4 103/416 7.123s] Compiling C object p11-kit/libp11-kit.so.0.3.1.p/rpc-server.c.o
[4 104/416 7.333s] Compiling C object p11-kit/libp11-kit-testable.a.p/filter.c.o
[4 105/416 7.627s] Compiling C object p11-kit/libp11-kit-testable.a.p/rpc-transport.c.o
[4 106/416 8.228s] Compiling C object p11-kit/libp11-kit-testable.a.p/rpc-message.c.o
[4 107/416 9.295s] Compiling C object p11-kit/libp11-kit-testable.a.p/log.c.o
[4 108/416 9.570s] Compiling C object p11-kit/libp11-kit-testable.a.p/rpc-client.c.o
[4 109/416 9.719s] Compiling C object p11-kit/libp11-kit-testable.a.p/messages.c.o
[4 110/416 9.801s] Compiling C object p11-kit/libp11-kit-testable.a.p/iter.c.o
[4 111/416 10.054s] Compiling C object p11-kit/libp11-kit-testable.a.p/pin.c.o
[4 112/416 10.708s] Compiling C object p11-kit/libp11-kit-testable.a.p/modules.c.o
[4 113/416 10.791s] Compiling C object p11-kit/libp11-kit-testable.a.p/proxy-init.c.o
[4 114/416 11.226s] Compiling C object p11-kit/libp11-kit-testable.a.p/proxy.c.o
../p11-kit/proxy.c: In function 'proxy_C_Initialize':
../p11-kit/proxy.c:427:35: warning: 'py' may be used uninitialized [-Wmaybe-uninitialized]
  427 |                         state->px = py;
      |                         ~~~~~~~~~~^~~~
../p11-kit/proxy.c:379:16: note: 'py' was declared here
  379 |         Proxy *py;
      |                ^~
[4 115/416 12.030s] Compiling C object p11-kit/libp11-kit-testable.a.p/uri.c.o
[4 116/416 12.165s] Compiling C object p11-kit/libp11-kit-testable.a.p/util.c.o
[4 117/416 12.224s] Compiling C object p11-kit/libp11-kit-testable.a.p/rpc-server.c.o
[4 118/416 12.360s] Compiling C object p11-kit/p11-kit.p/delete-object.c.o
[4 119/416 12.362s] Compiling C object p11-kit/p11-kit.p/add-profile.c.o
[4 120/416 12.548s] Compiling C object p11-kit/p11-kit.p/delete-profile.c.o
[4 121/416 12.667s] Compiling C object p11-kit/p11-kit.p/export-object.c.o
[4 122/416 12.821s] Compiling C object p11-kit/p11-kit.p/generate-keypair.c.o
[4 123/416 13.038s] Compiling C object p11-kit/p11-kit.p/import-object.c.o
../p11-kit/import-object.c: In function 'add_attrs_pubkey_rsa':
../p11-kit/import-object.c:223:62: warning: passing argument 3 of 'p11_asn1_read' from incompatible pointer type [-Wincompatible-pointer-types]
  223 |         attr_modulus.pValue = p11_asn1_read (asn, "modulus", &attr_modulus.ulValueLen);
      |                                                              ^~~~~~~~~~~~~~~~~~~~~~~~
      |                                                              |
      |                                                              long unsigned int *
In file included from ../p11-kit/import-object.c:53:
../common/asn1.h:60:62: note: expected 'size_t *' {aka 'unsigned int *'} but argument is of type 'long unsigned int *'
   60 |                                                      size_t *length);
      |                                                      ~~~~~~~~^~~~~~
../p11-kit/import-object.c:229:70: warning: passing argument 3 of 'p11_asn1_read' from incompatible pointer type [-Wincompatible-pointer-types]
  229 |         attr_exponent.pValue = p11_asn1_read (asn, "publicExponent", &attr_exponent.ulValueLen);
      |                                                                      ^~~~~~~~~~~~~~~~~~~~~~~~~
      |                                                                      |
      |                                                                      long unsigned int *
../common/asn1.h:60:62: note: expected 'size_t *' {aka 'unsigned int *'} but argument is of type 'long unsigned int *'
   60 |                                                      size_t *length);
      |                                                      ~~~~~~~~^~~~~~
../p11-kit/import-object.c: In function 'add_attrs_pubkey_ec':
../p11-kit/import-object.c:264:78: warning: passing argument 3 of 'p11_asn1_read' from incompatible pointer type [-Wincompatible-pointer-types]
  264 |         attr_ec_params.pValue = p11_asn1_read (info, "algorithm.parameters", &attr_ec_params.ulValueLen);
      |                                                                              ^~~~~~~~~~~~~~~~~~~~~~~~~~
      |                                                                              |
      |                                                                              long unsigned int *
../common/asn1.h:60:62: note: expected 'size_t *' {aka 'unsigned int *'} but argument is of type 'long unsigned int *'
   60 |                                                      size_t *length);
      |                                                      ~~~~~~~~^~~~~~
[4 124/416 13.145s] Compiling C object p11-kit/p11-kit.p/list-objects.c.o
[4 125/416 13.223s] Compiling C object p11-kit/p11-kit.p/list-profiles.c.o
[4 126/416 13.372s] Compiling C object p11-kit/p11-kit.p/list-tokens.c.o
[4 127/416 13.392s] Compiling C object p11-kit/p11-kit.p/list-mechanisms.c.o
[4 128/416 13.525s] Compiling C object p11-kit/p11-kit.p/p11-kit.c.o
[4 129/416 13.639s] Compiling C object p11-kit/p11-kit.p/print-config.c.o
[4 130/416 13.642s] Compiling C object p11-kit/p11-kit.p/lists.c.o
[4 131/416 13.740s] Compiling C object p11-kit/p11-kit.p/tty.c.o
[4 132/416 13.839s] Compiling C object p11-kit/p11-kit-testable.p/add-profile.c.o
[4 133/416 13.878s] Compiling C object p11-kit/p11-kit-testable.p/delete-object.c.o
[4 134/416 14.033s] Compiling C object p11-kit/p11-kit-testable.p/delete-profile.c.o
[4 135/416 14.170s] Compiling C object p11-kit/p11-kit-testable.p/export-object.c.o
[4 136/416 14.334s] Compiling C object p11-kit/p11-kit-testable.p/generate-keypair.c.o
[4 137/416 14.532s] Compiling C object p11-kit/p11-kit-testable.p/import-object.c.o
../p11-kit/import-object.c: In function 'add_attrs_pubkey_rsa':
../p11-kit/import-object.c:223:62: warning: passing argument 3 of 'p11_asn1_read' from incompatible pointer type [-Wincompatible-pointer-types]
  223 |         attr_modulus.pValue = p11_asn1_read (asn, "modulus", &attr_modulus.ulValueLen);
      |                                                              ^~~~~~~~~~~~~~~~~~~~~~~~
      |                                                              |
      |                                                              long unsigned int *
In file included from ../p11-kit/import-object.c:53:
../common/asn1.h:60:62: note: expected 'size_t *' {aka 'unsigned int *'} but argument is of type 'long unsigned int *'
   60 |                                                      size_t *length);
      |                                                      ~~~~~~~~^~~~~~
../p11-kit/import-object.c:229:70: warning: passing argument 3 of 'p11_asn1_read' from incompatible pointer type [-Wincompatible-pointer-types]
  229 |         attr_exponent.pValue = p11_asn1_read (asn, "publicExponent", &attr_exponent.ulValueLen);
      |                                                                      ^~~~~~~~~~~~~~~~~~~~~~~~~
      |                                                                      |
      |                                                                      long unsigned int *
../common/asn1.h:60:62: note: expected 'size_t *' {aka 'unsigned int *'} but argument is of type 'long unsigned int *'
   60 |                                                      size_t *length);
      |                                                      ~~~~~~~~^~~~~~
../p11-kit/import-object.c: In function 'add_attrs_pubkey_ec':
../p11-kit/import-object.c:264:78: warning: passing argument 3 of 'p11_asn1_read' from incompatible pointer type [-Wincompatible-pointer-types]
  264 |         attr_ec_params.pValue = p11_asn1_read (info, "algorithm.parameters", &attr_ec_params.ulValueLen);
      |                                                                              ^~~~~~~~~~~~~~~~~~~~~~~~~~
      |                                                                              |
      |                                                                              long unsigned int *
../common/asn1.h:60:62: note: expected 'size_t *' {aka 'unsigned int *'} but argument is of type 'long unsigned int *'
   60 |                                                      size_t *length);
      |                                                      ~~~~~~~~^~~~~~
[4 138/416 14.673s] Compiling C object p11-kit/p11-kit-testable.p/list-objects.c.o
[4 139/416 14.710s] Compiling C object p11-kit/p11-kit-testable.p/list-profiles.c.o
[4 140/416 14.853s] Compiling C object p11-kit/p11-kit-testable.p/list-tokens.c.o
[4 141/416 14.929s] Compiling C object p11-kit/p11-kit-testable.p/list-mechanisms.c.o
[4 142/416 15.050s] Compiling C object p11-kit/p11-kit-testable.p/p11-kit.c.o
[4 143/416 15.109s] Compiling C object p11-kit/p11-kit-testable.p/lists.c.o
[4 144/416 15.160s] Compiling C object p11-kit/p11-kit-testable.p/print-config.c.o
[4 145/416 15.208s] Compiling C object p11-kit/p11-kit-testable.p/tty.c.o
[4 146/416 15.285s] Compiling C object p11-kit/p11-kit-remote.p/remote.c.o
[4 147/416 15.336s] Compiling C object p11-kit/p11-kit-remote-testable.p/remote.c.o
[4 148/416 15.768s] Compiling C object p11-kit/p11-kit-server.p/server.c.o
[4 149/416 15.780s] Generating 'p11-kit/libp11-kit-pkcs11-gnu.a.p/pkcs11-gnu-iter.h'
[4 150/416 15.791s] Generating 'p11-kit/libp11-kit-pkcs11-gnu.a.p/pkcs11-gnu-pin.h'
[4 151/416 15.802s] Generating 'p11-kit/libp11-kit-pkcs11-gnu.a.p/pkcs11-gnu-uri.h'
[4 152/416 15.837s] Compiling C object p11-kit/p11-kit-server-testable.p/server.c.o
[4 153/416 15.842s] Compiling C object p11-kit/libp11-kit-pkcs11-gnu.a.p/pkcs11-gnu.c.o
[4 154/416 15.847s] Linking static target p11-kit/libp11-kit-pkcs11-gnu.a
[4 155/416 15.942s] Compiling C object p11-kit/test-util.p/test-util.c.o
[4 156/416 15.955s] Compiling C object p11-kit/test-progname.p/test-progname.c.o
[4 157/416 16.464s] Compiling C object p11-kit/test-conf.p/test-conf.c.o
[4 158/416 16.685s] Compiling C object p11-kit/test-pin.p/test-pin.c.o
../p11-kit/test-pin.c: In function 'callback_one':
../p11-kit/test-pin.c:53:14: warning: unused variable 'data' [-Wunused-variable]
   53 |         int *data = callback_data;
      |              ^~~~
../p11-kit/test-pin.c: In function 'test_pin_read':
../p11-kit/test-pin.c:94:30: warning: variable 'ptr' set but not used [-Wunused-but-set-variable]
   94 |         const unsigned char *ptr;
      |                              ^~~
../p11-kit/test-pin.c: In function 'test_pin_register_duplicate':
../p11-kit/test-pin.c:137:30: warning: variable 'ptr' set but not used [-Wunused-but-set-variable]
  137 |         const unsigned char *ptr;
      |                              ^~~
../p11-kit/test-pin.c: In function 'test_pin_register_fallback':
../p11-kit/test-pin.c:187:30: warning: variable 'ptr' set but not used [-Wunused-but-set-variable]
  187 |         const unsigned char *ptr;
      |                              ^~~
../p11-kit/test-pin.c: In function 'test_pin_file':
../p11-kit/test-pin.c:230:30: warning: variable 'ptr' set but not used [-Wunused-but-set-variable]
  230 |         const unsigned char *ptr;
      |                              ^~~
[4 159/416 16.948s] Compiling C object p11-kit/test-init.p/test-init.c.o
../p11-kit/test-init.c: In function 'mock_C_Initialize__with_fork':
../p11-kit/test-init.c:67:15: warning: variable 'ret' set but not used [-Wunused-but-set-variable]
   67 |         pid_t ret;
      |               ^~~
../p11-kit/test-init.c:65:15: warning: variable 'rv' set but not used [-Wunused-but-set-variable]
   65 |         CK_RV rv;
      |               ^~
../p11-kit/test-init.c: In function 'test_fork_initialization':
../p11-kit/test-init.c:93:15: warning: variable 'rv' set but not used [-Wunused-but-set-variable]
   93 |         CK_RV rv;
      |               ^~
../p11-kit/test-init.c: In function 'mock_C_Initialize__with_recursive':
../p11-kit/test-init.c:129:15: warning: variable 'rv' set but not used [-Wunused-but-set-variable]
  129 |         CK_RV rv;
      |               ^~
../p11-kit/test-init.c: In function 'test_threaded_initialization':
../p11-kit/test-init.c:227:15: warning: variable 'rv' set but not used [-Wunused-but-set-variable]
  227 |         CK_RV rv;
      |               ^~
../p11-kit/test-init.c: In function 'mock_C_Initialize__test_mutexes':
../p11-kit/test-init.c:297:15: warning: variable 'rv' set but not used [-Wunused-but-set-variable]
  297 |         CK_RV rv;
      |               ^~
../p11-kit/test-init.c: In function 'test_mutexes':
../p11-kit/test-init.c:321:15: warning: variable 'rv' set but not used [-Wunused-but-set-variable]
  321 |         CK_RV rv;
      |               ^~
../p11-kit/test-init.c: In function 'test_load_and_initialize':
../p11-kit/test-init.c:344:13: warning: variable 'ret' set but not used [-Wunused-but-set-variable]
  344 |         int ret;
      |             ^~~
../p11-kit/test-init.c:343:15: warning: variable 'rv' set but not used [-Wunused-but-set-variable]
  343 |         CK_RV rv;
      |               ^~
[4 160/416 17.138s] Compiling C object p11-kit/test-uri.p/test-uri.c.o
../p11-kit/test-uri.c: In function 'test_uri_parse_with_token':
../p11-kit/test-uri.c:352:27: warning: variable 'token' set but not used [-Wunused-but-set-variable]
  352 |         CK_TOKEN_INFO_PTR token;
      |                           ^~~~~
../p11-kit/test-uri.c: In function 'test_uri_parse_with_spaces':
../p11-kit/test-uri.c:405:21: warning: variable 'info' set but not used [-Wunused-but-set-variable]
  405 |         CK_INFO_PTR info;
      |                     ^~~~
../p11-kit/test-uri.c: In function 'test_uri_parse_with_library':
../p11-kit/test-uri.c:428:21: warning: variable 'info' set but not used [-Wunused-but-set-variable]
  428 |         CK_INFO_PTR info;
      |                     ^~~~
../p11-kit/test-uri.c: In function 'test_uri_parse_with_slot':
../p11-kit/test-uri.c:465:26: warning: variable 'slot' set but not used [-Wunused-but-set-variable]
  465 |         CK_SLOT_INFO_PTR slot;
      |                          ^~~~
../p11-kit/test-uri.c: At top level:
../p11-kit/test-uri.c:335:1: warning: 'is_space_string' defined but not used [-Wunused-function]
  335 | is_space_string (CK_UTF8CHAR_PTR string, CK_ULONG size, const char *check)
      | ^~~~~~~~~~~~~~~
../p11-kit/test-uri.c:78:1: warning: 'are_attributes_empty' defined but not used [-Wunused-function]
   78 | are_attributes_empty (P11KitUri *uri)
      | ^~~~~~~~~~~~~~~~~~~~
../p11-kit/test-uri.c:68:1: warning: 'is_token_empty' defined but not used [-Wunused-function]
   68 | is_token_empty (P11KitUri *uri)
      | ^~~~~~~~~~~~~~
../p11-kit/test-uri.c:60:1: warning: 'is_slot_empty' defined but not used [-Wunused-function]
   60 | is_slot_empty (P11KitUri *uri)
      | ^~~~~~~~~~~~~
../p11-kit/test-uri.c:50:1: warning: 'is_module_empty' defined but not used [-Wunused-function]
   50 | is_module_empty (P11KitUri *uri)
      | ^~~~~~~~~~~~~~~
[4 161/416 17.302s] Compiling C object p11-kit/test-modules.p/test-modules.c.o
[4 162/416 17.435s] Compiling C object p11-kit/test-deprecated.p/test-deprecated.c.o
../p11-kit/test-deprecated.c: In function 'mock_C_Initialize__with_fork':
../p11-kit/test-deprecated.c:244:15: warning: variable 'ret' set but not used [-Wunused-but-set-variable]
  244 |         pid_t ret;
      |               ^~~
../p11-kit/test-deprecated.c:242:15: warning: variable 'rv' set but not used [-Wunused-but-set-variable]
  242 |         CK_RV rv;
      |               ^~
../p11-kit/test-deprecated.c: In function 'test_fork_initialization':
../p11-kit/test-deprecated.c:269:15: warning: variable 'rv' set but not used [-Wunused-but-set-variable]
  269 |         CK_RV rv;
      |               ^~
../p11-kit/test-deprecated.c: In function 'test_recursive_initialization':
../p11-kit/test-deprecated.c:298:15: warning: variable 'rv' set but not used [-Wunused-but-set-variable]
  298 |         CK_RV rv;
      |               ^~
../p11-kit/test-deprecated.c: In function 'initialization_thread':
../p11-kit/test-deprecated.c:343:15: warning: variable 'rv' set but not used [-Wunused-but-set-variable]
  343 |         CK_RV rv;
      |               ^~
../p11-kit/test-deprecated.c: In function 'finalization_thread':
../p11-kit/test-deprecated.c:355:15: warning: variable 'rv' set but not used [-Wunused-but-set-variable]
  355 |         CK_RV rv;
      |               ^~
../p11-kit/test-deprecated.c: In function 'test_mutexes':
../p11-kit/test-deprecated.c:449:15: warning: variable 'rv' set but not used [-Wunused-but-set-variable]
  449 |         CK_RV rv;
      |               ^~
../p11-kit/test-deprecated.c: In function 'test_load_and_initialize':
../p11-kit/test-deprecated.c:472:13: warning: variable 'ret' set but not used [-Wunused-but-set-variable]
  472 |         int ret;
      |             ^~~
../p11-kit/test-deprecated.c: At top level:
../p11-kit/test-deprecated.c:118:1: warning: 'lookup_module_with_name' defined but not used [-Wunused-function]
  118 | lookup_module_with_name (CK_FUNCTION_LIST_PTR_PTR modules,
      | ^~~~~~~~~~~~~~~~~~~~~~~
[4 163/416 19.752s] Compiling C object p11-kit/test-proxy.p/test-proxy.c.o
../p11-kit/test-proxy.c: In function 'test_initialize_multiple':
../p11-kit/test-proxy.c:93:15: warning: variable 'rv' set but not used [-Wunused-but-set-variable]
   93 |         CK_RV rv;
      |               ^~
../p11-kit/test-proxy.c: In function 'setup_mock_module':
../p11-kit/test-proxy.c:442:15: warning: variable 'rv' set but not used [-Wunused-but-set-variable]
  442 |         CK_RV rv;
      |               ^~
../p11-kit/test-proxy.c: In function 'teardown_mock_module':
../p11-kit/test-proxy.c:478:15: warning: variable 'rv' set but not used [-Wunused-but-set-variable]
  478 |         CK_RV rv;
      |               ^~
In file included from ../p11-kit/test-proxy.c:506:
../p11-kit/test-mock.c: In function 'test_get_slot_list':
../p11-kit/test-mock.c:76:15: warning: variable 'rv' set but not used [-Wunused-but-set-variable]
   76 |         CK_RV rv;
      |               ^~
../p11-kit/test-mock.c: In function 'test_get_slot_info':
../p11-kit/test-mock.c:110:15: warning: variable 'rv' set but not used [-Wunused-but-set-variable]
  110 |         CK_RV rv;
      |               ^~
../p11-kit/test-mock.c: In function 'test_get_token_info':
../p11-kit/test-mock.c:144:15: warning: variable 'rv' set but not used [-Wunused-but-set-variable]
  144 |         CK_RV rv;
      |               ^~
../p11-kit/test-mock.c: In function 'test_get_mechanism_list':
../p11-kit/test-mock.c:195:15: warning: variable 'rv' set but not used [-Wunused-but-set-variable]
  195 |         CK_RV rv;
      |               ^~
../p11-kit/test-mock.c: In function 'test_init_token':
../p11-kit/test-mock.c:252:15: warning: variable 'rv' set but not used [-Wunused-but-set-variable]
  252 |         CK_RV rv;
      |               ^~
../p11-kit/test-mock.c: In function 'test_wait_for_slot_event':
../p11-kit/test-mock.c:274:15: warning: variable 'rv' set but not used [-Wunused-but-set-variable]
  274 |         CK_RV rv;
      |               ^~
../p11-kit/test-mock.c: In function 'test_open_close_session':
../p11-kit/test-mock.c:297:15: warning: variable 'rv' set but not used [-Wunused-but-set-variable]
  297 |         CK_RV rv;
      |               ^~
../p11-kit/test-mock.c: In function 'test_close_all_sessions':
../p11-kit/test-mock.c:324:15: warning: variable 'rv' set but not used [-Wunused-but-set-variable]
  324 |         CK_RV rv;
      |               ^~
../p11-kit/test-mock.c: In function 'test_get_function_status':
../p11-kit/test-mock.c:346:15: warning: variable 'rv' set but not used [-Wunused-but-set-variable]
  346 |         CK_RV rv;
      |               ^~
../p11-kit/test-mock.c: In function 'test_cancel_function':
../p11-kit/test-mock.c:361:15: warning: variable 'rv' set but not used [-Wunused-but-set-variable]
  361 |         CK_RV rv;
      |               ^~
../p11-kit/test-mock.c: In function 'test_get_session_info':
../p11-kit/test-mock.c:377:15: warning: variable 'rv' set but not used [-Wunused-but-set-variable]
  377 |         CK_RV rv;
      |               ^~
../p11-kit/test-mock.c: In function 'test_init_pin':
../p11-kit/test-mock.c:414:15: warning: variable 'rv' set but not used [-Wunused-but-set-variable]
  414 |         CK_RV rv;
      |               ^~
../p11-kit/test-mock.c: In function 'test_operation_state':
../p11-kit/test-mock.c:458:15: warning: variable 'rv' set but not used [-Wunused-but-set-variable]
  458 |         CK_RV rv;
      |               ^~
../p11-kit/test-mock.c: In function 'test_get_attribute_value':
../p11-kit/test-mock.c:514:15: warning: variable 'rv' set but not used [-Wunused-but-set-variable]
  514 |         CK_RV rv;
      |               ^~
../p11-kit/test-mock.c: In function 'test_create_object':
../p11-kit/test-mock.c:618:15: warning: variable 'rv' set but not used [-Wunused-but-set-variable]
  618 |         CK_RV rv;
      |               ^~
../p11-kit/test-mock.c: In function 'test_copy_object':
../p11-kit/test-mock.c:716:15: warning: variable 'rv' set but not used [-Wunused-but-set-variable]
  716 |         CK_RV rv;
      |               ^~
../p11-kit/test-mock.c: In function 'test_destroy_object':
../p11-kit/test-mock.c:800:15: warning: variable 'rv' set but not used [-Wunused-but-set-variable]
  800 |         CK_RV rv;
      |               ^~
../p11-kit/test-mock.c: In function 'test_get_object_size':
../p11-kit/test-mock.c:829:15: warning: variable 'rv' set but not used [-Wunused-but-set-variable]
  829 |         CK_RV rv;
      |               ^~
../p11-kit/test-mock.c: In function 'test_find_objects':
../p11-kit/test-mock.c:855:15: warning: variable 'rv' set but not used [-Wunused-but-set-variable]
  855 |         CK_RV rv;
      |               ^~
../p11-kit/test-mock.c: In function 'test_generate_key':
../p11-kit/test-mock.c:1624:15: warning: variable 'rv' set but not used [-Wunused-but-set-variable]
 1624 |         CK_RV rv;
      |               ^~
../p11-kit/test-mock.c: In function 'test_generate_key_pair':
../p11-kit/test-mock.c:1682:15: warning: variable 'rv' set but not used [-Wunused-but-set-variable]
 1682 |         CK_RV rv;
      |               ^~
../p11-kit/test-mock.c: In function 'test_unwrap_key':
../p11-kit/test-mock.c:1802:15: warning: variable 'rv' set but not used [-Wunused-but-set-variable]
 1802 |         CK_RV rv;
      |               ^~
../p11-kit/test-mock.c: In function 'test_derive_key':
../p11-kit/test-mock.c:1857:15: warning: variable 'rv' set but not used [-Wunused-but-set-variable]
 1857 |         CK_RV rv;
      |               ^~
../p11-kit/test-mock.c: In function 'test_random':
../p11-kit/test-mock.c:1907:15: warning: variable 'rv' set but not used [-Wunused-but-set-variable]
 1907 |         CK_RV rv;
      |               ^~
[4 164/416 19.771s] Compiling C object p11-kit/test-proxy3.p/test-proxy3.c.o
../p11-kit/test-proxy3.c: In function 'test_interface_version':
../p11-kit/test-proxy3.c:105:15: warning: unused variable 'name' [-Wunused-variable]
  105 |         char *name = "PKCS 11";
      |               ^~~~
../p11-kit/test-proxy3.c: In function 'test_interface_list':
../p11-kit/test-proxy3.c:131:15: warning: variable 'rv' set but not used [-Wunused-but-set-variable]
  131 |         CK_RV rv;
      |               ^~
../p11-kit/test-proxy3.c: In function 'setup_mock_module':
../p11-kit/test-proxy3.c:192:15: warning: variable 'rv' set but not used [-Wunused-but-set-variable]
  192 |         CK_RV rv;
      |               ^~
../p11-kit/test-proxy3.c: In function 'teardown_mock_module':
../p11-kit/test-proxy3.c:229:15: warning: variable 'rv' set but not used [-Wunused-but-set-variable]
  229 |         CK_RV rv;
      |               ^~
In file included from ../p11-kit/test-proxy3.c:257:
../p11-kit/test-mock.c: In function 'test_get_slot_list':
../p11-kit/test-mock.c:76:15: warning: variable 'rv' set but not used [-Wunused-but-set-variable]
   76 |         CK_RV rv;
      |               ^~
../p11-kit/test-mock.c: In function 'test_get_slot_info':
../p11-kit/test-mock.c:110:15: warning: variable 'rv' set but not used [-Wunused-but-set-variable]
  110 |         CK_RV rv;
      |               ^~
../p11-kit/test-mock.c: In function 'test_get_token_info':
../p11-kit/test-mock.c:144:15: warning: variable 'rv' set but not used [-Wunused-but-set-variable]
  144 |         CK_RV rv;
      |               ^~
../p11-kit/test-mock.c: In function 'test_get_mechanism_list':
../p11-kit/test-mock.c:195:15: warning: variable 'rv' set but not used [-Wunused-but-set-variable]
  195 |         CK_RV rv;
      |               ^~
../p11-kit/test-mock.c: In function 'test_init_token':
../p11-kit/test-mock.c:252:15: warning: variable 'rv' set but not used [-Wunused-but-set-variable]
  252 |         CK_RV rv;
      |               ^~
../p11-kit/test-mock.c: In function 'test_wait_for_slot_event':
../p11-kit/test-mock.c:274:15: warning: variable 'rv' set but not used [-Wunused-but-set-variable]
  274 |         CK_RV rv;
      |               ^~
../p11-kit/test-mock.c: In function 'test_open_close_session':
../p11-kit/test-mock.c:297:15: warning: variable 'rv' set but not used [-Wunused-but-set-variable]
  297 |         CK_RV rv;
      |               ^~
../p11-kit/test-mock.c: In function 'test_close_all_sessions':
../p11-kit/test-mock.c:324:15: warning: variable 'rv' set but not used [-Wunused-but-set-variable]
  324 |         CK_RV rv;
      |               ^~
../p11-kit/test-mock.c: In function 'test_get_function_status':
../p11-kit/test-mock.c:346:15: warning: variable 'rv' set but not used [-Wunused-but-set-variable]
  346 |         CK_RV rv;
      |               ^~
../p11-kit/test-mock.c: In function 'test_cancel_function':
../p11-kit/test-mock.c:361:15: warning: variable 'rv' set but not used [-Wunused-but-set-variable]
  361 |         CK_RV rv;
      |               ^~
../p11-kit/test-mock.c: In function 'test_get_session_info':
../p11-kit/test-mock.c:377:15: warning: variable 'rv' set but not used [-Wunused-but-set-variable]
  377 |         CK_RV rv;
      |               ^~
../p11-kit/test-mock.c: In function 'test_init_pin':
../p11-kit/test-mock.c:414:15: warning: variable 'rv' set but not used [-Wunused-but-set-variable]
  414 |         CK_RV rv;
      |               ^~
../p11-kit/test-mock.c: In function 'test_operation_state':
../p11-kit/test-mock.c:458:15: warning: variable 'rv' set but not used [-Wunused-but-set-variable]
  458 |         CK_RV rv;
      |               ^~
../p11-kit/test-mock.c: In function 'test_get_attribute_value':
../p11-kit/test-mock.c:514:15: warning: variable 'rv' set but not used [-Wunused-but-set-variable]
  514 |         CK_RV rv;
      |               ^~
../p11-kit/test-mock.c: In function 'test_create_object':
../p11-kit/test-mock.c:618:15: warning: variable 'rv' set but not used [-Wunused-but-set-variable]
  618 |         CK_RV rv;
      |               ^~
../p11-kit/test-mock.c: In function 'test_copy_object':
../p11-kit/test-mock.c:716:15: warning: variable 'rv' set but not used [-Wunused-but-set-variable]
  716 |         CK_RV rv;
      |               ^~
../p11-kit/test-mock.c: In function 'test_destroy_object':
../p11-kit/test-mock.c:800:15: warning: variable 'rv' set but not used [-Wunused-but-set-variable]
  800 |         CK_RV rv;
      |               ^~
../p11-kit/test-mock.c: In function 'test_get_object_size':
../p11-kit/test-mock.c:829:15: warning: variable 'rv' set but not used [-Wunused-but-set-variable]
  829 |         CK_RV rv;
      |               ^~
../p11-kit/test-mock.c: In function 'test_find_objects':
../p11-kit/test-mock.c:855:15: warning: variable 'rv' set but not used [-Wunused-but-set-variable]
  855 |         CK_RV rv;
      |               ^~
../p11-kit/test-mock.c: In function 'test_generate_key':
../p11-kit/test-mock.c:1624:15: warning: variable 'rv' set but not used [-Wunused-but-set-variable]
 1624 |         CK_RV rv;
      |               ^~
../p11-kit/test-mock.c: In function 'test_generate_key_pair':
../p11-kit/test-mock.c:1682:15: warning: variable 'rv' set but not used [-Wunused-but-set-variable]
 1682 |         CK_RV rv;
      |               ^~
../p11-kit/test-mock.c: In function 'test_unwrap_key':
../p11-kit/test-mock.c:1802:15: warning: variable 'rv' set but not used [-Wunused-but-set-variable]
 1802 |         CK_RV rv;
      |               ^~
../p11-kit/test-mock.c: In function 'test_derive_key':
../p11-kit/test-mock.c:1857:15: warning: variable 'rv' set but not used [-Wunused-but-set-variable]
 1857 |         CK_RV rv;
      |               ^~
../p11-kit/test-mock.c: In function 'test_random':
../p11-kit/test-mock.c:1907:15: warning: variable 'rv' set but not used [-Wunused-but-set-variable]
 1907 |         CK_RV rv;
      |               ^~
[4 165/416 20.669s] Compiling C object p11-kit/test-iter.p/test-iter.c.o
../p11-kit/test-iter.c: In function 'on_iter_callback':
../p11-kit/test-iter.c:155:15: warning: variable 'rv' set but not used [-Wunused-but-set-variable]
  155 |         CK_RV rv;
      |               ^~
../p11-kit/test-iter.c: In function 'test_callback':
../p11-kit/test-iter.c:183:26: warning: variable 'objects' set but not used [-Wunused-but-set-variable]
  183 |         CK_OBJECT_HANDLE objects[128] = { 0 };
      |                          ^~~~~~~
../p11-kit/test-iter.c: In function 'test_with_session':
../p11-kit/test-iter.c:280:20: warning: variable 'slot' set but not used [-Wunused-but-set-variable]
  280 |         CK_SLOT_ID slot;
      |                    ^~~~
../p11-kit/test-iter.c:277:26: warning: variable 'objects' set but not used [-Wunused-but-set-variable]
  277 |         CK_OBJECT_HANDLE objects[128] = { 0 };
      |                          ^~~~~~~
../p11-kit/test-iter.c: In function 'test_with_slot':
../p11-kit/test-iter.c:337:20: warning: variable 'slot' set but not used [-Wunused-but-set-variable]
  337 |         CK_SLOT_ID slot;
      |                    ^~~~
../p11-kit/test-iter.c:335:26: warning: variable 'objects' set but not used [-Wunused-but-set-variable]
  335 |         CK_OBJECT_HANDLE objects[128] = { 0 };
      |                          ^~~~~~~
../p11-kit/test-iter.c: In function 'test_with_module':
../p11-kit/test-iter.c:383:26: warning: variable 'objects' set but not used [-Wunused-but-set-variable]
  383 |         CK_OBJECT_HANDLE objects[128] = { 0 };
      |                          ^~~~~~~
../p11-kit/test-iter.c: In function 'test_keep_session':
../p11-kit/test-iter.c:429:15: warning: variable 'rv' set but not used [-Wunused-but-set-variable]
  429 |         CK_RV rv;
      |               ^~
../p11-kit/test-iter.c: In function 'test_uri_with_type':
../p11-kit/test-iter.c:487:26: warning: variable 'objects' set but not used [-Wunused-but-set-variable]
  487 |         CK_OBJECT_HANDLE objects[128] = { 0 };
      |                          ^~~~~~~
../p11-kit/test-iter.c: In function 'test_filter':
../p11-kit/test-iter.c:560:26: warning: variable 'objects' set but not used [-Wunused-but-set-variable]
  560 |         CK_OBJECT_HANDLE objects[128] = { 0 };
      |                          ^~~~~~~
../p11-kit/test-iter.c: In function 'test_get_attributes':
../p11-kit/test-iter.c:1344:18: warning: unused variable 'ulong' [-Wunused-variable]
 1344 |         CK_ULONG ulong;
      |                  ^~~~~
../p11-kit/test-iter.c: In function 'test_load_attributes':
../p11-kit/test-iter.c:1410:18: warning: unused variable 'ulong' [-Wunused-variable]
 1410 |         CK_ULONG ulong;
      |                  ^~~~~
../p11-kit/test-iter.c: In function 'test_profile':
../p11-kit/test-iter.c:1703:20: warning: variable 'slot' set but not used [-Wunused-but-set-variable]
 1703 |         CK_SLOT_ID slot;
      |                    ^~~~
../p11-kit/test-iter.c:1700:26: warning: variable 'objects' set but not used [-Wunused-but-set-variable]
 1700 |         CK_OBJECT_HANDLE objects[128] = { 0 };
      |                          ^~~~~~~
../p11-kit/test-iter.c: At top level:
../p11-kit/test-iter.c:78:1: warning: 'has_handle' defined but not used [-Wunused-function]
   78 | has_handle (CK_ULONG *objects,
      | ^~~~~~~~~~
[4 166/416 22.525s] Compiling C object p11-kit/test-rpc.p/test-rpc.c.o
../p11-kit/test-rpc.c: In function 'rpc_transport':
../p11-kit/test-rpc.c:109:14: warning: variable 'ret' set but not used [-Wunused-but-set-variable]
  109 |         bool ret;
      |              ^~~
../p11-kit/test-rpc.c: In function 'test_initialize':
../p11-kit/test-rpc.c:135:15: warning: variable 'rv' set but not used [-Wunused-but-set-variable]
  135 |         CK_RV rv;
      |               ^~
../p11-kit/test-rpc.c: In function 'test_not_initialized':
../p11-kit/test-rpc.c:162:15: warning: variable 'rv' set but not used [-Wunused-but-set-variable]
  162 |         CK_RV rv;
      |               ^~
../p11-kit/test-rpc.c: In function 'test_initialize_fails_on_client':
../p11-kit/test-rpc.c:183:15: warning: variable 'rv' set but not used [-Wunused-but-set-variable]
  183 |         CK_RV rv;
      |               ^~
../p11-kit/test-rpc.c: In function 'test_transport_fails':
../p11-kit/test-rpc.c:213:15: warning: variable 'rv' set but not used [-Wunused-but-set-variable]
  213 |         CK_RV rv;
      |               ^~
../p11-kit/test-rpc.c: In function 'test_initialize_fails_on_server':
../p11-kit/test-rpc.c:235:15: warning: variable 'rv' set but not used [-Wunused-but-set-variable]
  235 |         CK_RV rv;
      |               ^~
../p11-kit/test-rpc.c: In function 'rpc_transport_bad_parse':
../p11-kit/test-rpc.c:256:13: warning: variable 'rc' set but not used [-Wunused-but-set-variable]
  256 |         int rc;
      |             ^~
../p11-kit/test-rpc.c: In function 'test_transport_bad_parse':
../p11-kit/test-rpc.c:275:15: warning: variable 'rv' set but not used [-Wunused-but-set-variable]
  275 |         CK_RV rv;
      |               ^~
../p11-kit/test-rpc.c: In function 'rpc_transport_short_error':
../p11-kit/test-rpc.c:299:13: warning: variable 'rc' set but not used [-Wunused-but-set-variable]
  299 |         int rc;
      |             ^~
../p11-kit/test-rpc.c: In function 'test_transport_short_error':
../p11-kit/test-rpc.c:323:15: warning: variable 'rv' set but not used [-Wunused-but-set-variable]
  323 |         CK_RV rv;
      |               ^~
../p11-kit/test-rpc.c: In function 'rpc_transport_invalid_error':
../p11-kit/test-rpc.c:346:13: warning: variable 'rc' set but not used [-Wunused-but-set-variable]
  346 |         int rc;
      |             ^~
../p11-kit/test-rpc.c: In function 'test_transport_invalid_error':
../p11-kit/test-rpc.c:370:15: warning: variable 'rv' set but not used [-Wunused-but-set-variable]
  370 |         CK_RV rv;
      |               ^~
../p11-kit/test-rpc.c: In function 'rpc_transport_wrong_response':
../p11-kit/test-rpc.c:393:13: warning: variable 'rc' set but not used [-Wunused-but-set-variable]
  393 |         int rc;
      |             ^~
../p11-kit/test-rpc.c: In function 'test_transport_wrong_response':
../p11-kit/test-rpc.c:415:15: warning: variable 'rv' set but not used [-Wunused-but-set-variable]
  415 |         CK_RV rv;
      |               ^~
../p11-kit/test-rpc.c: In function 'rpc_transport_bad_contents':
../p11-kit/test-rpc.c:438:13: warning: variable 'rc' set but not used [-Wunused-but-set-variable]
  438 |         int rc;
      |             ^~
../p11-kit/test-rpc.c: In function 'test_transport_bad_contents':
../p11-kit/test-rpc.c:462:15: warning: variable 'rv' set but not used [-Wunused-but-set-variable]
  462 |         CK_RV rv;
      |               ^~
../p11-kit/test-rpc.c: In function 'setup_test_rpc_module':
../p11-kit/test-rpc.c:511:15: warning: variable 'rv' set but not used [-Wunused-but-set-variable]
  511 |         CK_RV rv;
      |               ^~
../p11-kit/test-rpc.c: In function 'test_get_info_stand_in':
../p11-kit/test-rpc.c:556:15: warning: variable 'rv' set but not used [-Wunused-but-set-variable]
  556 |         CK_RV rv;
      |               ^~
../p11-kit/test-rpc.c: In function 'test_get_slot_list_no_device':
../p11-kit/test-rpc.c:586:15: warning: variable 'rv' set but not used [-Wunused-but-set-variable]
  586 |         CK_RV rv;
      |               ^~
In file included from ../p11-kit/test-rpc.c:750:
../p11-kit/test-mock.c: In function 'test_get_slot_list':
../p11-kit/test-mock.c:76:15: warning: variable 'rv' set but not used [-Wunused-but-set-variable]
   76 |         CK_RV rv;
      |               ^~
../p11-kit/test-mock.c: In function 'test_get_slot_info':
../p11-kit/test-mock.c:110:15: warning: variable 'rv' set but not used [-Wunused-but-set-variable]
  110 |         CK_RV rv;
      |               ^~
../p11-kit/test-mock.c: In function 'test_get_token_info':
../p11-kit/test-mock.c:144:15: warning: variable 'rv' set but not used [-Wunused-but-set-variable]
  144 |         CK_RV rv;
      |               ^~
../p11-kit/test-mock.c: In function 'test_get_mechanism_list':
../p11-kit/test-mock.c:195:15: warning: variable 'rv' set but not used [-Wunused-but-set-variable]
  195 |         CK_RV rv;
      |               ^~
../p11-kit/test-mock.c: In function 'test_init_token':
../p11-kit/test-mock.c:252:15: warning: variable 'rv' set but not used [-Wunused-but-set-variable]
  252 |         CK_RV rv;
      |               ^~
../p11-kit/test-mock.c: In function 'test_wait_for_slot_event':
../p11-kit/test-mock.c:274:15: warning: variable 'rv' set but not used [-Wunused-but-set-variable]
  274 |         CK_RV rv;
      |               ^~
../p11-kit/test-mock.c: In function 'test_open_close_session':
../p11-kit/test-mock.c:297:15: warning: variable 'rv' set but not used [-Wunused-but-set-variable]
  297 |         CK_RV rv;
      |               ^~
../p11-kit/test-mock.c: In function 'test_close_all_sessions':
../p11-kit/test-mock.c:324:15: warning: variable 'rv' set but not used [-Wunused-but-set-variable]
  324 |         CK_RV rv;
      |               ^~
../p11-kit/test-mock.c: In function 'test_get_function_status':
../p11-kit/test-mock.c:346:15: warning: variable 'rv' set but not used [-Wunused-but-set-variable]
  346 |         CK_RV rv;
      |               ^~
../p11-kit/test-mock.c: In function 'test_cancel_function':
../p11-kit/test-mock.c:361:15: warning: variable 'rv' set but not used [-Wunused-but-set-variable]
  361 |         CK_RV rv;
      |               ^~
../p11-kit/test-mock.c: In function 'test_get_session_info':
../p11-kit/test-mock.c:377:15: warning: variable 'rv' set but not used [-Wunused-but-set-variable]
  377 |         CK_RV rv;
      |               ^~
../p11-kit/test-mock.c: In function 'test_init_pin':
../p11-kit/test-mock.c:414:15: warning: variable 'rv' set but not used [-Wunused-but-set-variable]
  414 |         CK_RV rv;
      |               ^~
../p11-kit/test-mock.c: In function 'test_operation_state':
../p11-kit/test-mock.c:458:15: warning: variable 'rv' set but not used [-Wunused-but-set-variable]
  458 |         CK_RV rv;
      |               ^~
../p11-kit/test-mock.c: In function 'test_get_attribute_value':
../p11-kit/test-mock.c:514:15: warning: variable 'rv' set but not used [-Wunused-but-set-variable]
  514 |         CK_RV rv;
      |               ^~
../p11-kit/test-mock.c: In function 'test_create_object':
../p11-kit/test-mock.c:618:15: warning: variable 'rv' set but not used [-Wunused-but-set-variable]
  618 |         CK_RV rv;
      |               ^~
../p11-kit/test-mock.c: In function 'test_copy_object':
../p11-kit/test-mock.c:716:15: warning: variable 'rv' set but not used [-Wunused-but-set-variable]
  716 |         CK_RV rv;
      |               ^~
../p11-kit/test-mock.c: In function 'test_destroy_object':
../p11-kit/test-mock.c:800:15: warning: variable 'rv' set but not used [-Wunused-but-set-variable]
  800 |         CK_RV rv;
      |               ^~
../p11-kit/test-mock.c: In function 'test_get_object_size':
../p11-kit/test-mock.c:829:15: warning: variable 'rv' set but not used [-Wunused-but-set-variable]
  829 |         CK_RV rv;
      |               ^~
../p11-kit/test-mock.c: In function 'test_find_objects':
../p11-kit/test-mock.c:855:15: warning: variable 'rv' set but not used [-Wunused-but-set-variable]
  855 |         CK_RV rv;
      |               ^~
../p11-kit/test-mock.c: In function 'test_generate_key':
../p11-kit/test-mock.c:1624:15: warning: variable 'rv' set but not used [-Wunused-but-set-variable]
 1624 |         CK_RV rv;
      |               ^~
../p11-kit/test-mock.c: In function 'test_generate_key_pair':
../p11-kit/test-mock.c:1682:15: warning: variable 'rv' set but not used [-Wunused-but-set-variable]
 1682 |         CK_RV rv;
      |               ^~
../p11-kit/test-mock.c: In function 'test_unwrap_key':
../p11-kit/test-mock.c:1802:15: warning: variable 'rv' set but not used [-Wunused-but-set-variable]
 1802 |         CK_RV rv;
      |               ^~
../p11-kit/test-mock.c: In function 'test_derive_key':
../p11-kit/test-mock.c:1857:15: warning: variable 'rv' set but not used [-Wunused-but-set-variable]
 1857 |         CK_RV rv;
      |               ^~
../p11-kit/test-mock.c: In function 'test_random':
../p11-kit/test-mock.c:1907:15: warning: variable 'rv' set but not used [-Wunused-but-set-variable]
 1907 |         CK_RV rv;
      |               ^~
[4 167/416 22.764s] Compiling C object p11-kit/test-virtual.p/test-virtual.c.o
[4 168/416 23.476s] Compiling C object p11-kit/test-rpc-message.p/test-rpc-message.c.o
../p11-kit/test-rpc-message.c: In function 'rpc_transport':
../p11-kit/test-rpc-message.c:101:14: warning: variable 'ret' set but not used [-Wunused-but-set-variable]
  101 |         bool ret;
      |              ^~~
../p11-kit/test-rpc-message.c: In function 'setup_test_rpc_module':
../p11-kit/test-rpc-message.c:144:15: warning: variable 'rv' set but not used [-Wunused-but-set-variable]
  144 |         CK_RV rv;
      |               ^~
In file included from ../p11-kit/test-rpc-message.c:809:
../p11-kit/test-mock.c: In function 'test_get_slot_list':
../p11-kit/test-mock.c:76:15: warning: variable 'rv' set but not used [-Wunused-but-set-variable]
   76 |         CK_RV rv;
      |               ^~
../p11-kit/test-mock.c: In function 'test_get_slot_info':
../p11-kit/test-mock.c:110:15: warning: variable 'rv' set but not used [-Wunused-but-set-variable]
  110 |         CK_RV rv;
      |               ^~
../p11-kit/test-mock.c: In function 'test_get_token_info':
../p11-kit/test-mock.c:144:15: warning: variable 'rv' set but not used [-Wunused-but-set-variable]
  144 |         CK_RV rv;
      |               ^~
../p11-kit/test-mock.c: In function 'test_get_mechanism_list':
../p11-kit/test-mock.c:195:15: warning: variable 'rv' set but not used [-Wunused-but-set-variable]
  195 |         CK_RV rv;
      |               ^~
../p11-kit/test-mock.c: In function 'test_init_token':
../p11-kit/test-mock.c:252:15: warning: variable 'rv' set but not used [-Wunused-but-set-variable]
  252 |         CK_RV rv;
      |               ^~
../p11-kit/test-mock.c: In function 'test_wait_for_slot_event':
../p11-kit/test-mock.c:274:15: warning: variable 'rv' set but not used [-Wunused-but-set-variable]
  274 |         CK_RV rv;
      |               ^~
../p11-kit/test-mock.c: In function 'test_open_close_session':
../p11-kit/test-mock.c:297:15: warning: variable 'rv' set but not used [-Wunused-but-set-variable]
  297 |         CK_RV rv;
      |               ^~
../p11-kit/test-mock.c: In function 'test_close_all_sessions':
../p11-kit/test-mock.c:324:15: warning: variable 'rv' set but not used [-Wunused-but-set-variable]
  324 |         CK_RV rv;
      |               ^~
../p11-kit/test-mock.c: In function 'test_get_function_status':
../p11-kit/test-mock.c:346:15: warning: variable 'rv' set but not used [-Wunused-but-set-variable]
  346 |         CK_RV rv;
      |               ^~
../p11-kit/test-mock.c: In function 'test_cancel_function':
../p11-kit/test-mock.c:361:15: warning: variable 'rv' set but not used [-Wunused-but-set-variable]
  361 |         CK_RV rv;
      |               ^~
../p11-kit/test-mock.c: In function 'test_get_session_info':
../p11-kit/test-mock.c:377:15: warning: variable 'rv' set but not used [-Wunused-but-set-variable]
  377 |         CK_RV rv;
      |               ^~
../p11-kit/test-mock.c: In function 'test_init_pin':
../p11-kit/test-mock.c:414:15: warning: variable 'rv' set but not used [-Wunused-but-set-variable]
  414 |         CK_RV rv;
      |               ^~
../p11-kit/test-mock.c: In function 'test_operation_state':
../p11-kit/test-mock.c:458:15: warning: variable 'rv' set but not used [-Wunused-but-set-variable]
  458 |         CK_RV rv;
      |               ^~
../p11-kit/test-mock.c: In function 'test_get_attribute_value':
../p11-kit/test-mock.c:514:15: warning: variable 'rv' set but not used [-Wunused-but-set-variable]
  514 |         CK_RV rv;
      |               ^~
../p11-kit/test-mock.c: In function 'test_create_object':
../p11-kit/test-mock.c:618:15: warning: variable 'rv' set but not used [-Wunused-but-set-variable]
  618 |         CK_RV rv;
      |               ^~
../p11-kit/test-mock.c: In function 'test_copy_object':
../p11-kit/test-mock.c:716:15: warning: variable 'rv' set but not used [-Wunused-but-set-variable]
  716 |         CK_RV rv;
      |               ^~
../p11-kit/test-mock.c: In function 'test_destroy_object':
../p11-kit/test-mock.c:800:15: warning: variable 'rv' set but not used [-Wunused-but-set-variable]
  800 |         CK_RV rv;
      |               ^~
../p11-kit/test-mock.c: In function 'test_get_object_size':
../p11-kit/test-mock.c:829:15: warning: variable 'rv' set but not used [-Wunused-but-set-variable]
  829 |         CK_RV rv;
      |               ^~
../p11-kit/test-mock.c: In function 'test_find_objects':
../p11-kit/test-mock.c:855:15: warning: variable 'rv' set but not used [-Wunused-but-set-variable]
  855 |         CK_RV rv;
      |               ^~
../p11-kit/test-mock.c: In function 'test_generate_key':
../p11-kit/test-mock.c:1624:15: warning: variable 'rv' set but not used [-Wunused-but-set-variable]
 1624 |         CK_RV rv;
      |               ^~
../p11-kit/test-mock.c: In function 'test_generate_key_pair':
../p11-kit/test-mock.c:1682:15: warning: variable 'rv' set but not used [-Wunused-but-set-variable]
 1682 |         CK_RV rv;
      |               ^~
../p11-kit/test-mock.c: In function 'test_unwrap_key':
../p11-kit/test-mock.c:1802:15: warning: variable 'rv' set but not used [-Wunused-but-set-variable]
 1802 |         CK_RV rv;
      |               ^~
../p11-kit/test-mock.c: In function 'test_derive_key':
../p11-kit/test-mock.c:1857:15: warning: variable 'rv' set but not used [-Wunused-but-set-variable]
 1857 |         CK_RV rv;
      |               ^~
../p11-kit/test-mock.c: In function 'test_random':
../p11-kit/test-mock.c:1907:15: warning: variable 'rv' set but not used [-Wunused-but-set-variable]
 1907 |         CK_RV rv;
      |               ^~
[4 169/416 25.547s] Compiling C object p11-kit/test-managed.p/test-managed.c.o
[4 170/416 26.063s] Compiling C object p11-kit/test-log.p/test-log.c.o
[4 171/416 26.426s] Compiling C object p11-kit/test-filter.p/test-filter.c.o
[4 172/416 28.165s] Compiling C object p11-kit/test-log3.p/test-log3.c.o
[4 173/416 29.266s] Compiling C object p11-kit/test-transport.p/test-transport.c.o
[4 174/416 29.550s] Compiling C object p11-kit/test-server.p/test-server.c.o
[4 175/416 29.720s] Compiling C object p11-kit/print-messages.p/print-messages.c.o
[4 176/416 29.826s] Compiling C object p11-kit/frob-setuid.p/frob-setuid.c.o
[4 177/416 29.918s] Compiling C object p11-kit/mock-one.so.p/mock-module-ep.c.o
[4 178/416 29.947s] Linking target p11-kit/mock-one.so
[4 179/416 30.066s] Compiling C object p11-kit/mock-v3-one.so.p/mock-module-v3-ep.c.o
[4 180/416 30.095s] Linking target p11-kit/mock-v3-one.so
[4 181/416 30.192s] Compiling C object p11-kit/mock-two.so.p/mock-module-ep2.c.o
[4 182/416 30.221s] Linking target p11-kit/mock-two.so
[4 183/416 30.346s] Compiling C object p11-kit/mock-v3-two.so.p/mock-module-v3-ep2.c.o
[4 184/416 30.376s] Linking target p11-kit/mock-v3-two.so
[4 185/416 30.469s] Compiling C object p11-kit/mock-three.so.p/mock-module-ep.c.o
[4 186/416 30.509s] Linking target p11-kit/mock-three.so
[4 187/416 30.602s] Compiling C object p11-kit/mock-four.so.p/mock-module-ep.c.o
[4 188/416 30.631s] Linking target p11-kit/mock-four.so
[4 189/416 30.751s] Compiling C object p11-kit/mock-v3-four.so.p/mock-module-v3-ep.c.o
[4 190/416 30.780s] Linking target p11-kit/mock-v3-four.so
[4 191/416 30.889s] Compiling C object p11-kit/mock-five.so.p/mock-module-ep3.c.o
[4 192/416 30.919s] Linking target p11-kit/mock-five.so
[4 193/416 31.004s] Compiling C object p11-kit/test-transport3.p/test-transport3.c.o
[4 194/416 31.021s] Compiling C object p11-kit/mock-seven.so.p/mock-module-ep5.c.o
[4 195/416 31.052s] Linking target p11-kit/mock-seven.so
[4 196/416 31.103s] Compiling C object p11-kit/mock-eight.so.p/mock-module-ep6.c.o
[4 197/416 31.132s] Linking target p11-kit/mock-eight.so
[4 198/416 31.151s] Compiling C object p11-kit/mock-nine.so.p/mock-module-ep7.c.o
[4 199/416 31.179s] Linking target p11-kit/mock-nine.so
[4 200/416 31.240s] Compiling C object p11-kit/mock-ten.so.p/mock-module-ep8.c.o
[4 201/416 31.268s] Linking target p11-kit/mock-ten.so
[4 202/416 31.309s] Compiling C object p11-kit/mock-eleven.so.p/mock-module-ep9.c.o
[4 203/416 31.338s] Linking target p11-kit/mock-eleven.so
[4 204/416 31.414s] Compiling C object p11-kit/mock-twelve.so.p/mock-module-ep10.c.o
[4 205/416 31.442s] Linking target p11-kit/mock-twelve.so
[4 206/416 31.529s] Compiling C object p11-kit/mock-thirteen.so.p/mock-module-ep11.c.o
[4 207/416 31.563s] Linking target p11-kit/mock-thirteen.so
[4 208/416 31.606s] Compiling C object p11-kit/mock-fourteen.so.p/mock-module-ep12.c.o
[4 209/416 31.642s] Linking target p11-kit/mock-fourteen.so
[4 210/416 31.662s] Compiling C object p11-kit/mock-six.so.p/mock-module-ep4.c.o
[4 211/416 31.690s] Linking target p11-kit/mock-six.so
[4 212/416 31.747s] Compiling C object fuzz/rpc_fuzzer.p/rpc_fuzzer.c.o
[4 213/416 31.749s] Compiling C object fuzz/rpc_fuzzer.p/main.c.o
[4 214/416 31.913s] Compiling C object trust/liblibtrust-data.a.p/utf8.c.o
[4 215/416 32.004s] Compiling C object trust/liblibtrust-data.a.p/x509.c.o
[4 216/416 32.011s] Linking static target trust/liblibtrust-data.a
[4 217/416 32.707s] Compiling C object trust/p11-kit-trust.so.p/digest.c.o
[4 218/416 32.902s] Compiling C object trust/p11-kit-trust.so.p/builder.c.o
[4 219/416 33.248s] Compiling C object trust/p11-kit-trust.so.p/index.c.o
[4 220/416 33.326s] Compiling C object trust/p11-kit-trust.so.p/parser.c.o
[4 221/416 33.674s] Compiling C object trust/p11-kit-trust.so.p/save.c.o
[4 222/416 33.787s] Compiling C object trust/p11-kit-trust.so.p/session.c.o
[4 223/416 34.004s] Compiling C object trust/p11-kit-trust.so.p/module.c.o
../trust/module.c: In function 'create_tokens_inlock':
../trust/module.c:217:20: warning: unused variable 'check' [-Wunused-variable]
  217 |         p11_token *check;
      |                    ^~~~~
[4 224/416 34.086s] Compiling C object trust/p11-kit-trust.so.p/module-init.c.o
[4 225/416 34.305s] Compiling C object trust/p11-kit-trust.so.p/token.c.o
[4 226/416 34.347s] Linking target trust/p11-kit-trust.so
[4 227/416 35.037s] Compiling C object trust/liblibtrust-testable.a.p/digest.c.o
[4 228/416 35.087s] Compiling C object trust/liblibtrust-testable.a.p/builder.c.o
[4 229/416 35.507s] Compiling C object trust/liblibtrust-testable.a.p/parser.c.o
[4 230/416 35.582s] Compiling C object trust/liblibtrust-testable.a.p/index.c.o
[4 231/416 35.931s] Compiling C object trust/liblibtrust-testable.a.p/save.c.o
[4 232/416 36.046s] Compiling C object trust/liblibtrust-testable.a.p/session.c.o
[4 233/416 36.268s] Compiling C object trust/liblibtrust-testable.a.p/module.c.o
../trust/module.c: In function 'create_tokens_inlock':
../trust/module.c:217:20: warning: unused variable 'check' [-Wunused-variable]
  217 |         p11_token *check;
      |                    ^~~~~
[4 234/416 36.558s] Compiling C object trust/liblibtrust-testable.a.p/token.c.o
[4 235/416 36.569s] Linking static target trust/liblibtrust-testable.a
[4 236/416 36.672s] Compiling C object trust/trust.p/anchor.c.o
[4 237/416 36.709s] Compiling C object trust/trust.p/check-format.c.o
[4 238/416 37.093s] Compiling C object trust/trust.p/parser.c.o
[4 239/416 37.245s] Compiling C object trust/trust.p/dump.c.o
[4 240/416 37.402s] Compiling C object trust/trust.p/digest.c.o
[4 241/416 37.605s] Compiling C object trust/trust.p/extract.c.o
[4 242/416 37.718s] Compiling C object trust/trust.p/enumerate.c.o
[4 243/416 37.839s] Compiling C object trust/trust.p/extract-jks.c.o
[4 244/416 37.861s] Compiling C object trust/trust.p/extract-edk2.c.o
[4 245/416 38.035s] Compiling C object trust/trust.p/extract-pem.c.o
[4 246/416 38.166s] Compiling C object trust/trust.p/extract-cer.c.o
[4 247/416 38.248s] Compiling C object trust/trust.p/extract-openssl.c.o
[4 248/416 38.357s] Compiling C object trust/trust.p/list.c.o
../trust/list.c: In function 'list_iterate':
../trust/list.c:96:26: warning: variable 'object' set but not used [-Wunused-but-set-variable]
   96 |         CK_OBJECT_HANDLE object;
      |                          ^~~~~~
[4 249/416 38.456s] Compiling C object trust/trust.p/trust.c.o
[4 250/416 38.603s] Compiling C object trust/trust.p/save.c.o
[4 251/416 38.740s] Compiling C object trust/liblibtrust-test.a.p/test-trust.c.o
[4 252/416 38.856s] Compiling C object trust/test-digest.p/test-digest.c.o
../trust/test-digest.c: In function 'test_sha1_long':
../trust/test-digest.c:83:15: warning: unused variable 'expected' [-Wunused-variable]
   83 |         char *expected = "\x34\xAA\x97\x3C\xD4\xC4\xDA\xA4\xF6\x1E\xEB\x2B\xDB\xAD\x27\x31\x65\x34\x01\x6F";
      |               ^~~~~~~~
[4 253/416 38.975s] Compiling C object trust/test-base64.p/test-base64.c.o
[4 254/416 39.169s] Compiling C object trust/test-pem.p/test-pem.c.o
[4 255/416 39.299s] Compiling C object trust/liblibtrust-test.a.p/digest.c.o
[4 256/416 39.306s] Linking static target trust/liblibtrust-test.a
[4 257/416 39.361s] Compiling C object trust/test-utf8.p/test-utf8.c.o
[4 258/416 39.544s] Compiling C object trust/test-x509.p/test-x509.c.o
[4 259/416 39.744s] Compiling C object trust/test-persist.p/test-persist.c.o
[4 260/416 40.168s] Compiling C object trust/test-parser.p/test-parser.c.o
[4 261/416 40.516s] Compiling C object trust/test-index.p/test-index.c.o
[4 262/416 41.190s] Compiling C object trust/test-token.p/test-token.c.o
[4 263/416 41.705s] Compiling C object trust/test-builder.p/test-builder.c.o
[4 264/416 42.316s] Compiling C object trust/test-module.p/test-module.c.o
../trust/test-module.c: In function 'setup':
../trust/test-module.c:83:15: warning: variable 'rv' set but not used [-Wunused-but-set-variable]
   83 |         CK_RV rv;
      |               ^~
../trust/test-module.c: In function 'teardown':
../trust/test-module.c:114:15: warning: variable 'rv' set but not used [-Wunused-but-set-variable]
  114 |         CK_RV rv;
      |               ^~
../trust/test-module.c: In function 'setup_unreadable':
../trust/test-module.c:183:15: warning: variable 'rv' set but not used [-Wunused-but-set-variable]
  183 |         CK_RV rv;
      |               ^~
../trust/test-module.c: In function 'find_objects':
../trust/test-module.c:508:15: warning: variable 'rv' set but not used [-Wunused-but-set-variable]
  508 |         CK_RV rv;
      |               ^~
../trust/test-module.c: In function 'check_trust_object_hashes':
../trust/test-module.c:571:15: warning: variable 'rv' set but not used [-Wunused-but-set-variable]
  571 |         CK_RV rv;
      |               ^~
../trust/test-module.c: In function 'test_session_object':
../trust/test-module.c:789:15: warning: variable 'rv' set but not used [-Wunused-but-set-variable]
  789 |         CK_RV rv;
      |               ^~
../trust/test-module.c: In function 'test_lookup_invalid':
../trust/test-module.c:876:15: warning: variable 'rv' set but not used [-Wunused-but-set-variable]
  876 |         CK_RV rv;
      |               ^~
../trust/test-module.c: In function 'test_session_setattr':
../trust/test-module.c:979:15: warning: variable 'rv' set but not used [-Wunused-but-set-variable]
  979 |         CK_RV rv;
      |               ^~
../trust/test-module.c: In function 'test_session_remove':
../trust/test-module.c:1003:15: warning: variable 'rv' set but not used [-Wunused-but-set-variable]
 1003 |         CK_RV rv;
      |               ^~
../trust/test-module.c: In function 'test_login_logout':
../trust/test-module.c:1144:15: warning: variable 'rv' set but not used [-Wunused-but-set-variable]
 1144 |         CK_RV rv;
      |               ^~
[4 265/416 42.351s] Compiling C object trust/test-save.p/test-save.c.o
[4 266/416 43.164s] Compiling C object trust/test-enumerate.p/test-enumerate.c.o
[4 267/416 43.278s] Compiling C object trust/test-cer.p/test-cer.c.o
[4 268/416 44.441s] Compiling C object trust/test-bundle.p/test-bundle.c.o
[4 269/416 44.817s] Compiling C object trust/test-openssl.p/test-openssl.c.o
[4 270/416 45.047s] Compiling C object trust/test-edk2.p/test-edk2.c.o
[4 271/416 45.103s] Compiling C object trust/frob-pow.p/frob-pow.c.o
[4 272/416 45.202s] Compiling C object trust/frob-token.p/frob-token.c.o
[4 273/416 45.379s] Compiling C object trust/frob-nss-trust.p/frob-nss-trust.c.o
[4 274/416 45.517s] Compiling C object trust/frob-cert.p/frob-cert.c.o
[4 275/416 45.555s] Compiling C object trust/test-jks.p/test-jks.c.o
[4 276/416 45.643s] Compiling C object trust/frob-bc.p/frob-bc.c.o
[4 277/416 45.703s] Compiling C object trust/frob-ku.p/frob-ku.c.o
[4 278/416 45.791s] Compiling C object trust/frob-eku.p/frob-eku.c.o
[4 279/416 45.845s] Compiling C object trust/frob-ext.p/frob-ext.c.o
[4 280/416 45.853s] Building translation po/ar/LC_MESSAGES/p11-kit-ar.mo
[4 281/416 45.861s] Building translation po/as/LC_MESSAGES/p11-kit-as.mo
[4 282/416 45.869s] Building translation po/ast/LC_MESSAGES/p11-kit-ast.mo
[4 283/416 45.877s] Building translation po/az/LC_MESSAGES/p11-kit-az.mo
[4 284/416 45.884s] Building translation po/bg/LC_MESSAGES/p11-kit-bg.mo
[4 285/416 45.892s] Building translation po/bn_IN/LC_MESSAGES/p11-kit-bn_IN.mo
[4 286/416 45.900s] Building translation po/ca/LC_MESSAGES/p11-kit-ca.mo
[4 287/416 45.908s] Building translation po/ca@valencia/LC_MESSAGES/p11-kit-ca@valencia.mo
[4 288/416 45.915s] Compiling C object trust/frob-oid.p/frob-oid.c.o
[4 289/416 45.917s] Building translation po/cs/LC_MESSAGES/p11-kit-cs.mo
[4 290/416 45.923s] Building translation po/cy/LC_MESSAGES/p11-kit-cy.mo
[4 291/416 45.926s] Building translation po/da/LC_MESSAGES/p11-kit-da.mo
[4 292/416 45.932s] Building translation po/de/LC_MESSAGES/p11-kit-de.mo
[4 293/416 45.935s] Building translation po/el/LC_MESSAGES/p11-kit-el.mo
[4 294/416 45.940s] Building translation po/en_GB/LC_MESSAGES/p11-kit-en_GB.mo
[4 295/416 45.942s] Building translation po/eo/LC_MESSAGES/p11-kit-eo.mo
[4 296/416 45.950s] Building translation po/et/LC_MESSAGES/p11-kit-et.mo
[4 297/416 45.951s] Building translation po/es/LC_MESSAGES/p11-kit-es.mo
[4 298/416 45.958s] Building translation po/eu/LC_MESSAGES/p11-kit-eu.mo
[4 299/416 45.959s] Building translation po/fa/LC_MESSAGES/p11-kit-fa.mo
[4 300/416 45.967s] Building translation po/fo/LC_MESSAGES/p11-kit-fo.mo
[4 301/416 45.969s] Building translation po/fi/LC_MESSAGES/p11-kit-fi.mo
[4 302/416 45.975s] Building translation po/fr/LC_MESSAGES/p11-kit-fr.mo
[4 303/416 45.977s] Building translation po/fur/LC_MESSAGES/p11-kit-fur.mo
[4 304/416 45.983s] Building translation po/ga/LC_MESSAGES/p11-kit-ga.mo
[4 305/416 45.986s] Building translation po/gl/LC_MESSAGES/p11-kit-gl.mo
[4 306/416 45.990s] Building translation po/gu/LC_MESSAGES/p11-kit-gu.mo
[4 307/416 45.994s] Building translation po/he/LC_MESSAGES/p11-kit-he.mo
[4 308/416 45.999s] Building translation po/hi/LC_MESSAGES/p11-kit-hi.mo
[4 309/416 46.002s] Building translation po/hr/LC_MESSAGES/p11-kit-hr.mo
[4 310/416 46.008s] Building translation po/hu/LC_MESSAGES/p11-kit-hu.mo
[4 311/416 46.010s] Building translation po/ia/LC_MESSAGES/p11-kit-ia.mo
[4 312/416 46.018s] Building translation po/id/LC_MESSAGES/p11-kit-id.mo
[4 313/416 46.018s] Building translation po/it/LC_MESSAGES/p11-kit-it.mo
[4 314/416 46.026s] Building translation po/ja/LC_MESSAGES/p11-kit-ja.mo
[4 315/416 46.027s] Building translation po/ka/LC_MESSAGES/p11-kit-ka.mo
[4 316/416 46.034s] Building translation po/kn/LC_MESSAGES/p11-kit-kn.mo
[4 317/416 46.035s] Building translation po/kk/LC_MESSAGES/p11-kit-kk.mo
[4 318/416 46.042s] Building translation po/lt/LC_MESSAGES/p11-kit-lt.mo
[4 319/416 46.043s] Building translation po/ko/LC_MESSAGES/p11-kit-ko.mo
[4 320/416 46.050s] Building translation po/ml/LC_MESSAGES/p11-kit-ml.mo
[4 321/416 46.051s] Building translation po/lv/LC_MESSAGES/p11-kit-lv.mo
[4 322/416 46.058s] Building translation po/mr/LC_MESSAGES/p11-kit-mr.mo
[4 323/416 46.059s] Building translation po/ms/LC_MESSAGES/p11-kit-ms.mo
[4 324/416 46.066s] Building translation po/nb/LC_MESSAGES/p11-kit-nb.mo
[4 325/416 46.068s] Building translation po/nl/LC_MESSAGES/p11-kit-nl.mo
[4 326/416 46.073s] Building translation po/nn/LC_MESSAGES/p11-kit-nn.mo
[4 327/416 46.076s] Building translation po/oc/LC_MESSAGES/p11-kit-oc.mo
[4 328/416 46.081s] Building translation po/or/LC_MESSAGES/p11-kit-or.mo
[4 329/416 46.085s] Building translation po/pa/LC_MESSAGES/p11-kit-pa.mo
[4 330/416 46.089s] Building translation po/pl/LC_MESSAGES/p11-kit-pl.mo
[4 331/416 46.093s] Building translation po/pt/LC_MESSAGES/p11-kit-pt.mo
[4 332/416 46.099s] Building translation po/pt_BR/LC_MESSAGES/p11-kit-pt_BR.mo
[4 333/416 46.101s] Building translation po/ro/LC_MESSAGES/p11-kit-ro.mo
[4 334/416 46.108s] Building translation po/ru/LC_MESSAGES/p11-kit-ru.mo
[4 335/416 46.112s] Building translation po/si/LC_MESSAGES/p11-kit-si.mo
[4 336/416 46.118s] Building translation po/sk/LC_MESSAGES/p11-kit-sk.mo
[4 337/416 46.120s] Building translation po/sl/LC_MESSAGES/p11-kit-sl.mo
[4 338/416 46.126s] Building translation po/sq/LC_MESSAGES/p11-kit-sq.mo
[4 339/416 46.129s] Building translation po/sr/LC_MESSAGES/p11-kit-sr.mo
[4 340/416 46.133s] Building translation po/sr@latin/LC_MESSAGES/p11-kit-sr@latin.mo
[4 341/416 46.139s] Building translation po/sv/LC_MESSAGES/p11-kit-sv.mo
[4 342/416 46.141s] Building translation po/ta/LC_MESSAGES/p11-kit-ta.mo
[4 343/416 46.146s] Building translation po/te/LC_MESSAGES/p11-kit-te.mo
[4 344/416 46.149s] Building translation po/th/LC_MESSAGES/p11-kit-th.mo
[4 345/416 46.154s] Building translation po/tr/LC_MESSAGES/p11-kit-tr.mo
[4 346/416 46.160s] Building translation po/uk/LC_MESSAGES/p11-kit-uk.mo
[4 347/416 46.162s] Building translation po/vi/LC_MESSAGES/p11-kit-vi.mo
[4 348/416 46.168s] Building translation po/wa/LC_MESSAGES/p11-kit-wa.mo
[4 349/416 46.170s] Building translation po/zh_CN/LC_MESSAGES/p11-kit-zh_CN.mo
[4 350/416 46.176s] Building translation po/zh_HK/LC_MESSAGES/p11-kit-zh_HK.mo
[3 351/416 46.178s] Building translation po/zh_TW/LC_MESSAGES/p11-kit-zh_TW.mo
[2 352/416 48.793s] Compiling C object p11-kit/libp11-kit-internal.a.p/virtual.c.o
[2 353/416 48.832s] Linking static target p11-kit/libp11-kit-internal.a
[3 354/416 49.018s] Linking target p11-kit/libp11-kit.so.0.3.1
[3 355/416 49.075s] Linking target p11-kit/p11-kit-client.so
[2 356/416 49.128s] Generating symbol file p11-kit/libp11-kit.so.0.3.1.p/libp11-kit.so.0.3.1.symbols
[4 357/416 49.150s] Linking target p11-kit/p11-kit-remote
[4 358/416 49.161s] Linking target p11-kit/p11-kit-server
[4 359/416 49.164s] Linking target p11-kit/p11-kit
[4 360/416 49.185s] Linking target trust/test-digest
[4 361/416 49.187s] Linking target trust/test-base64
[4 362/416 49.194s] Linking target trust/trust
[4 363/416 49.209s] Linking target trust/test-pem
[4 364/416 49.210s] Linking target trust/test-utf8
[4 365/416 49.224s] Linking target trust/test-x509
[4 366/416 49.242s] Linking target trust/test-persist
[4 367/416 49.246s] Linking target trust/test-index
[4 368/416 49.259s] Linking target trust/test-parser
[4 369/416 49.283s] Linking target trust/test-builder
[4 370/416 49.287s] Linking target trust/test-token
[4 371/416 49.305s] Linking target trust/test-module
[4 372/416 49.311s] Linking target trust/test-save
[4 373/416 49.325s] Linking target trust/test-enumerate
[4 374/416 49.344s] Linking target trust/test-cer
[4 375/416 49.349s] Linking target trust/test-bundle
[4 376/416 49.364s] Linking target trust/test-openssl
[4 377/416 49.383s] Linking target trust/frob-pow
[4 378/416 49.383s] Linking target trust/test-edk2
[4 379/416 49.389s] Linking target trust/test-jks
[4 380/416 49.410s] Linking target trust/frob-nss-trust
[4 381/416 49.410s] Linking target trust/frob-cert
[4 382/416 49.424s] Linking target trust/frob-token
[4 383/416 49.433s] Linking target trust/frob-bc
[4 384/416 49.434s] Linking target trust/frob-ku
[4 385/416 49.445s] Linking target trust/frob-eku
[3 386/416 49.452s] Linking target trust/frob-oid
[2 387/416 49.455s] Linking target trust/frob-ext
[1 388/416 52.175s] Compiling C object p11-kit/libp11-kit-testable.a.p/virtual.c.o
[1 389/416 52.217s] Linking static target p11-kit/libp11-kit-testable.a
[4 390/416 52.238s] Linking target p11-kit/test-progname
[4 391/416 52.336s] Linking target p11-kit/p11-kit-server-testable
[4 392/416 52.349s] Linking target p11-kit/test-util
[4 393/416 52.359s] Linking target p11-kit/test-conf
[4 394/416 52.384s] Linking target p11-kit/test-pin
[4 395/416 52.452s] Linking target p11-kit/p11-kit-remote-testable
[4 396/416 52.461s] Linking target p11-kit/p11-kit-testable
[4 397/416 52.465s] Linking target p11-kit/test-uri
[4 398/416 52.621s] Linking target p11-kit/test-init
[4 399/416 52.682s] Linking target p11-kit/test-modules
[4 400/416 52.696s] Linking target p11-kit/test-proxy
[4 401/416 52.697s] Linking target p11-kit/test-deprecated
[4 402/416 52.853s] Linking target p11-kit/test-proxy3
[4 403/416 52.924s] Linking target p11-kit/test-iter
[4 404/416 52.932s] Linking target p11-kit/test-rpc
[4 405/416 52.933s] Linking target p11-kit/test-rpc-message
[4 406/416 53.067s] Linking target p11-kit/test-virtual
[4 407/416 53.157s] Linking target p11-kit/test-managed
[4 408/416 53.164s] Linking target p11-kit/test-log
[4 409/416 53.169s] Linking target p11-kit/test-log3
[4 410/416 53.283s] Linking target p11-kit/test-filter
[4 411/416 53.302s] Linking target p11-kit/print-messages
[4 412/416 53.391s] Linking target p11-kit/test-transport
[4 413/416 53.398s] Linking target p11-kit/test-transport3
[3 414/416 53.403s] Linking target p11-kit/test-server
[2 415/416 53.478s] Linking target fuzz/rpc_fuzzer
[1 416/416 53.496s] Linking target p11-kit/frob-setuid
[1 0/1 0.011s] Installing files.
Installing p11-kit/libp11-kit.so.0.3.1 to /usr/lib
Installing p11-kit/p11-kit-client.so to /usr/lib/pkcs11
Installing p11-kit/p11-kit to /usr/bin
Installing p11-kit/p11-kit-remote to /usr/libexec/p11-kit
Installing p11-kit/p11-kit-server to /usr/libexec/p11-kit
Installing trust/p11-kit-trust.so to /usr/lib/pkcs11
Installing trust/trust to /usr/bin
Installing po/ar/LC_MESSAGES/p11-kit.mo to /usr/share/locale/ar/LC_MESSAGES
Installing po/as/LC_MESSAGES/p11-kit.mo to /usr/share/locale/as/LC_MESSAGES
Installing po/ast/LC_MESSAGES/p11-kit.mo to /usr/share/locale/ast/LC_MESSAGES
Installing po/az/LC_MESSAGES/p11-kit.mo to /usr/share/locale/az/LC_MESSAGES
Installing po/bg/LC_MESSAGES/p11-kit.mo to /usr/share/locale/bg/LC_MESSAGES
Installing po/bn_IN/LC_MESSAGES/p11-kit.mo to /usr/share/locale/bn_IN/LC_MESSAGES
Installing po/ca/LC_MESSAGES/p11-kit.mo to /usr/share/locale/ca/LC_MESSAGES
Installing po/ca@valencia/LC_MESSAGES/p11-kit.mo to /usr/share/locale/ca@valencia/LC_MESSAGES
Installing po/cs/LC_MESSAGES/p11-kit.mo to /usr/share/locale/cs/LC_MESSAGES
Installing po/cy/LC_MESSAGES/p11-kit.mo to /usr/share/locale/cy/LC_MESSAGES
Installing po/da/LC_MESSAGES/p11-kit.mo to /usr/share/locale/da/LC_MESSAGES
Installing po/de/LC_MESSAGES/p11-kit.mo to /usr/share/locale/de/LC_MESSAGES
Installing po/el/LC_MESSAGES/p11-kit.mo to /usr/share/locale/el/LC_MESSAGES
Installing po/en_GB/LC_MESSAGES/p11-kit.mo to /usr/share/locale/en_GB/LC_MESSAGES
Installing po/eo/LC_MESSAGES/p11-kit.mo to /usr/share/locale/eo/LC_MESSAGES
Installing po/es/LC_MESSAGES/p11-kit.mo to /usr/share/locale/es/LC_MESSAGES
Installing po/et/LC_MESSAGES/p11-kit.mo to /usr/share/locale/et/LC_MESSAGES
Installing po/eu/LC_MESSAGES/p11-kit.mo to /usr/share/locale/eu/LC_MESSAGES
Installing po/fa/LC_MESSAGES/p11-kit.mo to /usr/share/locale/fa/LC_MESSAGES
Installing po/fi/LC_MESSAGES/p11-kit.mo to /usr/share/locale/fi/LC_MESSAGES
Installing po/fo/LC_MESSAGES/p11-kit.mo to /usr/share/locale/fo/LC_MESSAGES
Installing po/fr/LC_MESSAGES/p11-kit.mo to /usr/share/locale/fr/LC_MESSAGES
Installing po/fur/LC_MESSAGES/p11-kit.mo to /usr/share/locale/fur/LC_MESSAGES
Installing po/ga/LC_MESSAGES/p11-kit.mo to /usr/share/locale/ga/LC_MESSAGES
Installing po/gl/LC_MESSAGES/p11-kit.mo to /usr/share/locale/gl/LC_MESSAGES
Installing po/gu/LC_MESSAGES/p11-kit.mo to /usr/share/locale/gu/LC_MESSAGES
Installing po/he/LC_MESSAGES/p11-kit.mo to /usr/share/locale/he/LC_MESSAGES
Installing po/hi/LC_MESSAGES/p11-kit.mo to /usr/share/locale/hi/LC_MESSAGES
Installing po/hr/LC_MESSAGES/p11-kit.mo to /usr/share/locale/hr/LC_MESSAGES
Installing po/hu/LC_MESSAGES/p11-kit.mo to /usr/share/locale/hu/LC_MESSAGES
Installing po/ia/LC_MESSAGES/p11-kit.mo to /usr/share/locale/ia/LC_MESSAGES
Installing po/id/LC_MESSAGES/p11-kit.mo to /usr/share/locale/id/LC_MESSAGES
Installing po/it/LC_MESSAGES/p11-kit.mo to /usr/share/locale/it/LC_MESSAGES
Installing po/ja/LC_MESSAGES/p11-kit.mo to /usr/share/locale/ja/LC_MESSAGES
Installing po/ka/LC_MESSAGES/p11-kit.mo to /usr/share/locale/ka/LC_MESSAGES
Installing po/kk/LC_MESSAGES/p11-kit.mo to /usr/share/locale/kk/LC_MESSAGES
Installing po/kn/LC_MESSAGES/p11-kit.mo to /usr/share/locale/kn/LC_MESSAGES
Installing po/ko/LC_MESSAGES/p11-kit.mo to /usr/share/locale/ko/LC_MESSAGES
Installing po/lt/LC_MESSAGES/p11-kit.mo to /usr/share/locale/lt/LC_MESSAGES
Installing po/lv/LC_MESSAGES/p11-kit.mo to /usr/share/locale/lv/LC_MESSAGES
Installing po/ml/LC_MESSAGES/p11-kit.mo to /usr/share/locale/ml/LC_MESSAGES
Installing po/mr/LC_MESSAGES/p11-kit.mo to /usr/share/locale/mr/LC_MESSAGES
Installing po/ms/LC_MESSAGES/p11-kit.mo to /usr/share/locale/ms/LC_MESSAGES
Installing po/nb/LC_MESSAGES/p11-kit.mo to /usr/share/locale/nb/LC_MESSAGES
Installing po/nl/LC_MESSAGES/p11-kit.mo to /usr/share/locale/nl/LC_MESSAGES
Installing po/nn/LC_MESSAGES/p11-kit.mo to /usr/share/locale/nn/LC_MESSAGES
Installing po/oc/LC_MESSAGES/p11-kit.mo to /usr/share/locale/oc/LC_MESSAGES
Installing po/or/LC_MESSAGES/p11-kit.mo to /usr/share/locale/or/LC_MESSAGES
Installing po/pa/LC_MESSAGES/p11-kit.mo to /usr/share/locale/pa/LC_MESSAGES
Installing po/pl/LC_MESSAGES/p11-kit.mo to /usr/share/locale/pl/LC_MESSAGES
Installing po/pt/LC_MESSAGES/p11-kit.mo to /usr/share/locale/pt/LC_MESSAGES
Installing po/pt_BR/LC_MESSAGES/p11-kit.mo to /usr/share/locale/pt_BR/LC_MESSAGES
Installing po/ro/LC_MESSAGES/p11-kit.mo to /usr/share/locale/ro/LC_MESSAGES
Installing po/ru/LC_MESSAGES/p11-kit.mo to /usr/share/locale/ru/LC_MESSAGES
Installing po/si/LC_MESSAGES/p11-kit.mo to /usr/share/locale/si/LC_MESSAGES
Installing po/sk/LC_MESSAGES/p11-kit.mo to /usr/share/locale/sk/LC_MESSAGES
Installing po/sl/LC_MESSAGES/p11-kit.mo to /usr/share/locale/sl/LC_MESSAGES
Installing po/sq/LC_MESSAGES/p11-kit.mo to /usr/share/locale/sq/LC_MESSAGES
Installing po/sr/LC_MESSAGES/p11-kit.mo to /usr/share/locale/sr/LC_MESSAGES
Installing po/sr@latin/LC_MESSAGES/p11-kit.mo to /usr/share/locale/sr@latin/LC_MESSAGES
Installing po/sv/LC_MESSAGES/p11-kit.mo to /usr/share/locale/sv/LC_MESSAGES
Installing po/ta/LC_MESSAGES/p11-kit.mo to /usr/share/locale/ta/LC_MESSAGES
Installing po/te/LC_MESSAGES/p11-kit.mo to /usr/share/locale/te/LC_MESSAGES
Installing po/th/LC_MESSAGES/p11-kit.mo to /usr/share/locale/th/LC_MESSAGES
Installing po/tr/LC_MESSAGES/p11-kit.mo to /usr/share/locale/tr/LC_MESSAGES
Installing po/uk/LC_MESSAGES/p11-kit.mo to /usr/share/locale/uk/LC_MESSAGES
Installing po/vi/LC_MESSAGES/p11-kit.mo to /usr/share/locale/vi/LC_MESSAGES
Installing po/wa/LC_MESSAGES/p11-kit.mo to /usr/share/locale/wa/LC_MESSAGES
Installing po/zh_CN/LC_MESSAGES/p11-kit.mo to /usr/share/locale/zh_CN/LC_MESSAGES
Installing po/zh_HK/LC_MESSAGES/p11-kit.mo to /usr/share/locale/zh_HK/LC_MESSAGES
Installing po/zh_TW/LC_MESSAGES/p11-kit.mo to /usr/share/locale/zh_TW/LC_MESSAGES
Installing /sources/p11-kit-0.25.3/common/pkcs11.h to /usr/include/p11-kit-1/p11-kit
Installing /sources/p11-kit-0.25.3/common/pkcs11x.h to /usr/include/p11-kit-1/p11-kit
Installing /sources/p11-kit-0.25.3/p11-kit/deprecated.h to /usr/include/p11-kit-1/p11-kit
Installing /sources/p11-kit-0.25.3/p11-kit/iter.h to /usr/include/p11-kit-1/p11-kit
Installing /sources/p11-kit-0.25.3/p11-kit/p11-kit.h to /usr/include/p11-kit-1/p11-kit
Installing /sources/p11-kit-0.25.3/p11-kit/pin.h to /usr/include/p11-kit-1/p11-kit
Installing /sources/p11-kit-0.25.3/p11-kit/remote.h to /usr/include/p11-kit-1/p11-kit
Installing /sources/p11-kit-0.25.3/p11-kit/uri.h to /usr/include/p11-kit-1/p11-kit
Installing /sources/p11-kit-0.25.3/p11-build/p11-kit/p11-kit-server.service to /usr/lib/systemd/user
Installing /sources/p11-kit-0.25.3/p11-kit/p11-kit-server.socket to /usr/lib/systemd/user
Installing /sources/p11-kit-0.25.3/p11-build/meson-private/p11-kit-1.pc to /usr/lib/pkgconfig
Installing /sources/p11-kit-0.25.3/p11-build/p11-kit/pkcs11.conf.example to /etc/pkcs11
Installing /sources/p11-kit-0.25.3/trust/p11-kit-trust.module to /usr/share/p11-kit/modules
Installing /sources/p11-kit-0.25.3/trust/trust-extract-compat to /usr/libexec/p11-kit
Installing symlink pointing to libp11-kit.so.0.3.1 to /usr/lib/libp11-kit.so.0
Installing symlink pointing to libp11-kit.so.0 to /usr/lib/libp11-kit.so
Running custom install script '/sources/p11-kit-0.25.3/p11-kit/meson_post_install.sh lib share/p11-kit/modules'
'/usr/lib/libnssckbi.so' -> 'pkcs11/p11-kit-trust.so'


CFLAGS:: -march=i686 -mtune=haswell -Os -pipe -fno-plt -fPIC -ffunction-sections -fdata-sections
CXXFLAGS:: -march=i686 -mtune=haswell -Os -pipe -fno-plt -fPIC -ffunction-sections -fdata-sections -Wp,-D_GLIBCXX_ASSERTIONS
CPPFLAGS:: -D_FORTIFY_SOURCE=2 -DNDEBUG
LDFLAGS:: -Wl,-O2,--sort-common,--as-needed,-z,relro,-z,now,--gc-sections,--compress-debug-sections=zstd


Wed Feb 14 11:47:44 UTC 2024

Totalseconds: 57

KB: 1671980	/

