Thu May  2 16:42:13 UTC 2024
KB: 1702148	/

checking for a BSD-compatible install... /usr/bin/install -c
checking whether build environment is sane... yes
checking for a race-free mkdir -p... /usr/bin/mkdir -p
checking for gawk... gawk
checking whether make sets $(MAKE)... yes
checking whether make supports nested variables... yes
checking whether to enable maintainer-specific portions of Makefiles... no
checking whether make supports nested variables... (cached) yes
checking build system type... x86_64-pc-linux-uclibc
checking host system type... x86_64-pc-linux-uclibc
configure: autobuild project... libgpg-error
configure: autobuild revision... 1.49
configure: autobuild hostname... fv-az891-874
configure: autobuild timestamp... 20240502T164214Z
checking for gcc... gcc
checking whether the C compiler works... yes
checking for C compiler default output file name... a.out
checking for suffix of executables... 
checking whether we are cross compiling... no
checking for suffix of object files... o
checking whether the compiler supports GNU C... yes
checking whether gcc accepts -g... yes
checking for gcc option to enable C11 features... none needed
checking whether gcc understands -c and -o together... yes
checking whether make supports the include directive... yes (GNU style)
checking dependency style of gcc... gcc3
checking how to run the C preprocessor... gcc -E
checking for gawk... (cached) gawk
checking for ar... ar
checking for stdio.h... yes
checking for stdlib.h... yes
checking for string.h... yes
checking for inttypes.h... yes
checking for stdint.h... yes
checking for strings.h... yes
checking for sys/stat.h... yes
checking for sys/types.h... yes
checking for unistd.h... yes
checking for wchar.h... yes
checking for minix/config.h... no
checking for threads.h... no
checking whether it is safe to define __EXTENSIONS__... yes
checking whether _XOPEN_SOURCE should be defined... no
checking for nl_langinfo and CODESET... yes
checking for special C compiler options needed for large files... no
checking for _FILE_OFFSET_BITS value needed for large files... no
checking how to print strings... printf
checking for a sed that does not truncate output... /usr/bin/sed
checking for grep that handles long lines and -e... /usr/bin/grep
checking for egrep... /usr/bin/grep -E
checking for fgrep... /usr/bin/grep -F
checking for ld used by gcc... /usr/bin/ld
checking if the linker (/usr/bin/ld) is GNU ld... yes
checking for BSD- or MS-compatible name lister (nm)... /usr/bin/nm -B
checking the name lister (/usr/bin/nm -B) interface... BSD nm
checking whether ln -s works... yes
checking the maximum length of command line arguments... 1572864
checking how to convert x86_64-pc-linux-uclibc file names to x86_64-pc-linux-uclibc format... func_convert_file_noop
checking how to convert x86_64-pc-linux-uclibc file names to toolchain format... func_convert_file_noop
checking for /usr/bin/ld option to reload object files... -r
checking for file... file
checking for objdump... objdump
checking how to recognize dependent libraries... pass_all
checking for dlltool... no
checking how to associate runtime and link libraries... printf %s\n
checking for archiver @FILE support... @
checking for strip... strip
checking for ranlib... ranlib
checking command to parse /usr/bin/nm -B output from gcc object... ok
checking for sysroot... no
checking for a working dd... /usr/bin/dd
checking how to truncate binary pipes... /usr/bin/dd bs=4096 count=1
checking for mt... no
checking if : is a manifest tool... no
checking for dlfcn.h... yes
checking for objdir... .libs
checking if gcc supports -fno-rtti -fno-exceptions... no
checking for gcc option to produce PIC... -fPIC -DPIC
checking if gcc PIC flag -fPIC -DPIC works... yes
checking if gcc static flag -static works... yes
checking if gcc supports -c -o file.o... yes
checking if gcc supports -c -o file.o... (cached) yes
checking whether the gcc linker (/usr/bin/ld -m elf_x86_64) supports shared libraries... yes
checking whether -lc should be explicitly linked in... no
checking dynamic linker characteristics... GNU/Linux ld.so
checking how to hardcode library paths into programs... immediate
checking whether stripping libraries is possible... yes
checking if libtool supports shared libraries... yes
checking whether to build shared libraries... yes
checking whether to build static libraries... no
checking for windres... no
checking whether NLS is requested... yes
checking for msgfmt... /usr/bin/msgfmt
checking for gmsgfmt... /usr/bin/msgfmt
checking for xgettext... /usr/bin/xgettext
checking for msgmerge... /usr/bin/msgmerge
checking for ld... /usr/bin/ld -m elf_x86_64
checking if the linker (/usr/bin/ld -m elf_x86_64) is GNU ld... yes
checking for shared library run path origin... done
checking 32-bit host C ABI... no
checking for ELF binary format... yes
checking for the common suffixes of directories in the library search path... lib,lib,lib
od: cannot skip past end of combined input
checking for CFPreferencesCopyAppValue... no
checking for CFLocaleCopyPreferredLanguages... no
checking for GNU gettext in libc... no
checking for iconv... yes
checking for working iconv... yes
checking for GNU gettext in libintl... yes
checking whether to use NLS... yes
checking where the gettext function comes from... external libintl
checking how to link with libintl... /usr/lib/libintl.so
checking for locale.h... yes
checking for stdint.h... (cached) yes
checking for sys/select.h... yes
checking for sys/time.h... yes
checking for signal.h... yes
checking for poll.h... yes
checking for pwd.h... yes
checking for gcc options needed to detect all undeclared functions... none needed
checking whether strerror_r is declared... yes
checking whether strerror_r returns char *... yes
checking for strerror_r... yes
checking for flockfile... yes
checking for vasprintf... yes
checking for mmap... yes
checking for rand... yes
checking for strlwr... no
checking for stpcpy... yes
checking for setenv... yes
checking for stat... yes
checking for getrlimit... yes
checking for getpwnam... yes
checking for getpwuid... yes
checking for getpwnam_r... yes
checking for getpwuid_r... yes
checking for inet_pton... yes
checking for an ANSI C-conforming const... yes
checking size of int... 4
checking size of long... 8
checking size of long long... 8
checking for sys/stat.h... (cached) yes
checking for unistd.h... (cached) yes
checking for direct.h... no
checking if mkdir takes one argument... no
configure: checking for cc features
checking if gcc ignores unknown -Wno-* options... yes
checking if gcc supports -Wpointer-arith... yes
checking whether the GCC style aligned attribute is supported... yes
checking whether the visibility attribute is supported... yes
checking for broken visibility attribute... no
checking for broken alias attribute... no
checking if gcc supports -fvisibility=hidden... yes
checking whether imported symbols can be declared weak... yes
checking for pthread.h... yes
checking for pthread_kill in -lpthread... yes
checking whether POSIX threads API is available... yes
checking for multithread API to use... posix
checking for pthread_rwlock_t... yes
checking size of pthread_mutex_t... 40
checking for sys/single_threaded.h... no
checking for library containing sched_yield... none required
checking for library containing inet_addr... none required
checking for library containing socket... none required
checking whether readline via "-lreadline" is present and sane... yes
checking for unsigned long long int... yes
configure: checking system features for estream-printf
checking for stdint.h... (cached) yes
checking for long long int... yes
checking for long double... yes
checking for intmax_t... yes
checking for uintmax_t... yes
checking for ptrdiff_t... yes
checking size of unsigned long... 8
checking size of void *... 8
checking for nl_langinfo and THOUSEP... yes
configure: checking system features for estream
checking for memrchr... yes
checking whether to enable log_clock... no
checking that generated files are newer than configure... done
configure: creating ./config.status
config.status: creating Makefile
config.status: creating doc/Makefile
config.status: creating po/Makefile.in
config.status: creating m4/Makefile
config.status: creating src/Makefile
config.status: creating tests/Makefile
config.status: creating lang/Makefile
config.status: creating lang/cl/Makefile
config.status: creating lang/cl/gpg-error.asd
config.status: creating src/versioninfo.rc
config.status: creating src/gpg-error.w32-manifest
config.status: creating src/gpg-error.pc
config.status: creating src/gpg-error-config-old
config.status: creating src/gpgrt-config
config.status: creating src/gpg-error-config-test.sh
config.status: creating config.h
config.status: executing depfiles commands
config.status: executing libtool commands
config.status: executing po-directories commands
config.status: creating po/POTFILES
config.status: creating po/Makefile

        libgpg-error v1.49 has been configured as follows:

        Revision: faed9c2  (64237)
        Platform: x86_64-pc-linux-uclibc

make  all-recursive
make[1]: Entering directory '/sources/libgpg-error-1.49'
Making all in m4
make[2]: Entering directory '/sources/libgpg-error-1.49/m4'
make[2]: Nothing to be done for 'all'.
make[2]: Leaving directory '/sources/libgpg-error-1.49/m4'
Making all in src
make[2]: Entering directory '/sources/libgpg-error-1.49/src'
gawk -f ./mkerrnos.awk ./errnos.in >code-to-errno.h
gawk -f ./mkerrcodes1.awk ./errnos.in >_mkerrcodes.h
gawk -f ./mkstrtable.awk -v textidx=2 -v nogettext=1 \
	./err-sources.h.in >err-sources-sym.h
gawk -f ./mkstrtable.awk -v textidx=2 -v nogettext=1 \
	./err-codes.h.in >err-codes-sym.h
gawk -f ./mkstrtable.awk -v textidx=2 -v nogettext=1 \
	-v prefix=GPG_ERR_ -v pkg_namespace=errnos_ \
	./errnos.in >errnos-sym.h
gcc -E -DNDEBUG -P _mkerrcodes.h | grep GPG_ERR_ | \
               gawk -f ./mkerrcodes.awk >mkerrcodes.h
gcc   \
 -g -I. -I. -o mkheader ./mkheader.c
gcc -DHAVE_CONFIG_H -I. -I..   -DNDEBUG  -march=x86-64-v3 -mtune=haswell -Os -pipe -fno-plt -fPIC -fstack-clash-protection -ffunction-sections -fdata-sections -Wall -Wpointer-arith -Wno-psabi -fvisibility=hidden -MT gen-posix-lock-obj.o -MD -MP -MF .deps/gen-posix-lock-obj.Tpo -c -o gen-posix-lock-obj.o gen-posix-lock-obj.c
cat ./gpg-error.def.in >_gpg-error.def.h
gcc -E -I. -I..  _gpg-error.def.h | \
  grep -v '^#' >gpg-error.def
rm _mkerrcodes.h
gcc   \
 -I. -I. -o mkerrcodes ./mkerrcodes.c
rm _gpg-error.def.h
./mkerrcodes | gawk -f ./mkerrcodes2.awk >code-from-errno.h
mv -f .deps/gen-posix-lock-obj.Tpo .deps/gen-posix-lock-obj.Po
/bin/sh ../libtool  --tag=CC   --mode=link gcc  -march=x86-64-v3 -mtune=haswell -Os -pipe -fno-plt -fPIC -fstack-clash-protection -ffunction-sections -fdata-sections -Wall -Wpointer-arith -Wno-psabi -fvisibility=hidden  -Wl,-O2,--sort-common,--as-needed,-z,relro,-z,now,--gc-sections,--compress-debug-sections=zstd -o gen-posix-lock-obj gen-posix-lock-obj.o  
libtool: link: gcc -march=x86-64-v3 -mtune=haswell -Os -pipe -fno-plt -fPIC -fstack-clash-protection -ffunction-sections -fdata-sections -Wall -Wpointer-arith -Wno-psabi -fvisibility=hidden -Wl,-O2 -Wl,--sort-common -Wl,--as-needed -Wl,-z -Wl,relro -Wl,-z -Wl,now -Wl,--gc-sections -Wl,--compress-debug-sections=zstd -o gen-posix-lock-obj gen-posix-lock-obj.o 
./gen-posix-lock-obj >lock-obj-pub.native.h
:
./mkheader        \
                   x86_64-pc-linux-uclibc  ./gpg-error.h.in \
                   ../config.h 1.49 0x013100 >gpg-error.h
cp gpg-error.h gpgrt.h
make  all-am
make[3]: Entering directory '/sources/libgpg-error-1.49/src'
gcc -DHAVE_CONFIG_H -I. -I..  -DPKGDATADIR=\"/usr/share/libgpg-error\" -DLOCALEDIR=\"/usr/share/locale\" -DNDEBUG  -march=x86-64-v3 -mtune=haswell -Os -pipe -fno-plt -fPIC -fstack-clash-protection -ffunction-sections -fdata-sections -Wall -Wpointer-arith -Wno-psabi -fvisibility=hidden -MT gpg_error-strsource-sym.o -MD -MP -MF .deps/gpg_error-strsource-sym.Tpo -c -o gpg_error-strsource-sym.o `test -f 'strsource-sym.c' || echo './'`strsource-sym.c
gcc -DHAVE_CONFIG_H -I. -I..  -DPKGDATADIR=\"/usr/share/libgpg-error\" -DLOCALEDIR=\"/usr/share/locale\" -DNDEBUG  -march=x86-64-v3 -mtune=haswell -Os -pipe -fno-plt -fPIC -fstack-clash-protection -ffunction-sections -fdata-sections -Wall -Wpointer-arith -Wno-psabi -fvisibility=hidden -MT gpg_error-strerror-sym.o -MD -MP -MF .deps/gpg_error-strerror-sym.Tpo -c -o gpg_error-strerror-sym.o `test -f 'strerror-sym.c' || echo './'`strerror-sym.c
gcc -DHAVE_CONFIG_H -I. -I..  -DPKGDATADIR=\"/usr/share/libgpg-error\" -DLOCALEDIR=\"/usr/share/locale\" -DNDEBUG  -march=x86-64-v3 -mtune=haswell -Os -pipe -fno-plt -fPIC -fstack-clash-protection -ffunction-sections -fdata-sections -Wall -Wpointer-arith -Wno-psabi -fvisibility=hidden -MT gpg_error-gpg-error.o -MD -MP -MF .deps/gpg_error-gpg-error.Tpo -c -o gpg_error-gpg-error.o `test -f 'gpg-error.c' || echo './'`gpg-error.c
/bin/sh ../libtool  --tag=CC   --mode=compile gcc -DHAVE_CONFIG_H -I. -I..  -DLOCALEDIR=\"/usr/share/locale\" -DNDEBUG  -march=x86-64-v3 -mtune=haswell -Os -pipe -fno-plt -fPIC -fstack-clash-protection -ffunction-sections -fdata-sections -Wall -Wpointer-arith -Wno-psabi -fvisibility=hidden -MT libgpg_error_la-posix-lock.lo -MD -MP -MF .deps/libgpg_error_la-posix-lock.Tpo -c -o libgpg_error_la-posix-lock.lo `test -f 'posix-lock.c' || echo './'`posix-lock.c
mv -f .deps/gpg_error-strsource-sym.Tpo .deps/gpg_error-strsource-sym.Po
/bin/sh ../libtool  --tag=CC   --mode=compile gcc -DHAVE_CONFIG_H -I. -I..  -DLOCALEDIR=\"/usr/share/locale\" -DNDEBUG  -march=x86-64-v3 -mtune=haswell -Os -pipe -fno-plt -fPIC -fstack-clash-protection -ffunction-sections -fdata-sections -Wall -Wpointer-arith -Wno-psabi -fvisibility=hidden -MT libgpg_error_la-posix-thread.lo -MD -MP -MF .deps/libgpg_error_la-posix-thread.Tpo -c -o libgpg_error_la-posix-thread.lo `test -f 'posix-thread.c' || echo './'`posix-thread.c
libtool: compile:  gcc -DHAVE_CONFIG_H -I. -I.. -DLOCALEDIR=\"/usr/share/locale\" -DNDEBUG -march=x86-64-v3 -mtune=haswell -Os -pipe -fno-plt -fPIC -fstack-clash-protection -ffunction-sections -fdata-sections -Wall -Wpointer-arith -Wno-psabi -fvisibility=hidden -MT libgpg_error_la-posix-lock.lo -MD -MP -MF .deps/libgpg_error_la-posix-lock.Tpo -c posix-lock.c  -fPIC -DPIC -o .libs/libgpg_error_la-posix-lock.o
mv -f .deps/gpg_error-strerror-sym.Tpo .deps/gpg_error-strerror-sym.Po
/bin/sh ../libtool  --tag=CC   --mode=compile gcc -DHAVE_CONFIG_H -I. -I..  -DLOCALEDIR=\"/usr/share/locale\" -DNDEBUG  -march=x86-64-v3 -mtune=haswell -Os -pipe -fno-plt -fPIC -fstack-clash-protection -ffunction-sections -fdata-sections -Wall -Wpointer-arith -Wno-psabi -fvisibility=hidden -MT libgpg_error_la-spawn-posix.lo -MD -MP -MF .deps/libgpg_error_la-spawn-posix.Tpo -c -o libgpg_error_la-spawn-posix.lo `test -f 'spawn-posix.c' || echo './'`spawn-posix.c
libtool: compile:  gcc -DHAVE_CONFIG_H -I. -I.. -DLOCALEDIR=\"/usr/share/locale\" -DNDEBUG -march=x86-64-v3 -mtune=haswell -Os -pipe -fno-plt -fPIC -fstack-clash-protection -ffunction-sections -fdata-sections -Wall -Wpointer-arith -Wno-psabi -fvisibility=hidden -MT libgpg_error_la-posix-thread.lo -MD -MP -MF .deps/libgpg_error_la-posix-thread.Tpo -c posix-thread.c  -fPIC -DPIC -o .libs/libgpg_error_la-posix-thread.o
libtool: compile:  gcc -DHAVE_CONFIG_H -I. -I.. -DLOCALEDIR=\"/usr/share/locale\" -DNDEBUG -march=x86-64-v3 -mtune=haswell -Os -pipe -fno-plt -fPIC -fstack-clash-protection -ffunction-sections -fdata-sections -Wall -Wpointer-arith -Wno-psabi -fvisibility=hidden -MT libgpg_error_la-spawn-posix.lo -MD -MP -MF .deps/libgpg_error_la-spawn-posix.Tpo -c spawn-posix.c  -fPIC -DPIC -o .libs/libgpg_error_la-spawn-posix.o
mv -f .deps/libgpg_error_la-posix-lock.Tpo .deps/libgpg_error_la-posix-lock.Plo
/bin/sh ../libtool  --tag=CC   --mode=compile gcc -DHAVE_CONFIG_H -I. -I..  -DLOCALEDIR=\"/usr/share/locale\" -DNDEBUG  -march=x86-64-v3 -mtune=haswell -Os -pipe -fno-plt -fPIC -fstack-clash-protection -ffunction-sections -fdata-sections -Wall -Wpointer-arith -Wno-psabi -fvisibility=hidden -MT libgpg_error_la-init.lo -MD -MP -MF .deps/libgpg_error_la-init.Tpo -c -o libgpg_error_la-init.lo `test -f 'init.c' || echo './'`init.c
mv -f .deps/libgpg_error_la-posix-thread.Tpo .deps/libgpg_error_la-posix-thread.Plo
/bin/sh ../libtool  --tag=CC   --mode=compile gcc -DHAVE_CONFIG_H -I. -I..  -DLOCALEDIR=\"/usr/share/locale\" -DNDEBUG  -march=x86-64-v3 -mtune=haswell -Os -pipe -fno-plt -fPIC -fstack-clash-protection -ffunction-sections -fdata-sections -Wall -Wpointer-arith -Wno-psabi -fvisibility=hidden -MT libgpg_error_la-version.lo -MD -MP -MF .deps/libgpg_error_la-version.Tpo -c -o libgpg_error_la-version.lo `test -f 'version.c' || echo './'`version.c
libtool: compile:  gcc -DHAVE_CONFIG_H -I. -I.. -DLOCALEDIR=\"/usr/share/locale\" -DNDEBUG -march=x86-64-v3 -mtune=haswell -Os -pipe -fno-plt -fPIC -fstack-clash-protection -ffunction-sections -fdata-sections -Wall -Wpointer-arith -Wno-psabi -fvisibility=hidden -MT libgpg_error_la-init.lo -MD -MP -MF .deps/libgpg_error_la-init.Tpo -c init.c  -fPIC -DPIC -o .libs/libgpg_error_la-init.o
libtool: compile:  gcc -DHAVE_CONFIG_H -I. -I.. -DLOCALEDIR=\"/usr/share/locale\" -DNDEBUG -march=x86-64-v3 -mtune=haswell -Os -pipe -fno-plt -fPIC -fstack-clash-protection -ffunction-sections -fdata-sections -Wall -Wpointer-arith -Wno-psabi -fvisibility=hidden -MT libgpg_error_la-version.lo -MD -MP -MF .deps/libgpg_error_la-version.Tpo -c version.c  -fPIC -DPIC -o .libs/libgpg_error_la-version.o
mv -f .deps/gpg_error-gpg-error.Tpo .deps/gpg_error-gpg-error.Po
/bin/sh ../libtool  --tag=CC   --mode=compile gcc -DHAVE_CONFIG_H -I. -I..  -DLOCALEDIR=\"/usr/share/locale\" -DNDEBUG  -march=x86-64-v3 -mtune=haswell -Os -pipe -fno-plt -fPIC -fstack-clash-protection -ffunction-sections -fdata-sections -Wall -Wpointer-arith -Wno-psabi -fvisibility=hidden -MT libgpg_error_la-estream.lo -MD -MP -MF .deps/libgpg_error_la-estream.Tpo -c -o libgpg_error_la-estream.lo `test -f 'estream.c' || echo './'`estream.c
libtool: compile:  gcc -DHAVE_CONFIG_H -I. -I.. -DLOCALEDIR=\"/usr/share/locale\" -DNDEBUG -march=x86-64-v3 -mtune=haswell -Os -pipe -fno-plt -fPIC -fstack-clash-protection -ffunction-sections -fdata-sections -Wall -Wpointer-arith -Wno-psabi -fvisibility=hidden -MT libgpg_error_la-estream.lo -MD -MP -MF .deps/libgpg_error_la-estream.Tpo -c estream.c  -fPIC -DPIC -o .libs/libgpg_error_la-estream.o
mv -f .deps/libgpg_error_la-version.Tpo .deps/libgpg_error_la-version.Plo
/bin/sh ../libtool  --tag=CC   --mode=compile gcc -DHAVE_CONFIG_H -I. -I..  -DLOCALEDIR=\"/usr/share/locale\" -DNDEBUG  -march=x86-64-v3 -mtune=haswell -Os -pipe -fno-plt -fPIC -fstack-clash-protection -ffunction-sections -fdata-sections -Wall -Wpointer-arith -Wno-psabi -fvisibility=hidden -MT libgpg_error_la-estream-printf.lo -MD -MP -MF .deps/libgpg_error_la-estream-printf.Tpo -c -o libgpg_error_la-estream-printf.lo `test -f 'estream-printf.c' || echo './'`estream-printf.c
mv -f .deps/libgpg_error_la-init.Tpo .deps/libgpg_error_la-init.Plo
/bin/sh ../libtool  --tag=CC   --mode=compile gcc -DHAVE_CONFIG_H -I. -I..  -DLOCALEDIR=\"/usr/share/locale\" -DNDEBUG  -march=x86-64-v3 -mtune=haswell -Os -pipe -fno-plt -fPIC -fstack-clash-protection -ffunction-sections -fdata-sections -Wall -Wpointer-arith -Wno-psabi -fvisibility=hidden -MT libgpg_error_la-strsource.lo -MD -MP -MF .deps/libgpg_error_la-strsource.Tpo -c -o libgpg_error_la-strsource.lo `test -f 'strsource.c' || echo './'`strsource.c
libtool: compile:  gcc -DHAVE_CONFIG_H -I. -I.. -DLOCALEDIR=\"/usr/share/locale\" -DNDEBUG -march=x86-64-v3 -mtune=haswell -Os -pipe -fno-plt -fPIC -fstack-clash-protection -ffunction-sections -fdata-sections -Wall -Wpointer-arith -Wno-psabi -fvisibility=hidden -MT libgpg_error_la-estream-printf.lo -MD -MP -MF .deps/libgpg_error_la-estream-printf.Tpo -c estream-printf.c  -fPIC -DPIC -o .libs/libgpg_error_la-estream-printf.o
libtool: compile:  gcc -DHAVE_CONFIG_H -I. -I.. -DLOCALEDIR=\"/usr/share/locale\" -DNDEBUG -march=x86-64-v3 -mtune=haswell -Os -pipe -fno-plt -fPIC -fstack-clash-protection -ffunction-sections -fdata-sections -Wall -Wpointer-arith -Wno-psabi -fvisibility=hidden -MT libgpg_error_la-strsource.lo -MD -MP -MF .deps/libgpg_error_la-strsource.Tpo -c strsource.c  -fPIC -DPIC -o .libs/libgpg_error_la-strsource.o
mv -f .deps/libgpg_error_la-spawn-posix.Tpo .deps/libgpg_error_la-spawn-posix.Plo
/bin/sh ../libtool  --tag=CC   --mode=compile gcc -DHAVE_CONFIG_H -I. -I..  -DLOCALEDIR=\"/usr/share/locale\" -DNDEBUG  -march=x86-64-v3 -mtune=haswell -Os -pipe -fno-plt -fPIC -fstack-clash-protection -ffunction-sections -fdata-sections -Wall -Wpointer-arith -Wno-psabi -fvisibility=hidden -MT libgpg_error_la-strerror.lo -MD -MP -MF .deps/libgpg_error_la-strerror.Tpo -c -o libgpg_error_la-strerror.lo `test -f 'strerror.c' || echo './'`strerror.c
mv -f .deps/libgpg_error_la-strsource.Tpo .deps/libgpg_error_la-strsource.Plo
/bin/sh ../libtool  --tag=CC   --mode=compile gcc -DHAVE_CONFIG_H -I. -I..  -DLOCALEDIR=\"/usr/share/locale\" -DNDEBUG  -march=x86-64-v3 -mtune=haswell -Os -pipe -fno-plt -fPIC -fstack-clash-protection -ffunction-sections -fdata-sections -Wall -Wpointer-arith -Wno-psabi -fvisibility=hidden -MT libgpg_error_la-code-to-errno.lo -MD -MP -MF .deps/libgpg_error_la-code-to-errno.Tpo -c -o libgpg_error_la-code-to-errno.lo `test -f 'code-to-errno.c' || echo './'`code-to-errno.c
libtool: compile:  gcc -DHAVE_CONFIG_H -I. -I.. -DLOCALEDIR=\"/usr/share/locale\" -DNDEBUG -march=x86-64-v3 -mtune=haswell -Os -pipe -fno-plt -fPIC -fstack-clash-protection -ffunction-sections -fdata-sections -Wall -Wpointer-arith -Wno-psabi -fvisibility=hidden -MT libgpg_error_la-strerror.lo -MD -MP -MF .deps/libgpg_error_la-strerror.Tpo -c strerror.c  -fPIC -DPIC -o .libs/libgpg_error_la-strerror.o
libtool: compile:  gcc -DHAVE_CONFIG_H -I. -I.. -DLOCALEDIR=\"/usr/share/locale\" -DNDEBUG -march=x86-64-v3 -mtune=haswell -Os -pipe -fno-plt -fPIC -fstack-clash-protection -ffunction-sections -fdata-sections -Wall -Wpointer-arith -Wno-psabi -fvisibility=hidden -MT libgpg_error_la-code-to-errno.lo -MD -MP -MF .deps/libgpg_error_la-code-to-errno.Tpo -c code-to-errno.c  -fPIC -DPIC -o .libs/libgpg_error_la-code-to-errno.o
mv -f .deps/libgpg_error_la-code-to-errno.Tpo .deps/libgpg_error_la-code-to-errno.Plo
/bin/sh ../libtool  --tag=CC   --mode=compile gcc -DHAVE_CONFIG_H -I. -I..  -DLOCALEDIR=\"/usr/share/locale\" -DNDEBUG  -march=x86-64-v3 -mtune=haswell -Os -pipe -fno-plt -fPIC -fstack-clash-protection -ffunction-sections -fdata-sections -Wall -Wpointer-arith -Wno-psabi -fvisibility=hidden -MT libgpg_error_la-code-from-errno.lo -MD -MP -MF .deps/libgpg_error_la-code-from-errno.Tpo -c -o libgpg_error_la-code-from-errno.lo `test -f 'code-from-errno.c' || echo './'`code-from-errno.c
mv -f .deps/libgpg_error_la-strerror.Tpo .deps/libgpg_error_la-strerror.Plo
/bin/sh ../libtool  --tag=CC   --mode=compile gcc -DHAVE_CONFIG_H -I. -I..  -DLOCALEDIR=\"/usr/share/locale\" -DNDEBUG  -march=x86-64-v3 -mtune=haswell -Os -pipe -fno-plt -fPIC -fstack-clash-protection -ffunction-sections -fdata-sections -Wall -Wpointer-arith -Wno-psabi -fvisibility=hidden -MT libgpg_error_la-visibility.lo -MD -MP -MF .deps/libgpg_error_la-visibility.Tpo -c -o libgpg_error_la-visibility.lo `test -f 'visibility.c' || echo './'`visibility.c
libtool: compile:  gcc -DHAVE_CONFIG_H -I. -I.. -DLOCALEDIR=\"/usr/share/locale\" -DNDEBUG -march=x86-64-v3 -mtune=haswell -Os -pipe -fno-plt -fPIC -fstack-clash-protection -ffunction-sections -fdata-sections -Wall -Wpointer-arith -Wno-psabi -fvisibility=hidden -MT libgpg_error_la-code-from-errno.lo -MD -MP -MF .deps/libgpg_error_la-code-from-errno.Tpo -c code-from-errno.c  -fPIC -DPIC -o .libs/libgpg_error_la-code-from-errno.o
libtool: compile:  gcc -DHAVE_CONFIG_H -I. -I.. -DLOCALEDIR=\"/usr/share/locale\" -DNDEBUG -march=x86-64-v3 -mtune=haswell -Os -pipe -fno-plt -fPIC -fstack-clash-protection -ffunction-sections -fdata-sections -Wall -Wpointer-arith -Wno-psabi -fvisibility=hidden -MT libgpg_error_la-visibility.lo -MD -MP -MF .deps/libgpg_error_la-visibility.Tpo -c visibility.c  -fPIC -DPIC -o .libs/libgpg_error_la-visibility.o
mv -f .deps/libgpg_error_la-code-from-errno.Tpo .deps/libgpg_error_la-code-from-errno.Plo
/bin/sh ../libtool  --tag=CC   --mode=compile gcc -DHAVE_CONFIG_H -I. -I..  -DLOCALEDIR=\"/usr/share/locale\" -DNDEBUG  -march=x86-64-v3 -mtune=haswell -Os -pipe -fno-plt -fPIC -fstack-clash-protection -ffunction-sections -fdata-sections -Wall -Wpointer-arith -Wno-psabi -fvisibility=hidden -MT libgpg_error_la-sysutils.lo -MD -MP -MF .deps/libgpg_error_la-sysutils.Tpo -c -o libgpg_error_la-sysutils.lo `test -f 'sysutils.c' || echo './'`sysutils.c
libtool: compile:  gcc -DHAVE_CONFIG_H -I. -I.. -DLOCALEDIR=\"/usr/share/locale\" -DNDEBUG -march=x86-64-v3 -mtune=haswell -Os -pipe -fno-plt -fPIC -fstack-clash-protection -ffunction-sections -fdata-sections -Wall -Wpointer-arith -Wno-psabi -fvisibility=hidden -MT libgpg_error_la-sysutils.lo -MD -MP -MF .deps/libgpg_error_la-sysutils.Tpo -c sysutils.c  -fPIC -DPIC -o .libs/libgpg_error_la-sysutils.o
mv -f .deps/libgpg_error_la-sysutils.Tpo .deps/libgpg_error_la-sysutils.Plo
/bin/sh ../libtool  --tag=CC   --mode=compile gcc -DHAVE_CONFIG_H -I. -I..  -DLOCALEDIR=\"/usr/share/locale\" -DNDEBUG  -march=x86-64-v3 -mtune=haswell -Os -pipe -fno-plt -fPIC -fstack-clash-protection -ffunction-sections -fdata-sections -Wall -Wpointer-arith -Wno-psabi -fvisibility=hidden -MT libgpg_error_la-stringutils.lo -MD -MP -MF .deps/libgpg_error_la-stringutils.Tpo -c -o libgpg_error_la-stringutils.lo `test -f 'stringutils.c' || echo './'`stringutils.c
libtool: compile:  gcc -DHAVE_CONFIG_H -I. -I.. -DLOCALEDIR=\"/usr/share/locale\" -DNDEBUG -march=x86-64-v3 -mtune=haswell -Os -pipe -fno-plt -fPIC -fstack-clash-protection -ffunction-sections -fdata-sections -Wall -Wpointer-arith -Wno-psabi -fvisibility=hidden -MT libgpg_error_la-stringutils.lo -MD -MP -MF .deps/libgpg_error_la-stringutils.Tpo -c stringutils.c  -fPIC -DPIC -o .libs/libgpg_error_la-stringutils.o
mv -f .deps/libgpg_error_la-estream-printf.Tpo .deps/libgpg_error_la-estream-printf.Plo
/bin/sh ../libtool  --tag=CC   --mode=compile gcc -DHAVE_CONFIG_H -I. -I..  -DLOCALEDIR=\"/usr/share/locale\" -DNDEBUG  -march=x86-64-v3 -mtune=haswell -Os -pipe -fno-plt -fPIC -fstack-clash-protection -ffunction-sections -fdata-sections -Wall -Wpointer-arith -Wno-psabi -fvisibility=hidden -MT libgpg_error_la-syscall-clamp.lo -MD -MP -MF .deps/libgpg_error_la-syscall-clamp.Tpo -c -o libgpg_error_la-syscall-clamp.lo `test -f 'syscall-clamp.c' || echo './'`syscall-clamp.c
mv -f .deps/libgpg_error_la-stringutils.Tpo .deps/libgpg_error_la-stringutils.Plo
/bin/sh ../libtool  --tag=CC   --mode=compile gcc -DHAVE_CONFIG_H -I. -I..  -DLOCALEDIR=\"/usr/share/locale\" -DNDEBUG  -march=x86-64-v3 -mtune=haswell -Os -pipe -fno-plt -fPIC -fstack-clash-protection -ffunction-sections -fdata-sections -Wall -Wpointer-arith -Wno-psabi -fvisibility=hidden -MT libgpg_error_la-logging.lo -MD -MP -MF .deps/libgpg_error_la-logging.Tpo -c -o libgpg_error_la-logging.lo `test -f 'logging.c' || echo './'`logging.c
mv -f .deps/libgpg_error_la-visibility.Tpo .deps/libgpg_error_la-visibility.Plo
/bin/sh ../libtool  --tag=CC   --mode=compile gcc -DHAVE_CONFIG_H -I. -I..  -DLOCALEDIR=\"/usr/share/locale\" -DNDEBUG  -march=x86-64-v3 -mtune=haswell -Os -pipe -fno-plt -fPIC -fstack-clash-protection -ffunction-sections -fdata-sections -Wall -Wpointer-arith -Wno-psabi -fvisibility=hidden -MT libgpg_error_la-b64dec.lo -MD -MP -MF .deps/libgpg_error_la-b64dec.Tpo -c -o libgpg_error_la-b64dec.lo `test -f 'b64dec.c' || echo './'`b64dec.c
libtool: compile:  gcc -DHAVE_CONFIG_H -I. -I.. -DLOCALEDIR=\"/usr/share/locale\" -DNDEBUG -march=x86-64-v3 -mtune=haswell -Os -pipe -fno-plt -fPIC -fstack-clash-protection -ffunction-sections -fdata-sections -Wall -Wpointer-arith -Wno-psabi -fvisibility=hidden -MT libgpg_error_la-syscall-clamp.lo -MD -MP -MF .deps/libgpg_error_la-syscall-clamp.Tpo -c syscall-clamp.c  -fPIC -DPIC -o .libs/libgpg_error_la-syscall-clamp.o
libtool: compile:  gcc -DHAVE_CONFIG_H -I. -I.. -DLOCALEDIR=\"/usr/share/locale\" -DNDEBUG -march=x86-64-v3 -mtune=haswell -Os -pipe -fno-plt -fPIC -fstack-clash-protection -ffunction-sections -fdata-sections -Wall -Wpointer-arith -Wno-psabi -fvisibility=hidden -MT libgpg_error_la-b64dec.lo -MD -MP -MF .deps/libgpg_error_la-b64dec.Tpo -c b64dec.c  -fPIC -DPIC -o .libs/libgpg_error_la-b64dec.o
libtool: compile:  gcc -DHAVE_CONFIG_H -I. -I.. -DLOCALEDIR=\"/usr/share/locale\" -DNDEBUG -march=x86-64-v3 -mtune=haswell -Os -pipe -fno-plt -fPIC -fstack-clash-protection -ffunction-sections -fdata-sections -Wall -Wpointer-arith -Wno-psabi -fvisibility=hidden -MT libgpg_error_la-logging.lo -MD -MP -MF .deps/libgpg_error_la-logging.Tpo -c logging.c  -fPIC -DPIC -o .libs/libgpg_error_la-logging.o
mv -f .deps/libgpg_error_la-syscall-clamp.Tpo .deps/libgpg_error_la-syscall-clamp.Plo
/bin/sh ../libtool  --tag=CC   --mode=compile gcc -DHAVE_CONFIG_H -I. -I..  -DLOCALEDIR=\"/usr/share/locale\" -DNDEBUG  -march=x86-64-v3 -mtune=haswell -Os -pipe -fno-plt -fPIC -fstack-clash-protection -ffunction-sections -fdata-sections -Wall -Wpointer-arith -Wno-psabi -fvisibility=hidden -MT libgpg_error_la-b64enc.lo -MD -MP -MF .deps/libgpg_error_la-b64enc.Tpo -c -o libgpg_error_la-b64enc.lo `test -f 'b64enc.c' || echo './'`b64enc.c
mv -f .deps/libgpg_error_la-b64dec.Tpo .deps/libgpg_error_la-b64dec.Plo
libtool: compile:  gcc -DHAVE_CONFIG_H -I. -I.. -DLOCALEDIR=\"/usr/share/locale\" -DNDEBUG -march=x86-64-v3 -mtune=haswell -Os -pipe -fno-plt -fPIC -fstack-clash-protection -ffunction-sections -fdata-sections -Wall -Wpointer-arith -Wno-psabi -fvisibility=hidden -MT libgpg_error_la-b64enc.lo -MD -MP -MF .deps/libgpg_error_la-b64enc.Tpo -c b64enc.c  -fPIC -DPIC -o .libs/libgpg_error_la-b64enc.o
/bin/sh ../libtool  --tag=CC   --mode=compile gcc -DHAVE_CONFIG_H -I. -I..  -DLOCALEDIR=\"/usr/share/locale\" -DNDEBUG  -march=x86-64-v3 -mtune=haswell -Os -pipe -fno-plt -fPIC -fstack-clash-protection -ffunction-sections -fdata-sections -Wall -Wpointer-arith -Wno-psabi -fvisibility=hidden -MT libgpg_error_la-argparse.lo -MD -MP -MF .deps/libgpg_error_la-argparse.Tpo -c -o libgpg_error_la-argparse.lo `test -f 'argparse.c' || echo './'`argparse.c
libtool: compile:  gcc -DHAVE_CONFIG_H -I. -I.. -DLOCALEDIR=\"/usr/share/locale\" -DNDEBUG -march=x86-64-v3 -mtune=haswell -Os -pipe -fno-plt -fPIC -fstack-clash-protection -ffunction-sections -fdata-sections -Wall -Wpointer-arith -Wno-psabi -fvisibility=hidden -MT libgpg_error_la-argparse.lo -MD -MP -MF .deps/libgpg_error_la-argparse.Tpo -c argparse.c  -fPIC -DPIC -o .libs/libgpg_error_la-argparse.o
mv -f .deps/libgpg_error_la-b64enc.Tpo .deps/libgpg_error_la-b64enc.Plo
Confirm gpg-error-config works... mv -f .deps/libgpg_error_la-estream.Tpo .deps/libgpg_error_la-estream.Plo
mv -f .deps/libgpg_error_la-logging.Tpo .deps/libgpg_error_la-logging.Plo
argparse.c: In function 'arg_parse':
argparse.c:2895:37: warning: 'i' may be used uninitialized [-Wmaybe-uninitialized]
 2895 |   if (arg->r_opt > 0 && i >= 0 && i < nopts
      |                                   ~~^~~~~~~
argparse.c:2646:7: note: 'i' was declared here
 2646 |   int i;
      |       ^
mv -f .deps/libgpg_error_la-argparse.Tpo .deps/libgpg_error_la-argparse.Plo
/bin/sh ../libtool  --tag=CC   --mode=link gcc  -march=x86-64-v3 -mtune=haswell -Os -pipe -fno-plt -fPIC -fstack-clash-protection -ffunction-sections -fdata-sections -Wall -Wpointer-arith -Wno-psabi -fvisibility=hidden -no-undefined  -Wl,--version-script=./gpg-error.vers  -version-info 36:0:36 -Wl,-O2,--sort-common,--as-needed,-z,relro,-z,now,--gc-sections,--compress-debug-sections=zstd -o libgpg-error.la -rpath /usr/lib libgpg_error_la-posix-lock.lo libgpg_error_la-posix-thread.lo libgpg_error_la-spawn-posix.lo libgpg_error_la-init.lo libgpg_error_la-version.lo libgpg_error_la-estream.lo libgpg_error_la-estream-printf.lo libgpg_error_la-strsource.lo libgpg_error_la-strerror.lo libgpg_error_la-code-to-errno.lo libgpg_error_la-code-from-errno.lo libgpg_error_la-visibility.lo libgpg_error_la-sysutils.lo libgpg_error_la-stringutils.lo libgpg_error_la-syscall-clamp.lo libgpg_error_la-logging.lo libgpg_error_la-b64dec.lo libgpg_error_la-b64enc.lo libgpg_error_la-argparse.lo   -L/usr/lib -lintl   
libtool: link: gcc -shared  -fPIC -DPIC  .libs/libgpg_error_la-posix-lock.o .libs/libgpg_error_la-posix-thread.o .libs/libgpg_error_la-spawn-posix.o .libs/libgpg_error_la-init.o .libs/libgpg_error_la-version.o .libs/libgpg_error_la-estream.o .libs/libgpg_error_la-estream-printf.o .libs/libgpg_error_la-strsource.o .libs/libgpg_error_la-strerror.o .libs/libgpg_error_la-code-to-errno.o .libs/libgpg_error_la-code-from-errno.o .libs/libgpg_error_la-visibility.o .libs/libgpg_error_la-sysutils.o .libs/libgpg_error_la-stringutils.o .libs/libgpg_error_la-syscall-clamp.o .libs/libgpg_error_la-logging.o .libs/libgpg_error_la-b64dec.o .libs/libgpg_error_la-b64enc.o .libs/libgpg_error_la-argparse.o   -L/usr/lib -lintl  -march=x86-64-v3 -mtune=haswell -Os -Wl,--version-script=./gpg-error.vers -Wl,-O2 -Wl,--sort-common -Wl,--as-needed -Wl,-z -Wl,relro -Wl,-z -Wl,now -Wl,--gc-sections -Wl,--compress-debug-sections=zstd   -Wl,-soname -Wl,libgpg-error.so.0 -o .libs/libgpg-error.so.0.36.0
libtool: link: (cd ".libs" && rm -f "libgpg-error.so.0" && ln -s "libgpg-error.so.0.36.0" "libgpg-error.so.0")
libtool: link: (cd ".libs" && rm -f "libgpg-error.so" && ln -s "libgpg-error.so.0.36.0" "libgpg-error.so")
libtool: link: ( cd ".libs" && rm -f "libgpg-error.la" && ln -s "../libgpg-error.la" "libgpg-error.la" )
/bin/sh ../libtool  --tag=CC   --mode=link gcc  -march=x86-64-v3 -mtune=haswell -Os -pipe -fno-plt -fPIC -fstack-clash-protection -ffunction-sections -fdata-sections -Wall -Wpointer-arith -Wno-psabi -fvisibility=hidden  -Wl,-O2,--sort-common,--as-needed,-z,relro,-z,now,--gc-sections,--compress-debug-sections=zstd -o gpg-error gpg_error-strsource-sym.o gpg_error-strerror-sym.o gpg_error-gpg-error.o libgpg-error.la -L/usr/lib -lintl 
libtool: link: gcc -march=x86-64-v3 -mtune=haswell -Os -pipe -fno-plt -fPIC -fstack-clash-protection -ffunction-sections -fdata-sections -Wall -Wpointer-arith -Wno-psabi -fvisibility=hidden -Wl,-O2 -Wl,--sort-common -Wl,--as-needed -Wl,-z -Wl,relro -Wl,-z -Wl,now -Wl,--gc-sections -Wl,--compress-debug-sections=zstd -o .libs/gpg-error gpg_error-strsource-sym.o gpg_error-strerror-sym.o gpg_error-gpg-error.o  ./.libs/libgpg-error.so -L/usr/lib -lintl
good
cp gpg-error-config-old gpg-error-config
make[3]: Leaving directory '/sources/libgpg-error-1.49/src'
make[2]: Leaving directory '/sources/libgpg-error-1.49/src'
Making all in doc
make[2]: Entering directory '/sources/libgpg-error-1.49/doc'
gcc -DHAVE_CONFIG_H -I. -I..   -DNDEBUG -DPACKAGE_VERSION="\"1.49\"" -march=x86-64-v3 -mtune=haswell -Os -pipe -fno-plt -fPIC -fstack-clash-protection -ffunction-sections -fdata-sections -Wall -Wpointer-arith -Wno-psabi -fvisibility=hidden -MT yat2m-yat2m.o -MD -MP -MF .deps/yat2m-yat2m.Tpo -c -o yat2m-yat2m.o `test -f 'yat2m.c' || echo './'`yat2m.c
mv -f .deps/yat2m-yat2m.Tpo .deps/yat2m-yat2m.Po
/bin/sh ../libtool  --tag=CC   --mode=link gcc -DPACKAGE_VERSION="\"1.49\"" -march=x86-64-v3 -mtune=haswell -Os -pipe -fno-plt -fPIC -fstack-clash-protection -ffunction-sections -fdata-sections -Wall -Wpointer-arith -Wno-psabi -fvisibility=hidden  -Wl,-O2,--sort-common,--as-needed,-z,relro,-z,now,--gc-sections,--compress-debug-sections=zstd -o yat2m yat2m-yat2m.o  
libtool: link: gcc -DPACKAGE_VERSION=\"1.49\" -march=x86-64-v3 -mtune=haswell -Os -pipe -fno-plt -fPIC -fstack-clash-protection -ffunction-sections -fdata-sections -Wall -Wpointer-arith -Wno-psabi -fvisibility=hidden -Wl,-O2 -Wl,--sort-common -Wl,--as-needed -Wl,-z -Wl,relro -Wl,-z -Wl,now -Wl,--gc-sections -Wl,--compress-debug-sections=zstd -o yat2m yat2m-yat2m.o 
for file in gpgrt.texi ; do \
              ./yat2m -I . --release "Libgpg-error 1.49" --source "GnuPG" --store \
          `test -f '$file' || echo './'`$file ; done
make[2]: Leaving directory '/sources/libgpg-error-1.49/doc'
Making all in tests
make[2]: Entering directory '/sources/libgpg-error-1.49/tests'
gcc -DHAVE_CONFIG_H -I. -I..  -I../src -DNDEBUG  -march=x86-64-v3 -mtune=haswell -Os -pipe -fno-plt -fPIC -fstack-clash-protection -ffunction-sections -fdata-sections -Wall -Wpointer-arith -Wno-psabi -fvisibility=hidden -MT t-version.o -MD -MP -MF .deps/t-version.Tpo -c -o t-version.o t-version.c
gcc -DHAVE_CONFIG_H -I. -I..  -I../src -DNDEBUG  -march=x86-64-v3 -mtune=haswell -Os -pipe -fno-plt -fPIC -fstack-clash-protection -ffunction-sections -fdata-sections -Wall -Wpointer-arith -Wno-psabi -fvisibility=hidden -MT t-strerror.o -MD -MP -MF .deps/t-strerror.Tpo -c -o t-strerror.o t-strerror.c
gcc -DHAVE_CONFIG_H -I. -I..  -I../src -DNDEBUG  -march=x86-64-v3 -mtune=haswell -Os -pipe -fno-plt -fPIC -fstack-clash-protection -ffunction-sections -fdata-sections -Wall -Wpointer-arith -Wno-psabi -fvisibility=hidden -MT t-syserror.o -MD -MP -MF .deps/t-syserror.Tpo -c -o t-syserror.o t-syserror.c
gcc -DHAVE_CONFIG_H -I. -I..  -I../src -DNDEBUG  -march=x86-64-v3 -mtune=haswell -Os -pipe -fno-plt -fPIC -fstack-clash-protection -ffunction-sections -fdata-sections -Wall -Wpointer-arith -Wno-psabi -fvisibility=hidden -MT t-lock.o -MD -MP -MF .deps/t-lock.Tpo -c -o t-lock.o t-lock.c
mv -f .deps/t-syserror.Tpo .deps/t-syserror.Po
gcc -DHAVE_CONFIG_H -I. -I..  -I../src -DNDEBUG  -march=x86-64-v3 -mtune=haswell -Os -pipe -fno-plt -fPIC -fstack-clash-protection -ffunction-sections -fdata-sections -Wall -Wpointer-arith -Wno-psabi -fvisibility=hidden -MT t-printf.o -MD -MP -MF .deps/t-printf.Tpo -c -o t-printf.o t-printf.c
mv -f .deps/t-strerror.Tpo .deps/t-strerror.Po
gcc -DHAVE_CONFIG_H -I. -I..  -I../src -DNDEBUG  -march=x86-64-v3 -mtune=haswell -Os -pipe -fno-plt -fPIC -fstack-clash-protection -ffunction-sections -fdata-sections -Wall -Wpointer-arith -Wno-psabi -fvisibility=hidden -MT t-poll.o -MD -MP -MF .deps/t-poll.Tpo -c -o t-poll.o t-poll.c
mv -f .deps/t-version.Tpo .deps/t-version.Po
gcc -DHAVE_CONFIG_H -I. -I..  -I../src -DNDEBUG  -march=x86-64-v3 -mtune=haswell -Os -pipe -fno-plt -fPIC -fstack-clash-protection -ffunction-sections -fdata-sections -Wall -Wpointer-arith -Wno-psabi -fvisibility=hidden -MT t-b64.o -MD -MP -MF .deps/t-b64.Tpo -c -o t-b64.o t-b64.c
mv -f .deps/t-lock.Tpo .deps/t-lock.Po
gcc -DHAVE_CONFIG_H -I. -I..  -I../src -DNDEBUG  -march=x86-64-v3 -mtune=haswell -Os -pipe -fno-plt -fPIC -fstack-clash-protection -ffunction-sections -fdata-sections -Wall -Wpointer-arith -Wno-psabi -fvisibility=hidden -MT t-argparse.o -MD -MP -MF .deps/t-argparse.Tpo -c -o t-argparse.o t-argparse.c
mv -f .deps/t-argparse.Tpo .deps/t-argparse.Po
gcc -DHAVE_CONFIG_H -I. -I..  -I../src -DNDEBUG  -march=x86-64-v3 -mtune=haswell -Os -pipe -fno-plt -fPIC -fstack-clash-protection -ffunction-sections -fdata-sections -Wall -Wpointer-arith -Wno-psabi -fvisibility=hidden -MT t-logging.o -MD -MP -MF .deps/t-logging.Tpo -c -o t-logging.o t-logging.c
mv -f .deps/t-b64.Tpo .deps/t-b64.Po
gcc -DHAVE_CONFIG_H -I. -I..  -I../src -DNDEBUG  -march=x86-64-v3 -mtune=haswell -Os -pipe -fno-plt -fPIC -fstack-clash-protection -ffunction-sections -fdata-sections -Wall -Wpointer-arith -Wno-psabi -fvisibility=hidden -MT t-stringutils.o -MD -MP -MF .deps/t-stringutils.Tpo -c -o t-stringutils.o t-stringutils.c
mv -f .deps/t-poll.Tpo .deps/t-poll.Po
gcc -DHAVE_CONFIG_H -I. -I..  -I../src -DNDEBUG  -march=x86-64-v3 -mtune=haswell -Os -pipe -fno-plt -fPIC -fstack-clash-protection -ffunction-sections -fdata-sections -Wall -Wpointer-arith -Wno-psabi -fvisibility=hidden -MT t-malloc.o -MD -MP -MF .deps/t-malloc.Tpo -c -o t-malloc.o t-malloc.c
mv -f .deps/t-logging.Tpo .deps/t-logging.Po
/bin/sh ../libtool  --tag=CC   --mode=link gcc  -march=x86-64-v3 -mtune=haswell -Os -pipe -fno-plt -fPIC -fstack-clash-protection -ffunction-sections -fdata-sections -Wall -Wpointer-arith -Wno-psabi -fvisibility=hidden -no-install -Wl,-O2,--sort-common,--as-needed,-z,relro,-z,now,--gc-sections,--compress-debug-sections=zstd -o t-version t-version.o ../src/libgpg-error.la  
mv -f .deps/t-printf.Tpo .deps/t-printf.Po
/bin/sh ../libtool  --tag=CC   --mode=link gcc  -march=x86-64-v3 -mtune=haswell -Os -pipe -fno-plt -fPIC -fstack-clash-protection -ffunction-sections -fdata-sections -Wall -Wpointer-arith -Wno-psabi -fvisibility=hidden -no-install -Wl,-O2,--sort-common,--as-needed,-z,relro,-z,now,--gc-sections,--compress-debug-sections=zstd -o t-strerror t-strerror.o ../src/libgpg-error.la  
mv -f .deps/t-malloc.Tpo .deps/t-malloc.Po
/bin/sh ../libtool  --tag=CC   --mode=link gcc  -march=x86-64-v3 -mtune=haswell -Os -pipe -fno-plt -fPIC -fstack-clash-protection -ffunction-sections -fdata-sections -Wall -Wpointer-arith -Wno-psabi -fvisibility=hidden -no-install -Wl,-O2,--sort-common,--as-needed,-z,relro,-z,now,--gc-sections,--compress-debug-sections=zstd -o t-syserror t-syserror.o ../src/libgpg-error.la  
mv -f .deps/t-stringutils.Tpo .deps/t-stringutils.Po
/bin/sh ../libtool  --tag=CC   --mode=link gcc  -march=x86-64-v3 -mtune=haswell -Os -pipe -fno-plt -fPIC -fstack-clash-protection -ffunction-sections -fdata-sections -Wall -Wpointer-arith -Wno-psabi -fvisibility=hidden -no-install -Wl,-O2,--sort-common,--as-needed,-z,relro,-z,now,--gc-sections,--compress-debug-sections=zstd -o t-lock t-lock.o ../src/libgpg-error.la  -lpthread 
libtool: link: gcc -march=x86-64-v3 -mtune=haswell -Os -pipe -fno-plt -fPIC -fstack-clash-protection -ffunction-sections -fdata-sections -Wall -Wpointer-arith -Wno-psabi -fvisibility=hidden -Wl,-O2 -Wl,--sort-common -Wl,--as-needed -Wl,-z -Wl,relro -Wl,-z -Wl,now -Wl,--gc-sections -Wl,--compress-debug-sections=zstd -o t-version t-version.o  ../src/.libs/libgpg-error.so -Wl,-rpath -Wl,/sources/libgpg-error-1.49/src/.libs
/bin/sh ../libtool  --tag=CC   --mode=link gcc  -march=x86-64-v3 -mtune=haswell -Os -pipe -fno-plt -fPIC -fstack-clash-protection -ffunction-sections -fdata-sections -Wall -Wpointer-arith -Wno-psabi -fvisibility=hidden -no-install -Wl,-O2,--sort-common,--as-needed,-z,relro,-z,now,--gc-sections,--compress-debug-sections=zstd -o t-printf t-printf.o ../src/libgpg-error.la  
libtool: link: gcc -march=x86-64-v3 -mtune=haswell -Os -pipe -fno-plt -fPIC -fstack-clash-protection -ffunction-sections -fdata-sections -Wall -Wpointer-arith -Wno-psabi -fvisibility=hidden -Wl,-O2 -Wl,--sort-common -Wl,--as-needed -Wl,-z -Wl,relro -Wl,-z -Wl,now -Wl,--gc-sections -Wl,--compress-debug-sections=zstd -o t-syserror t-syserror.o  ../src/.libs/libgpg-error.so -Wl,-rpath -Wl,/sources/libgpg-error-1.49/src/.libs
libtool: link: gcc -march=x86-64-v3 -mtune=haswell -Os -pipe -fno-plt -fPIC -fstack-clash-protection -ffunction-sections -fdata-sections -Wall -Wpointer-arith -Wno-psabi -fvisibility=hidden -Wl,-O2 -Wl,--sort-common -Wl,--as-needed -Wl,-z -Wl,relro -Wl,-z -Wl,now -Wl,--gc-sections -Wl,--compress-debug-sections=zstd -o t-strerror t-strerror.o  ../src/.libs/libgpg-error.so -Wl,-rpath -Wl,/sources/libgpg-error-1.49/src/.libs
/bin/sh ../libtool  --tag=CC   --mode=link gcc  -march=x86-64-v3 -mtune=haswell -Os -pipe -fno-plt -fPIC -fstack-clash-protection -ffunction-sections -fdata-sections -Wall -Wpointer-arith -Wno-psabi -fvisibility=hidden -no-install -Wl,-O2,--sort-common,--as-needed,-z,relro,-z,now,--gc-sections,--compress-debug-sections=zstd -o t-poll t-poll.o ../src/libgpg-error.la  -lpthread 
/bin/sh ../libtool  --tag=CC   --mode=link gcc  -march=x86-64-v3 -mtune=haswell -Os -pipe -fno-plt -fPIC -fstack-clash-protection -ffunction-sections -fdata-sections -Wall -Wpointer-arith -Wno-psabi -fvisibility=hidden -no-install -Wl,-O2,--sort-common,--as-needed,-z,relro,-z,now,--gc-sections,--compress-debug-sections=zstd -o t-b64 t-b64.o ../src/libgpg-error.la  
libtool: link: gcc -march=x86-64-v3 -mtune=haswell -Os -pipe -fno-plt -fPIC -fstack-clash-protection -ffunction-sections -fdata-sections -Wall -Wpointer-arith -Wno-psabi -fvisibility=hidden -Wl,-O2 -Wl,--sort-common -Wl,--as-needed -Wl,-z -Wl,relro -Wl,-z -Wl,now -Wl,--gc-sections -Wl,--compress-debug-sections=zstd -o t-lock t-lock.o  ../src/.libs/libgpg-error.so -lpthread -Wl,-rpath -Wl,/sources/libgpg-error-1.49/src/.libs
/bin/sh ../libtool  --tag=CC   --mode=link gcc  -march=x86-64-v3 -mtune=haswell -Os -pipe -fno-plt -fPIC -fstack-clash-protection -ffunction-sections -fdata-sections -Wall -Wpointer-arith -Wno-psabi -fvisibility=hidden -no-install -Wl,-O2,--sort-common,--as-needed,-z,relro,-z,now,--gc-sections,--compress-debug-sections=zstd -o t-argparse t-argparse.o ../src/libgpg-error.la  
libtool: link: gcc -march=x86-64-v3 -mtune=haswell -Os -pipe -fno-plt -fPIC -fstack-clash-protection -ffunction-sections -fdata-sections -Wall -Wpointer-arith -Wno-psabi -fvisibility=hidden -Wl,-O2 -Wl,--sort-common -Wl,--as-needed -Wl,-z -Wl,relro -Wl,-z -Wl,now -Wl,--gc-sections -Wl,--compress-debug-sections=zstd -o t-printf t-printf.o  ../src/.libs/libgpg-error.so -Wl,-rpath -Wl,/sources/libgpg-error-1.49/src/.libs
/bin/sh ../libtool  --tag=CC   --mode=link gcc  -march=x86-64-v3 -mtune=haswell -Os -pipe -fno-plt -fPIC -fstack-clash-protection -ffunction-sections -fdata-sections -Wall -Wpointer-arith -Wno-psabi -fvisibility=hidden -no-install -Wl,-O2,--sort-common,--as-needed,-z,relro,-z,now,--gc-sections,--compress-debug-sections=zstd -o t-logging t-logging.o ../src/libgpg-error.la  
libtool: link: gcc -march=x86-64-v3 -mtune=haswell -Os -pipe -fno-plt -fPIC -fstack-clash-protection -ffunction-sections -fdata-sections -Wall -Wpointer-arith -Wno-psabi -fvisibility=hidden -Wl,-O2 -Wl,--sort-common -Wl,--as-needed -Wl,-z -Wl,relro -Wl,-z -Wl,now -Wl,--gc-sections -Wl,--compress-debug-sections=zstd -o t-poll t-poll.o  ../src/.libs/libgpg-error.so -lpthread -Wl,-rpath -Wl,/sources/libgpg-error-1.49/src/.libs
libtool: link: gcc -march=x86-64-v3 -mtune=haswell -Os -pipe -fno-plt -fPIC -fstack-clash-protection -ffunction-sections -fdata-sections -Wall -Wpointer-arith -Wno-psabi -fvisibility=hidden -Wl,-O2 -Wl,--sort-common -Wl,--as-needed -Wl,-z -Wl,relro -Wl,-z -Wl,now -Wl,--gc-sections -Wl,--compress-debug-sections=zstd -o t-b64 t-b64.o  ../src/.libs/libgpg-error.so -Wl,-rpath -Wl,/sources/libgpg-error-1.49/src/.libs
/bin/sh ../libtool  --tag=CC   --mode=link gcc  -march=x86-64-v3 -mtune=haswell -Os -pipe -fno-plt -fPIC -fstack-clash-protection -ffunction-sections -fdata-sections -Wall -Wpointer-arith -Wno-psabi -fvisibility=hidden -no-install -Wl,-O2,--sort-common,--as-needed,-z,relro,-z,now,--gc-sections,--compress-debug-sections=zstd -o t-stringutils t-stringutils.o ../src/libgpg-error.la  
/bin/sh ../libtool  --tag=CC   --mode=link gcc  -march=x86-64-v3 -mtune=haswell -Os -pipe -fno-plt -fPIC -fstack-clash-protection -ffunction-sections -fdata-sections -Wall -Wpointer-arith -Wno-psabi -fvisibility=hidden -no-install -Wl,-O2,--sort-common,--as-needed,-z,relro,-z,now,--gc-sections,--compress-debug-sections=zstd -o t-malloc t-malloc.o ../src/libgpg-error.la  
libtool: link: gcc -march=x86-64-v3 -mtune=haswell -Os -pipe -fno-plt -fPIC -fstack-clash-protection -ffunction-sections -fdata-sections -Wall -Wpointer-arith -Wno-psabi -fvisibility=hidden -Wl,-O2 -Wl,--sort-common -Wl,--as-needed -Wl,-z -Wl,relro -Wl,-z -Wl,now -Wl,--gc-sections -Wl,--compress-debug-sections=zstd -o t-argparse t-argparse.o  ../src/.libs/libgpg-error.so -Wl,-rpath -Wl,/sources/libgpg-error-1.49/src/.libs
libtool: link: gcc -march=x86-64-v3 -mtune=haswell -Os -pipe -fno-plt -fPIC -fstack-clash-protection -ffunction-sections -fdata-sections -Wall -Wpointer-arith -Wno-psabi -fvisibility=hidden -Wl,-O2 -Wl,--sort-common -Wl,--as-needed -Wl,-z -Wl,relro -Wl,-z -Wl,now -Wl,--gc-sections -Wl,--compress-debug-sections=zstd -o t-logging t-logging.o  ../src/.libs/libgpg-error.so -Wl,-rpath -Wl,/sources/libgpg-error-1.49/src/.libs
libtool: link: gcc -march=x86-64-v3 -mtune=haswell -Os -pipe -fno-plt -fPIC -fstack-clash-protection -ffunction-sections -fdata-sections -Wall -Wpointer-arith -Wno-psabi -fvisibility=hidden -Wl,-O2 -Wl,--sort-common -Wl,--as-needed -Wl,-z -Wl,relro -Wl,-z -Wl,now -Wl,--gc-sections -Wl,--compress-debug-sections=zstd -o t-stringutils t-stringutils.o  ../src/.libs/libgpg-error.so -Wl,-rpath -Wl,/sources/libgpg-error-1.49/src/.libs
libtool: link: gcc -march=x86-64-v3 -mtune=haswell -Os -pipe -fno-plt -fPIC -fstack-clash-protection -ffunction-sections -fdata-sections -Wall -Wpointer-arith -Wno-psabi -fvisibility=hidden -Wl,-O2 -Wl,--sort-common -Wl,--as-needed -Wl,-z -Wl,relro -Wl,-z -Wl,now -Wl,--gc-sections -Wl,--compress-debug-sections=zstd -o t-malloc t-malloc.o  ../src/.libs/libgpg-error.so -Wl,-rpath -Wl,/sources/libgpg-error-1.49/src/.libs
make[2]: Leaving directory '/sources/libgpg-error-1.49/tests'
Making all in po
make[2]: Entering directory '/sources/libgpg-error-1.49/po'
make[2]: Nothing to be done for 'all'.
make[2]: Leaving directory '/sources/libgpg-error-1.49/po'
Making all in lang
make[2]: Entering directory '/sources/libgpg-error-1.49/lang'
Making all in cl
make[3]: Entering directory '/sources/libgpg-error-1.49/lang/cl'
echo '@errnos@' | cat ../../src/err-codes.h.in - ../../src/errnos.in \
| gawk -f ./mkerrcodes.awk >gpg-error-codes.lisp
make[3]: Leaving directory '/sources/libgpg-error-1.49/lang/cl'
make[3]: Entering directory '/sources/libgpg-error-1.49/lang'
make[3]: Nothing to be done for 'all-am'.
make[3]: Leaving directory '/sources/libgpg-error-1.49/lang'
make[2]: Leaving directory '/sources/libgpg-error-1.49/lang'
make[2]: Entering directory '/sources/libgpg-error-1.49'
make[2]: Leaving directory '/sources/libgpg-error-1.49'
make[1]: Leaving directory '/sources/libgpg-error-1.49'
Making install in m4
make[1]: Entering directory '/sources/libgpg-error-1.49/m4'
make[2]: Entering directory '/sources/libgpg-error-1.49/m4'
make[2]: Nothing to be done for 'install-exec-am'.
make[2]: Nothing to be done for 'install-data-am'.
make[2]: Leaving directory '/sources/libgpg-error-1.49/m4'
make[1]: Leaving directory '/sources/libgpg-error-1.49/m4'
Making install in src
make[1]: Entering directory '/sources/libgpg-error-1.49/src'
make  install-am
make[2]: Entering directory '/sources/libgpg-error-1.49/src'
make[3]: Entering directory '/sources/libgpg-error-1.49/src'
 /usr/bin/mkdir -p '/usr/lib'
 /usr/bin/mkdir -p '/usr/bin'
 /usr/bin/mkdir -p '/usr/share/aclocal'
 /usr/bin/mkdir -p '/usr/include'
 /bin/sh ../libtool   --mode=install /usr/bin/install -c   libgpg-error.la '/usr/lib'
 /usr/bin/install -c -m 644 gpg-error.m4 gpgrt.m4 '/usr/share/aclocal'
 /usr/bin/install -c -m 644 gpg-error.h gpgrt.h '/usr/include'
 /usr/bin/install -c gpgrt-config '/usr/bin'
 /usr/bin/mkdir -p '/usr/lib/pkgconfig'
 /usr/bin/install -c -m 644 gpg-error.pc '/usr/lib/pkgconfig'
libtool: install: /usr/bin/install -c .libs/libgpg-error.so.0.36.0 /usr/lib/libgpg-error.so.0.36.0
libtool: install: (cd /usr/lib && { ln -s -f libgpg-error.so.0.36.0 libgpg-error.so.0 || { rm -f libgpg-error.so.0 && ln -s libgpg-error.so.0.36.0 libgpg-error.so.0; }; })
libtool: install: (cd /usr/lib && { ln -s -f libgpg-error.so.0.36.0 libgpg-error.so || { rm -f libgpg-error.so && ln -s libgpg-error.so.0.36.0 libgpg-error.so; }; })
libtool: install: /usr/bin/install -c .libs/libgpg-error.lai /usr/lib/libgpg-error.la
libtool: finish: PATH="/usr/bin:/usr/sbin:/usr/local/bin:/sbin" ldconfig -n /usr/lib
----------------------------------------------------------------------
Libraries have been installed in:
   /usr/lib

If you ever happen to want to link against installed libraries
in a given directory, LIBDIR, you must either use libtool, and
specify the full pathname of the library, or use the '-LLIBDIR'
flag during linking and do at least one of the following:
   - add LIBDIR to the 'LD_LIBRARY_PATH' environment variable
     during execution
   - add LIBDIR to the 'LD_RUN_PATH' environment variable
     during linking
   - use the '-Wl,-rpath -Wl,LIBDIR' linker flag

See any operating system documentation about shared libraries for
more information, such as the ld(1) and ld.so(8) manual pages.
----------------------------------------------------------------------
 /usr/bin/mkdir -p '/usr/bin'
  /bin/sh ../libtool   --mode=install /usr/bin/install -c gpg-error '/usr/bin'
libtool: install: /usr/bin/install -c .libs/gpg-error /usr/bin/gpg-error
make[3]: Leaving directory '/sources/libgpg-error-1.49/src'
make[2]: Leaving directory '/sources/libgpg-error-1.49/src'
make[1]: Leaving directory '/sources/libgpg-error-1.49/src'
Making install in doc
make[1]: Entering directory '/sources/libgpg-error-1.49/doc'
make[2]: Entering directory '/sources/libgpg-error-1.49/doc'
sed '/^##/ d' ./errorref.txt >errorref.txt.x
 /usr/bin/mkdir -p '/usr/bin'
 /usr/bin/mkdir -p '/usr/share/man/man1'
echo "# Installed by libgpg-error 1.49" >>errorref.txt.x
 /usr/bin/mkdir -p '/usr/share/info'
  /bin/sh ../libtool   --mode=install /usr/bin/install -c yat2m '/usr/bin'
/bin/sh /sources/libgpg-error-1.49/build-aux/install-sh -d /usr/share/libgpg-error
 /usr/bin/install -c -m 644 gpgrt-config.1 '/usr/share/man/man1'
 /usr/bin/install -c -m 644 ./gpgrt.info '/usr/share/info'
/usr/bin/install -c -m 644 errorref.txt.x /usr/share/libgpg-error/errorref.txt
 install-info --info-dir='/usr/share/info' '/usr/share/info/gpgrt.info'
libtool: install: /usr/bin/install -c yat2m /usr/bin/yat2m
make[2]: Leaving directory '/sources/libgpg-error-1.49/doc'
make[1]: Leaving directory '/sources/libgpg-error-1.49/doc'
Making install in tests
make[1]: Entering directory '/sources/libgpg-error-1.49/tests'
make[2]: Entering directory '/sources/libgpg-error-1.49/tests'
make[2]: Nothing to be done for 'install-exec-am'.
make[2]: Nothing to be done for 'install-data-am'.
make[2]: Leaving directory '/sources/libgpg-error-1.49/tests'
make[1]: Leaving directory '/sources/libgpg-error-1.49/tests'
Making install in po
make[1]: Entering directory '/sources/libgpg-error-1.49/po'
installing cs.gmo as /usr/share/locale/cs/LC_MESSAGES/libgpg-error.mo
installing da.gmo as /usr/share/locale/da/LC_MESSAGES/libgpg-error.mo
installing de.gmo as /usr/share/locale/de/LC_MESSAGES/libgpg-error.mo
installing eo.gmo as /usr/share/locale/eo/LC_MESSAGES/libgpg-error.mo
installing es.gmo as /usr/share/locale/es/LC_MESSAGES/libgpg-error.mo
installing fr.gmo as /usr/share/locale/fr/LC_MESSAGES/libgpg-error.mo
installing hu.gmo as /usr/share/locale/hu/LC_MESSAGES/libgpg-error.mo
installing it.gmo as /usr/share/locale/it/LC_MESSAGES/libgpg-error.mo
installing ja.gmo as /usr/share/locale/ja/LC_MESSAGES/libgpg-error.mo
installing nl.gmo as /usr/share/locale/nl/LC_MESSAGES/libgpg-error.mo
installing pl.gmo as /usr/share/locale/pl/LC_MESSAGES/libgpg-error.mo
installing pt.gmo as /usr/share/locale/pt/LC_MESSAGES/libgpg-error.mo
installing ro.gmo as /usr/share/locale/ro/LC_MESSAGES/libgpg-error.mo
installing ru.gmo as /usr/share/locale/ru/LC_MESSAGES/libgpg-error.mo
installing sr.gmo as /usr/share/locale/sr/LC_MESSAGES/libgpg-error.mo
installing sv.gmo as /usr/share/locale/sv/LC_MESSAGES/libgpg-error.mo
installing tr.gmo as /usr/share/locale/tr/LC_MESSAGES/libgpg-error.mo
installing uk.gmo as /usr/share/locale/uk/LC_MESSAGES/libgpg-error.mo
installing vi.gmo as /usr/share/locale/vi/LC_MESSAGES/libgpg-error.mo
installing zh_CN.gmo as /usr/share/locale/zh_CN/LC_MESSAGES/libgpg-error.mo
installing zh_TW.gmo as /usr/share/locale/zh_TW/LC_MESSAGES/libgpg-error.mo
if test "libgpg-error" = "gettext-tools"; then \
  /usr/bin/mkdir -p /usr/share/gettext/po; \
  for file in Makefile.in.in remove-potcdate.sin quot.sed boldquot.sed en@quot.header en@boldquot.header insert-header.sin Rules-quot   Makevars.template; do \
    /usr/bin/install -c -m 644 ./$file \
		    /usr/share/gettext/po/$file; \
  done; \
  for file in Makevars; do \
    rm -f /usr/share/gettext/po/$file; \
  done; \
else \
  : ; \
fi
make[1]: Leaving directory '/sources/libgpg-error-1.49/po'
Making install in lang
make[1]: Entering directory '/sources/libgpg-error-1.49/lang'
Making install in cl
make[2]: Entering directory '/sources/libgpg-error-1.49/lang/cl'
make[3]: Entering directory '/sources/libgpg-error-1.49/lang/cl'
make[3]: Nothing to be done for 'install-exec-am'.
 /usr/bin/mkdir -p '/usr/share/common-lisp/source/gpg-error'
 /usr/bin/mkdir -p '/usr/share/common-lisp/source/gpg-error'
 /usr/bin/install -c -m 644 gpg-error.asd gpg-error-package.lisp gpg-error.lisp '/usr/share/common-lisp/source/gpg-error'
 /usr/bin/install -c -m 644 gpg-error-codes.lisp '/usr/share/common-lisp/source/gpg-error'
make[3]: Leaving directory '/sources/libgpg-error-1.49/lang/cl'
make[2]: Leaving directory '/sources/libgpg-error-1.49/lang/cl'
make[2]: Entering directory '/sources/libgpg-error-1.49/lang'
make[3]: Entering directory '/sources/libgpg-error-1.49/lang'
make[3]: Nothing to be done for 'install-exec-am'.
make[3]: Nothing to be done for 'install-data-am'.
make[3]: Leaving directory '/sources/libgpg-error-1.49/lang'
make[2]: Leaving directory '/sources/libgpg-error-1.49/lang'
make[1]: Leaving directory '/sources/libgpg-error-1.49/lang'
make[1]: Entering directory '/sources/libgpg-error-1.49'
make[2]: Entering directory '/sources/libgpg-error-1.49'
make[2]: Nothing to be done for 'install-exec-am'.
make  install-data-hook
make[3]: Entering directory '/sources/libgpg-error-1.49'
make[3]: Nothing to be done for 'install-data-hook'.
make[3]: Leaving directory '/sources/libgpg-error-1.49'
make[2]: Leaving directory '/sources/libgpg-error-1.49'
make[1]: Leaving directory '/sources/libgpg-error-1.49'


CFLAGS:: -march=x86-64-v3 -mtune=haswell -Os -pipe -fno-plt -fPIC -fstack-clash-protection -ffunction-sections -fdata-sections
CXXFLAGS:: -march=x86-64-v3 -mtune=haswell -Os -pipe -fno-plt -fPIC -fstack-clash-protection -ffunction-sections -fdata-sections -Wp,-D_GLIBCXX_ASSERTIONS
CPPFLAGS:: -DNDEBUG
LDFLAGS:: -Wl,-O2,--sort-common,--as-needed,-z,relro,-z,now,--gc-sections,--compress-debug-sections=zstd


Thu May  2 16:42:25 UTC 2024

Totalseconds: 12

KB: 1712268	/

