Thu May  2 17:20:00 UTC 2024
KB: 1651632	/

checking for a BSD-compatible install... /usr/bin/install -c
checking whether build environment is sane... yes
checking for a race-free mkdir -p... /usr/bin/mkdir -p
checking for gawk... gawk
checking whether make sets $(MAKE)... yes
checking whether make supports nested variables... yes
checking whether to enable maintainer-specific portions of Makefiles... no
checking build system type... i686-pc-linux-uclibc
checking host system type... i686-pc-linux-uclibc
checking whether make supports nested variables... (cached) yes
configure: autobuild project... libassuan
configure: autobuild revision... 2.5.7
configure: autobuild hostname... fv-az1433-392
configure: autobuild timestamp... 20240502-172000
checking whether make supports the include directive... yes (GNU style)
checking for gcc... gcc
checking whether the C compiler works... yes
checking for C compiler default output file name... a.out
checking for suffix of executables... 
checking whether we are cross compiling... no
checking for suffix of object files... o
checking whether the compiler supports GNU C... yes
checking whether gcc accepts -g... yes
checking for gcc option to enable C11 features... none needed
checking whether gcc understands -c and -o together... yes
checking dependency style of gcc... gcc3
checking for stdio.h... yes
checking for stdlib.h... yes
checking for string.h... yes
checking for inttypes.h... yes
checking for stdint.h... yes
checking for strings.h... yes
checking for sys/stat.h... yes
checking for sys/types.h... yes
checking for unistd.h... yes
checking for wchar.h... yes
checking for minix/config.h... no
checking for sys/socket.h... yes
checking whether it is safe to define __EXTENSIONS__... yes
checking whether _XOPEN_SOURCE should be defined... no
checking how to print strings... printf
checking for a sed that does not truncate output... /usr/bin/sed
checking for grep that handles long lines and -e... /usr/bin/grep
checking for egrep... /usr/bin/grep -E
checking for fgrep... /usr/bin/grep -F
checking for ld used by gcc... /usr/bin/ld
checking if the linker (/usr/bin/ld) is GNU ld... yes
checking for BSD- or MS-compatible name lister (nm)... /usr/bin/nm -B
checking the name lister (/usr/bin/nm -B) interface... BSD nm
checking whether ln -s works... yes
checking the maximum length of command line arguments... 1572864
checking whether the shell understands some XSI constructs... yes
checking whether the shell understands "+="... yes
checking how to convert i686-pc-linux-uclibc file names to i686-pc-linux-uclibc format... func_convert_file_noop
checking how to convert i686-pc-linux-uclibc file names to toolchain format... func_convert_file_noop
checking for /usr/bin/ld option to reload object files... -r
checking for objdump... objdump
checking how to recognize dependent libraries... pass_all
checking for dlltool... no
checking how to associate runtime and link libraries... printf %s\n
checking for ar... ar
checking for archiver @FILE support... @
checking for strip... strip
checking for ranlib... ranlib
checking command to parse /usr/bin/nm -B output from gcc object... ok
checking for sysroot... no
checking for mt... no
checking if : is a manifest tool... no
checking for dlfcn.h... yes
checking for objdir... .libs
checking if gcc supports -fno-rtti -fno-exceptions... no
checking for gcc option to produce PIC... -fPIC -DPIC
checking if gcc PIC flag -fPIC -DPIC works... yes
checking if gcc static flag -static works... yes
checking if gcc supports -c -o file.o... yes
checking if gcc supports -c -o file.o... (cached) yes
checking whether the gcc linker (/usr/bin/ld) supports shared libraries... yes
checking whether -lc should be explicitly linked in... no
checking dynamic linker characteristics... GNU/Linux ld.so
checking how to hardcode library paths into programs... immediate
checking whether stripping libraries is possible... yes
checking if libtool supports shared libraries... yes
checking whether to build shared libraries... yes
checking whether to build static libraries... no
checking for windres... no
checking for gawk... (cached) gawk
checking for gcc... (cached) gcc
checking whether the compiler supports GNU C... (cached) yes
checking whether gcc accepts -g... (cached) yes
checking for gcc option to enable C11 features... (cached) none needed
checking whether gcc understands -c and -o together... (cached) yes
checking dependency style of gcc... (cached) gcc3
checking how to run the C preprocessor... gcc -E
checking whether ln -s works... yes
checking whether make sets $(MAKE)... (cached) yes
checking if gcc supports -Wpointer-arith... yes
checking for setsockopt... yes
checking for locale.h... yes
checking for sys/uio.h... yes
checking for stdint.h... (cached) yes
checking for inttypes.h... (cached) yes
checking for sys/types.h... (cached) yes
checking for sys/stat.h... (cached) yes
checking for unistd.h... (cached) yes
checking for sys/time.h... yes
checking for fcntl.h... yes
checking for sys/select.h... yes
checking for ucred.h... no
checking for sys/ucred.h... no
checking for uintptr_t... yes
checking for uint16_t... yes
checking for an ANSI C-conforming const... yes
checking for inline... inline
checking for size_t... yes
checking for socklen_t... yes
checking for struct cmsghdr.cmsg_len... yes
checking for gpg-error-config... no
checking for gpgrt-config... /usr/bin/gpgrt-config
configure: Use gpgrt-config with /usr/lib as gpg-error-config
checking for GPG Error - version >= 1.17... yes (1.49)
checking for flockfile... yes
checking for funlockfile... yes
checking for inet_pton... yes
checking for stat... yes
checking for getaddrinfo... yes
checking for getrlimit... yes
checking for library containing nanosleep... none required
checking for funopen... no
checking for fopencookie... yes
checking for isascii... yes
checking for putc_unlocked... yes
checking for memrchr... yes
checking for stpcpy... yes
checking for unistd.h... (cached) yes
checking for setenv... yes
checking for struct sockpeercred.pid... no
checking for getpeerucred... no
checking for getpeereid... no
checking that generated files are newer than configure... done
configure: creating ./config.status
config.status: creating Makefile
config.status: creating m4/Makefile
config.status: creating src/Makefile
config.status: creating doc/Makefile
config.status: creating tests/Makefile
config.status: creating src/libassuan-config
config.status: creating src/versioninfo.rc
config.status: creating src/libassuan.pc
config.status: creating config.h
config.status: executing depfiles commands
config.status: executing libtool commands

        Libassuan v2.5.7 has been configured as follows:

        Revision: cc2f776  (52271)
        Platform: i686-pc-linux-uclibc

make  all-recursive
make[1]: Entering directory '/sources/libassuan-2.5.7'
Making all in m4
make[2]: Entering directory '/sources/libassuan-2.5.7/m4'
make[2]: Nothing to be done for 'all'.
make[2]: Leaving directory '/sources/libassuan-2.5.7/m4'
Making all in src
make[2]: Entering directory '/sources/libassuan-2.5.7/src'
gcc   \
           -I. -I. -o mkheader ./mkheader.c
./mkheader linux-uclibc ./assuan.h.in \
                   2.5.7 0x020507 >assuan.h
make  all-am
make[3]: Entering directory '/sources/libassuan-2.5.7/src'
/bin/sh ../libtool  --tag=CC   --mode=compile gcc -DHAVE_CONFIG_H -I. -I..  -I..  -DNDEBUG  -march=i686 -mtune=haswell -Os -pipe -fno-plt -fPIC -fstack-clash-protection -ffunction-sections -fdata-sections -Wall -Wcast-align -Wshadow -Wstrict-prototypes -Wpointer-arith -fPIC -DPIC -MT libassuan_la-assuan.lo -MD -MP -MF .deps/libassuan_la-assuan.Tpo -c -o libassuan_la-assuan.lo `test -f 'assuan.c' || echo './'`assuan.c
/bin/sh ../libtool  --tag=CC   --mode=compile gcc -DHAVE_CONFIG_H -I. -I..  -I..  -DNDEBUG  -march=i686 -mtune=haswell -Os -pipe -fno-plt -fPIC -fstack-clash-protection -ffunction-sections -fdata-sections -Wall -Wcast-align -Wshadow -Wstrict-prototypes -Wpointer-arith -fPIC -DPIC -MT libassuan_la-context.lo -MD -MP -MF .deps/libassuan_la-context.Tpo -c -o libassuan_la-context.lo `test -f 'context.c' || echo './'`context.c
/bin/sh ../libtool  --tag=CC   --mode=compile gcc -DHAVE_CONFIG_H -I. -I..  -I..  -DNDEBUG  -march=i686 -mtune=haswell -Os -pipe -fno-plt -fPIC -fstack-clash-protection -ffunction-sections -fdata-sections -Wall -Wcast-align -Wshadow -Wstrict-prototypes -Wpointer-arith -fPIC -DPIC -MT libassuan_la-system.lo -MD -MP -MF .deps/libassuan_la-system.Tpo -c -o libassuan_la-system.lo `test -f 'system.c' || echo './'`system.c
/bin/sh ../libtool  --tag=CC   --mode=compile gcc -DHAVE_CONFIG_H -I. -I..  -I..  -DNDEBUG  -march=i686 -mtune=haswell -Os -pipe -fno-plt -fPIC -fstack-clash-protection -ffunction-sections -fdata-sections -Wall -Wcast-align -Wshadow -Wstrict-prototypes -Wpointer-arith -fPIC -DPIC -MT libassuan_la-debug.lo -MD -MP -MF .deps/libassuan_la-debug.Tpo -c -o libassuan_la-debug.lo `test -f 'debug.c' || echo './'`debug.c
libtool: compile:  gcc -DHAVE_CONFIG_H -I. -I.. -I.. -DNDEBUG -march=i686 -mtune=haswell -Os -pipe -fno-plt -fPIC -fstack-clash-protection -ffunction-sections -fdata-sections -Wall -Wcast-align -Wshadow -Wstrict-prototypes -Wpointer-arith -fPIC -DPIC -MT libassuan_la-assuan.lo -MD -MP -MF .deps/libassuan_la-assuan.Tpo -c assuan.c  -fPIC -DPIC -o .libs/libassuan_la-assuan.o
libtool: compile:  gcc -DHAVE_CONFIG_H -I. -I.. -I.. -DNDEBUG -march=i686 -mtune=haswell -Os -pipe -fno-plt -fPIC -fstack-clash-protection -ffunction-sections -fdata-sections -Wall -Wcast-align -Wshadow -Wstrict-prototypes -Wpointer-arith -fPIC -DPIC -MT libassuan_la-context.lo -MD -MP -MF .deps/libassuan_la-context.Tpo -c context.c  -fPIC -DPIC -o .libs/libassuan_la-context.o
libtool: compile:  gcc -DHAVE_CONFIG_H -I. -I.. -I.. -DNDEBUG -march=i686 -mtune=haswell -Os -pipe -fno-plt -fPIC -fstack-clash-protection -ffunction-sections -fdata-sections -Wall -Wcast-align -Wshadow -Wstrict-prototypes -Wpointer-arith -fPIC -DPIC -MT libassuan_la-system.lo -MD -MP -MF .deps/libassuan_la-system.Tpo -c system.c  -fPIC -DPIC -o .libs/libassuan_la-system.o
libtool: compile:  gcc -DHAVE_CONFIG_H -I. -I.. -I.. -DNDEBUG -march=i686 -mtune=haswell -Os -pipe -fno-plt -fPIC -fstack-clash-protection -ffunction-sections -fdata-sections -Wall -Wcast-align -Wshadow -Wstrict-prototypes -Wpointer-arith -fPIC -DPIC -MT libassuan_la-debug.lo -MD -MP -MF .deps/libassuan_la-debug.Tpo -c debug.c  -fPIC -DPIC -o .libs/libassuan_la-debug.o
mv -f .deps/libassuan_la-context.Tpo .deps/libassuan_la-context.Plo
/bin/sh ../libtool  --tag=CC   --mode=compile gcc -DHAVE_CONFIG_H -I. -I..  -I..  -DNDEBUG  -march=i686 -mtune=haswell -Os -pipe -fno-plt -fPIC -fstack-clash-protection -ffunction-sections -fdata-sections -Wall -Wcast-align -Wshadow -Wstrict-prototypes -Wpointer-arith -fPIC -DPIC -MT libassuan_la-conversion.lo -MD -MP -MF .deps/libassuan_la-conversion.Tpo -c -o libassuan_la-conversion.lo `test -f 'conversion.c' || echo './'`conversion.c
mv -f .deps/libassuan_la-debug.Tpo .deps/libassuan_la-debug.Plo
/bin/sh ../libtool  --tag=CC   --mode=compile gcc -DHAVE_CONFIG_H -I. -I..  -I..  -DNDEBUG  -march=i686 -mtune=haswell -Os -pipe -fno-plt -fPIC -fstack-clash-protection -ffunction-sections -fdata-sections -Wall -Wcast-align -Wshadow -Wstrict-prototypes -Wpointer-arith -fPIC -DPIC -MT libassuan_la-sysutils.lo -MD -MP -MF .deps/libassuan_la-sysutils.Tpo -c -o libassuan_la-sysutils.lo `test -f 'sysutils.c' || echo './'`sysutils.c
libtool: compile:  gcc -DHAVE_CONFIG_H -I. -I.. -I.. -DNDEBUG -march=i686 -mtune=haswell -Os -pipe -fno-plt -fPIC -fstack-clash-protection -ffunction-sections -fdata-sections -Wall -Wcast-align -Wshadow -Wstrict-prototypes -Wpointer-arith -fPIC -DPIC -MT libassuan_la-conversion.lo -MD -MP -MF .deps/libassuan_la-conversion.Tpo -c conversion.c  -fPIC -DPIC -o .libs/libassuan_la-conversion.o
mv -f .deps/libassuan_la-assuan.Tpo .deps/libassuan_la-assuan.Plo
/bin/sh ../libtool  --tag=CC   --mode=compile gcc -DHAVE_CONFIG_H -I. -I..  -I..  -DNDEBUG  -march=i686 -mtune=haswell -Os -pipe -fno-plt -fPIC -fstack-clash-protection -ffunction-sections -fdata-sections -Wall -Wcast-align -Wshadow -Wstrict-prototypes -Wpointer-arith -fPIC -DPIC -MT libassuan_la-client.lo -MD -MP -MF .deps/libassuan_la-client.Tpo -c -o libassuan_la-client.lo `test -f 'client.c' || echo './'`client.c
libtool: compile:  gcc -DHAVE_CONFIG_H -I. -I.. -I.. -DNDEBUG -march=i686 -mtune=haswell -Os -pipe -fno-plt -fPIC -fstack-clash-protection -ffunction-sections -fdata-sections -Wall -Wcast-align -Wshadow -Wstrict-prototypes -Wpointer-arith -fPIC -DPIC -MT libassuan_la-sysutils.lo -MD -MP -MF .deps/libassuan_la-sysutils.Tpo -c sysutils.c  -fPIC -DPIC -o .libs/libassuan_la-sysutils.o
libtool: compile:  gcc -DHAVE_CONFIG_H -I. -I.. -I.. -DNDEBUG -march=i686 -mtune=haswell -Os -pipe -fno-plt -fPIC -fstack-clash-protection -ffunction-sections -fdata-sections -Wall -Wcast-align -Wshadow -Wstrict-prototypes -Wpointer-arith -fPIC -DPIC -MT libassuan_la-client.lo -MD -MP -MF .deps/libassuan_la-client.Tpo -c client.c  -fPIC -DPIC -o .libs/libassuan_la-client.o
mv -f .deps/libassuan_la-system.Tpo .deps/libassuan_la-system.Plo
/bin/sh ../libtool  --tag=CC   --mode=compile gcc -DHAVE_CONFIG_H -I. -I..  -I..  -DNDEBUG  -march=i686 -mtune=haswell -Os -pipe -fno-plt -fPIC -fstack-clash-protection -ffunction-sections -fdata-sections -Wall -Wcast-align -Wshadow -Wstrict-prototypes -Wpointer-arith -fPIC -DPIC -MT libassuan_la-server.lo -MD -MP -MF .deps/libassuan_la-server.Tpo -c -o libassuan_la-server.lo `test -f 'server.c' || echo './'`server.c
libtool: compile:  gcc -DHAVE_CONFIG_H -I. -I.. -I.. -DNDEBUG -march=i686 -mtune=haswell -Os -pipe -fno-plt -fPIC -fstack-clash-protection -ffunction-sections -fdata-sections -Wall -Wcast-align -Wshadow -Wstrict-prototypes -Wpointer-arith -fPIC -DPIC -MT libassuan_la-server.lo -MD -MP -MF .deps/libassuan_la-server.Tpo -c server.c  -fPIC -DPIC -o .libs/libassuan_la-server.o
mv -f .deps/libassuan_la-sysutils.Tpo .deps/libassuan_la-sysutils.Plo
/bin/sh ../libtool  --tag=CC   --mode=compile gcc -DHAVE_CONFIG_H -I. -I..  -I..  -DNDEBUG  -march=i686 -mtune=haswell -Os -pipe -fno-plt -fPIC -fstack-clash-protection -ffunction-sections -fdata-sections -Wall -Wcast-align -Wshadow -Wstrict-prototypes -Wpointer-arith -fPIC -DPIC -MT libassuan_la-assuan-error.lo -MD -MP -MF .deps/libassuan_la-assuan-error.Tpo -c -o libassuan_la-assuan-error.lo `test -f 'assuan-error.c' || echo './'`assuan-error.c
mv -f .deps/libassuan_la-conversion.Tpo .deps/libassuan_la-conversion.Plo
/bin/sh ../libtool  --tag=CC   --mode=compile gcc -DHAVE_CONFIG_H -I. -I..  -I..  -DNDEBUG  -march=i686 -mtune=haswell -Os -pipe -fno-plt -fPIC -fstack-clash-protection -ffunction-sections -fdata-sections -Wall -Wcast-align -Wshadow -Wstrict-prototypes -Wpointer-arith -fPIC -DPIC -MT libassuan_la-assuan-buffer.lo -MD -MP -MF .deps/libassuan_la-assuan-buffer.Tpo -c -o libassuan_la-assuan-buffer.lo `test -f 'assuan-buffer.c' || echo './'`assuan-buffer.c
libtool: compile:  gcc -DHAVE_CONFIG_H -I. -I.. -I.. -DNDEBUG -march=i686 -mtune=haswell -Os -pipe -fno-plt -fPIC -fstack-clash-protection -ffunction-sections -fdata-sections -Wall -Wcast-align -Wshadow -Wstrict-prototypes -Wpointer-arith -fPIC -DPIC -MT libassuan_la-assuan-error.lo -MD -MP -MF .deps/libassuan_la-assuan-error.Tpo -c assuan-error.c  -fPIC -DPIC -o .libs/libassuan_la-assuan-error.o
libtool: compile:  gcc -DHAVE_CONFIG_H -I. -I.. -I.. -DNDEBUG -march=i686 -mtune=haswell -Os -pipe -fno-plt -fPIC -fstack-clash-protection -ffunction-sections -fdata-sections -Wall -Wcast-align -Wshadow -Wstrict-prototypes -Wpointer-arith -fPIC -DPIC -MT libassuan_la-assuan-buffer.lo -MD -MP -MF .deps/libassuan_la-assuan-buffer.Tpo -c assuan-buffer.c  -fPIC -DPIC -o .libs/libassuan_la-assuan-buffer.o
mv -f .deps/libassuan_la-server.Tpo .deps/libassuan_la-server.Plo
/bin/sh ../libtool  --tag=CC   --mode=compile gcc -DHAVE_CONFIG_H -I. -I..  -I..  -DNDEBUG  -march=i686 -mtune=haswell -Os -pipe -fno-plt -fPIC -fstack-clash-protection -ffunction-sections -fdata-sections -Wall -Wcast-align -Wshadow -Wstrict-prototypes -Wpointer-arith -fPIC -DPIC -MT libassuan_la-assuan-handler.lo -MD -MP -MF .deps/libassuan_la-assuan-handler.Tpo -c -o libassuan_la-assuan-handler.lo `test -f 'assuan-handler.c' || echo './'`assuan-handler.c
libtool: compile:  gcc -DHAVE_CONFIG_H -I. -I.. -I.. -DNDEBUG -march=i686 -mtune=haswell -Os -pipe -fno-plt -fPIC -fstack-clash-protection -ffunction-sections -fdata-sections -Wall -Wcast-align -Wshadow -Wstrict-prototypes -Wpointer-arith -fPIC -DPIC -MT libassuan_la-assuan-handler.lo -MD -MP -MF .deps/libassuan_la-assuan-handler.Tpo -c assuan-handler.c  -fPIC -DPIC -o .libs/libassuan_la-assuan-handler.o
mv -f .deps/libassuan_la-assuan-error.Tpo .deps/libassuan_la-assuan-error.Plo
/bin/sh ../libtool  --tag=CC   --mode=compile gcc -DHAVE_CONFIG_H -I. -I..  -I..  -DNDEBUG  -march=i686 -mtune=haswell -Os -pipe -fno-plt -fPIC -fstack-clash-protection -ffunction-sections -fdata-sections -Wall -Wcast-align -Wshadow -Wstrict-prototypes -Wpointer-arith -fPIC -DPIC -MT libassuan_la-assuan-inquire.lo -MD -MP -MF .deps/libassuan_la-assuan-inquire.Tpo -c -o libassuan_la-assuan-inquire.lo `test -f 'assuan-inquire.c' || echo './'`assuan-inquire.c
libtool: compile:  gcc -DHAVE_CONFIG_H -I. -I.. -I.. -DNDEBUG -march=i686 -mtune=haswell -Os -pipe -fno-plt -fPIC -fstack-clash-protection -ffunction-sections -fdata-sections -Wall -Wcast-align -Wshadow -Wstrict-prototypes -Wpointer-arith -fPIC -DPIC -MT libassuan_la-assuan-inquire.lo -MD -MP -MF .deps/libassuan_la-assuan-inquire.Tpo -c assuan-inquire.c  -fPIC -DPIC -o .libs/libassuan_la-assuan-inquire.o
mv -f .deps/libassuan_la-client.Tpo .deps/libassuan_la-client.Plo
/bin/sh ../libtool  --tag=CC   --mode=compile gcc -DHAVE_CONFIG_H -I. -I..  -I..  -DNDEBUG  -march=i686 -mtune=haswell -Os -pipe -fno-plt -fPIC -fstack-clash-protection -ffunction-sections -fdata-sections -Wall -Wcast-align -Wshadow -Wstrict-prototypes -Wpointer-arith -fPIC -DPIC -MT libassuan_la-assuan-listen.lo -MD -MP -MF .deps/libassuan_la-assuan-listen.Tpo -c -o libassuan_la-assuan-listen.lo `test -f 'assuan-listen.c' || echo './'`assuan-listen.c
libtool: compile:  gcc -DHAVE_CONFIG_H -I. -I.. -I.. -DNDEBUG -march=i686 -mtune=haswell -Os -pipe -fno-plt -fPIC -fstack-clash-protection -ffunction-sections -fdata-sections -Wall -Wcast-align -Wshadow -Wstrict-prototypes -Wpointer-arith -fPIC -DPIC -MT libassuan_la-assuan-listen.lo -MD -MP -MF .deps/libassuan_la-assuan-listen.Tpo -c assuan-listen.c  -fPIC -DPIC -o .libs/libassuan_la-assuan-listen.o
mv -f .deps/libassuan_la-assuan-listen.Tpo .deps/libassuan_la-assuan-listen.Plo
/bin/sh ../libtool  --tag=CC   --mode=compile gcc -DHAVE_CONFIG_H -I. -I..  -I..  -DNDEBUG  -march=i686 -mtune=haswell -Os -pipe -fno-plt -fPIC -fstack-clash-protection -ffunction-sections -fdata-sections -Wall -Wcast-align -Wshadow -Wstrict-prototypes -Wpointer-arith -fPIC -DPIC -MT libassuan_la-assuan-pipe-server.lo -MD -MP -MF .deps/libassuan_la-assuan-pipe-server.Tpo -c -o libassuan_la-assuan-pipe-server.lo `test -f 'assuan-pipe-server.c' || echo './'`assuan-pipe-server.c
mv -f .deps/libassuan_la-assuan-buffer.Tpo .deps/libassuan_la-assuan-buffer.Plo
/bin/sh ../libtool  --tag=CC   --mode=compile gcc -DHAVE_CONFIG_H -I. -I..  -I..  -DNDEBUG  -march=i686 -mtune=haswell -Os -pipe -fno-plt -fPIC -fstack-clash-protection -ffunction-sections -fdata-sections -Wall -Wcast-align -Wshadow -Wstrict-prototypes -Wpointer-arith -fPIC -DPIC -MT libassuan_la-assuan-socket-server.lo -MD -MP -MF .deps/libassuan_la-assuan-socket-server.Tpo -c -o libassuan_la-assuan-socket-server.lo `test -f 'assuan-socket-server.c' || echo './'`assuan-socket-server.c
libtool: compile:  gcc -DHAVE_CONFIG_H -I. -I.. -I.. -DNDEBUG -march=i686 -mtune=haswell -Os -pipe -fno-plt -fPIC -fstack-clash-protection -ffunction-sections -fdata-sections -Wall -Wcast-align -Wshadow -Wstrict-prototypes -Wpointer-arith -fPIC -DPIC -MT libassuan_la-assuan-pipe-server.lo -MD -MP -MF .deps/libassuan_la-assuan-pipe-server.Tpo -c assuan-pipe-server.c  -fPIC -DPIC -o .libs/libassuan_la-assuan-pipe-server.o
libtool: compile:  gcc -DHAVE_CONFIG_H -I. -I.. -I.. -DNDEBUG -march=i686 -mtune=haswell -Os -pipe -fno-plt -fPIC -fstack-clash-protection -ffunction-sections -fdata-sections -Wall -Wcast-align -Wshadow -Wstrict-prototypes -Wpointer-arith -fPIC -DPIC -MT libassuan_la-assuan-socket-server.lo -MD -MP -MF .deps/libassuan_la-assuan-socket-server.Tpo -c assuan-socket-server.c  -fPIC -DPIC -o .libs/libassuan_la-assuan-socket-server.o
mv -f .deps/libassuan_la-assuan-inquire.Tpo .deps/libassuan_la-assuan-inquire.Plo
/bin/sh ../libtool  --tag=CC   --mode=compile gcc -DHAVE_CONFIG_H -I. -I..  -I..  -DNDEBUG  -march=i686 -mtune=haswell -Os -pipe -fno-plt -fPIC -fstack-clash-protection -ffunction-sections -fdata-sections -Wall -Wcast-align -Wshadow -Wstrict-prototypes -Wpointer-arith -fPIC -DPIC -MT libassuan_la-assuan-pipe-connect.lo -MD -MP -MF .deps/libassuan_la-assuan-pipe-connect.Tpo -c -o libassuan_la-assuan-pipe-connect.lo `test -f 'assuan-pipe-connect.c' || echo './'`assuan-pipe-connect.c
libtool: compile:  gcc -DHAVE_CONFIG_H -I. -I.. -I.. -DNDEBUG -march=i686 -mtune=haswell -Os -pipe -fno-plt -fPIC -fstack-clash-protection -ffunction-sections -fdata-sections -Wall -Wcast-align -Wshadow -Wstrict-prototypes -Wpointer-arith -fPIC -DPIC -MT libassuan_la-assuan-pipe-connect.lo -MD -MP -MF .deps/libassuan_la-assuan-pipe-connect.Tpo -c assuan-pipe-connect.c  -fPIC -DPIC -o .libs/libassuan_la-assuan-pipe-connect.o
mv -f .deps/libassuan_la-assuan-pipe-server.Tpo .deps/libassuan_la-assuan-pipe-server.Plo
/bin/sh ../libtool  --tag=CC   --mode=compile gcc -DHAVE_CONFIG_H -I. -I..  -I..  -DNDEBUG  -march=i686 -mtune=haswell -Os -pipe -fno-plt -fPIC -fstack-clash-protection -ffunction-sections -fdata-sections -Wall -Wcast-align -Wshadow -Wstrict-prototypes -Wpointer-arith -fPIC -DPIC -MT libassuan_la-assuan-socket-connect.lo -MD -MP -MF .deps/libassuan_la-assuan-socket-connect.Tpo -c -o libassuan_la-assuan-socket-connect.lo `test -f 'assuan-socket-connect.c' || echo './'`assuan-socket-connect.c
libtool: compile:  gcc -DHAVE_CONFIG_H -I. -I.. -I.. -DNDEBUG -march=i686 -mtune=haswell -Os -pipe -fno-plt -fPIC -fstack-clash-protection -ffunction-sections -fdata-sections -Wall -Wcast-align -Wshadow -Wstrict-prototypes -Wpointer-arith -fPIC -DPIC -MT libassuan_la-assuan-socket-connect.lo -MD -MP -MF .deps/libassuan_la-assuan-socket-connect.Tpo -c assuan-socket-connect.c  -fPIC -DPIC -o .libs/libassuan_la-assuan-socket-connect.o
mv -f .deps/libassuan_la-assuan-socket-server.Tpo .deps/libassuan_la-assuan-socket-server.Plo
/bin/sh ../libtool  --tag=CC   --mode=compile gcc -DHAVE_CONFIG_H -I. -I..  -I..  -DNDEBUG  -march=i686 -mtune=haswell -Os -pipe -fno-plt -fPIC -fstack-clash-protection -ffunction-sections -fdata-sections -Wall -Wcast-align -Wshadow -Wstrict-prototypes -Wpointer-arith -fPIC -DPIC -MT libassuan_la-assuan-uds.lo -MD -MP -MF .deps/libassuan_la-assuan-uds.Tpo -c -o libassuan_la-assuan-uds.lo `test -f 'assuan-uds.c' || echo './'`assuan-uds.c
libtool: compile:  gcc -DHAVE_CONFIG_H -I. -I.. -I.. -DNDEBUG -march=i686 -mtune=haswell -Os -pipe -fno-plt -fPIC -fstack-clash-protection -ffunction-sections -fdata-sections -Wall -Wcast-align -Wshadow -Wstrict-prototypes -Wpointer-arith -fPIC -DPIC -MT libassuan_la-assuan-uds.lo -MD -MP -MF .deps/libassuan_la-assuan-uds.Tpo -c assuan-uds.c  -fPIC -DPIC -o .libs/libassuan_la-assuan-uds.o
mv -f .deps/libassuan_la-assuan-handler.Tpo .deps/libassuan_la-assuan-handler.Plo
/bin/sh ../libtool  --tag=CC   --mode=compile gcc -DHAVE_CONFIG_H -I. -I..  -I..  -DNDEBUG  -march=i686 -mtune=haswell -Os -pipe -fno-plt -fPIC -fstack-clash-protection -ffunction-sections -fdata-sections -Wall -Wcast-align -Wshadow -Wstrict-prototypes -Wpointer-arith -fPIC -DPIC -MT libassuan_la-assuan-logging.lo -MD -MP -MF .deps/libassuan_la-assuan-logging.Tpo -c -o libassuan_la-assuan-logging.lo `test -f 'assuan-logging.c' || echo './'`assuan-logging.c
libtool: compile:  gcc -DHAVE_CONFIG_H -I. -I.. -I.. -DNDEBUG -march=i686 -mtune=haswell -Os -pipe -fno-plt -fPIC -fstack-clash-protection -ffunction-sections -fdata-sections -Wall -Wcast-align -Wshadow -Wstrict-prototypes -Wpointer-arith -fPIC -DPIC -MT libassuan_la-assuan-logging.lo -MD -MP -MF .deps/libassuan_la-assuan-logging.Tpo -c assuan-logging.c  -fPIC -DPIC -o .libs/libassuan_la-assuan-logging.o
mv -f .deps/libassuan_la-assuan-pipe-connect.Tpo .deps/libassuan_la-assuan-pipe-connect.Plo
/bin/sh ../libtool  --tag=CC   --mode=compile gcc -DHAVE_CONFIG_H -I. -I..  -I..  -DNDEBUG  -march=i686 -mtune=haswell -Os -pipe -fno-plt -fPIC -fstack-clash-protection -ffunction-sections -fdata-sections -Wall -Wcast-align -Wshadow -Wstrict-prototypes -Wpointer-arith -fPIC -DPIC -MT libassuan_la-assuan-socket.lo -MD -MP -MF .deps/libassuan_la-assuan-socket.Tpo -c -o libassuan_la-assuan-socket.lo `test -f 'assuan-socket.c' || echo './'`assuan-socket.c
mv -f .deps/libassuan_la-assuan-uds.Tpo .deps/libassuan_la-assuan-uds.Plo
/bin/sh ../libtool  --tag=CC   --mode=compile gcc -DHAVE_CONFIG_H -I. -I..  -I..  -DNDEBUG  -march=i686 -mtune=haswell -Os -pipe -fno-plt -fPIC -fstack-clash-protection -ffunction-sections -fdata-sections -Wall -Wcast-align -Wshadow -Wstrict-prototypes -Wpointer-arith -fPIC -DPIC -MT libassuan_la-system-posix.lo -MD -MP -MF .deps/libassuan_la-system-posix.Tpo -c -o libassuan_la-system-posix.lo `test -f 'system-posix.c' || echo './'`system-posix.c
mv -f .deps/libassuan_la-assuan-socket-connect.Tpo .deps/libassuan_la-assuan-socket-connect.Plo
/bin/sh ../libtool  --tag=CC   --mode=compile gcc -DHAVE_CONFIG_H -I. -I..  -I..  -DNDEBUG  -march=i686 -mtune=haswell -Os -pipe -fno-plt -fPIC -fstack-clash-protection -ffunction-sections -fdata-sections -Wall -Wcast-align -Wshadow -Wstrict-prototypes -Wpointer-arith -fPIC -DPIC -MT libassuan_la-assuan-io.lo -MD -MP -MF .deps/libassuan_la-assuan-io.Tpo -c -o libassuan_la-assuan-io.lo `test -f 'assuan-io.c' || echo './'`assuan-io.c
libtool: compile:  gcc -DHAVE_CONFIG_H -I. -I.. -I.. -DNDEBUG -march=i686 -mtune=haswell -Os -pipe -fno-plt -fPIC -fstack-clash-protection -ffunction-sections -fdata-sections -Wall -Wcast-align -Wshadow -Wstrict-prototypes -Wpointer-arith -fPIC -DPIC -MT libassuan_la-assuan-socket.lo -MD -MP -MF .deps/libassuan_la-assuan-socket.Tpo -c assuan-socket.c  -fPIC -DPIC -o .libs/libassuan_la-assuan-socket.o
libtool: compile:  gcc -DHAVE_CONFIG_H -I. -I.. -I.. -DNDEBUG -march=i686 -mtune=haswell -Os -pipe -fno-plt -fPIC -fstack-clash-protection -ffunction-sections -fdata-sections -Wall -Wcast-align -Wshadow -Wstrict-prototypes -Wpointer-arith -fPIC -DPIC -MT libassuan_la-system-posix.lo -MD -MP -MF .deps/libassuan_la-system-posix.Tpo -c system-posix.c  -fPIC -DPIC -o .libs/libassuan_la-system-posix.o
libtool: compile:  gcc -DHAVE_CONFIG_H -I. -I.. -I.. -DNDEBUG -march=i686 -mtune=haswell -Os -pipe -fno-plt -fPIC -fstack-clash-protection -ffunction-sections -fdata-sections -Wall -Wcast-align -Wshadow -Wstrict-prototypes -Wpointer-arith -fPIC -DPIC -MT libassuan_la-assuan-io.lo -MD -MP -MF .deps/libassuan_la-assuan-io.Tpo -c assuan-io.c  -fPIC -DPIC -o .libs/libassuan_la-assuan-io.o
mv -f .deps/libassuan_la-assuan-io.Tpo .deps/libassuan_la-assuan-io.Plo
/bin/sh ../libtool  --tag=CC   --mode=compile gcc -DHAVE_CONFIG_H -I. -I..  -I.. -DNDEBUG  -march=i686 -mtune=haswell -Os -pipe -fno-plt -fPIC -fstack-clash-protection -ffunction-sections -fdata-sections -Wall -Wcast-align -Wshadow -Wstrict-prototypes -Wpointer-arith -fPIC -DPIC -MT funopen.lo -MD -MP -MF .deps/funopen.Tpo -c -o funopen.lo funopen.c
libtool: compile:  gcc -DHAVE_CONFIG_H -I. -I.. -I.. -DNDEBUG -march=i686 -mtune=haswell -Os -pipe -fno-plt -fPIC -fstack-clash-protection -ffunction-sections -fdata-sections -Wall -Wcast-align -Wshadow -Wstrict-prototypes -Wpointer-arith -fPIC -DPIC -MT funopen.lo -MD -MP -MF .deps/funopen.Tpo -c funopen.c  -fPIC -DPIC -o .libs/funopen.o
mv -f .deps/funopen.Tpo .deps/funopen.Plo
mv -f .deps/libassuan_la-assuan-logging.Tpo .deps/libassuan_la-assuan-logging.Plo
mv -f .deps/libassuan_la-system-posix.Tpo .deps/libassuan_la-system-posix.Plo
mv -f .deps/libassuan_la-assuan-socket.Tpo .deps/libassuan_la-assuan-socket.Plo
/bin/sh ../libtool  --tag=CC   --mode=link gcc  -march=i686 -mtune=haswell -Os -pipe -fno-plt -fPIC -fstack-clash-protection -ffunction-sections -fdata-sections -Wall -Wcast-align -Wshadow -Wstrict-prototypes -Wpointer-arith -fPIC -DPIC     -Wl,--version-script=./libassuan.vers -version-info 8:7:8 -Wl,-O2,--sort-common,--as-needed,-z,relro,-z,now,--gc-sections,--compress-debug-sections=zstd -o libassuan.la -rpath /usr/lib  libassuan_la-assuan.lo libassuan_la-context.lo libassuan_la-system.lo libassuan_la-debug.lo libassuan_la-conversion.lo libassuan_la-sysutils.lo libassuan_la-client.lo libassuan_la-server.lo libassuan_la-assuan-error.lo libassuan_la-assuan-buffer.lo libassuan_la-assuan-handler.lo libassuan_la-assuan-inquire.lo libassuan_la-assuan-listen.lo libassuan_la-assuan-pipe-server.lo libassuan_la-assuan-socket-server.lo libassuan_la-assuan-pipe-connect.lo libassuan_la-assuan-socket-connect.lo libassuan_la-assuan-uds.lo libassuan_la-assuan-logging.lo libassuan_la-assuan-socket.lo   libassuan_la-system-posix.lo libassuan_la-assuan-io.lo  funopen.lo  -lgpg-error 
libtool: link: gcc -shared  -fPIC -DPIC  .libs/libassuan_la-assuan.o .libs/libassuan_la-context.o .libs/libassuan_la-system.o .libs/libassuan_la-debug.o .libs/libassuan_la-conversion.o .libs/libassuan_la-sysutils.o .libs/libassuan_la-client.o .libs/libassuan_la-server.o .libs/libassuan_la-assuan-error.o .libs/libassuan_la-assuan-buffer.o .libs/libassuan_la-assuan-handler.o .libs/libassuan_la-assuan-inquire.o .libs/libassuan_la-assuan-listen.o .libs/libassuan_la-assuan-pipe-server.o .libs/libassuan_la-assuan-socket-server.o .libs/libassuan_la-assuan-pipe-connect.o .libs/libassuan_la-assuan-socket-connect.o .libs/libassuan_la-assuan-uds.o .libs/libassuan_la-assuan-logging.o .libs/libassuan_la-assuan-socket.o .libs/libassuan_la-system-posix.o .libs/libassuan_la-assuan-io.o .libs/funopen.o   -lgpg-error  -march=i686 -mtune=haswell -Os -Wl,--version-script=./libassuan.vers -Wl,-O2 -Wl,--sort-common -Wl,--as-needed -Wl,-z -Wl,relro -Wl,-z -Wl,now -Wl,--gc-sections -Wl,--compress-debug-sections=zstd   -Wl,-soname -Wl,libassuan.so.0 -o .libs/libassuan.so.0.8.7
libtool: link: (cd ".libs" && rm -f "libassuan.so.0" && ln -s "libassuan.so.0.8.7" "libassuan.so.0")
libtool: link: (cd ".libs" && rm -f "libassuan.so" && ln -s "libassuan.so.0.8.7" "libassuan.so")
libtool: link: ( cd ".libs" && rm -f "libassuan.la" && ln -s "../libassuan.la" "libassuan.la" )
make[3]: Leaving directory '/sources/libassuan-2.5.7/src'
make[2]: Leaving directory '/sources/libassuan-2.5.7/src'
Making all in doc
make[2]: Entering directory '/sources/libassuan-2.5.7/doc'
make[2]: Nothing to be done for 'all'.
make[2]: Leaving directory '/sources/libassuan-2.5.7/doc'
Making all in tests
make[2]: Entering directory '/sources/libassuan-2.5.7/tests'
make  all-am
make[3]: Entering directory '/sources/libassuan-2.5.7/tests'
gcc -DHAVE_CONFIG_H -I. -I..   -DNDEBUG  -march=i686 -mtune=haswell -Os -pipe -fno-plt -fPIC -fstack-clash-protection -ffunction-sections -fdata-sections -Wall -Wcast-align -Wshadow -Wstrict-prototypes -Wpointer-arith -fPIC -DPIC -MT version.o -MD -MP -MF .deps/version.Tpo -c -o version.o version.c
gcc -DHAVE_CONFIG_H -I. -I..   -DNDEBUG  -march=i686 -mtune=haswell -Os -pipe -fno-plt -fPIC -fstack-clash-protection -ffunction-sections -fdata-sections -Wall -Wcast-align -Wshadow -Wstrict-prototypes -Wpointer-arith -fPIC -DPIC -MT pipeconnect.o -MD -MP -MF .deps/pipeconnect.Tpo -c -o pipeconnect.o pipeconnect.c
gcc -DHAVE_CONFIG_H -I. -I..   -DNDEBUG  -march=i686 -mtune=haswell -Os -pipe -fno-plt -fPIC -fstack-clash-protection -ffunction-sections -fdata-sections -Wall -Wcast-align -Wshadow -Wstrict-prototypes -Wpointer-arith -fPIC -DPIC -MT fdpassing.o -MD -MP -MF .deps/fdpassing.Tpo -c -o fdpassing.o fdpassing.c
gcc -DHAVE_CONFIG_H -I. -I..   -DNDEBUG  -march=i686 -mtune=haswell -Os -pipe -fno-plt -fPIC -fstack-clash-protection -ffunction-sections -fdata-sections -Wall -Wcast-align -Wshadow -Wstrict-prototypes -Wpointer-arith -fPIC -DPIC -MT socks5.o -MD -MP -MF .deps/socks5.Tpo -c -o socks5.o socks5.c
mv -f .deps/version.Tpo .deps/version.Po
/bin/sh ../libtool  --tag=CC   --mode=link gcc  -march=i686 -mtune=haswell -Os -pipe -fno-plt -fPIC -fstack-clash-protection -ffunction-sections -fdata-sections -Wall -Wcast-align -Wshadow -Wstrict-prototypes -Wpointer-arith -fPIC -DPIC -no-install -Wl,-O2,--sort-common,--as-needed,-z,relro,-z,now,--gc-sections,--compress-debug-sections=zstd -o version version.o ../src/libassuan.la -lgpg-error  
mv -f .deps/fdpassing.Tpo .deps/fdpassing.Po
/bin/sh ../libtool  --tag=CC   --mode=link gcc  -march=i686 -mtune=haswell -Os -pipe -fno-plt -fPIC -fstack-clash-protection -ffunction-sections -fdata-sections -Wall -Wcast-align -Wshadow -Wstrict-prototypes -Wpointer-arith -fPIC -DPIC -no-install -Wl,-O2,--sort-common,--as-needed,-z,relro,-z,now,--gc-sections,--compress-debug-sections=zstd -o fdpassing fdpassing.o ../src/libassuan.la -lgpg-error  
mv -f .deps/pipeconnect.Tpo .deps/pipeconnect.Po
libtool: link: gcc -march=i686 -mtune=haswell -Os -pipe -fno-plt -fPIC -fstack-clash-protection -ffunction-sections -fdata-sections -Wall -Wcast-align -Wshadow -Wstrict-prototypes -Wpointer-arith -fPIC -DPIC -Wl,-O2 -Wl,--sort-common -Wl,--as-needed -Wl,-z -Wl,relro -Wl,-z -Wl,now -Wl,--gc-sections -Wl,--compress-debug-sections=zstd -o version version.o  ../src/.libs/libassuan.so -lgpg-error -Wl,-rpath -Wl,/sources/libassuan-2.5.7/src/.libs
/bin/sh ../libtool  --tag=CC   --mode=link gcc  -march=i686 -mtune=haswell -Os -pipe -fno-plt -fPIC -fstack-clash-protection -ffunction-sections -fdata-sections -Wall -Wcast-align -Wshadow -Wstrict-prototypes -Wpointer-arith -fPIC -DPIC -no-install -Wl,-O2,--sort-common,--as-needed,-z,relro,-z,now,--gc-sections,--compress-debug-sections=zstd -o pipeconnect pipeconnect.o ../src/libassuan.la -lgpg-error  
mv -f .deps/socks5.Tpo .deps/socks5.Po
/bin/sh ../libtool  --tag=CC   --mode=link gcc  -march=i686 -mtune=haswell -Os -pipe -fno-plt -fPIC -fstack-clash-protection -ffunction-sections -fdata-sections -Wall -Wcast-align -Wshadow -Wstrict-prototypes -Wpointer-arith -fPIC -DPIC -no-install -Wl,-O2,--sort-common,--as-needed,-z,relro,-z,now,--gc-sections,--compress-debug-sections=zstd -o socks5 socks5.o ../src/libassuan.la -lgpg-error  
libtool: link: gcc -march=i686 -mtune=haswell -Os -pipe -fno-plt -fPIC -fstack-clash-protection -ffunction-sections -fdata-sections -Wall -Wcast-align -Wshadow -Wstrict-prototypes -Wpointer-arith -fPIC -DPIC -Wl,-O2 -Wl,--sort-common -Wl,--as-needed -Wl,-z -Wl,relro -Wl,-z -Wl,now -Wl,--gc-sections -Wl,--compress-debug-sections=zstd -o fdpassing fdpassing.o  ../src/.libs/libassuan.so -lgpg-error -Wl,-rpath -Wl,/sources/libassuan-2.5.7/src/.libs
libtool: link: gcc -march=i686 -mtune=haswell -Os -pipe -fno-plt -fPIC -fstack-clash-protection -ffunction-sections -fdata-sections -Wall -Wcast-align -Wshadow -Wstrict-prototypes -Wpointer-arith -fPIC -DPIC -Wl,-O2 -Wl,--sort-common -Wl,--as-needed -Wl,-z -Wl,relro -Wl,-z -Wl,now -Wl,--gc-sections -Wl,--compress-debug-sections=zstd -o pipeconnect pipeconnect.o  ../src/.libs/libassuan.so -lgpg-error -Wl,-rpath -Wl,/sources/libassuan-2.5.7/src/.libs
libtool: link: gcc -march=i686 -mtune=haswell -Os -pipe -fno-plt -fPIC -fstack-clash-protection -ffunction-sections -fdata-sections -Wall -Wcast-align -Wshadow -Wstrict-prototypes -Wpointer-arith -fPIC -DPIC -Wl,-O2 -Wl,--sort-common -Wl,--as-needed -Wl,-z -Wl,relro -Wl,-z -Wl,now -Wl,--gc-sections -Wl,--compress-debug-sections=zstd -o socks5 socks5.o  ../src/.libs/libassuan.so -lgpg-error -Wl,-rpath -Wl,/sources/libassuan-2.5.7/src/.libs
make[3]: Leaving directory '/sources/libassuan-2.5.7/tests'
make[2]: Leaving directory '/sources/libassuan-2.5.7/tests'
make[2]: Entering directory '/sources/libassuan-2.5.7'
make[2]: Leaving directory '/sources/libassuan-2.5.7'
make[1]: Leaving directory '/sources/libassuan-2.5.7'
Making install in m4
make[1]: Entering directory '/sources/libassuan-2.5.7/m4'
make[2]: Entering directory '/sources/libassuan-2.5.7/m4'
make[2]: Nothing to be done for 'install-exec-am'.
make[2]: Nothing to be done for 'install-data-am'.
make[2]: Leaving directory '/sources/libassuan-2.5.7/m4'
make[1]: Leaving directory '/sources/libassuan-2.5.7/m4'
Making install in src
make[1]: Entering directory '/sources/libassuan-2.5.7/src'
make  install-am
make[2]: Entering directory '/sources/libassuan-2.5.7/src'
make[3]: Entering directory '/sources/libassuan-2.5.7/src'
 /usr/bin/mkdir -p '/usr/lib'
 /usr/bin/mkdir -p '/usr/bin'
 /usr/bin/mkdir -p '/usr/share/aclocal'
 /usr/bin/mkdir -p '/usr/include'
 /bin/sh ../libtool   --mode=install /usr/bin/install -c   libassuan.la '/usr/lib'
 /usr/bin/install -c -m 644 assuan.h '/usr/include'
 /usr/bin/install -c libassuan-config '/usr/bin'
 /usr/bin/install -c -m 644 libassuan.m4 '/usr/share/aclocal'
 /usr/bin/mkdir -p '/usr/lib/pkgconfig'
 /usr/bin/install -c -m 644 libassuan.pc '/usr/lib/pkgconfig'
libtool: install: /usr/bin/install -c .libs/libassuan.so.0.8.7 /usr/lib/libassuan.so.0.8.7
libtool: install: (cd /usr/lib && { ln -s -f libassuan.so.0.8.7 libassuan.so.0 || { rm -f libassuan.so.0 && ln -s libassuan.so.0.8.7 libassuan.so.0; }; })
libtool: install: (cd /usr/lib && { ln -s -f libassuan.so.0.8.7 libassuan.so || { rm -f libassuan.so && ln -s libassuan.so.0.8.7 libassuan.so; }; })
libtool: install: /usr/bin/install -c .libs/libassuan.lai /usr/lib/libassuan.la
libtool: finish: PATH="/usr/bin:/usr/sbin:/usr/local/bin:/sbin" ldconfig -n /usr/lib
----------------------------------------------------------------------
Libraries have been installed in:
   /usr/lib

If you ever happen to want to link against installed libraries
in a given directory, LIBDIR, you must either use libtool, and
specify the full pathname of the library, or use the `-LLIBDIR'
flag during linking and do at least one of the following:
   - add LIBDIR to the `LD_LIBRARY_PATH' environment variable
     during execution
   - add LIBDIR to the `LD_RUN_PATH' environment variable
     during linking
   - use the `-Wl,-rpath -Wl,LIBDIR' linker flag

See any operating system documentation about shared libraries for
more information, such as the ld(1) and ld.so(8) manual pages.
----------------------------------------------------------------------
make  install-exec-hook
make[4]: Entering directory '/sources/libassuan-2.5.7/src'
make[4]: Nothing to be done for 'install-exec-hook'.
make[4]: Leaving directory '/sources/libassuan-2.5.7/src'
make[3]: Leaving directory '/sources/libassuan-2.5.7/src'
make[2]: Leaving directory '/sources/libassuan-2.5.7/src'
make[1]: Leaving directory '/sources/libassuan-2.5.7/src'
Making install in doc
make[1]: Entering directory '/sources/libassuan-2.5.7/doc'
make[2]: Entering directory '/sources/libassuan-2.5.7/doc'
make[2]: Nothing to be done for 'install-exec-am'.
 /usr/bin/mkdir -p '/usr/share/info'
 /usr/bin/install -c -m 644 ./assuan.info '/usr/share/info'
 install-info --info-dir='/usr/share/info' '/usr/share/info/assuan.info'
make[2]: Leaving directory '/sources/libassuan-2.5.7/doc'
make[1]: Leaving directory '/sources/libassuan-2.5.7/doc'
Making install in tests
make[1]: Entering directory '/sources/libassuan-2.5.7/tests'
make  install-am
make[2]: Entering directory '/sources/libassuan-2.5.7/tests'
make[3]: Entering directory '/sources/libassuan-2.5.7/tests'
make[3]: Nothing to be done for 'install-exec-am'.
make[3]: Nothing to be done for 'install-data-am'.
make[3]: Leaving directory '/sources/libassuan-2.5.7/tests'
make[2]: Leaving directory '/sources/libassuan-2.5.7/tests'
make[1]: Leaving directory '/sources/libassuan-2.5.7/tests'
make[1]: Entering directory '/sources/libassuan-2.5.7'
make[2]: Entering directory '/sources/libassuan-2.5.7'
make[2]: Nothing to be done for 'install-exec-am'.
make[2]: Nothing to be done for 'install-data-am'.
make[2]: Leaving directory '/sources/libassuan-2.5.7'
make[1]: Leaving directory '/sources/libassuan-2.5.7'


CFLAGS:: -march=i686 -mtune=haswell -Os -pipe -fno-plt -fPIC -fstack-clash-protection -ffunction-sections -fdata-sections
CXXFLAGS:: -march=i686 -mtune=haswell -Os -pipe -fno-plt -fPIC -fstack-clash-protection -ffunction-sections -fdata-sections -Wp,-D_GLIBCXX_ASSERTIONS
CPPFLAGS:: -DNDEBUG
LDFLAGS:: -Wl,-O2,--sort-common,--as-needed,-z,relro,-z,now,--gc-sections,--compress-debug-sections=zstd


Thu May  2 17:20:08 UTC 2024

Totalseconds: 8

KB: 1656572	/

