Thu May  2 16:43:44 UTC 2024
KB: 1712400	/

checking for a BSD-compatible install... /usr/bin/install -c
checking whether build environment is sane... yes
checking for a race-free mkdir -p... /usr/bin/mkdir -p
checking for gawk... gawk
checking whether make sets $(MAKE)... yes
checking whether make supports nested variables... yes
checking build system type... x86_64-pc-linux-uclibc
checking host system type... x86_64-pc-linux-uclibc
configure: autobuild project... libksba
configure: autobuild revision... 1.6.6
configure: autobuild hostname... fv-az891-874
configure: autobuild timestamp... 20240502-164344
checking whether make supports the include directive... yes (GNU style)
checking for gcc... gcc
checking whether the C compiler works... yes
checking for C compiler default output file name... a.out
checking for suffix of executables... 
checking whether we are cross compiling... no
checking for suffix of object files... o
checking whether the compiler supports GNU C... yes
checking whether gcc accepts -g... yes
checking for gcc option to enable C11 features... none needed
checking whether gcc understands -c and -o together... yes
checking dependency style of gcc... gcc3
checking for stdio.h... yes
checking for stdlib.h... yes
checking for string.h... yes
checking for inttypes.h... yes
checking for stdint.h... yes
checking for strings.h... yes
checking for sys/stat.h... yes
checking for sys/types.h... yes
checking for unistd.h... yes
checking for wchar.h... yes
checking for minix/config.h... no
checking whether it is safe to define __EXTENSIONS__... yes
checking whether _XOPEN_SOURCE should be defined... no
checking how to print strings... printf
checking for a sed that does not truncate output... /usr/bin/sed
checking for grep that handles long lines and -e... /usr/bin/grep
checking for egrep... /usr/bin/grep -E
checking for fgrep... /usr/bin/grep -F
checking for ld used by gcc... /usr/bin/ld
checking if the linker (/usr/bin/ld) is GNU ld... yes
checking for BSD- or MS-compatible name lister (nm)... /usr/bin/nm -B
checking the name lister (/usr/bin/nm -B) interface... BSD nm
checking whether ln -s works... yes
checking the maximum length of command line arguments... 1572864
checking whether the shell understands some XSI constructs... yes
checking whether the shell understands "+="... yes
checking how to convert x86_64-pc-linux-uclibc file names to x86_64-pc-linux-uclibc format... func_convert_file_noop
checking how to convert x86_64-pc-linux-uclibc file names to toolchain format... func_convert_file_noop
checking for /usr/bin/ld option to reload object files... -r
checking for objdump... objdump
checking how to recognize dependent libraries... pass_all
checking for dlltool... no
checking how to associate runtime and link libraries... printf %s\n
checking for ar... ar
checking for archiver @FILE support... @
checking for strip... strip
checking for ranlib... ranlib
checking command to parse /usr/bin/nm -B output from gcc object... ok
checking for sysroot... no
checking for mt... no
checking if : is a manifest tool... no
checking for dlfcn.h... yes
checking for objdir... .libs
checking if gcc supports -fno-rtti -fno-exceptions... no
checking for gcc option to produce PIC... -fPIC -DPIC
checking if gcc PIC flag -fPIC -DPIC works... yes
checking if gcc static flag -static works... yes
checking if gcc supports -c -o file.o... yes
checking if gcc supports -c -o file.o... (cached) yes
checking whether the gcc linker (/usr/bin/ld -m elf_x86_64) supports shared libraries... yes
checking whether -lc should be explicitly linked in... no
checking dynamic linker characteristics... GNU/Linux ld.so
checking how to hardcode library paths into programs... immediate
checking whether stripping libraries is possible... yes
checking if libtool supports shared libraries... yes
checking whether to build shared libraries... yes
checking whether to build static libraries... no
checking for windres... no
checking whether to enable maintainer-specific portions of Makefiles... no
checking whether make supports nested variables... (cached) yes
checking for gawk... (cached) gawk
checking for gcc... (cached) gcc
checking whether the compiler supports GNU C... (cached) yes
checking whether gcc accepts -g... (cached) yes
checking for gcc option to enable C11 features... (cached) none needed
checking whether gcc understands -c and -o together... (cached) yes
checking dependency style of gcc... (cached) gcc3
checking how to run the C preprocessor... gcc -E
checking whether ln -s works... yes
checking whether make sets $(MAKE)... (cached) yes
checking for bison... bison -y
checking if bison is the parser generator... yes
checking for inline... inline
checking for cc for build... $(CC)
checking if gcc supports -Wpointer-arith... yes
checking if gcc supports -Wno-pointer-sign... yes
checking whether the visibility attribute is supported... yes
checking for broken visibility attribute... no
checking for broken alias attribute... no
checking if gcc supports -fvisibility=hidden... yes
checking for gpg-error-config... no
checking for gpgrt-config... /usr/bin/gpgrt-config
configure: Use gpgrt-config with /usr/lib as gpg-error-config
checking for GPG Error - version >= 1.8... yes (1.49)
checking for an ANSI C-conforming const... yes
checking whether byte ordering is bigendian... no
checking size of unsigned int... 4
checking size of unsigned long... 8
checking for u32... no
checking for stpcpy... yes
checking for gmtime_r... yes
checking for getenv... yes
checking for size_t... yes
checking for working alloca.h... yes
checking for alloca... yes
checking for valgrind... no
checking whether self tests are run under valgrind... no
checking that generated files are newer than configure... done
configure: creating ./config.status
config.status: creating Makefile
config.status: creating m4/Makefile
config.status: creating gl/Makefile
config.status: creating src/Makefile
config.status: creating src/ksba.h
config.status: creating src/ksba-config
config.status: creating src/ksba.pc
config.status: creating src/versioninfo.rc
config.status: creating tests/Makefile
config.status: creating doc/Makefile
config.status: creating config.h
config.status: executing depfiles commands
config.status: executing libtool commands

        Libksba v1.6.6 has been configured as follows:

        Revision:  3a43822  (14915)
        Platform:  x86_64-pc-linux-uclibc


make  all-recursive
make[1]: Entering directory '/sources/libksba-1.6.6'
Making all in m4
make[2]: Entering directory '/sources/libksba-1.6.6/m4'
make[2]: Nothing to be done for 'all'.
make[2]: Leaving directory '/sources/libksba-1.6.6/m4'
Making all in gl
make[2]: Entering directory '/sources/libksba-1.6.6/gl'
cp ./alloca_.h alloca.h-t
mv alloca.h-t alloca.h
make  all-am
make[3]: Entering directory '/sources/libksba-1.6.6/gl'
/bin/sh ../libtool  --tag=CC   --mode=compile gcc -DHAVE_CONFIG_H -I. -I..   -DNDEBUG  -march=x86-64-v3 -mtune=haswell -Os -pipe -fno-plt -fPIC -fstack-clash-protection -ffunction-sections -fdata-sections -Wall -Wcast-align -Wshadow -Wstrict-prototypes -Wpointer-arith -Wno-pointer-sign -fvisibility=hidden -c -o dummyobj.lo dummyobj.c
libtool: compile:  gcc -DHAVE_CONFIG_H -I. -I.. -DNDEBUG -march=x86-64-v3 -mtune=haswell -Os -pipe -fno-plt -fPIC -fstack-clash-protection -ffunction-sections -fdata-sections -Wall -Wcast-align -Wshadow -Wstrict-prototypes -Wpointer-arith -Wno-pointer-sign -fvisibility=hidden -c dummyobj.c  -fPIC -DPIC -o .libs/dummyobj.o
/bin/sh ../libtool  --tag=CC   --mode=link gcc  -march=x86-64-v3 -mtune=haswell -Os -pipe -fno-plt -fPIC -fstack-clash-protection -ffunction-sections -fdata-sections -Wall -Wcast-align -Wshadow -Wstrict-prototypes -Wpointer-arith -Wno-pointer-sign -fvisibility=hidden  -Wl,-O2,--sort-common,--as-needed,-z,relro,-z,now,--gc-sections,--compress-debug-sections=zstd -o libgnu.la  dummyobj.lo  
libtool: link: ar cru .libs/libgnu.a .libs/dummyobj.o 
libtool: link: ranlib .libs/libgnu.a
libtool: link: ( cd ".libs" && rm -f "libgnu.la" && ln -s "../libgnu.la" "libgnu.la" )
make[3]: Leaving directory '/sources/libksba-1.6.6/gl'
make[2]: Leaving directory '/sources/libksba-1.6.6/gl'
Making all in src
make[2]: Entering directory '/sources/libksba-1.6.6/src'
gcc   \
         -I. -DBUILD_GENTOOLS -o asn1-gentables \
	./asn1-gentables.c \
                `test -f 'asn1-parse.c' || echo './'`asn1-parse.c  \
                ./asn1-func.c      \
                ./gen-help.c
make  all-am
make[3]: Entering directory '/sources/libksba-1.6.6/src'
gcc -DHAVE_CONFIG_H -I. -I..  -I../gl -I../gl -DNDEBUG   -march=x86-64-v3 -mtune=haswell -Os -pipe -fno-plt -fPIC -fstack-clash-protection -ffunction-sections -fdata-sections -Wall -Wcast-align -Wshadow -Wstrict-prototypes -Wpointer-arith -Wno-pointer-sign -fvisibility=hidden -MT ber_dump-ber-dump.o -MD -MP -MF .deps/ber_dump-ber-dump.Tpo -c -o ber_dump-ber-dump.o `test -f 'ber-dump.c' || echo './'`ber-dump.c
gcc -DHAVE_CONFIG_H -I. -I..  -I../gl -I../gl -DNDEBUG   -march=x86-64-v3 -mtune=haswell -Os -pipe -fno-plt -fPIC -fstack-clash-protection -ffunction-sections -fdata-sections -Wall -Wcast-align -Wshadow -Wstrict-prototypes -Wpointer-arith -Wno-pointer-sign -fvisibility=hidden -MT ber_dump-ber-decoder.o -MD -MP -MF .deps/ber_dump-ber-decoder.Tpo -c -o ber_dump-ber-decoder.o `test -f 'ber-decoder.c' || echo './'`ber-decoder.c
gcc -DHAVE_CONFIG_H -I. -I..  -I../gl -I../gl -DNDEBUG   -march=x86-64-v3 -mtune=haswell -Os -pipe -fno-plt -fPIC -fstack-clash-protection -ffunction-sections -fdata-sections -Wall -Wcast-align -Wshadow -Wstrict-prototypes -Wpointer-arith -Wno-pointer-sign -fvisibility=hidden -MT ber_dump-ber-help.o -MD -MP -MF .deps/ber_dump-ber-help.Tpo -c -o ber_dump-ber-help.o `test -f 'ber-help.c' || echo './'`ber-help.c
gcc -DHAVE_CONFIG_H -I. -I..  -I../gl -I../gl -DNDEBUG   -march=x86-64-v3 -mtune=haswell -Os -pipe -fno-plt -fPIC -fstack-clash-protection -ffunction-sections -fdata-sections -Wall -Wcast-align -Wshadow -Wstrict-prototypes -Wpointer-arith -Wno-pointer-sign -fvisibility=hidden -MT ber_dump-reader.o -MD -MP -MF .deps/ber_dump-reader.Tpo -c -o ber_dump-reader.o `test -f 'reader.c' || echo './'`reader.c
mv -f .deps/ber_dump-ber-dump.Tpo .deps/ber_dump-ber-dump.Po
gcc -DHAVE_CONFIG_H -I. -I..  -I../gl -I../gl -DNDEBUG   -march=x86-64-v3 -mtune=haswell -Os -pipe -fno-plt -fPIC -fstack-clash-protection -ffunction-sections -fdata-sections -Wall -Wcast-align -Wshadow -Wstrict-prototypes -Wpointer-arith -Wno-pointer-sign -fvisibility=hidden -MT ber_dump-writer.o -MD -MP -MF .deps/ber_dump-writer.Tpo -c -o ber_dump-writer.o `test -f 'writer.c' || echo './'`writer.c
mv -f .deps/ber_dump-reader.Tpo .deps/ber_dump-reader.Po
gcc -DHAVE_CONFIG_H -I. -I..  -I../gl -I../gl -DNDEBUG   -march=x86-64-v3 -mtune=haswell -Os -pipe -fno-plt -fPIC -fstack-clash-protection -ffunction-sections -fdata-sections -Wall -Wcast-align -Wshadow -Wstrict-prototypes -Wpointer-arith -Wno-pointer-sign -fvisibility=hidden -MT ber_dump-asn1-parse.o -MD -MP -MF .deps/ber_dump-asn1-parse.Tpo -c -o ber_dump-asn1-parse.o `test -f 'asn1-parse.c' || echo './'`asn1-parse.c
mv -f .deps/ber_dump-writer.Tpo .deps/ber_dump-writer.Po
mv -f .deps/ber_dump-ber-help.Tpo .deps/ber_dump-ber-help.Po
gcc -DHAVE_CONFIG_H -I. -I..  -I../gl -I../gl -DNDEBUG   -march=x86-64-v3 -mtune=haswell -Os -pipe -fno-plt -fPIC -fstack-clash-protection -ffunction-sections -fdata-sections -Wall -Wcast-align -Wshadow -Wstrict-prototypes -Wpointer-arith -Wno-pointer-sign -fvisibility=hidden -MT ber_dump-asn1-func.o -MD -MP -MF .deps/ber_dump-asn1-func.Tpo -c -o ber_dump-asn1-func.o `test -f 'asn1-func.c' || echo './'`asn1-func.c
gcc -DHAVE_CONFIG_H -I. -I..  -I../gl -I../gl -DNDEBUG   -march=x86-64-v3 -mtune=haswell -Os -pipe -fno-plt -fPIC -fstack-clash-protection -ffunction-sections -fdata-sections -Wall -Wcast-align -Wshadow -Wstrict-prototypes -Wpointer-arith -Wno-pointer-sign -fvisibility=hidden -MT ber_dump-oid.o -MD -MP -MF .deps/ber_dump-oid.Tpo -c -o ber_dump-oid.o `test -f 'oid.c' || echo './'`oid.c
mv -f .deps/ber_dump-oid.Tpo .deps/ber_dump-oid.Po
gcc -DHAVE_CONFIG_H -I. -I..  -I../gl -I../gl -DNDEBUG   -march=x86-64-v3 -mtune=haswell -Os -pipe -fno-plt -fPIC -fstack-clash-protection -ffunction-sections -fdata-sections -Wall -Wcast-align -Wshadow -Wstrict-prototypes -Wpointer-arith -Wno-pointer-sign -fvisibility=hidden -MT ber_dump-time.o -MD -MP -MF .deps/ber_dump-time.Tpo -c -o ber_dump-time.o `test -f 'time.c' || echo './'`time.c
mv -f .deps/ber_dump-ber-decoder.Tpo .deps/ber_dump-ber-decoder.Po
gcc -DHAVE_CONFIG_H -I. -I..  -I../gl -I../gl -DNDEBUG   -march=x86-64-v3 -mtune=haswell -Os -pipe -fno-plt -fPIC -fstack-clash-protection -ffunction-sections -fdata-sections -Wall -Wcast-align -Wshadow -Wstrict-prototypes -Wpointer-arith -Wno-pointer-sign -fvisibility=hidden -MT ber_dump-util.o -MD -MP -MF .deps/ber_dump-util.Tpo -c -o ber_dump-util.o `test -f 'util.c' || echo './'`util.c
mv -f .deps/ber_dump-time.Tpo .deps/ber_dump-time.Po
/bin/sh ../libtool  --tag=CC   --mode=compile gcc -DHAVE_CONFIG_H -I. -I..  -I../gl -I../gl -DNDEBUG   -march=x86-64-v3 -mtune=haswell -Os -pipe -fno-plt -fPIC -fstack-clash-protection -ffunction-sections -fdata-sections -Wall -Wcast-align -Wshadow -Wstrict-prototypes -Wpointer-arith -Wno-pointer-sign -fvisibility=hidden -MT visibility.lo -MD -MP -MF .deps/visibility.Tpo -c -o visibility.lo visibility.c
libtool: compile:  gcc -DHAVE_CONFIG_H -I. -I.. -I../gl -I../gl -DNDEBUG -march=x86-64-v3 -mtune=haswell -Os -pipe -fno-plt -fPIC -fstack-clash-protection -ffunction-sections -fdata-sections -Wall -Wcast-align -Wshadow -Wstrict-prototypes -Wpointer-arith -Wno-pointer-sign -fvisibility=hidden -MT visibility.lo -MD -MP -MF .deps/visibility.Tpo -c visibility.c  -fPIC -DPIC -o .libs/visibility.o
mv -f .deps/ber_dump-util.Tpo .deps/ber_dump-util.Po
/bin/sh ../libtool  --tag=CC   --mode=compile gcc -DHAVE_CONFIG_H -I. -I..  -I../gl -I../gl -DNDEBUG   -march=x86-64-v3 -mtune=haswell -Os -pipe -fno-plt -fPIC -fstack-clash-protection -ffunction-sections -fdata-sections -Wall -Wcast-align -Wshadow -Wstrict-prototypes -Wpointer-arith -Wno-pointer-sign -fvisibility=hidden -MT reader.lo -MD -MP -MF .deps/reader.Tpo -c -o reader.lo reader.c
libtool: compile:  gcc -DHAVE_CONFIG_H -I. -I.. -I../gl -I../gl -DNDEBUG -march=x86-64-v3 -mtune=haswell -Os -pipe -fno-plt -fPIC -fstack-clash-protection -ffunction-sections -fdata-sections -Wall -Wcast-align -Wshadow -Wstrict-prototypes -Wpointer-arith -Wno-pointer-sign -fvisibility=hidden -MT reader.lo -MD -MP -MF .deps/reader.Tpo -c reader.c  -fPIC -DPIC -o .libs/reader.o
mv -f .deps/ber_dump-asn1-parse.Tpo .deps/ber_dump-asn1-parse.Po
/bin/sh ../libtool  --tag=CC   --mode=compile gcc -DHAVE_CONFIG_H -I. -I..  -I../gl -I../gl -DNDEBUG   -march=x86-64-v3 -mtune=haswell -Os -pipe -fno-plt -fPIC -fstack-clash-protection -ffunction-sections -fdata-sections -Wall -Wcast-align -Wshadow -Wstrict-prototypes -Wpointer-arith -Wno-pointer-sign -fvisibility=hidden -MT writer.lo -MD -MP -MF .deps/writer.Tpo -c -o writer.lo writer.c
libtool: compile:  gcc -DHAVE_CONFIG_H -I. -I.. -I../gl -I../gl -DNDEBUG -march=x86-64-v3 -mtune=haswell -Os -pipe -fno-plt -fPIC -fstack-clash-protection -ffunction-sections -fdata-sections -Wall -Wcast-align -Wshadow -Wstrict-prototypes -Wpointer-arith -Wno-pointer-sign -fvisibility=hidden -MT writer.lo -MD -MP -MF .deps/writer.Tpo -c writer.c  -fPIC -DPIC -o .libs/writer.o
mv -f .deps/ber_dump-asn1-func.Tpo .deps/ber_dump-asn1-func.Po
/bin/sh ../libtool  --tag=CC   --mode=compile gcc -DHAVE_CONFIG_H -I. -I..  -I../gl -I../gl -DNDEBUG   -march=x86-64-v3 -mtune=haswell -Os -pipe -fno-plt -fPIC -fstack-clash-protection -ffunction-sections -fdata-sections -Wall -Wcast-align -Wshadow -Wstrict-prototypes -Wpointer-arith -Wno-pointer-sign -fvisibility=hidden -MT asn1-parse.lo -MD -MP -MF .deps/asn1-parse.Tpo -c -o asn1-parse.lo asn1-parse.c
mv -f .deps/reader.Tpo .deps/reader.Plo
/bin/sh ../libtool  --tag=CC   --mode=compile gcc -DHAVE_CONFIG_H -I. -I..  -I../gl -I../gl -DNDEBUG   -march=x86-64-v3 -mtune=haswell -Os -pipe -fno-plt -fPIC -fstack-clash-protection -ffunction-sections -fdata-sections -Wall -Wcast-align -Wshadow -Wstrict-prototypes -Wpointer-arith -Wno-pointer-sign -fvisibility=hidden -MT asn1-func.lo -MD -MP -MF .deps/asn1-func.Tpo -c -o asn1-func.lo asn1-func.c
libtool: compile:  gcc -DHAVE_CONFIG_H -I. -I.. -I../gl -I../gl -DNDEBUG -march=x86-64-v3 -mtune=haswell -Os -pipe -fno-plt -fPIC -fstack-clash-protection -ffunction-sections -fdata-sections -Wall -Wcast-align -Wshadow -Wstrict-prototypes -Wpointer-arith -Wno-pointer-sign -fvisibility=hidden -MT asn1-parse.lo -MD -MP -MF .deps/asn1-parse.Tpo -c asn1-parse.c  -fPIC -DPIC -o .libs/asn1-parse.o
libtool: compile:  gcc -DHAVE_CONFIG_H -I. -I.. -I../gl -I../gl -DNDEBUG -march=x86-64-v3 -mtune=haswell -Os -pipe -fno-plt -fPIC -fstack-clash-protection -ffunction-sections -fdata-sections -Wall -Wcast-align -Wshadow -Wstrict-prototypes -Wpointer-arith -Wno-pointer-sign -fvisibility=hidden -MT asn1-func.lo -MD -MP -MF .deps/asn1-func.Tpo -c asn1-func.c  -fPIC -DPIC -o .libs/asn1-func.o
mv -f .deps/writer.Tpo .deps/writer.Plo
/bin/sh ../libtool  --tag=CC   --mode=compile gcc -DHAVE_CONFIG_H -I. -I..  -I../gl -I../gl -DNDEBUG   -march=x86-64-v3 -mtune=haswell -Os -pipe -fno-plt -fPIC -fstack-clash-protection -ffunction-sections -fdata-sections -Wall -Wcast-align -Wshadow -Wstrict-prototypes -Wpointer-arith -Wno-pointer-sign -fvisibility=hidden -MT asn1-func2.lo -MD -MP -MF .deps/asn1-func2.Tpo -c -o asn1-func2.lo asn1-func2.c
mv -f .deps/visibility.Tpo .deps/visibility.Plo
/bin/sh ../libtool  --tag=CC   --mode=compile gcc -DHAVE_CONFIG_H -I. -I..  -I../gl -I../gl -DNDEBUG   -march=x86-64-v3 -mtune=haswell -Os -pipe -fno-plt -fPIC -fstack-clash-protection -ffunction-sections -fdata-sections -Wall -Wcast-align -Wshadow -Wstrict-prototypes -Wpointer-arith -Wno-pointer-sign -fvisibility=hidden -MT ber-help.lo -MD -MP -MF .deps/ber-help.Tpo -c -o ber-help.lo ber-help.c
libtool: compile:  gcc -DHAVE_CONFIG_H -I. -I.. -I../gl -I../gl -DNDEBUG -march=x86-64-v3 -mtune=haswell -Os -pipe -fno-plt -fPIC -fstack-clash-protection -ffunction-sections -fdata-sections -Wall -Wcast-align -Wshadow -Wstrict-prototypes -Wpointer-arith -Wno-pointer-sign -fvisibility=hidden -MT ber-help.lo -MD -MP -MF .deps/ber-help.Tpo -c ber-help.c  -fPIC -DPIC -o .libs/ber-help.o
libtool: compile:  gcc -DHAVE_CONFIG_H -I. -I.. -I../gl -I../gl -DNDEBUG -march=x86-64-v3 -mtune=haswell -Os -pipe -fno-plt -fPIC -fstack-clash-protection -ffunction-sections -fdata-sections -Wall -Wcast-align -Wshadow -Wstrict-prototypes -Wpointer-arith -Wno-pointer-sign -fvisibility=hidden -MT asn1-func2.lo -MD -MP -MF .deps/asn1-func2.Tpo -c asn1-func2.c  -fPIC -DPIC -o .libs/asn1-func2.o
mv -f .deps/asn1-func2.Tpo .deps/asn1-func2.Plo
/bin/sh ../libtool  --tag=CC   --mode=compile gcc -DHAVE_CONFIG_H -I. -I..  -I../gl -I../gl -DNDEBUG   -march=x86-64-v3 -mtune=haswell -Os -pipe -fno-plt -fPIC -fstack-clash-protection -ffunction-sections -fdata-sections -Wall -Wcast-align -Wshadow -Wstrict-prototypes -Wpointer-arith -Wno-pointer-sign -fvisibility=hidden -MT ber-decoder.lo -MD -MP -MF .deps/ber-decoder.Tpo -c -o ber-decoder.lo ber-decoder.c
libtool: compile:  gcc -DHAVE_CONFIG_H -I. -I.. -I../gl -I../gl -DNDEBUG -march=x86-64-v3 -mtune=haswell -Os -pipe -fno-plt -fPIC -fstack-clash-protection -ffunction-sections -fdata-sections -Wall -Wcast-align -Wshadow -Wstrict-prototypes -Wpointer-arith -Wno-pointer-sign -fvisibility=hidden -MT ber-decoder.lo -MD -MP -MF .deps/ber-decoder.Tpo -c ber-decoder.c  -fPIC -DPIC -o .libs/ber-decoder.o
mv -f .deps/ber-help.Tpo .deps/ber-help.Plo
/bin/sh ../libtool  --tag=CC   --mode=compile gcc -DHAVE_CONFIG_H -I. -I..  -I../gl -I../gl -DNDEBUG   -march=x86-64-v3 -mtune=haswell -Os -pipe -fno-plt -fPIC -fstack-clash-protection -ffunction-sections -fdata-sections -Wall -Wcast-align -Wshadow -Wstrict-prototypes -Wpointer-arith -Wno-pointer-sign -fvisibility=hidden -MT der-encoder.lo -MD -MP -MF .deps/der-encoder.Tpo -c -o der-encoder.lo der-encoder.c
libtool: compile:  gcc -DHAVE_CONFIG_H -I. -I.. -I../gl -I../gl -DNDEBUG -march=x86-64-v3 -mtune=haswell -Os -pipe -fno-plt -fPIC -fstack-clash-protection -ffunction-sections -fdata-sections -Wall -Wcast-align -Wshadow -Wstrict-prototypes -Wpointer-arith -Wno-pointer-sign -fvisibility=hidden -MT der-encoder.lo -MD -MP -MF .deps/der-encoder.Tpo -c der-encoder.c  -fPIC -DPIC -o .libs/der-encoder.o
mv -f .deps/asn1-parse.Tpo .deps/asn1-parse.Plo
mv -f .deps/asn1-func.Tpo .deps/asn1-func.Plo
/bin/sh ../libtool  --tag=CC   --mode=compile gcc -DHAVE_CONFIG_H -I. -I..  -I../gl -I../gl -DNDEBUG   -march=x86-64-v3 -mtune=haswell -Os -pipe -fno-plt -fPIC -fstack-clash-protection -ffunction-sections -fdata-sections -Wall -Wcast-align -Wshadow -Wstrict-prototypes -Wpointer-arith -Wno-pointer-sign -fvisibility=hidden -MT der-builder.lo -MD -MP -MF .deps/der-builder.Tpo -c -o der-builder.lo der-builder.c
/bin/sh ../libtool  --tag=CC   --mode=compile gcc -DHAVE_CONFIG_H -I. -I..  -I../gl -I../gl -DNDEBUG   -march=x86-64-v3 -mtune=haswell -Os -pipe -fno-plt -fPIC -fstack-clash-protection -ffunction-sections -fdata-sections -Wall -Wcast-align -Wshadow -Wstrict-prototypes -Wpointer-arith -Wno-pointer-sign -fvisibility=hidden -MT cert.lo -MD -MP -MF .deps/cert.Tpo -c -o cert.lo cert.c
libtool: compile:  gcc -DHAVE_CONFIG_H -I. -I.. -I../gl -I../gl -DNDEBUG -march=x86-64-v3 -mtune=haswell -Os -pipe -fno-plt -fPIC -fstack-clash-protection -ffunction-sections -fdata-sections -Wall -Wcast-align -Wshadow -Wstrict-prototypes -Wpointer-arith -Wno-pointer-sign -fvisibility=hidden -MT cert.lo -MD -MP -MF .deps/cert.Tpo -c cert.c  -fPIC -DPIC -o .libs/cert.o
libtool: compile:  gcc -DHAVE_CONFIG_H -I. -I.. -I../gl -I../gl -DNDEBUG -march=x86-64-v3 -mtune=haswell -Os -pipe -fno-plt -fPIC -fstack-clash-protection -ffunction-sections -fdata-sections -Wall -Wcast-align -Wshadow -Wstrict-prototypes -Wpointer-arith -Wno-pointer-sign -fvisibility=hidden -MT der-builder.lo -MD -MP -MF .deps/der-builder.Tpo -c der-builder.c  -fPIC -DPIC -o .libs/der-builder.o
mv -f .deps/der-encoder.Tpo .deps/der-encoder.Plo
/bin/sh ../libtool  --tag=CC   --mode=compile gcc -DHAVE_CONFIG_H -I. -I..  -I../gl -I../gl -DNDEBUG   -march=x86-64-v3 -mtune=haswell -Os -pipe -fno-plt -fPIC -fstack-clash-protection -ffunction-sections -fdata-sections -Wall -Wcast-align -Wshadow -Wstrict-prototypes -Wpointer-arith -Wno-pointer-sign -fvisibility=hidden -MT cms.lo -MD -MP -MF .deps/cms.Tpo -c -o cms.lo cms.c
libtool: compile:  gcc -DHAVE_CONFIG_H -I. -I.. -I../gl -I../gl -DNDEBUG -march=x86-64-v3 -mtune=haswell -Os -pipe -fno-plt -fPIC -fstack-clash-protection -ffunction-sections -fdata-sections -Wall -Wcast-align -Wshadow -Wstrict-prototypes -Wpointer-arith -Wno-pointer-sign -fvisibility=hidden -MT cms.lo -MD -MP -MF .deps/cms.Tpo -c cms.c  -fPIC -DPIC -o .libs/cms.o
mv -f .deps/ber-decoder.Tpo .deps/ber-decoder.Plo
/bin/sh ../libtool  --tag=CC   --mode=compile gcc -DHAVE_CONFIG_H -I. -I..  -I../gl -I../gl -DNDEBUG   -march=x86-64-v3 -mtune=haswell -Os -pipe -fno-plt -fPIC -fstack-clash-protection -ffunction-sections -fdata-sections -Wall -Wcast-align -Wshadow -Wstrict-prototypes -Wpointer-arith -Wno-pointer-sign -fvisibility=hidden -MT cms-parser.lo -MD -MP -MF .deps/cms-parser.Tpo -c -o cms-parser.lo cms-parser.c
libtool: compile:  gcc -DHAVE_CONFIG_H -I. -I.. -I../gl -I../gl -DNDEBUG -march=x86-64-v3 -mtune=haswell -Os -pipe -fno-plt -fPIC -fstack-clash-protection -ffunction-sections -fdata-sections -Wall -Wcast-align -Wshadow -Wstrict-prototypes -Wpointer-arith -Wno-pointer-sign -fvisibility=hidden -MT cms-parser.lo -MD -MP -MF .deps/cms-parser.Tpo -c cms-parser.c  -fPIC -DPIC -o .libs/cms-parser.o
mv -f .deps/der-builder.Tpo .deps/der-builder.Plo
/bin/sh ../libtool  --tag=CC   --mode=compile gcc -DHAVE_CONFIG_H -I. -I..  -I../gl -I../gl -DNDEBUG   -march=x86-64-v3 -mtune=haswell -Os -pipe -fno-plt -fPIC -fstack-clash-protection -ffunction-sections -fdata-sections -Wall -Wcast-align -Wshadow -Wstrict-prototypes -Wpointer-arith -Wno-pointer-sign -fvisibility=hidden -MT crl.lo -MD -MP -MF .deps/crl.Tpo -c -o crl.lo crl.c
libtool: compile:  gcc -DHAVE_CONFIG_H -I. -I.. -I../gl -I../gl -DNDEBUG -march=x86-64-v3 -mtune=haswell -Os -pipe -fno-plt -fPIC -fstack-clash-protection -ffunction-sections -fdata-sections -Wall -Wcast-align -Wshadow -Wstrict-prototypes -Wpointer-arith -Wno-pointer-sign -fvisibility=hidden -MT crl.lo -MD -MP -MF .deps/crl.Tpo -c crl.c  -fPIC -DPIC -o .libs/crl.o
mv -f .deps/cms-parser.Tpo .deps/cms-parser.Plo
/bin/sh ../libtool  --tag=CC   --mode=compile gcc -DHAVE_CONFIG_H -I. -I..  -I../gl -I../gl -DNDEBUG   -march=x86-64-v3 -mtune=haswell -Os -pipe -fno-plt -fPIC -fstack-clash-protection -ffunction-sections -fdata-sections -Wall -Wcast-align -Wshadow -Wstrict-prototypes -Wpointer-arith -Wno-pointer-sign -fvisibility=hidden -MT certreq.lo -MD -MP -MF .deps/certreq.Tpo -c -o certreq.lo certreq.c
libtool: compile:  gcc -DHAVE_CONFIG_H -I. -I.. -I../gl -I../gl -DNDEBUG -march=x86-64-v3 -mtune=haswell -Os -pipe -fno-plt -fPIC -fstack-clash-protection -ffunction-sections -fdata-sections -Wall -Wcast-align -Wshadow -Wstrict-prototypes -Wpointer-arith -Wno-pointer-sign -fvisibility=hidden -MT certreq.lo -MD -MP -MF .deps/certreq.Tpo -c certreq.c  -fPIC -DPIC -o .libs/certreq.o
mv -f .deps/crl.Tpo .deps/crl.Plo
/bin/sh ../libtool  --tag=CC   --mode=compile gcc -DHAVE_CONFIG_H -I. -I..  -I../gl -I../gl -DNDEBUG   -march=x86-64-v3 -mtune=haswell -Os -pipe -fno-plt -fPIC -fstack-clash-protection -ffunction-sections -fdata-sections -Wall -Wcast-align -Wshadow -Wstrict-prototypes -Wpointer-arith -Wno-pointer-sign -fvisibility=hidden -MT ocsp.lo -MD -MP -MF .deps/ocsp.Tpo -c -o ocsp.lo ocsp.c
mv -f .deps/cert.Tpo .deps/cert.Plo
/bin/sh ../libtool  --tag=CC   --mode=compile gcc -DHAVE_CONFIG_H -I. -I..  -I../gl -I../gl -DNDEBUG   -march=x86-64-v3 -mtune=haswell -Os -pipe -fno-plt -fPIC -fstack-clash-protection -ffunction-sections -fdata-sections -Wall -Wcast-align -Wshadow -Wstrict-prototypes -Wpointer-arith -Wno-pointer-sign -fvisibility=hidden -MT keyinfo.lo -MD -MP -MF .deps/keyinfo.Tpo -c -o keyinfo.lo keyinfo.c
libtool: compile:  gcc -DHAVE_CONFIG_H -I. -I.. -I../gl -I../gl -DNDEBUG -march=x86-64-v3 -mtune=haswell -Os -pipe -fno-plt -fPIC -fstack-clash-protection -ffunction-sections -fdata-sections -Wall -Wcast-align -Wshadow -Wstrict-prototypes -Wpointer-arith -Wno-pointer-sign -fvisibility=hidden -MT ocsp.lo -MD -MP -MF .deps/ocsp.Tpo -c ocsp.c  -fPIC -DPIC -o .libs/ocsp.o
libtool: compile:  gcc -DHAVE_CONFIG_H -I. -I.. -I../gl -I../gl -DNDEBUG -march=x86-64-v3 -mtune=haswell -Os -pipe -fno-plt -fPIC -fstack-clash-protection -ffunction-sections -fdata-sections -Wall -Wcast-align -Wshadow -Wstrict-prototypes -Wpointer-arith -Wno-pointer-sign -fvisibility=hidden -MT keyinfo.lo -MD -MP -MF .deps/keyinfo.Tpo -c keyinfo.c  -fPIC -DPIC -o .libs/keyinfo.o
mv -f .deps/certreq.Tpo .deps/certreq.Plo
/bin/sh ../libtool  --tag=CC   --mode=compile gcc -DHAVE_CONFIG_H -I. -I..  -I../gl -I../gl -DNDEBUG   -march=x86-64-v3 -mtune=haswell -Os -pipe -fno-plt -fPIC -fstack-clash-protection -ffunction-sections -fdata-sections -Wall -Wcast-align -Wshadow -Wstrict-prototypes -Wpointer-arith -Wno-pointer-sign -fvisibility=hidden -MT oid.lo -MD -MP -MF .deps/oid.Tpo -c -o oid.lo oid.c
libtool: compile:  gcc -DHAVE_CONFIG_H -I. -I.. -I../gl -I../gl -DNDEBUG -march=x86-64-v3 -mtune=haswell -Os -pipe -fno-plt -fPIC -fstack-clash-protection -ffunction-sections -fdata-sections -Wall -Wcast-align -Wshadow -Wstrict-prototypes -Wpointer-arith -Wno-pointer-sign -fvisibility=hidden -MT oid.lo -MD -MP -MF .deps/oid.Tpo -c oid.c  -fPIC -DPIC -o .libs/oid.o
mv -f .deps/oid.Tpo .deps/oid.Plo
/bin/sh ../libtool  --tag=CC   --mode=compile gcc -DHAVE_CONFIG_H -I. -I..  -I../gl -I../gl -DNDEBUG   -march=x86-64-v3 -mtune=haswell -Os -pipe -fno-plt -fPIC -fstack-clash-protection -ffunction-sections -fdata-sections -Wall -Wcast-align -Wshadow -Wstrict-prototypes -Wpointer-arith -Wno-pointer-sign -fvisibility=hidden -MT name.lo -MD -MP -MF .deps/name.Tpo -c -o name.lo name.c
libtool: compile:  gcc -DHAVE_CONFIG_H -I. -I.. -I../gl -I../gl -DNDEBUG -march=x86-64-v3 -mtune=haswell -Os -pipe -fno-plt -fPIC -fstack-clash-protection -ffunction-sections -fdata-sections -Wall -Wcast-align -Wshadow -Wstrict-prototypes -Wpointer-arith -Wno-pointer-sign -fvisibility=hidden -MT name.lo -MD -MP -MF .deps/name.Tpo -c name.c  -fPIC -DPIC -o .libs/name.o
mv -f .deps/name.Tpo .deps/name.Plo
/bin/sh ../libtool  --tag=CC   --mode=compile gcc -DHAVE_CONFIG_H -I. -I..  -I../gl -I../gl -DNDEBUG   -march=x86-64-v3 -mtune=haswell -Os -pipe -fno-plt -fPIC -fstack-clash-protection -ffunction-sections -fdata-sections -Wall -Wcast-align -Wshadow -Wstrict-prototypes -Wpointer-arith -Wno-pointer-sign -fvisibility=hidden -MT dn.lo -MD -MP -MF .deps/dn.Tpo -c -o dn.lo dn.c
libtool: compile:  gcc -DHAVE_CONFIG_H -I. -I.. -I../gl -I../gl -DNDEBUG -march=x86-64-v3 -mtune=haswell -Os -pipe -fno-plt -fPIC -fstack-clash-protection -ffunction-sections -fdata-sections -Wall -Wcast-align -Wshadow -Wstrict-prototypes -Wpointer-arith -Wno-pointer-sign -fvisibility=hidden -MT dn.lo -MD -MP -MF .deps/dn.Tpo -c dn.c  -fPIC -DPIC -o .libs/dn.o
mv -f .deps/cms.Tpo .deps/cms.Plo
/bin/sh ../libtool  --tag=CC   --mode=compile gcc -DHAVE_CONFIG_H -I. -I..  -I../gl -I../gl -DNDEBUG   -march=x86-64-v3 -mtune=haswell -Os -pipe -fno-plt -fPIC -fstack-clash-protection -ffunction-sections -fdata-sections -Wall -Wcast-align -Wshadow -Wstrict-prototypes -Wpointer-arith -Wno-pointer-sign -fvisibility=hidden -MT time.lo -MD -MP -MF .deps/time.Tpo -c -o time.lo time.c
libtool: compile:  gcc -DHAVE_CONFIG_H -I. -I.. -I../gl -I../gl -DNDEBUG -march=x86-64-v3 -mtune=haswell -Os -pipe -fno-plt -fPIC -fstack-clash-protection -ffunction-sections -fdata-sections -Wall -Wcast-align -Wshadow -Wstrict-prototypes -Wpointer-arith -Wno-pointer-sign -fvisibility=hidden -MT time.lo -MD -MP -MF .deps/time.Tpo -c time.c  -fPIC -DPIC -o .libs/time.o
mv -f .deps/ocsp.Tpo .deps/ocsp.Plo
/bin/sh ../libtool  --tag=CC   --mode=compile gcc -DHAVE_CONFIG_H -I. -I..  -I../gl -I../gl -DNDEBUG   -march=x86-64-v3 -mtune=haswell -Os -pipe -fno-plt -fPIC -fstack-clash-protection -ffunction-sections -fdata-sections -Wall -Wcast-align -Wshadow -Wstrict-prototypes -Wpointer-arith -Wno-pointer-sign -fvisibility=hidden -MT version.lo -MD -MP -MF .deps/version.Tpo -c -o version.lo version.c
libtool: compile:  gcc -DHAVE_CONFIG_H -I. -I.. -I../gl -I../gl -DNDEBUG -march=x86-64-v3 -mtune=haswell -Os -pipe -fno-plt -fPIC -fstack-clash-protection -ffunction-sections -fdata-sections -Wall -Wcast-align -Wshadow -Wstrict-prototypes -Wpointer-arith -Wno-pointer-sign -fvisibility=hidden -MT version.lo -MD -MP -MF .deps/version.Tpo -c version.c  -fPIC -DPIC -o .libs/version.o
mv -f .deps/time.Tpo .deps/time.Plo
/bin/sh ../libtool  --tag=CC   --mode=compile gcc -DHAVE_CONFIG_H -I. -I..  -I../gl -I../gl -DNDEBUG   -march=x86-64-v3 -mtune=haswell -Os -pipe -fno-plt -fPIC -fstack-clash-protection -ffunction-sections -fdata-sections -Wall -Wcast-align -Wshadow -Wstrict-prototypes -Wpointer-arith -Wno-pointer-sign -fvisibility=hidden -MT util.lo -MD -MP -MF .deps/util.Tpo -c -o util.lo util.c
libtool: compile:  gcc -DHAVE_CONFIG_H -I. -I.. -I../gl -I../gl -DNDEBUG -march=x86-64-v3 -mtune=haswell -Os -pipe -fno-plt -fPIC -fstack-clash-protection -ffunction-sections -fdata-sections -Wall -Wcast-align -Wshadow -Wstrict-prototypes -Wpointer-arith -Wno-pointer-sign -fvisibility=hidden -MT util.lo -MD -MP -MF .deps/util.Tpo -c util.c  -fPIC -DPIC -o .libs/util.o
mv -f .deps/version.Tpo .deps/version.Plo
/bin/sh ../libtool  --tag=CC   --mode=compile gcc -DHAVE_CONFIG_H -I. -I..  -I../gl -I../gl -DNDEBUG   -march=x86-64-v3 -mtune=haswell -Os -pipe -fno-plt -fPIC -fstack-clash-protection -ffunction-sections -fdata-sections -Wall -Wcast-align -Wshadow -Wstrict-prototypes -Wpointer-arith -Wno-pointer-sign -fvisibility=hidden -MT asn1-tables.lo -MD -MP -MF .deps/asn1-tables.Tpo -c -o asn1-tables.lo asn1-tables.c
libtool: compile:  gcc -DHAVE_CONFIG_H -I. -I.. -I../gl -I../gl -DNDEBUG -march=x86-64-v3 -mtune=haswell -Os -pipe -fno-plt -fPIC -fstack-clash-protection -ffunction-sections -fdata-sections -Wall -Wcast-align -Wshadow -Wstrict-prototypes -Wpointer-arith -Wno-pointer-sign -fvisibility=hidden -MT asn1-tables.lo -MD -MP -MF .deps/asn1-tables.Tpo -c asn1-tables.c  -fPIC -DPIC -o .libs/asn1-tables.o
mv -f .deps/keyinfo.Tpo .deps/keyinfo.Plo
/bin/sh ../libtool  --tag=CC   --mode=link gcc   -march=x86-64-v3 -mtune=haswell -Os -pipe -fno-plt -fPIC -fstack-clash-protection -ffunction-sections -fdata-sections -Wall -Wcast-align -Wshadow -Wstrict-prototypes -Wpointer-arith -Wno-pointer-sign -fvisibility=hidden  -Wl,-O2,--sort-common,--as-needed,-z,relro,-z,now,--gc-sections,--compress-debug-sections=zstd -o ber-dump ber_dump-ber-dump.o ber_dump-ber-decoder.o ber_dump-ber-help.o ber_dump-reader.o ber_dump-writer.o ber_dump-asn1-parse.o ber_dump-asn1-func.o ber_dump-oid.o ber_dump-time.o ber_dump-util.o -lgpg-error ../gl/libgnu.la 
mv -f .deps/util.Tpo .deps/util.Plo
libtool: link: gcc -march=x86-64-v3 -mtune=haswell -Os -pipe -fno-plt -fPIC -fstack-clash-protection -ffunction-sections -fdata-sections -Wall -Wcast-align -Wshadow -Wstrict-prototypes -Wpointer-arith -Wno-pointer-sign -fvisibility=hidden -Wl,-O2 -Wl,--sort-common -Wl,--as-needed -Wl,-z -Wl,relro -Wl,-z -Wl,now -Wl,--gc-sections -Wl,--compress-debug-sections=zstd -o ber-dump ber_dump-ber-dump.o ber_dump-ber-decoder.o ber_dump-ber-help.o ber_dump-reader.o ber_dump-writer.o ber_dump-asn1-parse.o ber_dump-asn1-func.o ber_dump-oid.o ber_dump-time.o ber_dump-util.o  -lgpg-error ../gl/.libs/libgnu.a
mv -f .deps/asn1-tables.Tpo .deps/asn1-tables.Plo
mv -f .deps/dn.Tpo .deps/dn.Plo
/bin/sh ../libtool  --tag=CC   --mode=link gcc   -march=x86-64-v3 -mtune=haswell -Os -pipe -fno-plt -fPIC -fstack-clash-protection -ffunction-sections -fdata-sections -Wall -Wcast-align -Wshadow -Wstrict-prototypes -Wpointer-arith -Wno-pointer-sign -fvisibility=hidden    -Wl,--version-script=./libksba.vers -version-info 22:6:14  -Wl,-O2,--sort-common,--as-needed,-z,relro,-z,now,--gc-sections,--compress-debug-sections=zstd -o libksba.la -rpath /usr/lib visibility.lo reader.lo writer.lo asn1-parse.lo asn1-func.lo asn1-func2.lo ber-help.lo ber-decoder.lo der-encoder.lo der-builder.lo cert.lo cms.lo cms-parser.lo crl.lo certreq.lo ocsp.lo keyinfo.lo oid.lo name.lo dn.lo time.lo version.lo util.lo asn1-tables.lo   -lgpg-error 
libtool: link: gcc -shared  -fPIC -DPIC  .libs/visibility.o .libs/reader.o .libs/writer.o .libs/asn1-parse.o .libs/asn1-func.o .libs/asn1-func2.o .libs/ber-help.o .libs/ber-decoder.o .libs/der-encoder.o .libs/der-builder.o .libs/cert.o .libs/cms.o .libs/cms-parser.o .libs/crl.o .libs/certreq.o .libs/ocsp.o .libs/keyinfo.o .libs/oid.o .libs/name.o .libs/dn.o .libs/time.o .libs/version.o .libs/util.o .libs/asn1-tables.o   -lgpg-error  -march=x86-64-v3 -mtune=haswell -Os -Wl,--version-script=./libksba.vers -Wl,-O2 -Wl,--sort-common -Wl,--as-needed -Wl,-z -Wl,relro -Wl,-z -Wl,now -Wl,--gc-sections -Wl,--compress-debug-sections=zstd   -Wl,-soname -Wl,libksba.so.8 -o .libs/libksba.so.8.14.6
libtool: link: (cd ".libs" && rm -f "libksba.so.8" && ln -s "libksba.so.8.14.6" "libksba.so.8")
libtool: link: (cd ".libs" && rm -f "libksba.so" && ln -s "libksba.so.8.14.6" "libksba.so")
libtool: link: ( cd ".libs" && rm -f "libksba.la" && ln -s "../libksba.la" "libksba.la" )
make[3]: Leaving directory '/sources/libksba-1.6.6/src'
make[2]: Leaving directory '/sources/libksba-1.6.6/src'
Making all in tests
make[2]: Entering directory '/sources/libksba-1.6.6/tests'
set -e; f="/dev/null"; \
        for i in /etc/dumpasn1 /usr/local/bin /usr/local/share /usr/bin \
                 /usr/share ; do \
          if test -f $i/dumpasn1.cfg; then f=$i/dumpasn1.cfg; break; fi; \
        done; tr -d '\r' <$f | gawk -f ./mkoidtbl.awk >oidtranstbl.h
make  all-am
make[3]: Entering directory '/sources/libksba-1.6.6/tests'
gcc -DHAVE_CONFIG_H -I. -I..   -DNDEBUG   -march=x86-64-v3 -mtune=haswell -Os -pipe -fno-plt -fPIC -fstack-clash-protection -ffunction-sections -fdata-sections -Wall -Wcast-align -Wshadow -Wstrict-prototypes -Wpointer-arith -Wno-pointer-sign -fvisibility=hidden -MT cert-basic.o -MD -MP -MF .deps/cert-basic.Tpo -c -o cert-basic.o cert-basic.c
gcc -DHAVE_CONFIG_H -I. -I..   -DNDEBUG   -march=x86-64-v3 -mtune=haswell -Os -pipe -fno-plt -fPIC -fstack-clash-protection -ffunction-sections -fdata-sections -Wall -Wcast-align -Wshadow -Wstrict-prototypes -Wpointer-arith -Wno-pointer-sign -fvisibility=hidden -MT t-crl-parser.o -MD -MP -MF .deps/t-crl-parser.Tpo -c -o t-crl-parser.o t-crl-parser.c
gcc -DHAVE_CONFIG_H -I. -I..   -DNDEBUG   -march=x86-64-v3 -mtune=haswell -Os -pipe -fno-plt -fPIC -fstack-clash-protection -ffunction-sections -fdata-sections -Wall -Wcast-align -Wshadow -Wstrict-prototypes -Wpointer-arith -Wno-pointer-sign -fvisibility=hidden -MT t-dnparser.o -MD -MP -MF .deps/t-dnparser.Tpo -c -o t-dnparser.o t-dnparser.c
gcc -DHAVE_CONFIG_H -I. -I..   -DNDEBUG   -march=x86-64-v3 -mtune=haswell -Os -pipe -fno-plt -fPIC -fstack-clash-protection -ffunction-sections -fdata-sections -Wall -Wcast-align -Wshadow -Wstrict-prototypes -Wpointer-arith -Wno-pointer-sign -fvisibility=hidden -MT t-oid.o -MD -MP -MF .deps/t-oid.Tpo -c -o t-oid.o t-oid.c
mv -f .deps/t-oid.Tpo .deps/t-oid.Po
gcc -DHAVE_CONFIG_H -I. -I..   -DNDEBUG   -march=x86-64-v3 -mtune=haswell -Os -pipe -fno-plt -fPIC -fstack-clash-protection -ffunction-sections -fdata-sections -Wall -Wcast-align -Wshadow -Wstrict-prototypes -Wpointer-arith -Wno-pointer-sign -fvisibility=hidden -MT t-reader.o -MD -MP -MF .deps/t-reader.Tpo -c -o t-reader.o t-reader.c
mv -f .deps/t-dnparser.Tpo .deps/t-dnparser.Po
gcc -DHAVE_CONFIG_H -I. -I..   -DNDEBUG   -march=x86-64-v3 -mtune=haswell -Os -pipe -fno-plt -fPIC -fstack-clash-protection -ffunction-sections -fdata-sections -Wall -Wcast-align -Wshadow -Wstrict-prototypes -Wpointer-arith -Wno-pointer-sign -fvisibility=hidden -MT t-cms-parser.o -MD -MP -MF .deps/t-cms-parser.Tpo -c -o t-cms-parser.o t-cms-parser.c
mv -f .deps/t-crl-parser.Tpo .deps/t-crl-parser.Po
gcc -DHAVE_CONFIG_H -I. -I..   -DNDEBUG   -march=x86-64-v3 -mtune=haswell -Os -pipe -fno-plt -fPIC -fstack-clash-protection -ffunction-sections -fdata-sections -Wall -Wcast-align -Wshadow -Wstrict-prototypes -Wpointer-arith -Wno-pointer-sign -fvisibility=hidden -MT t-der-builder.o -MD -MP -MF .deps/t-der-builder.Tpo -c -o t-der-builder.o t-der-builder.c
mv -f .deps/t-reader.Tpo .deps/t-reader.Po
gcc -DHAVE_CONFIG_H -I. -I..   -DNDEBUG   -march=x86-64-v3 -mtune=haswell -Os -pipe -fno-plt -fPIC -fstack-clash-protection -ffunction-sections -fdata-sections -Wall -Wcast-align -Wshadow -Wstrict-prototypes -Wpointer-arith -Wno-pointer-sign -fvisibility=hidden -MT t-ocsp.o -MD -MP -MF .deps/t-ocsp.Tpo -c -o t-ocsp.o t-ocsp.c
mv -f .deps/cert-basic.Tpo .deps/cert-basic.Po
gcc -DHAVE_CONFIG_H -I. -I..   -DNDEBUG   -march=x86-64-v3 -mtune=haswell -Os -pipe -fno-plt -fPIC -fstack-clash-protection -ffunction-sections -fdata-sections -Wall -Wcast-align -Wshadow -Wstrict-prototypes -Wpointer-arith -Wno-pointer-sign -fvisibility=hidden -MT sha1.o -MD -MP -MF .deps/sha1.Tpo -c -o sha1.o sha1.c
mv -f .deps/t-cms-parser.Tpo .deps/t-cms-parser.Po
/bin/sh ../libtool  --tag=CC   --mode=link gcc   -march=x86-64-v3 -mtune=haswell -Os -pipe -fno-plt -fPIC -fstack-clash-protection -ffunction-sections -fdata-sections -Wall -Wcast-align -Wshadow -Wstrict-prototypes -Wpointer-arith -Wno-pointer-sign -fvisibility=hidden -no-install  -Wl,-O2,--sort-common,--as-needed,-z,relro,-z,now,--gc-sections,--compress-debug-sections=zstd -o cert-basic cert-basic.o ../src/libksba.la -lgpg-error  
mv -f .deps/t-der-builder.Tpo .deps/t-der-builder.Po
/bin/sh ../libtool  --tag=CC   --mode=link gcc   -march=x86-64-v3 -mtune=haswell -Os -pipe -fno-plt -fPIC -fstack-clash-protection -ffunction-sections -fdata-sections -Wall -Wcast-align -Wshadow -Wstrict-prototypes -Wpointer-arith -Wno-pointer-sign -fvisibility=hidden -no-install  -Wl,-O2,--sort-common,--as-needed,-z,relro,-z,now,--gc-sections,--compress-debug-sections=zstd -o t-crl-parser t-crl-parser.o ../src/libksba.la -lgpg-error  
libtool: link: gcc -march=x86-64-v3 -mtune=haswell -Os -pipe -fno-plt -fPIC -fstack-clash-protection -ffunction-sections -fdata-sections -Wall -Wcast-align -Wshadow -Wstrict-prototypes -Wpointer-arith -Wno-pointer-sign -fvisibility=hidden -Wl,-O2 -Wl,--sort-common -Wl,--as-needed -Wl,-z -Wl,relro -Wl,-z -Wl,now -Wl,--gc-sections -Wl,--compress-debug-sections=zstd -o cert-basic cert-basic.o  ../src/.libs/libksba.so -lgpg-error -Wl,-rpath -Wl,/sources/libksba-1.6.6/src/.libs
libtool: link: gcc -march=x86-64-v3 -mtune=haswell -Os -pipe -fno-plt -fPIC -fstack-clash-protection -ffunction-sections -fdata-sections -Wall -Wcast-align -Wshadow -Wstrict-prototypes -Wpointer-arith -Wno-pointer-sign -fvisibility=hidden -Wl,-O2 -Wl,--sort-common -Wl,--as-needed -Wl,-z -Wl,relro -Wl,-z -Wl,now -Wl,--gc-sections -Wl,--compress-debug-sections=zstd -o t-crl-parser t-crl-parser.o  ../src/.libs/libksba.so -lgpg-error -Wl,-rpath -Wl,/sources/libksba-1.6.6/src/.libs
/bin/sh ../libtool  --tag=CC   --mode=link gcc   -march=x86-64-v3 -mtune=haswell -Os -pipe -fno-plt -fPIC -fstack-clash-protection -ffunction-sections -fdata-sections -Wall -Wcast-align -Wshadow -Wstrict-prototypes -Wpointer-arith -Wno-pointer-sign -fvisibility=hidden -no-install  -Wl,-O2,--sort-common,--as-needed,-z,relro,-z,now,--gc-sections,--compress-debug-sections=zstd -o t-dnparser t-dnparser.o ../src/libksba.la -lgpg-error  
/bin/sh ../libtool  --tag=CC   --mode=link gcc   -march=x86-64-v3 -mtune=haswell -Os -pipe -fno-plt -fPIC -fstack-clash-protection -ffunction-sections -fdata-sections -Wall -Wcast-align -Wshadow -Wstrict-prototypes -Wpointer-arith -Wno-pointer-sign -fvisibility=hidden -no-install  -Wl,-O2,--sort-common,--as-needed,-z,relro,-z,now,--gc-sections,--compress-debug-sections=zstd -o t-oid t-oid.o ../src/libksba.la -lgpg-error  
mv -f .deps/t-ocsp.Tpo .deps/t-ocsp.Po
/bin/sh ../libtool  --tag=CC   --mode=link gcc   -march=x86-64-v3 -mtune=haswell -Os -pipe -fno-plt -fPIC -fstack-clash-protection -ffunction-sections -fdata-sections -Wall -Wcast-align -Wshadow -Wstrict-prototypes -Wpointer-arith -Wno-pointer-sign -fvisibility=hidden -no-install  -Wl,-O2,--sort-common,--as-needed,-z,relro,-z,now,--gc-sections,--compress-debug-sections=zstd -o t-reader t-reader.o ../src/libksba.la -lgpg-error  
libtool: link: gcc -march=x86-64-v3 -mtune=haswell -Os -pipe -fno-plt -fPIC -fstack-clash-protection -ffunction-sections -fdata-sections -Wall -Wcast-align -Wshadow -Wstrict-prototypes -Wpointer-arith -Wno-pointer-sign -fvisibility=hidden -Wl,-O2 -Wl,--sort-common -Wl,--as-needed -Wl,-z -Wl,relro -Wl,-z -Wl,now -Wl,--gc-sections -Wl,--compress-debug-sections=zstd -o t-dnparser t-dnparser.o  ../src/.libs/libksba.so -lgpg-error -Wl,-rpath -Wl,/sources/libksba-1.6.6/src/.libs
libtool: link: gcc -march=x86-64-v3 -mtune=haswell -Os -pipe -fno-plt -fPIC -fstack-clash-protection -ffunction-sections -fdata-sections -Wall -Wcast-align -Wshadow -Wstrict-prototypes -Wpointer-arith -Wno-pointer-sign -fvisibility=hidden -Wl,-O2 -Wl,--sort-common -Wl,--as-needed -Wl,-z -Wl,relro -Wl,-z -Wl,now -Wl,--gc-sections -Wl,--compress-debug-sections=zstd -o t-oid t-oid.o  ../src/.libs/libksba.so -lgpg-error -Wl,-rpath -Wl,/sources/libksba-1.6.6/src/.libs
/bin/sh ../libtool  --tag=CC   --mode=link gcc   -march=x86-64-v3 -mtune=haswell -Os -pipe -fno-plt -fPIC -fstack-clash-protection -ffunction-sections -fdata-sections -Wall -Wcast-align -Wshadow -Wstrict-prototypes -Wpointer-arith -Wno-pointer-sign -fvisibility=hidden -no-install  -Wl,-O2,--sort-common,--as-needed,-z,relro,-z,now,--gc-sections,--compress-debug-sections=zstd -o t-cms-parser t-cms-parser.o ../src/libksba.la -lgpg-error  
/bin/sh ../libtool  --tag=CC   --mode=link gcc   -march=x86-64-v3 -mtune=haswell -Os -pipe -fno-plt -fPIC -fstack-clash-protection -ffunction-sections -fdata-sections -Wall -Wcast-align -Wshadow -Wstrict-prototypes -Wpointer-arith -Wno-pointer-sign -fvisibility=hidden -no-install  -Wl,-O2,--sort-common,--as-needed,-z,relro,-z,now,--gc-sections,--compress-debug-sections=zstd -o t-der-builder t-der-builder.o ../src/libksba.la -lgpg-error  
libtool: link: gcc -march=x86-64-v3 -mtune=haswell -Os -pipe -fno-plt -fPIC -fstack-clash-protection -ffunction-sections -fdata-sections -Wall -Wcast-align -Wshadow -Wstrict-prototypes -Wpointer-arith -Wno-pointer-sign -fvisibility=hidden -Wl,-O2 -Wl,--sort-common -Wl,--as-needed -Wl,-z -Wl,relro -Wl,-z -Wl,now -Wl,--gc-sections -Wl,--compress-debug-sections=zstd -o t-reader t-reader.o  ../src/.libs/libksba.so -lgpg-error -Wl,-rpath -Wl,/sources/libksba-1.6.6/src/.libs
libtool: link: gcc -march=x86-64-v3 -mtune=haswell -Os -pipe -fno-plt -fPIC -fstack-clash-protection -ffunction-sections -fdata-sections -Wall -Wcast-align -Wshadow -Wstrict-prototypes -Wpointer-arith -Wno-pointer-sign -fvisibility=hidden -Wl,-O2 -Wl,--sort-common -Wl,--as-needed -Wl,-z -Wl,relro -Wl,-z -Wl,now -Wl,--gc-sections -Wl,--compress-debug-sections=zstd -o t-cms-parser t-cms-parser.o  ../src/.libs/libksba.so -lgpg-error -Wl,-rpath -Wl,/sources/libksba-1.6.6/src/.libs
libtool: link: gcc -march=x86-64-v3 -mtune=haswell -Os -pipe -fno-plt -fPIC -fstack-clash-protection -ffunction-sections -fdata-sections -Wall -Wcast-align -Wshadow -Wstrict-prototypes -Wpointer-arith -Wno-pointer-sign -fvisibility=hidden -Wl,-O2 -Wl,--sort-common -Wl,--as-needed -Wl,-z -Wl,relro -Wl,-z -Wl,now -Wl,--gc-sections -Wl,--compress-debug-sections=zstd -o t-der-builder t-der-builder.o  ../src/.libs/libksba.so -lgpg-error -Wl,-rpath -Wl,/sources/libksba-1.6.6/src/.libs
mv -f .deps/sha1.Tpo .deps/sha1.Po
/bin/sh ../libtool  --tag=CC   --mode=link gcc   -march=x86-64-v3 -mtune=haswell -Os -pipe -fno-plt -fPIC -fstack-clash-protection -ffunction-sections -fdata-sections -Wall -Wcast-align -Wshadow -Wstrict-prototypes -Wpointer-arith -Wno-pointer-sign -fvisibility=hidden -no-install  -Wl,-O2,--sort-common,--as-needed,-z,relro,-z,now,--gc-sections,--compress-debug-sections=zstd -o t-ocsp t-ocsp.o sha1.o ../src/libksba.la -lgpg-error  
libtool: link: gcc -march=x86-64-v3 -mtune=haswell -Os -pipe -fno-plt -fPIC -fstack-clash-protection -ffunction-sections -fdata-sections -Wall -Wcast-align -Wshadow -Wstrict-prototypes -Wpointer-arith -Wno-pointer-sign -fvisibility=hidden -Wl,-O2 -Wl,--sort-common -Wl,--as-needed -Wl,-z -Wl,relro -Wl,-z -Wl,now -Wl,--gc-sections -Wl,--compress-debug-sections=zstd -o t-ocsp t-ocsp.o sha1.o  ../src/.libs/libksba.so -lgpg-error -Wl,-rpath -Wl,/sources/libksba-1.6.6/src/.libs
make[3]: Leaving directory '/sources/libksba-1.6.6/tests'
make[2]: Leaving directory '/sources/libksba-1.6.6/tests'
Making all in doc
make[2]: Entering directory '/sources/libksba-1.6.6/doc'
make[2]: Nothing to be done for 'all'.
make[2]: Leaving directory '/sources/libksba-1.6.6/doc'
make[2]: Entering directory '/sources/libksba-1.6.6'
make[2]: Leaving directory '/sources/libksba-1.6.6'
make[1]: Leaving directory '/sources/libksba-1.6.6'
Making install in m4
make[1]: Entering directory '/sources/libksba-1.6.6/m4'
make[2]: Entering directory '/sources/libksba-1.6.6/m4'
make[2]: Nothing to be done for 'install-exec-am'.
make[2]: Nothing to be done for 'install-data-am'.
make[2]: Leaving directory '/sources/libksba-1.6.6/m4'
make[1]: Leaving directory '/sources/libksba-1.6.6/m4'
Making install in gl
make[1]: Entering directory '/sources/libksba-1.6.6/gl'
make  install-am
make[2]: Entering directory '/sources/libksba-1.6.6/gl'
make[3]: Entering directory '/sources/libksba-1.6.6/gl'
make[3]: Nothing to be done for 'install-exec-am'.
make[3]: Nothing to be done for 'install-data-am'.
make[3]: Leaving directory '/sources/libksba-1.6.6/gl'
make[2]: Leaving directory '/sources/libksba-1.6.6/gl'
make[1]: Leaving directory '/sources/libksba-1.6.6/gl'
Making install in src
make[1]: Entering directory '/sources/libksba-1.6.6/src'
make  install-am
make[2]: Entering directory '/sources/libksba-1.6.6/src'
make[3]: Entering directory '/sources/libksba-1.6.6/src'
 /usr/bin/mkdir -p '/usr/lib'
 /bin/sh ../libtool   --mode=install /usr/bin/install -c   libksba.la '/usr/lib'
 /usr/bin/mkdir -p '/usr/include'
 /usr/bin/mkdir -p '/usr/share/aclocal'
 /usr/bin/mkdir -p '/usr/lib/pkgconfig'
 /usr/bin/install -c -m 644 ksba.m4 '/usr/share/aclocal'
 /usr/bin/install -c -m 644 ksba.h '/usr/include'
 /usr/bin/install -c -m 644 ksba.pc '/usr/lib/pkgconfig'
libtool: install: /usr/bin/install -c .libs/libksba.so.8.14.6 /usr/lib/libksba.so.8.14.6
libtool: install: (cd /usr/lib && { ln -s -f libksba.so.8.14.6 libksba.so.8 || { rm -f libksba.so.8 && ln -s libksba.so.8.14.6 libksba.so.8; }; })
libtool: install: (cd /usr/lib && { ln -s -f libksba.so.8.14.6 libksba.so || { rm -f libksba.so && ln -s libksba.so.8.14.6 libksba.so; }; })
libtool: install: /usr/bin/install -c .libs/libksba.lai /usr/lib/libksba.la
libtool: finish: PATH="/usr/bin:/usr/sbin:/usr/local/bin:/sbin" ldconfig -n /usr/lib
----------------------------------------------------------------------
Libraries have been installed in:
   /usr/lib

If you ever happen to want to link against installed libraries
in a given directory, LIBDIR, you must either use libtool, and
specify the full pathname of the library, or use the `-LLIBDIR'
flag during linking and do at least one of the following:
   - add LIBDIR to the `LD_LIBRARY_PATH' environment variable
     during execution
   - add LIBDIR to the `LD_RUN_PATH' environment variable
     during linking
   - use the `-Wl,-rpath -Wl,LIBDIR' linker flag

See any operating system documentation about shared libraries for
more information, such as the ld(1) and ld.so(8) manual pages.
----------------------------------------------------------------------
make[3]: Leaving directory '/sources/libksba-1.6.6/src'
make[2]: Leaving directory '/sources/libksba-1.6.6/src'
make[1]: Leaving directory '/sources/libksba-1.6.6/src'
Making install in tests
make[1]: Entering directory '/sources/libksba-1.6.6/tests'
make  install-am
make[2]: Entering directory '/sources/libksba-1.6.6/tests'
make[3]: Entering directory '/sources/libksba-1.6.6/tests'
make[3]: Nothing to be done for 'install-exec-am'.
make[3]: Nothing to be done for 'install-data-am'.
make[3]: Leaving directory '/sources/libksba-1.6.6/tests'
make[2]: Leaving directory '/sources/libksba-1.6.6/tests'
make[1]: Leaving directory '/sources/libksba-1.6.6/tests'
Making install in doc
make[1]: Entering directory '/sources/libksba-1.6.6/doc'
make[2]: Entering directory '/sources/libksba-1.6.6/doc'
make[2]: Nothing to be done for 'install-exec-am'.
 /usr/bin/mkdir -p '/usr/share/info'
 /usr/bin/install -c -m 644 ./ksba.info '/usr/share/info'
 install-info --info-dir='/usr/share/info' '/usr/share/info/ksba.info'
make[2]: Leaving directory '/sources/libksba-1.6.6/doc'
make[1]: Leaving directory '/sources/libksba-1.6.6/doc'
make[1]: Entering directory '/sources/libksba-1.6.6'
make[2]: Entering directory '/sources/libksba-1.6.6'
make[2]: Nothing to be done for 'install-exec-am'.
make[2]: Nothing to be done for 'install-data-am'.
make[2]: Leaving directory '/sources/libksba-1.6.6'
make[1]: Leaving directory '/sources/libksba-1.6.6'


CFLAGS:: -march=x86-64-v3 -mtune=haswell -Os -pipe -fno-plt -fPIC -fstack-clash-protection -ffunction-sections -fdata-sections
CXXFLAGS:: -march=x86-64-v3 -mtune=haswell -Os -pipe -fno-plt -fPIC -fstack-clash-protection -ffunction-sections -fdata-sections -Wp,-D_GLIBCXX_ASSERTIONS
CPPFLAGS:: -DNDEBUG
LDFLAGS:: -Wl,-O2,--sort-common,--as-needed,-z,relro,-z,now,--gc-sections,--compress-debug-sections=zstd


Thu May  2 16:43:54 UTC 2024

Totalseconds: 10

KB: 1718968	/

