Thu Mar 28 16:43:25 UTC 2024
KB: 1780544	/

checking for a BSD-compatible install... /usr/bin/install -c
checking whether build environment is sane... yes
checking for a race-free mkdir -p... /usr/bin/mkdir -p
checking for gawk... gawk
checking whether make sets $(MAKE)... yes
checking whether make supports nested variables... yes
checking whether to enable maintainer-specific portions of Makefiles... no
checking build system type... x86_64-pc-linux-uclibc
checking host system type... x86_64-pc-linux-uclibc
checking whether make supports nested variables... (cached) yes
checking whether make supports the include directive... yes (GNU style)
checking for gcc... gcc
checking whether the C compiler works... yes
checking for C compiler default output file name... a.out
checking for suffix of executables... 
checking whether we are cross compiling... no
checking for suffix of object files... o
checking whether the compiler supports GNU C... yes
checking whether gcc accepts -g... yes
checking for gcc option to enable C11 features... none needed
checking whether gcc understands -c and -o together... yes
checking dependency style of gcc... gcc3
checking for stdio.h... yes
checking for stdlib.h... yes
checking for string.h... yes
checking for inttypes.h... yes
checking for stdint.h... yes
checking for strings.h... yes
checking for sys/stat.h... yes
checking for sys/types.h... yes
checking for unistd.h... yes
checking for wchar.h... yes
checking for minix/config.h... no
checking for sys/socket.h... yes
checking whether it is safe to define __EXTENSIONS__... yes
checking whether _XOPEN_SOURCE should be defined... no
checking for gcc... (cached) gcc
checking whether the compiler supports GNU C... (cached) yes
checking whether gcc accepts -g... (cached) yes
checking for gcc option to enable C11 features... (cached) none needed
checking whether gcc understands -c and -o together... (cached) yes
checking dependency style of gcc... (cached) gcc3
checking if gcc supports -Wpointer-arith... yes
checking how to print strings... printf
checking for a sed that does not truncate output... /usr/bin/sed
checking for grep that handles long lines and -e... /usr/bin/grep
checking for egrep... /usr/bin/grep -E
checking for fgrep... /usr/bin/grep -F
checking for ld used by gcc... /usr/bin/ld
checking if the linker (/usr/bin/ld) is GNU ld... yes
checking for BSD- or MS-compatible name lister (nm)... /usr/bin/nm -B
checking the name lister (/usr/bin/nm -B) interface... BSD nm
checking whether ln -s works... yes
checking the maximum length of command line arguments... 1572864
checking whether the shell understands some XSI constructs... yes
checking whether the shell understands "+="... yes
checking how to convert x86_64-pc-linux-uclibc file names to x86_64-pc-linux-uclibc format... func_convert_file_noop
checking how to convert x86_64-pc-linux-uclibc file names to toolchain format... func_convert_file_noop
checking for /usr/bin/ld option to reload object files... -r
checking for objdump... objdump
checking how to recognize dependent libraries... pass_all
checking for dlltool... no
checking how to associate runtime and link libraries... printf %s\n
checking for ar... ar
checking for archiver @FILE support... @
checking for strip... strip
checking for ranlib... ranlib
checking command to parse /usr/bin/nm -B output from gcc object... ok
checking for sysroot... no
checking for mt... no
checking if : is a manifest tool... no
checking for dlfcn.h... yes
checking for objdir... .libs
checking if gcc supports -fno-rtti -fno-exceptions... no
checking for gcc option to produce PIC... -fPIC -DPIC
checking if gcc PIC flag -fPIC -DPIC works... yes
checking if gcc static flag -static works... yes
checking if gcc supports -c -o file.o... yes
checking if gcc supports -c -o file.o... (cached) yes
checking whether the gcc linker (/usr/bin/ld -m elf_x86_64) supports shared libraries... yes
checking whether -lc should be explicitly linked in... no
checking dynamic linker characteristics... GNU/Linux ld.so
checking how to hardcode library paths into programs... immediate
checking whether stripping libraries is possible... yes
checking if libtool supports shared libraries... yes
checking whether to build shared libraries... yes
checking whether to build static libraries... no
checking for windres... no
checking for sys/socket.h... (cached) yes
checking for sys/select.h... yes
checking for unistd.h... (cached) yes
checking for sys/time.h... yes
checking for time.h... yes
checking for signal.h... yes
checking for poll.h... yes
checking for socklen_t... yes
checking for pid_t... yes
checking for size_t... yes
checking for ssize_t... yes
checking for library containing pthread_cancel... none required
checking for pthread_rwlock_t... yes
checking for pthread_tryjoin_np... yes
checking for pthread_setname_np... yes
checking for pthread_getname_np... yes
checking for pthread_mutex_timedlock... yes
checking for pthread_rwlock_rdlock... yes
checking for pthread_rwlock_wrlock... yes
checking for pthread_rwlock_timedrdlock... yes
checking for pthread_rwlock_timedwrlock... yes
checking for pthread_rwlock_tryrdlock... yes
checking for pthread_rwlock_trywrlock... yes
checking for pthread_atfork... yes
checking for select... yes
checking for pselect... yes
checking for gettimeofday... yes
checking for ppoll... yes
checking for library containing setsockopt... none needed
checking for library containing clock_gettime... none required
checking that generated files are newer than configure... done
configure: creating ./config.status
config.status: creating Makefile
config.status: creating npth.pc
config.status: creating src/npth.h
config.status: creating src/Makefile
config.status: creating w32/Makefile
config.status: creating tests/Makefile
config.status: creating npth-config
config.status: creating config.h
config.status: executing depfiles commands
config.status: executing libtool commands

        npth v1.7 prepared for make

        Revision: 150dc11  (5389)
        Platform: x86_64-pc-linux-uclibc

make  all-recursive
make[1]: Entering directory '/sources/npth-1.7'
Making all in src
make[2]: Entering directory '/sources/npth-1.7/src'
/bin/sh ../libtool  --tag=CC   --mode=compile gcc -DHAVE_CONFIG_H -I. -I..   -DNDEBUG  -march=x86-64-v3 -mtune=haswell -Os -pipe -fno-plt -fPIC -fstack-clash-protection -ffunction-sections -fdata-sections -Wall -Wcast-align -Wshadow -Wstrict-prototypes -Wpointer-arith -MT npth.lo -MD -MP -MF .deps/npth.Tpo -c -o npth.lo npth.c
/bin/sh ../libtool  --tag=CC   --mode=compile gcc -DHAVE_CONFIG_H -I. -I..   -DNDEBUG  -march=x86-64-v3 -mtune=haswell -Os -pipe -fno-plt -fPIC -fstack-clash-protection -ffunction-sections -fdata-sections -Wall -Wcast-align -Wshadow -Wstrict-prototypes -Wpointer-arith -MT npth-sigev.lo -MD -MP -MF .deps/npth-sigev.Tpo -c -o npth-sigev.lo npth-sigev.c
libtool: compile:  gcc -DHAVE_CONFIG_H -I. -I.. -DNDEBUG -march=x86-64-v3 -mtune=haswell -Os -pipe -fno-plt -fPIC -fstack-clash-protection -ffunction-sections -fdata-sections -Wall -Wcast-align -Wshadow -Wstrict-prototypes -Wpointer-arith -MT npth.lo -MD -MP -MF .deps/npth.Tpo -c npth.c  -fPIC -DPIC -o .libs/npth.o
libtool: compile:  gcc -DHAVE_CONFIG_H -I. -I.. -DNDEBUG -march=x86-64-v3 -mtune=haswell -Os -pipe -fno-plt -fPIC -fstack-clash-protection -ffunction-sections -fdata-sections -Wall -Wcast-align -Wshadow -Wstrict-prototypes -Wpointer-arith -MT npth-sigev.lo -MD -MP -MF .deps/npth-sigev.Tpo -c npth-sigev.c  -fPIC -DPIC -o .libs/npth-sigev.o
npth.c: In function 'enter_npth':
npth.c:160:7: warning: variable 'res' set but not used [-Wunused-but-set-variable]
  160 |   int res;
      |       ^~~
mv -f .deps/npth-sigev.Tpo .deps/npth-sigev.Plo
mv -f .deps/npth.Tpo .deps/npth.Plo
/bin/sh ../libtool  --tag=CC   --mode=link gcc  -march=x86-64-v3 -mtune=haswell -Os -pipe -fno-plt -fPIC -fstack-clash-protection -ffunction-sections -fdata-sections -Wall -Wcast-align -Wshadow -Wstrict-prototypes -Wpointer-arith   -Wl,--version-script=./libnpth.vers -version-info 2:0:2 -Wl,-O2,--sort-common,--as-needed,-z,relro,-z,now,--gc-sections,--compress-debug-sections=zstd -o libnpth.la -rpath /usr/lib npth.lo npth-sigev.lo  
libtool: link: gcc -shared  -fPIC -DPIC  .libs/npth.o .libs/npth-sigev.o    -march=x86-64-v3 -mtune=haswell -Os -Wl,--version-script=./libnpth.vers -Wl,-O2 -Wl,--sort-common -Wl,--as-needed -Wl,-z -Wl,relro -Wl,-z -Wl,now -Wl,--gc-sections -Wl,--compress-debug-sections=zstd   -Wl,-soname -Wl,libnpth.so.0 -o .libs/libnpth.so.0.2.0
libtool: link: (cd ".libs" && rm -f "libnpth.so.0" && ln -s "libnpth.so.0.2.0" "libnpth.so.0")
libtool: link: (cd ".libs" && rm -f "libnpth.so" && ln -s "libnpth.so.0.2.0" "libnpth.so")
libtool: link: ( cd ".libs" && rm -f "libnpth.la" && ln -s "../libnpth.la" "libnpth.la" )
make[2]: Leaving directory '/sources/npth-1.7/src'
Making all in tests
make[2]: Entering directory '/sources/npth-1.7/tests'
gcc -DHAVE_CONFIG_H -I. -I..  -I../src -DNDEBUG  -march=x86-64-v3 -mtune=haswell -Os -pipe -fno-plt -fPIC -fstack-clash-protection -ffunction-sections -fdata-sections -Wall -Wcast-align -Wshadow -Wstrict-prototypes -Wpointer-arith -MT t-mutex.o -MD -MP -MF .deps/t-mutex.Tpo -c -o t-mutex.o t-mutex.c
gcc -DHAVE_CONFIG_H -I. -I..  -I../src -DNDEBUG  -march=x86-64-v3 -mtune=haswell -Os -pipe -fno-plt -fPIC -fstack-clash-protection -ffunction-sections -fdata-sections -Wall -Wcast-align -Wshadow -Wstrict-prototypes -Wpointer-arith -MT t-thread.o -MD -MP -MF .deps/t-thread.Tpo -c -o t-thread.o t-thread.c
gcc -DHAVE_CONFIG_H -I. -I..  -I../src -DNDEBUG  -march=x86-64-v3 -mtune=haswell -Os -pipe -fno-plt -fPIC -fstack-clash-protection -ffunction-sections -fdata-sections -Wall -Wcast-align -Wshadow -Wstrict-prototypes -Wpointer-arith -MT t-fork.o -MD -MP -MF .deps/t-fork.Tpo -c -o t-fork.o t-fork.c
mv -f .deps/t-mutex.Tpo .deps/t-mutex.Po
/bin/sh ../libtool  --tag=CC   --mode=link gcc  -march=x86-64-v3 -mtune=haswell -Os -pipe -fno-plt -fPIC -fstack-clash-protection -ffunction-sections -fdata-sections -Wall -Wcast-align -Wshadow -Wstrict-prototypes -Wpointer-arith -no-install -Wl,-O2,--sort-common,--as-needed,-z,relro,-z,now,--gc-sections,--compress-debug-sections=zstd -o t-mutex t-mutex.o ../src/libnpth.la    
mv -f .deps/t-fork.Tpo .deps/t-fork.Po
/bin/sh ../libtool  --tag=CC   --mode=link gcc  -march=x86-64-v3 -mtune=haswell -Os -pipe -fno-plt -fPIC -fstack-clash-protection -ffunction-sections -fdata-sections -Wall -Wcast-align -Wshadow -Wstrict-prototypes -Wpointer-arith -no-install -Wl,-O2,--sort-common,--as-needed,-z,relro,-z,now,--gc-sections,--compress-debug-sections=zstd -o t-fork t-fork.o ../src/libnpth.la    
libtool: link: gcc -march=x86-64-v3 -mtune=haswell -Os -pipe -fno-plt -fPIC -fstack-clash-protection -ffunction-sections -fdata-sections -Wall -Wcast-align -Wshadow -Wstrict-prototypes -Wpointer-arith -Wl,-O2 -Wl,--sort-common -Wl,--as-needed -Wl,-z -Wl,relro -Wl,-z -Wl,now -Wl,--gc-sections -Wl,--compress-debug-sections=zstd -o t-mutex t-mutex.o  ../src/.libs/libnpth.so -Wl,-rpath -Wl,/sources/npth-1.7/src/.libs
mv -f .deps/t-thread.Tpo .deps/t-thread.Po
/bin/sh ../libtool  --tag=CC   --mode=link gcc  -march=x86-64-v3 -mtune=haswell -Os -pipe -fno-plt -fPIC -fstack-clash-protection -ffunction-sections -fdata-sections -Wall -Wcast-align -Wshadow -Wstrict-prototypes -Wpointer-arith -no-install -Wl,-O2,--sort-common,--as-needed,-z,relro,-z,now,--gc-sections,--compress-debug-sections=zstd -o t-thread t-thread.o ../src/libnpth.la    
libtool: link: gcc -march=x86-64-v3 -mtune=haswell -Os -pipe -fno-plt -fPIC -fstack-clash-protection -ffunction-sections -fdata-sections -Wall -Wcast-align -Wshadow -Wstrict-prototypes -Wpointer-arith -Wl,-O2 -Wl,--sort-common -Wl,--as-needed -Wl,-z -Wl,relro -Wl,-z -Wl,now -Wl,--gc-sections -Wl,--compress-debug-sections=zstd -o t-fork t-fork.o  ../src/.libs/libnpth.so -Wl,-rpath -Wl,/sources/npth-1.7/src/.libs
libtool: link: gcc -march=x86-64-v3 -mtune=haswell -Os -pipe -fno-plt -fPIC -fstack-clash-protection -ffunction-sections -fdata-sections -Wall -Wcast-align -Wshadow -Wstrict-prototypes -Wpointer-arith -Wl,-O2 -Wl,--sort-common -Wl,--as-needed -Wl,-z -Wl,relro -Wl,-z -Wl,now -Wl,--gc-sections -Wl,--compress-debug-sections=zstd -o t-thread t-thread.o  ../src/.libs/libnpth.so -Wl,-rpath -Wl,/sources/npth-1.7/src/.libs
make[2]: Leaving directory '/sources/npth-1.7/tests'
make[2]: Entering directory '/sources/npth-1.7'
make[2]: Leaving directory '/sources/npth-1.7'
make[1]: Leaving directory '/sources/npth-1.7'
Making install in src
make[1]: Entering directory '/sources/npth-1.7/src'
make[2]: Entering directory '/sources/npth-1.7/src'
 /usr/bin/mkdir -p '/usr/lib'
 /usr/bin/mkdir -p '/usr/include'
 /bin/sh ../libtool   --mode=install /usr/bin/install -c   libnpth.la '/usr/lib'
 /usr/bin/install -c -m 644 npth.h '/usr/include'
libtool: install: /usr/bin/install -c .libs/libnpth.so.0.2.0 /usr/lib/libnpth.so.0.2.0
libtool: install: (cd /usr/lib && { ln -s -f libnpth.so.0.2.0 libnpth.so.0 || { rm -f libnpth.so.0 && ln -s libnpth.so.0.2.0 libnpth.so.0; }; })
libtool: install: (cd /usr/lib && { ln -s -f libnpth.so.0.2.0 libnpth.so || { rm -f libnpth.so && ln -s libnpth.so.0.2.0 libnpth.so; }; })
libtool: install: /usr/bin/install -c .libs/libnpth.lai /usr/lib/libnpth.la
libtool: finish: PATH="/usr/bin:/usr/sbin:/usr/local/bin:/sbin" ldconfig -n /usr/lib
----------------------------------------------------------------------
Libraries have been installed in:
   /usr/lib

If you ever happen to want to link against installed libraries
in a given directory, LIBDIR, you must either use libtool, and
specify the full pathname of the library, or use the `-LLIBDIR'
flag during linking and do at least one of the following:
   - add LIBDIR to the `LD_LIBRARY_PATH' environment variable
     during execution
   - add LIBDIR to the `LD_RUN_PATH' environment variable
     during linking
   - use the `-Wl,-rpath -Wl,LIBDIR' linker flag

See any operating system documentation about shared libraries for
more information, such as the ld(1) and ld.so(8) manual pages.
----------------------------------------------------------------------
make[2]: Leaving directory '/sources/npth-1.7/src'
make[1]: Leaving directory '/sources/npth-1.7/src'
Making install in tests
make[1]: Entering directory '/sources/npth-1.7/tests'
make[2]: Entering directory '/sources/npth-1.7/tests'
make[2]: Nothing to be done for 'install-exec-am'.
make[2]: Nothing to be done for 'install-data-am'.
make[2]: Leaving directory '/sources/npth-1.7/tests'
make[1]: Leaving directory '/sources/npth-1.7/tests'
make[1]: Entering directory '/sources/npth-1.7'
make[2]: Entering directory '/sources/npth-1.7'
 /usr/bin/mkdir -p '/usr/share/aclocal'
 /usr/bin/mkdir -p '/usr/lib/pkgconfig'
 /usr/bin/install -c -m 644 npth.m4 '/usr/share/aclocal'
 /usr/bin/install -c -m 644 npth.pc '/usr/lib/pkgconfig'
make[2]: Leaving directory '/sources/npth-1.7'
make[1]: Leaving directory '/sources/npth-1.7'


CFLAGS:: -march=x86-64-v3 -mtune=haswell -Os -pipe -fno-plt -fPIC -fstack-clash-protection -ffunction-sections -fdata-sections
CXXFLAGS:: -march=x86-64-v3 -mtune=haswell -Os -pipe -fno-plt -fPIC -fstack-clash-protection -ffunction-sections -fdata-sections -Wp,-D_GLIBCXX_ASSERTIONS
CPPFLAGS:: -DNDEBUG
LDFLAGS:: -Wl,-O2,--sort-common,--as-needed,-z,relro,-z,now,--gc-sections,--compress-debug-sections=zstd


Thu Mar 28 16:43:29 UTC 2024

Totalseconds: 4

KB: 1783128	/

