Fri Mar 29 02:35:49 UTC 2024
KB: 1746348	/

gcc -march=x86-64-v3 -mtune=haswell -Os -pipe -fno-plt -fPIC -fstack-clash-protection -ffunction-sections -fdata-sections -ggdb -std=c11 -pedantic -Wall -D_LARGEFILE64_SOURCE -D_FILE_OFFSET_BITS=64 -c -o tree.o tree.c
gcc -march=x86-64-v3 -mtune=haswell -Os -pipe -fno-plt -fPIC -fstack-clash-protection -ffunction-sections -fdata-sections -ggdb -std=c11 -pedantic -Wall -D_LARGEFILE64_SOURCE -D_FILE_OFFSET_BITS=64 -c -o list.o list.c
gcc -march=x86-64-v3 -mtune=haswell -Os -pipe -fno-plt -fPIC -fstack-clash-protection -ffunction-sections -fdata-sections -ggdb -std=c11 -pedantic -Wall -D_LARGEFILE64_SOURCE -D_FILE_OFFSET_BITS=64 -c -o hash.o hash.c
gcc -march=x86-64-v3 -mtune=haswell -Os -pipe -fno-plt -fPIC -fstack-clash-protection -ffunction-sections -fdata-sections -ggdb -std=c11 -pedantic -Wall -D_LARGEFILE64_SOURCE -D_FILE_OFFSET_BITS=64 -c -o color.o color.c
gcc -march=x86-64-v3 -mtune=haswell -Os -pipe -fno-plt -fPIC -fstack-clash-protection -ffunction-sections -fdata-sections -ggdb -std=c11 -pedantic -Wall -D_LARGEFILE64_SOURCE -D_FILE_OFFSET_BITS=64 -c -o file.o file.c
gcc -march=x86-64-v3 -mtune=haswell -Os -pipe -fno-plt -fPIC -fstack-clash-protection -ffunction-sections -fdata-sections -ggdb -std=c11 -pedantic -Wall -D_LARGEFILE64_SOURCE -D_FILE_OFFSET_BITS=64 -c -o filter.o filter.c
gcc -march=x86-64-v3 -mtune=haswell -Os -pipe -fno-plt -fPIC -fstack-clash-protection -ffunction-sections -fdata-sections -ggdb -std=c11 -pedantic -Wall -D_LARGEFILE64_SOURCE -D_FILE_OFFSET_BITS=64 -c -o info.o info.c
gcc -march=x86-64-v3 -mtune=haswell -Os -pipe -fno-plt -fPIC -fstack-clash-protection -ffunction-sections -fdata-sections -ggdb -std=c11 -pedantic -Wall -D_LARGEFILE64_SOURCE -D_FILE_OFFSET_BITS=64 -c -o unix.o unix.c
gcc -march=x86-64-v3 -mtune=haswell -Os -pipe -fno-plt -fPIC -fstack-clash-protection -ffunction-sections -fdata-sections -ggdb -std=c11 -pedantic -Wall -D_LARGEFILE64_SOURCE -D_FILE_OFFSET_BITS=64 -c -o xml.o xml.c
gcc -march=x86-64-v3 -mtune=haswell -Os -pipe -fno-plt -fPIC -fstack-clash-protection -ffunction-sections -fdata-sections -ggdb -std=c11 -pedantic -Wall -D_LARGEFILE64_SOURCE -D_FILE_OFFSET_BITS=64 -c -o json.o json.c
gcc -march=x86-64-v3 -mtune=haswell -Os -pipe -fno-plt -fPIC -fstack-clash-protection -ffunction-sections -fdata-sections -ggdb -std=c11 -pedantic -Wall -D_LARGEFILE64_SOURCE -D_FILE_OFFSET_BITS=64 -c -o html.o html.c
gcc -march=x86-64-v3 -mtune=haswell -Os -pipe -fno-plt -fPIC -fstack-clash-protection -ffunction-sections -fdata-sections -ggdb -std=c11 -pedantic -Wall -D_LARGEFILE64_SOURCE -D_FILE_OFFSET_BITS=64 -c -o strverscmp.o strverscmp.c
gcc -Wl,-O2,--sort-common,--as-needed,-z,relro,-z,now,--gc-sections,--compress-debug-sections=zstd -o tree tree.o list.o hash.o color.o file.o filter.o info.o unix.o xml.o json.o html.o strverscmp.o
install -d /usr/bin
install -d /usr/share/man/man1
install tree /usr/bin/tree; \
install -m 644 doc/tree.1 /usr/share/man/man1/tree.1


CFLAGS:: -march=x86-64-v3 -mtune=haswell -Os -pipe -fno-plt -fPIC -fstack-clash-protection -ffunction-sections -fdata-sections
CXXFLAGS:: -march=x86-64-v3 -mtune=haswell -Os -pipe -fno-plt -fPIC -fstack-clash-protection -ffunction-sections -fdata-sections -Wp,-D_GLIBCXX_ASSERTIONS
CPPFLAGS:: -DNDEBUG
LDFLAGS:: -Wl,-O2,--sort-common,--as-needed,-z,relro,-z,now,--gc-sections,--compress-debug-sections=zstd


Fri Mar 29 02:35:50 UTC 2024

Totalseconds: 1

KB: 1747288	/

