Fri May  3 10:36:27 UTC 2024
KB: 1835020	/

checking for a BSD-compatible install... /usr/bin/install -c
checking whether build environment is sane... yes
checking for a race-free mkdir -p... /usr/bin/mkdir -p
checking for gawk... gawk
checking whether make sets $(MAKE)... yes
checking whether make supports nested variables... yes
checking whether UID '0' is supported by ustar format... yes
checking whether GID '0' is supported by ustar format... yes
checking how to create a ustar tar archive... gnutar
checking whether make supports nested variables... (cached) yes
checking for gcc... gcc
checking whether the C compiler works... yes
checking for C compiler default output file name... a.out
checking for suffix of executables... 
checking whether we are cross compiling... no
checking for suffix of object files... o
checking whether the compiler supports GNU C... yes
checking whether gcc accepts -g... yes
checking for gcc option to enable C11 features... none needed
checking whether gcc understands -c and -o together... yes
checking whether the compiler is clang... no
checking for compiler option needed when checking for declarations... none
checking whether make supports the include directive... yes (GNU style)
checking dependency style of gcc... gcc3
checking how to run the C preprocessor... gcc -E
checking for grep that handles long lines and -e... /usr/bin/grep
checking for egrep... /usr/bin/grep -E
checking whether gcc needs -traditional... no
checking for ranlib... ranlib
checking for bison... bison -y
checking for stdio.h... yes
checking for stdlib.h... yes
checking for string.h... yes
checking for inttypes.h... yes
checking for stdint.h... yes
checking for strings.h... yes
checking for sys/stat.h... yes
checking for sys/types.h... yes
checking for unistd.h... yes
checking for wchar.h... yes
checking for minix/config.h... no
checking for features.h... yes
checking for linewrap.h... no
checking for uchar.h... yes
checking for sys/param.h... yes
checking for sys/socket.h... yes
checking for dirent.h... yes
checking for error.h... yes
checking for fnmatch.h... yes
checking for stdio_ext.h... yes
checking for getopt.h... yes
checking for sys/cdefs.h... yes
checking for sys/time.h... yes
checking for threads.h... no
checking for limits.h... yes
checking for crtdefs.h... no
checking for wctype.h... yes
checking for xlocale.h... yes
checking for sys/mman.h... yes
checking for obstack.h... yes
checking for stdbool.h... yes
checking for stdckdint.h... no
checking for sysexits.h... yes
checking for utime.h... yes
checking for net/errno.h... no
checking for sys/inet.h... no
checking for netdb.h... yes
checking for memory.h... yes
checking for fcntl.h... yes
checking for sys/wait.h... yes
checking for sys/gentape.h... no
checking for sys/tape.h... no
checking for sys/device.h... no
checking for sys/tprintf.h... no
checking for sys/mtio.h... yes
checking for sgtty.h... yes
checking for sys/io/trioctl.h... no
checking for locale.h... yes
checking for pwd.h... yes
checking for grp.h... yes
checking whether it is safe to define __EXTENSIONS__... yes
checking whether _XOPEN_SOURCE should be defined... no
checking build system type... x86_64-pc-linux-uclibc
checking host system type... x86_64-pc-linux-uclibc
checking for Minix Amsterdam compiler... no
checking for ar... ar
checking for _LARGEFILE_SOURCE value needed for large files... no
checking for gcc option to enable large file support... none needed
checking for gcc option for timestamps after 2038... none needed
checking for gcc option to enable large file support... (cached) none needed
checking for gcc option for timestamps after 2038... (cached) none needed
checking for sys/mkdev.h... no
checking for sys/sysmacros.h... yes
checking for an ANSI C-conforming const... yes
checking for uid_t in sys/types.h... yes
checking for gid_t... yes
checking for dirent.h that defines DIR... yes
checking for library containing opendir... none required
checking return type of major()... int
checking return type of minor()... int
checking for fchmod... yes
checking for fchown... yes
checking for setmode... no
checking for getpwuid... yes
checking for getpwnam... yes
checking for getgrgid... yes
checking for getgrnam... yes
checking for pipe... yes
checking for fork... yes
checking for getuid... yes
checking for geteuid... yes
checking for size_t... yes
checking for working alloca.h... yes
checking for alloca... yes
checking for inline... inline
checking for C/C++ restrict keyword... __restrict__
checking for gcc options needed to detect all undeclared functions... none needed
checking whether clearerr_unlocked is declared... yes
checking whether feof_unlocked is declared... yes
checking whether ferror_unlocked is declared... yes
checking whether fflush_unlocked is declared... yes
checking whether fgets_unlocked is declared... yes
checking whether fputc_unlocked is declared... yes
checking whether fputs_unlocked is declared... yes
checking whether fread_unlocked is declared... yes
checking whether fwrite_unlocked is declared... yes
checking whether getc_unlocked is declared... yes
checking whether getchar_unlocked is declared... yes
checking whether putc_unlocked is declared... yes
checking whether putchar_unlocked is declared... yes
checking for flockfile... yes
checking for funlockfile... yes
checking for btowc... yes
checking for mbrtowc... yes
checking for mbsinit... yes
checking for chown... yes
checking for fchown... (cached) yes
checking for _set_invalid_parameter_handler... no
checking for fchdir... yes
checking for fdopendir... yes
checking for fcntl... yes
checking for symlink... yes
checking for fnmatch... yes
checking for mbsrtowcs... yes
checking for fstatat... yes
checking for getdtablesize... yes
checking for getexecname... no
checking for gettimeofday... yes
checking for isblank... yes
checking for iswcntrl... yes
checking for lchmod... no
checking for lstat... yes
checking for mprotect... yes
checking for openat... yes
checking for pipe... (cached) yes
checking for qsort_r... yes
checking for readlink... yes
checking for setenv... yes
checking for sleep... yes
checking for strndup... yes
checking for strtoimax... yes
checking for strtoumax... yes
checking for localtime_r... yes
checking for vasnprintf... no
checking for snprintf... yes
checking for mkfifo... yes
checking for setlocale... yes
checking whether strerror_r is declared... yes
checking whether strerror_r returns char *... yes
checking whether the preprocessor supports include_next... yes
checking whether source code line length is unlimited... yes
checking whether <wchar.h> uses 'inline' correctly... yes
checking for nl_langinfo and CODESET... yes
checking for a traditional french locale... none
checking whether char8_t is correctly defined... no
checking whether char16_t is correctly defined... yes
checking whether char32_t is correctly defined... yes
checking for bit size of wchar_t... 32
checking for mbstate_t... yes
checking for a traditional japanese locale... none
checking for a french Unicode locale... none
checking for a transitional chinese locale... none
checking whether mbrtowc handles incomplete characters... guessing yes
checking whether mbrtowc works as well as mbtowc... guessing yes
checking whether mbrtoc32 is declared... no
checking whether malloc is ptrdiff_t safe... yes
checking whether malloc, realloc, calloc set errno on failure... yes
checking for unistd.h... (cached) yes
checking for working chown... yes
checking whether chown dereferences symlinks... yes
checking whether chown honors trailing slash... yes
checking whether chown always updates ctime... yes
checking if environ is properly declared... yes
checking for complete errno.h... yes
checking for error... yes
checking whether error_at_line is declared... yes
checking for error_at_line... yes
checking for working error function... yes
checking whether ctype.h defines __header_inline... no
checking whether fchdir is declared... yes
checking for working fcntl.h... yes
checking for pid_t... yes
checking for mode_t... yes
checking whether stdin defaults to large file offsets... yes
checking whether fseeko is declared... yes
checking for fseeko... yes
checking whether stat file-mode macros are broken... no
checking for nlink_t... yes
checking whether lstat correctly handles trailing slash... yes
checking whether getcwd (NULL, 0) allocates memory for result... yes
checking for getcwd with POSIX signature... yes
checking whether getcwd is declared... yes
checking whether getdelim is declared... yes
checking whether getdtablesize is declared... yes
checking whether getline is declared... yes
checking for getopt.h... (cached) yes
checking for getopt_long_only... yes
checking whether getopt is POSIX compatible... yes
checking for working GNU getopt function... no
checking whether timespec_get is declared... yes
checking for timespec_get... yes
checking for struct timeval... yes
checking for wide-enough struct timeval.tv_sec member... yes
checking for pthread.h... yes
checking for pthread_kill in -lpthread... yes
checking whether POSIX threads API is available... yes
checking whether setlocale (LC_ALL, NULL) is multithread-safe... guessing no
checking whether setlocale (category, NULL) is multithread-safe... guessing no
checking whether imported symbols can be declared weak... yes
checking for off_t... yes
checking whether limits.h has WORD_BIT, BOOL_WIDTH etc.... no
checking for wint_t... yes
checking whether wint_t is large enough... yes
checking whether the compiler produces multi-arch binaries... no
checking whether stdint.h conforms to C99... yes
checking whether stdint.h works without ISO C predefines... yes
checking whether stdint.h has UINTMAX_WIDTH etc.... no
checking whether INT32_MAX < INTMAX_MAX... yes
checking whether INT64_MAX == LONG_MAX... yes
checking whether UINT32_MAX < UINTMAX_MAX... yes
checking whether UINT64_MAX == ULONG_MAX... yes
checking whether iswcntrl works... yes
checking for towlower... yes
checking for wctype_t... yes
checking for wctrans_t... yes
checking whether wctype supports the "blank" and "punct" character classes... yes
checking for wchar_t... yes
checking for good max_align_t... yes
checking whether NULL can be used in arbitrary expressions... yes
checking for unreachable... no
checking whether locale.h defines locale_t... yes
checking whether locale.h conforms to POSIX:2001... yes
checking whether struct lconv is properly defined... yes
checking whether malloc (0) returns nonnull... yes
checking for mmap... yes
checking for MAP_ANONYMOUS... yes
checking whether memchr works... yes
checking whether memrchr is declared... yes
checking whether <limits.h> defines MIN and MAX... no
checking whether <sys/param.h> defines MIN and MAX... yes
checking whether time_t is signed... yes
checking whether alarm is declared... yes
checking for working mktime... no
checking whether struct tm is in sys/time.h or time.h... time.h
checking for struct tm.tm_zone... yes
checking for struct tm.tm_gmtoff... yes
checking for O_CLOEXEC... yes
checking for promoted mode_t type... mode_t
checking for compound literals... yes
checking for ssize_t... yes
checking whether setenv is declared... yes
checking for search.h... yes
checking for tsearch... yes
checking for sigset_t... yes
checking for volatile sig_atomic_t... yes
checking for sighandler_t... yes
checking whether fcloseall is declared... yes
checking whether getw is declared... yes
checking whether putw is declared... yes
checking which flavor of printf attribute matches inttypes macros... system
checking whether ecvt is declared... no
checking whether fcvt is declared... no
checking whether gcvt is declared... yes
checking whether MB_CUR_MAX is correct... guessing yes
checking whether strdup is declared... yes
checking whether strerror(0) succeeds... yes
checking whether strndup is declared... yes
checking whether strnlen is declared... yes
checking whether strtoimax is declared... yes
checking whether strtoumax is declared... yes
checking for struct timespec in <time.h>... yes
checking for TIME_UTC in <time.h>... yes
checking whether execvpe is declared... yes
checking whether unsetenv is declared... yes
checking whether the utimes function works... yes
checking for inttypes.h... yes
checking for stdint.h... yes
checking for intmax_t... yes
checking whether snprintf returns a byte count as in C99... yes
checking whether snprintf truncates the result as in C99... yes
checking where to find the exponent in a 'double'... word 1 bit 20
checking for wcslen... yes
checking for snprintf... (cached) yes
checking for strnlen... yes
checking for wcrtomb... yes
checking whether _snprintf is declared... no
checking whether printf supports POSIX/XSI format strings with positions... yes
checking whether vsnprintf is declared... yes
checking whether wcsdup is declared... yes
checking for stdint.h... (cached) yes
checking for SIZE_MAX... yes
checking for C compiler option to allow warnings... -Wno-error
checking for alignas and alignof... yes, <stdalign.h> macros
checking for alloca as a compiler built-in... yes
checking whether program_invocation_name is declared... yes
checking whether program_invocation_short_name is declared... yes
checking whether program_invocation_name is defined... yes
checking whether program_invocation_short_name is defined... yes
checking for static_assert... yes, an <assert.h> macro
checking whether btowc(0) is correct... yes
checking whether btowc(EOF) is correct... guessing yes
checking whether btowc is consistent with mbrtowc in the C locale... no
checking for __builtin_expect... yes
checking whether calloc (0, n) and calloc (n, 0) return nonnull... yes
checking whether this system supports file names of any length... no
checking for library containing clock_gettime... none required
checking for clock_getres... yes
checking for clock_gettime... yes
checking for clock_settime... yes
checking for closedir... yes
checking for d_ino member in directory struct... yes
checking for dirfd... yes
checking whether dirfd is declared... yes
checking whether dirfd is a macro... no
checking whether // is distinct from /... no
checking whether dup works... yes
checking whether dup2 works... yes
checking whether fcntl handles F_DUPFD correctly... yes
checking whether fcntl understands F_DUPFD_CLOEXEC... needs runtime check
checking whether fdopendir is declared... yes
checking whether fdopendir works... yes
checking for struct stat.st_blocks... yes
checking for mempcpy... yes
checking for flexible array member... yes
checking whether conversion from 'int' to 'long double' works... yes
checking for working GNU fnmatch... no
checking for __fpending... yes
checking whether __fpending is declared... yes
checking whether free is known to preserve errno... no
checking for fseeko... (cached) yes
checking whether fstatat (..., 0) works... yes
checking for futimens... yes
checking whether futimens works... no
checking whether getcwd handles long file names properly... no, but it is partly working
checking for getpagesize... yes
checking whether getcwd succeeds when 4k < cwd_length < 16k... yes
checking for getdelim... yes
checking for working getdelim function... yes
checking whether getdtablesize works... yes
checking for getline... yes
checking for working getline function... yes
checking for getprogname... no
checking whether program_invocation_name is declared... (cached) yes
checking whether program_invocation_name is declared... (cached) yes
checking whether program_invocation_short_name is declared... (cached) yes
checking whether __argv is declared... no
checking for gettimeofday with POSIX signature... almost
checking whether the compiler generally respects inline... yes
checking for iswblank... yes
checking whether iswblank is declared... yes
checking whether iswdigit is ISO C compliant... guessing yes
checking whether iswpunct is consistent with ispunct... yes
checking whether iswxdigit is ISO C compliant... guessing yes
checking for lchown... yes
checking whether the compiler supports the __inline keyword... yes
checking whether lseek detects pipes... yes
checking whether SEEK_DATA works but is incompatible with GNU... no
checking whether malloc (0) returns nonnull... (cached) yes
checking whether mbrtowc handles a NULL pwc argument... guessing yes
checking whether mbrtowc handles a NULL string argument... guessing yes
checking whether mbrtowc has a correct return value... guessing yes
checking whether mbrtowc returns 0 when parsing a NUL character... guessing yes
checking whether mbrtowc stores incomplete characters... guessing no
checking whether mbrtowc works on empty input... no
checking whether the C locale is free of encoding errors... no
checking whether mbsrtowcs works... guessing yes
checking whether the C locale is free of encoding errors... (cached) no
checking for mbtowc... yes
checking for mempcpy... (cached) yes
checking for memrchr... yes
checking for __mktime_internal... no
checking for obstacks that work with any size object... no
checking whether open recognizes a trailing slash... yes
checking for opendir... yes
checking for bison... bison
checking for bison 2.4 or newer... 3.8.2, ok
checking for struct tm.tm_zone... (cached) yes
checking whether program_invocation_name is declared... (cached) yes
checking whether program_invocation_short_name is declared... (cached) yes
checking for qsort_r signature... GNU
checking for raise... yes
checking for rawmemchr... yes
checking for readdir... yes
checking whether readlink signature is correct... yes
checking whether readlink handles trailing slash correctly... yes
checking whether readlink truncates results correctly... yes
checking whether realloc (0, 0) returns nonnull... yes
checking for reallocarray... yes
checking for rewinddir... yes
checking whether setenv validates arguments... yes
checking whether setlocale (LC_ALL, NULL) is multithread-safe... (cached) guessing no
checking whether setlocale (category, NULL) is multithread-safe... (cached) guessing no
checking whether imported symbols can be declared weak... (cached) yes
checking whether the -Werror option is usable... yes
checking for simple visibility declarations... yes
checking whether sleep is declared... yes
checking for working sleep... yes
checking for ssize_t... (cached) yes
checking whether stat handles trailing slashes on files... yes
checking for struct stat.st_atim.tv_nsec... yes
checking whether struct stat.st_atim is of type struct timespec... yes
checking for struct stat.st_birthtimespec.tv_nsec... no
checking for struct stat.st_birthtimensec... no
checking for struct stat.st_birthtim.tv_nsec... no
checking for va_copy... yes
checking for bool, true, false... no
checking for stpcpy... yes
checking for strcasecmp... yes
checking for strncasecmp... yes
checking whether strncasecmp is declared... yes
checking for strchrnul... yes
checking whether strchrnul works... yes
checking for working strerror function... yes
checking for working strndup... yes
checking for working strnlen... yes
checking whether strtoimax works... yes
checking for strtol... yes
checking whether strtol works... no
checking for strtoll... yes
checking whether strtoll works... no
checking for strtoull... yes
checking whether strtoull works... no
checking whether localtime_r is declared... yes
checking whether localtime_r is compatible with its POSIX signature... yes
checking whether localtime works even near extrema... yes
checking for timezone_t... no
checking for timegm... yes
checking for unsetenv... yes
checking for unsetenv() return type... int
checking whether unsetenv obeys POSIX... yes
checking for utime... yes
checking whether utime handles trailing slashes on files... yes
checking for futimes... no
checking for futimesat... yes
checking for lutimes... yes
checking for futimens... (cached) yes
checking for utimensat... yes
checking for utimensat... (cached) yes
checking whether utimensat works... yes
checking for variable-length arrays... yes
checking for ptrdiff_t... yes
checking for vsnprintf... yes
checking whether snprintf respects a size of 1... yes
checking for wmemchr... yes
checking for wmempcpy... yes
checking for stdint.h... (cached) yes
checking for library containing setsockopt... none required
checking for library containing setsockopt... (cached) none required
checking for sys/mtio.h... (cached) yes
checking which ioctl field to test for reversed bytes... mt_type
checking whether to build rmt... no, use /usr/libexec/rmt instead
checking for sys/buf.h... no
checking for struct stat.st_blksize... yes
checking for library containing gethostbyname... none required
checking for getpwuid... (cached) yes
checking for getpwnam... (cached) yes
checking for getgrgid... (cached) yes
checking for getgrnam... (cached) yes
checking for pipe... (cached) yes
checking for fork... (cached) yes
checking for getuid... (cached) yes
checking for geteuid... (cached) yes
checking for getgid... yes
checking for setuid... yes
checking for setgid... yes
checking for mknod... yes
checking for symlink... (cached) yes
checking for link... yes
checking for chown... (cached) yes
checking for structure packing via __attribute__((packed))... yes
checking for unistd.h... (cached) yes
checking for stdlib.h... (cached) yes
checking for string.h... (cached) yes
checking for fcntl.h... (cached) yes
checking for pwd.h... (cached) yes
checking for grp.h... (cached) yes
checking for sys/io/trioctl.h... (cached) no
checking for utmp.h... yes
checking for getopt.h... (cached) yes
checking for locale.h... (cached) yes
checking for libintl.h... yes
checking for sys/wait.h... (cached) yes
checking for utime.h... (cached) yes
checking for locale.h... (cached) yes
checking for process.h... no
checking for sys/ioctl.h... yes
checking whether errno is declared... yes
checking whether getpwnam is declared... yes
checking whether getgrnam is declared... yes
checking whether getgrgid is declared... yes
checking whether strdup is declared... (cached) yes
checking whether strerror is declared... yes
checking whether getenv is declared... yes
checking whether atoi is declared... yes
checking whether exit is declared... yes
checking for ld used by gcc... /usr/bin/ld
checking if the linker (/usr/bin/ld) is GNU ld... yes
checking for shared library run path origin... done
checking for iconv... yes
checking for working iconv... yes
checking for iconv declaration... 
         extern size_t iconv (iconv_t cd, char * *inbuf, size_t *inbytesleft, char * *outbuf, size_t *outbytesleft);
checking for a sed that does not truncate output... /usr/bin/sed
checking whether NLS is requested... yes
checking for msgfmt... /usr/bin/msgfmt
checking for gmsgfmt... /usr/bin/msgfmt
checking for xgettext... /usr/bin/xgettext
checking for msgmerge... /usr/bin/msgmerge
checking for CFPreferencesCopyAppValue... no
checking for CFLocaleCopyCurrent... no
checking for GNU gettext in libc... no
checking for iconv... (cached) yes
checking for working iconv... (cached) yes
checking for GNU gettext in libintl... yes
checking whether to use NLS... yes
checking where the gettext function comes from... external libintl
checking how to link with libintl... /usr/lib/libintl.so
checking that generated files are newer than configure... done
configure: creating ./config.status
config.status: creating tests/Makefile
config.status: creating tests/atlocal
config.status: creating Makefile
config.status: creating doc/Makefile
config.status: creating gnu/Makefile
config.status: creating lib/Makefile
config.status: creating rmt/Makefile
config.status: creating src/Makefile
config.status: creating po/Makefile.in
config.status: creating config.h
config.status: executing depfiles commands
config.status: executing po-directories commands
config.status: creating po/POTFILES
config.status: creating po/Makefile
config.status: executing tests/atconfig commands
make  all-recursive
make[1]: Entering directory '/sources/cpio-2.15'
Making all in doc
make[2]: Entering directory '/sources/cpio-2.15/doc'
make[2]: Nothing to be done for 'all'.
make[2]: Leaving directory '/sources/cpio-2.15/doc'
Making all in gnu
make[2]: Entering directory '/sources/cpio-2.15/gnu'
  GEN      alloca.h
  GEN      configmake.h
  GEN      ctype.h
  GEN      dirent.h
  GEN      error.h
  GEN      fcntl.h
  GEN      fnmatch.h
  GEN      getopt.h
  GEN      getopt-cdefs.h
  GEN      inttypes.h
  GEN      limits.h
  GEN      locale.h
  GEN      obstack.h
  GEN      signal.h
  GEN      stdckdint.h
  GEN      stddef.h
  GEN      stdint.h
  GEN      stdio.h
  GEN      stdlib.h
  GEN      string.h
  GEN      strings.h
  GEN      sys/stat.h
  GEN      sys/time.h
  GEN      sys/types.h
  GEN      time.h
  GEN      uchar.h
  GEN      unicase.h
  GEN      unictype.h
  GEN      uninorm.h
  GEN      unistd.h
  GEN      unistr.h
  GEN      unitypes.h
  GEN      utime.h
  GEN      wchar.h
  GEN      wctype.h
make  all-recursive
make[3]: Entering directory '/sources/cpio-2.15/gnu'
make[4]: Entering directory '/sources/cpio-2.15/gnu'
  CC       libgnu_a-argmatch.o
  CC       libgnu_a-argp-ba.o
  CC       libgnu_a-argp-fmtstream.o
  CC       libgnu_a-argp-eexst.o
  CC       libgnu_a-argp-fs-xinl.o
  CC       libgnu_a-argp-help.o
  CC       libgnu_a-argp-parse.o
argp-help.c: In function 'argp_state_help':
argp-help.c:1861:34: warning: passing argument 5 of '_help' discards 'const' qualifier from pointer target type [-Wdiscarded-qualifiers]
 1861 |              state ? state->name : __argp_short_program_name ());
argp-help.c:1681:30: note: expected 'char *' but argument is of type 'const char *'
 1681 |        unsigned flags, char *name)
      |                        ~~~~~~^~~~
  CC       libgnu_a-argp-pin.o
  CC       libgnu_a-argp-pv.o
argp-parse.c: In function 'parser_init':
  CC       libgnu_a-argp-pvh.o
argp-parse.c:563:24: warning: assignment discards 'const' qualifier from pointer target type [-Wdiscarded-qualifiers]
  563 |     parser->state.name = __argp_short_program_name ();
      |                        ^
  CC       libgnu_a-argp-xinl.o
  CC       libgnu_a-argp-version-etc.o
  CC       libgnu_a-openat-proc.o
  CC       libgnu_a-basename-lgpl.o
  CC       libgnu_a-bitrotate.o
  CC       libgnu_a-btoc32.o
  CC       libgnu_a-btowc.o
  CC       libgnu_a-c-ctype.o
  CC       libgnu_a-c-strcasecmp.o
  CC       libgnu_a-c-strncasecmp.o
  CC       libgnu_a-c32_apply_type_test.o
  CC       libgnu_a-c32_get_type_test.o
  CC       libgnu_a-c32isalnum.o
  CC       libgnu_a-c32isalpha.o
  CC       libgnu_a-c32isblank.o
  CC       libgnu_a-c32iscntrl.o
  CC       libgnu_a-c32isdigit.o
  CC       libgnu_a-c32isgraph.o
  CC       libgnu_a-c32islower.o
  CC       libgnu_a-c32isprint.o
  CC       libgnu_a-c32ispunct.o
  CC       libgnu_a-c32isspace.o
  CC       libgnu_a-c32isupper.o
  CC       libgnu_a-c32isxdigit.o
  CC       libgnu_a-c32tolower.o
  CC       libgnu_a-chdir-long.o
  CC       libgnu_a-cloexec.o
  CC       libgnu_a-close-stream.o
  CC       libgnu_a-closeout.o
  CC       libgnu_a-opendir-safer.o
  CC       libgnu_a-dirname.o
  CC       libgnu_a-basename.o
  CC       libgnu_a-dirname-lgpl.o
  CC       libgnu_a-stripslash.o
  CC       libgnu_a-exitfail.o
  CC       libgnu_a-fcntl.o
  CC       libgnu_a-fd-hook.o
  CC       libgnu_a-fd-safer-flag.o
  CC       libgnu_a-dup-safer-flag.o
  CC       libgnu_a-fdutimensat.o
  CC       libgnu_a-filenamecat-lgpl.o
  CC       libgnu_a-free.o
  CC       libgnu_a-full-write.o
  CC       libgnu_a-futimens.o
  CC       libgnu_a-getcwd.o
  CC       libgnu_a-getcwd-lgpl.o
  CC       libgnu_a-getopt.o
  CC       libgnu_a-getopt1.o
  CC       libgnu_a-getprogname.o
  CC       libgnu_a-gettime.o
  CC       libgnu_a-hard-locale.o
  CC       libgnu_a-hash.o
  CC       libgnu_a-ialloc.o
  CC       libgnu_a-imaxtostr.o
  CC       libgnu_a-inttostr.o
  CC       libgnu_a-offtostr.o
  CC       libgnu_a-uinttostr.o
  CC       libgnu_a-umaxtostr.o
  CC       libgnu_a-localcharset.o
  CC       libgnu_a-malloca.o
  CC       libgnu_a-mbrtoc32.o
  CC       libgnu_a-mbrtowc.o
  CC       libgnu_a-mbsrtoc32s.o
  CC       libgnu_a-mbsrtowcs.o
  CC       libgnu_a-mbszero.o
  CC       libgnu_a-nstrftime.o
  CC       libgnu_a-obstack.o
  CC       libgnu_a-openat-die.o
  CC       libgnu_a-parse-datetime.o
  CC       libgnu_a-progname.o
  CC       libgnu_a-quotearg.o
  CC       libgnu_a-safe-read.o
  CC       libgnu_a-safe-write.o
  CC       libgnu_a-save-cwd.o
  CC       libgnu_a-savedir.o
  CC       libgnu_a-setlocale_null.o
  CC       libgnu_a-setlocale-lock.o
  CC       libgnu_a-stat-time.o
  CC       libgnu_a-strnlen1.o
  CC       libgnu_a-strtol.o
  CC       libgnu_a-strtoll.o
  CC       libgnu_a-strtoull.o
  CC       libgnu_a-time_rz.o
  CC       libgnu_a-timegm.o
  CC       libgnu_a-timespec.o
  CC       libgnu_a-unistd.o
  CC       libgnu_a-dup-safer.o
  CC       libgnu_a-fd-safer.o
  CC       libgnu_a-pipe-safer.o
  CC       libgnu_a-utimens.o
  CC       libgnu_a-version-etc.o
  CC       libgnu_a-version-etc-fsf.o
  CC       libgnu_a-wctype-h.o
  CC       libgnu_a-xmalloc.o
  CC       libgnu_a-xalloc-die.o
  CC       libgnu_a-xgetcwd.o
  CC       libgnu_a-xsize.o
  CC       asnprintf.o
  CC       fnmatch.o
  CC       mbsrtoc32s-state.o
  CC       mbsrtowcs-state.o
  CC       mktime.o
  CC       printf-args.o
  CC       printf-parse.o
  CC       vasnprintf.o
  CC       unicase/libgnu_a-tolower.o
  CC       unictype/libgnu_a-ctype_alnum.o
  CC       unictype/libgnu_a-ctype_alpha.o
  CC       unictype/libgnu_a-ctype_blank.o
  CC       unictype/libgnu_a-ctype_cntrl.o
  CC       unictype/libgnu_a-ctype_digit.o
  CC       unictype/libgnu_a-ctype_graph.o
  CC       unictype/libgnu_a-ctype_lower.o
  CC       unictype/libgnu_a-ctype_print.o
  CC       unictype/libgnu_a-ctype_punct.o
  CC       unictype/libgnu_a-ctype_space.o
  CC       unictype/libgnu_a-ctype_upper.o
  CC       unictype/libgnu_a-ctype_xdigit.o
  CC       unistr/libgnu_a-u32-chr.o
  CC       unistr/libgnu_a-u32-cpy.o
  CC       unistr/libgnu_a-u32-pcpy.o
  CC       unistr/libgnu_a-u32-strcat.o
  CC       unistr/libgnu_a-u32-strlen.o
  AR       libgnu.a
make[4]: Leaving directory '/sources/cpio-2.15/gnu'
make[3]: Leaving directory '/sources/cpio-2.15/gnu'
make[2]: Leaving directory '/sources/cpio-2.15/gnu'
Making all in lib
make[2]: Entering directory '/sources/cpio-2.15/lib'
  GEN      rmt-command.h
make  all-am
make[3]: Entering directory '/sources/cpio-2.15/lib'
  CC       paxexit.o
  CC       paxexit-status.o
  CC       rtapelib.o
  CC       sysdep.o
  CC       paxerror.o
In file included from system-ioctl.h:46,
                 from rtapelib.c:35:
/usr/include/sgtty.h:21:2: warning: #warning useless header on uClibc [-Wcpp]
   21 | #warning useless header on uClibc
      |  ^~~~~~~
  CC       paxnames.o
  AR       libpax.a
make[3]: Leaving directory '/sources/cpio-2.15/lib'
make[2]: Leaving directory '/sources/cpio-2.15/lib'
Making all in rmt
make[2]: Entering directory '/sources/cpio-2.15/rmt'
make[2]: Nothing to be done for 'all'.
make[2]: Leaving directory '/sources/cpio-2.15/rmt'
Making all in src
make[2]: Entering directory '/sources/cpio-2.15/src'
  CC       copyin.o
  CC       copyout.o
  CC       copypass.o
  CC       defer.o
  CC       dstring.o
  CC       global.o
  CC       fatal.o
  CC       main.o
  CC       tar.o
  CC       util.o
  CC       filemode.o
  CC       idcache.o
  CC       makepath.o
  CC       userspec.o
  CC       mt.o
  CCLD     mt
  CCLD     cpio
make[2]: Leaving directory '/sources/cpio-2.15/src'
Making all in po
make[2]: Entering directory '/sources/cpio-2.15/po'
make[2]: Nothing to be done for 'all'.
make[2]: Leaving directory '/sources/cpio-2.15/po'
Making all in tests
make[2]: Entering directory '/sources/cpio-2.15/tests'
make[2]: Nothing to be done for 'all'.
make[2]: Leaving directory '/sources/cpio-2.15/tests'
make[2]: Entering directory '/sources/cpio-2.15'
make[2]: Leaving directory '/sources/cpio-2.15'
make[1]: Leaving directory '/sources/cpio-2.15'
Making install in doc
make[1]: Entering directory '/sources/cpio-2.15/doc'
make[2]: Entering directory '/sources/cpio-2.15/doc'
make[2]: Nothing to be done for 'install-exec-am'.
 /usr/bin/mkdir -p '/usr/share/man/man1'
 /usr/bin/mkdir -p '/usr/share/man/man8'
 /usr/bin/mkdir -p '/usr/share/info'
 /usr/bin/install -c -m 644 cpio.1 mt.1 '/usr/share/man/man1'
 /usr/bin/install -c -m 644 ./cpio.info '/usr/share/info'
 install-info --info-dir='/usr/share/info' '/usr/share/info/cpio.info'
make[2]: Leaving directory '/sources/cpio-2.15/doc'
make[1]: Leaving directory '/sources/cpio-2.15/doc'
Making install in gnu
make[1]: Entering directory '/sources/cpio-2.15/gnu'
make  install-recursive
make[2]: Entering directory '/sources/cpio-2.15/gnu'
make[3]: Entering directory '/sources/cpio-2.15/gnu'
make[4]: Entering directory '/sources/cpio-2.15/gnu'
make[4]: Nothing to be done for 'install-exec-am'.
make[4]: Nothing to be done for 'install-data-am'.
make[4]: Leaving directory '/sources/cpio-2.15/gnu'
make[3]: Leaving directory '/sources/cpio-2.15/gnu'
make[2]: Leaving directory '/sources/cpio-2.15/gnu'
make[1]: Leaving directory '/sources/cpio-2.15/gnu'
Making install in lib
make[1]: Entering directory '/sources/cpio-2.15/lib'
make  install-am
make[2]: Entering directory '/sources/cpio-2.15/lib'
make[3]: Entering directory '/sources/cpio-2.15/lib'
make[3]: Nothing to be done for 'install-exec-am'.
make[3]: Nothing to be done for 'install-data-am'.
make[3]: Leaving directory '/sources/cpio-2.15/lib'
make[2]: Leaving directory '/sources/cpio-2.15/lib'
make[1]: Leaving directory '/sources/cpio-2.15/lib'
Making install in rmt
make[1]: Entering directory '/sources/cpio-2.15/rmt'
make[2]: Entering directory '/sources/cpio-2.15/rmt'
make[2]: Nothing to be done for 'install-exec-am'.
make[2]: Leaving directory '/sources/cpio-2.15/rmt'
make[1]: Leaving directory '/sources/cpio-2.15/rmt'
Making install in src
make[1]: Entering directory '/sources/cpio-2.15/src'
make[2]: Entering directory '/sources/cpio-2.15/src'
make[2]: Nothing to be done for 'install-data-am'.
 /usr/bin/mkdir -p '/usr/bin'
  /usr/bin/install -c cpio mt '/usr/bin'
make[2]: Leaving directory '/sources/cpio-2.15/src'
make[1]: Leaving directory '/sources/cpio-2.15/src'
Making install in po
make[1]: Entering directory '/sources/cpio-2.15/po'
installing bg.gmo as /usr/share/locale/bg/LC_MESSAGES/cpio.mo
installing da.gmo as /usr/share/locale/da/LC_MESSAGES/cpio.mo
installing de.gmo as /usr/share/locale/de/LC_MESSAGES/cpio.mo
installing es.gmo as /usr/share/locale/es/LC_MESSAGES/cpio.mo
installing fi.gmo as /usr/share/locale/fi/LC_MESSAGES/cpio.mo
installing fr.gmo as /usr/share/locale/fr/LC_MESSAGES/cpio.mo
installing ga.gmo as /usr/share/locale/ga/LC_MESSAGES/cpio.mo
installing gl.gmo as /usr/share/locale/gl/LC_MESSAGES/cpio.mo
installing hr.gmo as /usr/share/locale/hr/LC_MESSAGES/cpio.mo
installing hu.gmo as /usr/share/locale/hu/LC_MESSAGES/cpio.mo
installing id.gmo as /usr/share/locale/id/LC_MESSAGES/cpio.mo
installing it.gmo as /usr/share/locale/it/LC_MESSAGES/cpio.mo
installing ja.gmo as /usr/share/locale/ja/LC_MESSAGES/cpio.mo
installing ka.gmo as /usr/share/locale/ka/LC_MESSAGES/cpio.mo
installing ko.gmo as /usr/share/locale/ko/LC_MESSAGES/cpio.mo
installing nl.gmo as /usr/share/locale/nl/LC_MESSAGES/cpio.mo
installing pl.gmo as /usr/share/locale/pl/LC_MESSAGES/cpio.mo
installing pt.gmo as /usr/share/locale/pt/LC_MESSAGES/cpio.mo
installing pt_BR.gmo as /usr/share/locale/pt_BR/LC_MESSAGES/cpio.mo
installing ro.gmo as /usr/share/locale/ro/LC_MESSAGES/cpio.mo
installing ru.gmo as /usr/share/locale/ru/LC_MESSAGES/cpio.mo
installing sr.gmo as /usr/share/locale/sr/LC_MESSAGES/cpio.mo
installing sv.gmo as /usr/share/locale/sv/LC_MESSAGES/cpio.mo
installing tr.gmo as /usr/share/locale/tr/LC_MESSAGES/cpio.mo
installing uk.gmo as /usr/share/locale/uk/LC_MESSAGES/cpio.mo
installing vi.gmo as /usr/share/locale/vi/LC_MESSAGES/cpio.mo
installing zh_CN.gmo as /usr/share/locale/zh_CN/LC_MESSAGES/cpio.mo
installing zh_TW.gmo as /usr/share/locale/zh_TW/LC_MESSAGES/cpio.mo
if test "cpio" = "gettext-tools"; then \
  /usr/bin/mkdir -p /usr/share/gettext/po; \
  for file in Makefile.in.in remove-potcdate.sin quot.sed boldquot.sed en@quot.header en@boldquot.header insert-header.sin Rules-quot   Makevars.template; do \
    /usr/bin/install -c -m 644 ./$file \
		    /usr/share/gettext/po/$file; \
  done; \
  for file in Makevars; do \
    rm -f /usr/share/gettext/po/$file; \
  done; \
else \
  : ; \
fi
make[1]: Leaving directory '/sources/cpio-2.15/po'
Making install in tests
make[1]: Entering directory '/sources/cpio-2.15/tests'
make[2]: Entering directory '/sources/cpio-2.15/tests'
make[2]: Nothing to be done for 'install-exec-am'.
make[2]: Nothing to be done for 'install-data-am'.
make[2]: Leaving directory '/sources/cpio-2.15/tests'
make[1]: Leaving directory '/sources/cpio-2.15/tests'
make[1]: Entering directory '/sources/cpio-2.15'
make[2]: Entering directory '/sources/cpio-2.15'
make[2]: Nothing to be done for 'install-exec-am'.
make[2]: Nothing to be done for 'install-data-am'.
make[2]: Leaving directory '/sources/cpio-2.15'
make[1]: Leaving directory '/sources/cpio-2.15'
install: creating directory '/usr/share/doc/cpio'
install: creating directory '/usr/share/doc/cpio/html'
'doc/html/Concept-Index.html' -> '/usr/share/doc/cpio/html/Concept-Index.html'
'doc/html/Copy_002din-mode.html' -> '/usr/share/doc/cpio/html/Copy_002din-mode.html'
'doc/html/Copy_002dout-mode.html' -> '/usr/share/doc/cpio/html/Copy_002dout-mode.html'
'doc/html/Copy_002dpass-mode.html' -> '/usr/share/doc/cpio/html/Copy_002dpass-mode.html'
'doc/html/Introduction.html' -> '/usr/share/doc/cpio/html/Introduction.html'
'doc/html/Invoking-cpio.html' -> '/usr/share/doc/cpio/html/Invoking-cpio.html'
'doc/html/Media.html' -> '/usr/share/doc/cpio/html/Media.html'
'doc/html/Options.html' -> '/usr/share/doc/cpio/html/Options.html'
'doc/html/Reports.html' -> '/usr/share/doc/cpio/html/Reports.html'
'doc/html/Tutorial.html' -> '/usr/share/doc/cpio/html/Tutorial.html'
'doc/html/copy_002din.html' -> '/usr/share/doc/cpio/html/copy_002din.html'
'doc/html/copy_002dout.html' -> '/usr/share/doc/cpio/html/copy_002dout.html'
'doc/html/copy_002dpass.html' -> '/usr/share/doc/cpio/html/copy_002dpass.html'
'doc/html/format.html' -> '/usr/share/doc/cpio/html/format.html'
'doc/html/index.html' -> '/usr/share/doc/cpio/html/index.html'
'doc/html/owner.html' -> '/usr/share/doc/cpio/html/owner.html'
'doc/html/warning.html' -> '/usr/share/doc/cpio/html/warning.html'
'doc/cpio.html' -> '/usr/share/doc/cpio/cpio.html'
'doc/cpio.txt' -> '/usr/share/doc/cpio/cpio.txt'


CFLAGS:: -march=x86-64-v3 -mtune=haswell -Os -pipe -fno-plt -fPIC -fstack-clash-protection -ffunction-sections -fdata-sections
CXXFLAGS:: -march=x86-64-v3 -mtune=haswell -Os -pipe -fno-plt -fPIC -fstack-clash-protection -ffunction-sections -fdata-sections -Wp,-D_GLIBCXX_ASSERTIONS
CPPFLAGS:: -DNDEBUG
LDFLAGS:: -Wl,-O2,--sort-common,--as-needed,-z,relro,-z,now,--gc-sections,--compress-debug-sections=zstd


Fri May  3 10:36:55 UTC 2024

Totalseconds: 28

KB: 1854944	/

