Fri May  3 10:40:00 UTC 2024
KB: 1848648	/

checking for a BSD-compatible install... /usr/bin/install -c
checking whether build environment is sane... yes
checking for a race-free mkdir -p... /usr/bin/mkdir -p
checking for gawk... gawk
checking whether make sets $(MAKE)... yes
checking whether make supports nested variables... yes
checking how to create a pax tar archive... gnutar
checking whether make supports nested variables... (cached) yes
checking whether to enable maintainer-specific portions of Makefiles... no
checking for gawk... (cached) gawk
checking for gcc... gcc
checking whether the C compiler works... yes
checking for C compiler default output file name... a.out
checking for suffix of executables... 
checking whether we are cross compiling... no
checking for suffix of object files... o
checking whether the compiler supports GNU C... yes
checking whether gcc accepts -g... yes
checking for gcc option to enable C11 features... none needed
checking whether gcc understands -c and -o together... yes
checking whether make supports the include directive... yes (GNU style)
checking dependency style of gcc... gcc3
checking for stdio.h... yes
checking for stdlib.h... yes
checking for string.h... yes
checking for inttypes.h... yes
checking for stdint.h... yes
checking for strings.h... yes
checking for sys/stat.h... yes
checking for sys/types.h... yes
checking for unistd.h... yes
checking for wchar.h... yes
checking for minix/config.h... no
checking for vfork.h... no
checking whether it is safe to define __EXTENSIONS__... yes
checking whether _XOPEN_SOURCE should be defined... no
checking for special C compiler options needed for large files... no
checking for _FILE_OFFSET_BITS value needed for large files... no
checking whether make sets $(MAKE)... (cached) yes
checking for arpa/inet.h... yes
checking for fcntl.h... yes
checking for malloc.h... yes
checking for netinet/in.h... yes
checking for stdlib.h... (cached) yes
checking for string.h... (cached) yes
checking for sys/ioctl.h... yes
checking for sys/socket.h... yes
checking for syslog.h... yes
checking for unistd.h... (cached) yes
checking for mode_t... yes
checking for pid_t... yes
checking for size_t... yes
checking for ssize_t... yes
checking for fork... yes
checking for vfork... yes
checking for working fork... yes
checking for working vfork... (cached) yes
checking build system type... x86_64-pc-linux-uclibc
checking host system type... x86_64-pc-linux-uclibc
checking for working strnlen... yes
checking for fchown... yes
checking for chmod... yes
checking for fstat... yes
checking for fstatat... yes
checking for openat... yes
checking for asprintf... yes
checking for malloc... yes
checking for realloc... yes
checking for alarm... yes
checking for dup2... yes
checking for isfdtype... yes
checking for memset... yes
checking for regcomp... yes
checking for select... yes
checking for socket... yes
checking for strcasecmp... yes
checking for strdup... yes
checking for strerror... yes
checking for strrchr... yes
checking for strtol... yes
checking that generated files are newer than configure... done
configure: creating ./config.status
config.status: creating Makefile
config.status: creating kacpimon/Makefile
config.status: creating config.h
config.status: config.h is unchanged
config.status: executing depfiles commands
make  all-recursive
make[1]: Entering directory '/sources/acpid-2.0.34'
Making all in kacpimon
make[2]: Entering directory '/sources/acpid-2.0.34/kacpimon'
depbase=`echo acpi_ids.o | sed 's|[^/]*$|.deps/&|;s|\.o$||'`;\
gcc -DHAVE_CONFIG_H -I. -I..  -include ../config.h -DNDEBUG -Wall -Wmissing-declarations -Wmissing-prototypes -Wredundant-decls -Wshadow -Wstrict-prototypes -Wformat=2 -march=x86-64-v3 -mtune=haswell -Os -pipe -fno-plt -fPIC -fstack-clash-protection -ffunction-sections -fdata-sections -MT acpi_ids.o -MD -MP -MF $depbase.Tpo -c -o acpi_ids.o acpi_ids.c &&\
mv -f $depbase.Tpo $depbase.Po
depbase=`echo kacpimon.o | sed 's|[^/]*$|.deps/&|;s|\.o$||'`;\
gcc -DHAVE_CONFIG_H -I. -I..  -include ../config.h -DNDEBUG -Wall -Wmissing-declarations -Wmissing-prototypes -Wredundant-decls -Wshadow -Wstrict-prototypes -Wformat=2 -march=x86-64-v3 -mtune=haswell -Os -pipe -fno-plt -fPIC -fstack-clash-protection -ffunction-sections -fdata-sections -MT kacpimon.o -MD -MP -MF $depbase.Tpo -c -o kacpimon.o kacpimon.c &&\
mv -f $depbase.Tpo $depbase.Po
depbase=`echo connection_list.o | sed 's|[^/]*$|.deps/&|;s|\.o$||'`;\
gcc -DHAVE_CONFIG_H -I. -I..  -include ../config.h -DNDEBUG -Wall -Wmissing-declarations -Wmissing-prototypes -Wredundant-decls -Wshadow -Wstrict-prototypes -Wformat=2 -march=x86-64-v3 -mtune=haswell -Os -pipe -fno-plt -fPIC -fstack-clash-protection -ffunction-sections -fdata-sections -MT connection_list.o -MD -MP -MF $depbase.Tpo -c -o connection_list.o connection_list.c &&\
mv -f $depbase.Tpo $depbase.Po
depbase=`echo input_layer.o | sed 's|[^/]*$|.deps/&|;s|\.o$||'`;\
gcc -DHAVE_CONFIG_H -I. -I..  -include ../config.h -DNDEBUG -Wall -Wmissing-declarations -Wmissing-prototypes -Wredundant-decls -Wshadow -Wstrict-prototypes -Wformat=2 -march=x86-64-v3 -mtune=haswell -Os -pipe -fno-plt -fPIC -fstack-clash-protection -ffunction-sections -fdata-sections -MT input_layer.o -MD -MP -MF $depbase.Tpo -c -o input_layer.o input_layer.c &&\
mv -f $depbase.Tpo $depbase.Po
depbase=`echo libnetlink.o | sed 's|[^/]*$|.deps/&|;s|\.o$||'`;\
gcc -DHAVE_CONFIG_H -I. -I..  -include ../config.h -DNDEBUG -Wall -Wmissing-declarations -Wmissing-prototypes -Wredundant-decls -Wshadow -Wstrict-prototypes -Wformat=2 -march=x86-64-v3 -mtune=haswell -Os -pipe -fno-plt -fPIC -fstack-clash-protection -ffunction-sections -fdata-sections -MT libnetlink.o -MD -MP -MF $depbase.Tpo -c -o libnetlink.o libnetlink.c &&\
mv -f $depbase.Tpo $depbase.Po
depbase=`echo netlink.o | sed 's|[^/]*$|.deps/&|;s|\.o$||'`;\
gcc -DHAVE_CONFIG_H -I. -I..  -include ../config.h -DNDEBUG -Wall -Wmissing-declarations -Wmissing-prototypes -Wredundant-decls -Wshadow -Wstrict-prototypes -Wformat=2 -march=x86-64-v3 -mtune=haswell -Os -pipe -fno-plt -fPIC -fstack-clash-protection -ffunction-sections -fdata-sections -MT netlink.o -MD -MP -MF $depbase.Tpo -c -o netlink.o netlink.c &&\
mv -f $depbase.Tpo $depbase.Po
gcc -Wall -Wmissing-declarations -Wmissing-prototypes -Wredundant-decls -Wshadow -Wstrict-prototypes -Wformat=2 -march=x86-64-v3 -mtune=haswell -Os -pipe -fno-plt -fPIC -fstack-clash-protection -ffunction-sections -fdata-sections  -Wl,-O2,--sort-common,--as-needed,-z,relro,-z,now,--gc-sections,--compress-debug-sections=zstd -o kacpimon acpi_ids.o kacpimon.o connection_list.o input_layer.o libnetlink.o netlink.o  
make[2]: Leaving directory '/sources/acpid-2.0.34/kacpimon'
make[2]: Entering directory '/sources/acpid-2.0.34'
depbase=`echo acpi_listen.o | sed 's|[^/]*$|.deps/&|;s|\.o$||'`;\
gcc -DHAVE_CONFIG_H -I.  -include ./config.h -DNDEBUG -Wall -Wmissing-declarations -Wmissing-prototypes -Wredundant-decls -Wshadow -Wstrict-prototypes -Wformat=2 -march=x86-64-v3 -mtune=haswell -Os -pipe -fno-plt -fPIC -fstack-clash-protection -ffunction-sections -fdata-sections -MT acpi_listen.o -MD -MP -MF $depbase.Tpo -c -o acpi_listen.o acpi_listen.c &&\
mv -f $depbase.Tpo $depbase.Po
depbase=`echo log.o | sed 's|[^/]*$|.deps/&|;s|\.o$||'`;\
gcc -DHAVE_CONFIG_H -I.  -include ./config.h -DNDEBUG -Wall -Wmissing-declarations -Wmissing-prototypes -Wredundant-decls -Wshadow -Wstrict-prototypes -Wformat=2 -march=x86-64-v3 -mtune=haswell -Os -pipe -fno-plt -fPIC -fstack-clash-protection -ffunction-sections -fdata-sections -MT log.o -MD -MP -MF $depbase.Tpo -c -o log.o log.c &&\
mv -f $depbase.Tpo $depbase.Po
depbase=`echo ud_socket.o | sed 's|[^/]*$|.deps/&|;s|\.o$||'`;\
gcc -DHAVE_CONFIG_H -I.  -include ./config.h -DNDEBUG -Wall -Wmissing-declarations -Wmissing-prototypes -Wredundant-decls -Wshadow -Wstrict-prototypes -Wformat=2 -march=x86-64-v3 -mtune=haswell -Os -pipe -fno-plt -fPIC -fstack-clash-protection -ffunction-sections -fdata-sections -MT ud_socket.o -MD -MP -MF $depbase.Tpo -c -o ud_socket.o ud_socket.c &&\
mv -f $depbase.Tpo $depbase.Po
depbase=`echo acpid.o | sed 's|[^/]*$|.deps/&|;s|\.o$||'`;\
gcc -DHAVE_CONFIG_H -I.  -include ./config.h -DNDEBUG -Wall -Wmissing-declarations -Wmissing-prototypes -Wredundant-decls -Wshadow -Wstrict-prototypes -Wformat=2 -march=x86-64-v3 -mtune=haswell -Os -pipe -fno-plt -fPIC -fstack-clash-protection -ffunction-sections -fdata-sections -MT acpid.o -MD -MP -MF $depbase.Tpo -c -o acpid.o acpid.c &&\
mv -f $depbase.Tpo $depbase.Po
depbase=`echo acpi_ids.o | sed 's|[^/]*$|.deps/&|;s|\.o$||'`;\
gcc -DHAVE_CONFIG_H -I.  -include ./config.h -DNDEBUG -Wall -Wmissing-declarations -Wmissing-prototypes -Wredundant-decls -Wshadow -Wstrict-prototypes -Wformat=2 -march=x86-64-v3 -mtune=haswell -Os -pipe -fno-plt -fPIC -fstack-clash-protection -ffunction-sections -fdata-sections -MT acpi_ids.o -MD -MP -MF $depbase.Tpo -c -o acpi_ids.o acpi_ids.c &&\
mv -f $depbase.Tpo $depbase.Po
depbase=`echo connection_list.o | sed 's|[^/]*$|.deps/&|;s|\.o$||'`;\
gcc -DHAVE_CONFIG_H -I.  -include ./config.h -DNDEBUG -Wall -Wmissing-declarations -Wmissing-prototypes -Wredundant-decls -Wshadow -Wstrict-prototypes -Wformat=2 -march=x86-64-v3 -mtune=haswell -Os -pipe -fno-plt -fPIC -fstack-clash-protection -ffunction-sections -fdata-sections -MT connection_list.o -MD -MP -MF $depbase.Tpo -c -o connection_list.o connection_list.c &&\
mv -f $depbase.Tpo $depbase.Po
depbase=`echo event.o | sed 's|[^/]*$|.deps/&|;s|\.o$||'`;\
gcc -DHAVE_CONFIG_H -I.  -include ./config.h -DNDEBUG -Wall -Wmissing-declarations -Wmissing-prototypes -Wredundant-decls -Wshadow -Wstrict-prototypes -Wformat=2 -march=x86-64-v3 -mtune=haswell -Os -pipe -fno-plt -fPIC -fstack-clash-protection -ffunction-sections -fdata-sections -MT event.o -MD -MP -MF $depbase.Tpo -c -o event.o event.c &&\
mv -f $depbase.Tpo $depbase.Po
depbase=`echo input_layer.o | sed 's|[^/]*$|.deps/&|;s|\.o$||'`;\
gcc -DHAVE_CONFIG_H -I.  -include ./config.h -DNDEBUG -Wall -Wmissing-declarations -Wmissing-prototypes -Wredundant-decls -Wshadow -Wstrict-prototypes -Wformat=2 -march=x86-64-v3 -mtune=haswell -Os -pipe -fno-plt -fPIC -fstack-clash-protection -ffunction-sections -fdata-sections -MT input_layer.o -MD -MP -MF $depbase.Tpo -c -o input_layer.o input_layer.c &&\
mv -f $depbase.Tpo $depbase.Po
depbase=`echo inotify_handler.o | sed 's|[^/]*$|.deps/&|;s|\.o$||'`;\
gcc -DHAVE_CONFIG_H -I.  -include ./config.h -DNDEBUG -Wall -Wmissing-declarations -Wmissing-prototypes -Wredundant-decls -Wshadow -Wstrict-prototypes -Wformat=2 -march=x86-64-v3 -mtune=haswell -Os -pipe -fno-plt -fPIC -fstack-clash-protection -ffunction-sections -fdata-sections -MT inotify_handler.o -MD -MP -MF $depbase.Tpo -c -o inotify_handler.o inotify_handler.c &&\
mv -f $depbase.Tpo $depbase.Po
depbase=`echo libnetlink.o | sed 's|[^/]*$|.deps/&|;s|\.o$||'`;\
gcc -DHAVE_CONFIG_H -I.  -include ./config.h -DNDEBUG -Wall -Wmissing-declarations -Wmissing-prototypes -Wredundant-decls -Wshadow -Wstrict-prototypes -Wformat=2 -march=x86-64-v3 -mtune=haswell -Os -pipe -fno-plt -fPIC -fstack-clash-protection -ffunction-sections -fdata-sections -MT libnetlink.o -MD -MP -MF $depbase.Tpo -c -o libnetlink.o libnetlink.c &&\
mv -f $depbase.Tpo $depbase.Po
depbase=`echo netlink.o | sed 's|[^/]*$|.deps/&|;s|\.o$||'`;\
gcc -DHAVE_CONFIG_H -I.  -include ./config.h -DNDEBUG -Wall -Wmissing-declarations -Wmissing-prototypes -Wredundant-decls -Wshadow -Wstrict-prototypes -Wformat=2 -march=x86-64-v3 -mtune=haswell -Os -pipe -fno-plt -fPIC -fstack-clash-protection -ffunction-sections -fdata-sections -MT netlink.o -MD -MP -MF $depbase.Tpo -c -o netlink.o netlink.c &&\
mv -f $depbase.Tpo $depbase.Po
depbase=`echo proc.o | sed 's|[^/]*$|.deps/&|;s|\.o$||'`;\
gcc -DHAVE_CONFIG_H -I.  -include ./config.h -DNDEBUG -Wall -Wmissing-declarations -Wmissing-prototypes -Wredundant-decls -Wshadow -Wstrict-prototypes -Wformat=2 -march=x86-64-v3 -mtune=haswell -Os -pipe -fno-plt -fPIC -fstack-clash-protection -ffunction-sections -fdata-sections -MT proc.o -MD -MP -MF $depbase.Tpo -c -o proc.o proc.c &&\
mv -f $depbase.Tpo $depbase.Po
depbase=`echo sock.o | sed 's|[^/]*$|.deps/&|;s|\.o$||'`;\
gcc -DHAVE_CONFIG_H -I.  -include ./config.h -DNDEBUG -Wall -Wmissing-declarations -Wmissing-prototypes -Wredundant-decls -Wshadow -Wstrict-prototypes -Wformat=2 -march=x86-64-v3 -mtune=haswell -Os -pipe -fno-plt -fPIC -fstack-clash-protection -ffunction-sections -fdata-sections -MT sock.o -MD -MP -MF $depbase.Tpo -c -o sock.o sock.c &&\
mv -f $depbase.Tpo $depbase.Po
gcc -Wall -Wmissing-declarations -Wmissing-prototypes -Wredundant-decls -Wshadow -Wstrict-prototypes -Wformat=2 -march=x86-64-v3 -mtune=haswell -Os -pipe -fno-plt -fPIC -fstack-clash-protection -ffunction-sections -fdata-sections  -Wl,-O2,--sort-common,--as-needed,-z,relro,-z,now,--gc-sections,--compress-debug-sections=zstd -o acpi_listen acpi_listen.o log.o ud_socket.o  
gcc -Wall -Wmissing-declarations -Wmissing-prototypes -Wredundant-decls -Wshadow -Wstrict-prototypes -Wformat=2 -march=x86-64-v3 -mtune=haswell -Os -pipe -fno-plt -fPIC -fstack-clash-protection -ffunction-sections -fdata-sections  -Wl,-O2,--sort-common,--as-needed,-z,relro,-z,now,--gc-sections,--compress-debug-sections=zstd -o acpid acpid.o acpi_ids.o connection_list.o event.o input_layer.o inotify_handler.o libnetlink.o log.o netlink.o proc.o sock.o ud_socket.o  
make[2]: Leaving directory '/sources/acpid-2.0.34'
make[1]: Leaving directory '/sources/acpid-2.0.34'
Making install in kacpimon
make[1]: Entering directory '/sources/acpid-2.0.34/kacpimon'
make[2]: Entering directory '/sources/acpid-2.0.34/kacpimon'
 /usr/bin/mkdir -p '/usr/sbin'
 /usr/bin/mkdir -p '/usr/share/man/man8'
  /usr/bin/install -c kacpimon '/usr/sbin'
 /usr/bin/install -c -m 644 kacpimon.8 '/usr/share/man/man8'
make[2]: Leaving directory '/sources/acpid-2.0.34/kacpimon'
make[1]: Leaving directory '/sources/acpid-2.0.34/kacpimon'
make[1]: Entering directory '/sources/acpid-2.0.34'
make[2]: Entering directory '/sources/acpid-2.0.34'
 /usr/bin/mkdir -p '/usr/share/doc/acpid'
 /usr/bin/mkdir -p '/usr/share/man/man8'
 /usr/bin/mkdir -p '/usr/bin'
 /usr/bin/mkdir -p '/usr/sbin'
 /usr/bin/install -c -m 644 COPYING Changelog README TESTPLAN TODO '/usr/share/doc/acpid'
  /usr/bin/install -c acpi_listen '/usr/bin'
 /usr/bin/install -c -m 644 acpid.8 acpi_listen.8 '/usr/share/man/man8'
  /usr/bin/install -c acpid '/usr/sbin'
make[2]: Leaving directory '/sources/acpid-2.0.34'
make[1]: Leaving directory '/sources/acpid-2.0.34'
install: creating directory '/etc/acpi'
install: creating directory '/etc/acpi/events'
Cloning into 'blfs-systemd-units'...
make: Entering directory '/sources/acpid-2.0.34/blfs-systemd-units'
install -d -m 755 /etc/default
install -d -m 755 /usr/lib/tmpfiles.d
install -d -m 755 /usr/lib/systemd/system
install -m 644 blfs/units/acpid.service /usr/lib/systemd/system/
install -m 644 blfs/units/acpid.socket /usr/lib/systemd/system/
test -n "" || systemctl enable acpid.socket
Created symlink /etc/systemd/system/sockets.target.wants/acpid.socket → /usr/lib/systemd/system/acpid.socket.
make: Leaving directory '/sources/acpid-2.0.34/blfs-systemd-units'


CFLAGS:: -march=x86-64-v3 -mtune=haswell -Os -pipe -fno-plt -fPIC -fstack-clash-protection -ffunction-sections -fdata-sections
CXXFLAGS:: -march=x86-64-v3 -mtune=haswell -Os -pipe -fno-plt -fPIC -fstack-clash-protection -ffunction-sections -fdata-sections -Wp,-D_GLIBCXX_ASSERTIONS
CPPFLAGS:: -DNDEBUG
LDFLAGS:: -Wl,-O2,--sort-common,--as-needed,-z,relro,-z,now,--gc-sections,--compress-debug-sections=zstd


Fri May  3 10:40:04 UTC 2024

Totalseconds: 4

KB: 1851028	/

