Fri May  3 10:40:25 UTC 2024
KB: 1849716	/

cd lib && ./configure
Configuring libpci for your system... x86_64--linux 6.5.0-1018-azure x86_64 linux
Looking for access methods... sysfs proc mem-ports ecam i386-ports dump
Checking for zlib support... yes (auto-detected)
Checking for DNS support... yes (auto-detected)
Checking for libkmod... yes (auto-detected)
Checking for udev hwdb support... yes (auto-detected)
Checking whether to build a shared library... yes (set manually)
make -C lib all
cc -O2 -Wall -W -Wno-parentheses -Wstrict-prototypes -Wmissing-prototypes -DNDEBUG  -c -o lspci.o lspci.c
cc -O2 -Wall -W -Wno-parentheses -Wstrict-prototypes -Wmissing-prototypes -DNDEBUG  -c -o ls-vpd.o ls-vpd.c
cc -O2 -Wall -W -Wno-parentheses -Wstrict-prototypes -Wmissing-prototypes -DNDEBUG  -c -o ls-caps.o ls-caps.c
make[1]: Entering directory '/sources/pciutils-3.12.0/lib'
cc -O2 -Wall -W -Wno-parentheses -Wstrict-prototypes -Wmissing-prototypes -fPIC -fvisibility=hidden -DNDEBUG  -c -o init.o init.c
cc -O2 -Wall -W -Wno-parentheses -Wstrict-prototypes -Wmissing-prototypes -fPIC -fvisibility=hidden -DNDEBUG  -c -o access.o access.c
cc -O2 -Wall -W -Wno-parentheses -Wstrict-prototypes -Wmissing-prototypes -DNDEBUG  -c -o ls-caps-vendor.o ls-caps-vendor.c
cc -O2 -Wall -W -Wno-parentheses -Wstrict-prototypes -Wmissing-prototypes -DNDEBUG  -c -o ls-ecaps.o ls-ecaps.c
cc -O2 -Wall -W -Wno-parentheses -Wstrict-prototypes -Wmissing-prototypes -fPIC -fvisibility=hidden -DNDEBUG  -c -o generic.o generic.c
cc -O2 -Wall -W -Wno-parentheses -Wstrict-prototypes -Wmissing-prototypes -fPIC -fvisibility=hidden -DNDEBUG  -c -o dump.o dump.c
cc -O2 -Wall -W -Wno-parentheses -Wstrict-prototypes -Wmissing-prototypes -fPIC -fvisibility=hidden -DNDEBUG  -c -o names.o names.c
cc -O2 -Wall -W -Wno-parentheses -Wstrict-prototypes -Wmissing-prototypes -fPIC -fvisibility=hidden -DNDEBUG  -c -o filter.o filter.c
cc -O2 -Wall -W -Wno-parentheses -Wstrict-prototypes -Wmissing-prototypes  -DNDEBUG  -c -o ls-kernel.o ls-kernel.c
cc -O2 -Wall -W -Wno-parentheses -Wstrict-prototypes -Wmissing-prototypes -fPIC -fvisibility=hidden -DNDEBUG  -c -o names-hash.o names-hash.c
cc -O2 -Wall -W -Wno-parentheses -Wstrict-prototypes -Wmissing-prototypes -DNDEBUG  -c -o ls-tree.o ls-tree.c
cc -O2 -Wall -W -Wno-parentheses -Wstrict-prototypes -Wmissing-prototypes -fPIC -fvisibility=hidden -DNDEBUG  -c -o names-parse.o names-parse.c
cc -O2 -Wall -W -Wno-parentheses -Wstrict-prototypes -Wmissing-prototypes -DNDEBUG  -c -o ls-map.o ls-map.c
cc -O2 -Wall -W -Wno-parentheses -Wstrict-prototypes -Wmissing-prototypes -fPIC -fvisibility=hidden -DNDEBUG  -c -o names-net.o names-net.c
cc -O2 -Wall -W -Wno-parentheses -Wstrict-prototypes -Wmissing-prototypes -DNDEBUG  -c -o common.o common.c
cc -O2 -Wall -W -Wno-parentheses -Wstrict-prototypes -Wmissing-prototypes -DNDEBUG  -c -o setpci.o setpci.c
cc -O2 -Wall -W -Wno-parentheses -Wstrict-prototypes -Wmissing-prototypes -DNDEBUG  -c -o example.o example.c
cc -O2 -Wall -W -Wno-parentheses -Wstrict-prototypes -Wmissing-prototypes -fPIC -fvisibility=hidden -DNDEBUG  -c -o names-cache.o names-cache.c
M=`echo 2024-04-05 | sed 's/-01-/-January-/;s/-02-/-February-/;s/-03-/-March-/;s/-04-/-April-/;s/-05-/-May-/;s/-06-/-June-/;s/-07-/-July-/;s/-08-/-August-/;s/-09-/-September-/;s/-10-/-October-/;s/-11-/-November-/;s/-12-/-December-/;s/\(.*\)-\(.*\)-\(.*\)/\3 \2 \1/'` ; sed <lspci.man >lspci.8 "s/@TODAY@/$M/;s/@VERSION@/pciutils-3.12.0/;s#@IDSDIR@#/usr/share/hwdata#;s#@PCI_IDS@#pci.ids.gz#"
Makefile:145: warning: pattern recipe did not update peer target 'lspci.5'.
Makefile:145: warning: pattern recipe did not update peer target 'lspci.7'.
M=`echo 2024-04-05 | sed 's/-01-/-January-/;s/-02-/-February-/;s/-03-/-March-/;s/-04-/-April-/;s/-05-/-May-/;s/-06-/-June-/;s/-07-/-July-/;s/-08-/-August-/;s/-09-/-September-/;s/-10-/-October-/;s/-11-/-November-/;s/-12-/-December-/;s/\(.*\)-\(.*\)-\(.*\)/\3 \2 \1/'` ; sed <setpci.man >setpci.8 "s/@TODAY@/$M/;s/@VERSION@/pciutils-3.12.0/;s#@IDSDIR@#/usr/share/hwdata#;s#@PCI_IDS@#pci.ids.gz#"
Makefile:145: warning: pattern recipe did not update peer target 'setpci.5'.
Makefile:145: warning: pattern recipe did not update peer target 'setpci.7'.
M=`echo 2024-04-05 | sed 's/-01-/-January-/;s/-02-/-February-/;s/-03-/-March-/;s/-04-/-April-/;s/-05-/-May-/;s/-06-/-June-/;s/-07-/-July-/;s/-08-/-August-/;s/-09-/-September-/;s/-10-/-October-/;s/-11-/-November-/;s/-12-/-December-/;s/\(.*\)-\(.*\)-\(.*\)/\3 \2 \1/'` ; sed <pcilib.man >pcilib.7 "s/@TODAY@/$M/;s/@VERSION@/pciutils-3.12.0/;s#@IDSDIR@#/usr/share/hwdata#;s#@PCI_IDS@#pci.ids.gz#"
Makefile:145: warning: pattern recipe did not update peer target 'pcilib.5'.
Makefile:145: warning: pattern recipe did not update peer target 'pcilib.8'.
M=`echo 2024-04-05 | sed 's/-01-/-January-/;s/-02-/-February-/;s/-03-/-March-/;s/-04-/-April-/;s/-05-/-May-/;s/-06-/-June-/;s/-07-/-July-/;s/-08-/-August-/;s/-09-/-September-/;s/-10-/-October-/;s/-11-/-November-/;s/-12-/-December-/;s/\(.*\)-\(.*\)-\(.*\)/\3 \2 \1/'` ; sed <pci.ids.man >pci.ids.5 "s/@TODAY@/$M/;s/@VERSION@/pciutils-3.12.0/;s#@IDSDIR@#/usr/share/hwdata#;s#@PCI_IDS@#pci.ids.gz#"
Makefile:145: warning: pattern recipe did not update peer target 'pci.ids.7'.
Makefile:145: warning: pattern recipe did not update peer target 'pci.ids.8'.
sed <update-pciids.sh >update-pciids "s@^DEST=.*@DEST=/usr/share/hwdata/pci.ids.gz@;s@^PCI_COMPRESSED_IDS=.*@PCI_COMPRESSED_IDS=1@;s@VERSION=.*@VERSION=3.12.0@"
M=`echo 2024-04-05 | sed 's/-01-/-January-/;s/-02-/-February-/;s/-03-/-March-/;s/-04-/-April-/;s/-05-/-May-/;s/-06-/-June-/;s/-07-/-July-/;s/-08-/-August-/;s/-09-/-September-/;s/-10-/-October-/;s/-11-/-November-/;s/-12-/-December-/;s/\(.*\)-\(.*\)-\(.*\)/\3 \2 \1/'` ; sed <update-pciids.man >update-pciids.8 "s/@TODAY@/$M/;s/@VERSION@/pciutils-3.12.0/;s#@IDSDIR@#/usr/share/hwdata#;s#@PCI_IDS@#pci.ids.gz#"
chmod +x update-pciids
gzip -9n <pci.ids >pci.ids.gz
Makefile:145: warning: pattern recipe did not update peer target 'update-pciids.5'.
Makefile:145: warning: pattern recipe did not update peer target 'update-pciids.7'.
cc -O2 -Wall -W -Wno-parentheses -Wstrict-prototypes -Wmissing-prototypes -I . -DNDEBUG  -c -o pcilmr.o pcilmr.c
cc -O2 -Wall -W -Wno-parentheses -Wstrict-prototypes -Wmissing-prototypes -fPIC -fvisibility=hidden -DNDEBUG  -c -o names-hwdb.o names-hwdb.c
cc -O2 -Wall -W -Wno-parentheses -Wstrict-prototypes -Wmissing-prototypes -I . -DNDEBUG  -c -o lmr/margin_hw.o lmr/margin_hw.c
cc -O2 -Wall -W -Wno-parentheses -Wstrict-prototypes -Wmissing-prototypes -fPIC -fvisibility=hidden -DNDEBUG  -c -o params.o params.c
cc -O2 -Wall -W -Wno-parentheses -Wstrict-prototypes -Wmissing-prototypes -I . -DNDEBUG  -c -o lmr/margin.o lmr/margin.c
cc -O2 -Wall -W -Wno-parentheses -Wstrict-prototypes -Wmissing-prototypes -fPIC -fvisibility=hidden -DNDEBUG  -c -o caps.o caps.c
cc -O2 -Wall -W -Wno-parentheses -Wstrict-prototypes -Wmissing-prototypes -I . -DNDEBUG  -c -o lmr/margin_log.o lmr/margin_log.c
cc -O2 -Wall -W -Wno-parentheses -Wstrict-prototypes -Wmissing-prototypes -I . -DNDEBUG  -c -o lmr/margin_results.o lmr/margin_results.c
cc -O2 -Wall -W -Wno-parentheses -Wstrict-prototypes -Wmissing-prototypes -fPIC -fvisibility=hidden -DNDEBUG  -c -o sysfs.o sysfs.c
M=`echo 2024-04-05 | sed 's/-01-/-January-/;s/-02-/-February-/;s/-03-/-March-/;s/-04-/-April-/;s/-05-/-May-/;s/-06-/-June-/;s/-07-/-July-/;s/-08-/-August-/;s/-09-/-September-/;s/-10-/-October-/;s/-11-/-November-/;s/-12-/-December-/;s/\(.*\)-\(.*\)-\(.*\)/\3 \2 \1/'` ; sed <pcilmr.man >pcilmr.8 "s/@TODAY@/$M/;s/@VERSION@/pciutils-3.12.0/;s#@IDSDIR@#/usr/share/hwdata#;s#@PCI_IDS@#pci.ids.gz#"
Makefile:145: warning: pattern recipe did not update peer target 'pcilmr.5'.
Makefile:145: warning: pattern recipe did not update peer target 'pcilmr.7'.
cc -O2 -Wall -W -Wno-parentheses -Wstrict-prototypes -Wmissing-prototypes -fPIC -fvisibility=hidden -DNDEBUG  -c -o proc.o proc.c
cc -O2 -Wall -W -Wno-parentheses -Wstrict-prototypes -Wmissing-prototypes -fPIC -fvisibility=hidden -DNDEBUG  -c -o i386-ports.o i386-ports.c
cc -O2 -Wall -W -Wno-parentheses -Wstrict-prototypes -Wmissing-prototypes -fPIC -fvisibility=hidden -DNDEBUG  -c -o mmio-ports.o mmio-ports.c
cc -O2 -Wall -W -Wno-parentheses -Wstrict-prototypes -Wmissing-prototypes -fPIC -fvisibility=hidden -DNDEBUG  -c -o ecam.o ecam.c
cc -O2 -Wall -W -Wno-parentheses -Wstrict-prototypes -Wmissing-prototypes -fPIC -fvisibility=hidden -DNDEBUG  -c -o physmem-posix.o physmem-posix.c
sed <libpci.pc.in >libpci.pc -e 's,@PREFIX@,/usr,' \
	-e 's,@INCDIR@,/usr/include,' \
	-e 's,@LIBDIR@,/usr/lib,' \
	-e 's,@IDSDIR@,/usr/share/hwdata,' \
	-e 's,@VERSION@,3.12.0,' \
	-e 's,@LDLIBS@,,' \
	-e 's,@WITH_LIBS@,-lz -lresolv -ludev,'
cc -shared -O2 -Wall -W -Wno-parentheses -Wstrict-prototypes -Wmissing-prototypes -fPIC -fvisibility=hidden -Wl,-O2,--sort-common,--as-needed,-z,relro,-z,now,--gc-sections,--compress-debug-sections=zstd -Wl,-soname,libpci.so.3 -Wl,--version-script=libpci.ver -o libpci.so.3.12.0 init.o access.o generic.o dump.o names.o filter.o names-hash.o names-parse.o names-net.o names-cache.o names-hwdb.o params.o caps.o sysfs.o proc.o i386-ports.o mmio-ports.o ecam.o physmem-posix.o -lz -lresolv -ludev
make[1]: Leaving directory '/sources/pciutils-3.12.0/lib'
cc -O2 -Wall -W -Wno-parentheses -Wstrict-prototypes -Wmissing-prototypes -Wl,-O2,--sort-common,--as-needed,-z,relro,-z,now,--gc-sections,--compress-debug-sections=zstd  lspci.o ls-vpd.o ls-caps.o ls-caps-vendor.o ls-ecaps.o ls-kernel.o ls-tree.o ls-map.o common.o lib/libpci.so.3.12.0 -lkmod -o lspci
cc -O2 -Wall -W -Wno-parentheses -Wstrict-prototypes -Wmissing-prototypes -Wl,-O2,--sort-common,--as-needed,-z,relro,-z,now,--gc-sections,--compress-debug-sections=zstd  setpci.o common.o lib/libpci.so.3.12.0  -o setpci
cc -O2 -Wall -W -Wno-parentheses -Wstrict-prototypes -Wmissing-prototypes -Wl,-O2,--sort-common,--as-needed,-z,relro,-z,now,--gc-sections,--compress-debug-sections=zstd  example.o lib/libpci.so.3.12.0  -o example
cc -O2 -Wall -W -Wno-parentheses -Wstrict-prototypes -Wmissing-prototypes -Wl,-O2,--sort-common,--as-needed,-z,relro,-z,now,--gc-sections,--compress-debug-sections=zstd  pcilmr.o lmr/margin_hw.o lmr/margin.o lmr/margin_log.o lmr/margin_results.o common.o lib/libpci.so.3.12.0  -o pcilmr
make -C lib all
make[1]: Entering directory '/sources/pciutils-3.12.0/lib'
make[1]: Nothing to be done for 'all'.
make[1]: Leaving directory '/sources/pciutils-3.12.0/lib'
install -d -m 755 /usr/lib
install -c -m 644 lib/libpci.so.3.12.0 /usr/lib
install -d -m 755 /usr/bin /usr/sbin /usr/share/hwdata /usr/share/man/man8 /usr/share/man/man7 /usr/share/man/man5
install -d -m 755 /usr/include/pci /usr/lib/pkgconfig
install -c -m 755 -s lspci /usr/bin
install -c -m 644 lib/config.h lib/header.h lib/pci.h lib/types.h /usr/include/pci
install -c -m 644 lib/libpci.pc /usr/lib/pkgconfig
ln -sf libpci.so.3.12.0 /usr/lib/libpci.so.3
ln -sf libpci.so.3 /usr/lib/libpci.so
install -c -m 755 -s setpci /usr/sbin
install -c -m 755 -s pcilmr /usr/sbin
install -c -m 755 update-pciids /usr/sbin
install -c -m 644 pci.ids.gz /usr/share/hwdata
install -c -m 644 lspci.8 setpci.8 pcilmr.8 update-pciids.8 /usr/share/man/man8
install -c -m 644 pcilib.7 /usr/share/man/man7
install -c -m 644 pci.ids.5 /usr/share/man/man5
ln -sf libpci.so.3.12.0 /usr/lib/libpci.so.3
mode of '/usr/lib/libpci.so' changed from 0644 (rw-r--r--) to 0755 (rwxr-xr-x)
--2024-05-03 10:40:28--  https://raw.githubusercontent.com/pciutils/pciids/master/pci.ids
Resolving raw.githubusercontent.com... 2606:50c0:8003::154, 2606:50c0:8002::154, 2606:50c0:8001::154, ...
Connecting to raw.githubusercontent.com|2606:50c0:8003::154|:443... failed: Network is unreachable.
Connecting to raw.githubusercontent.com|2606:50c0:8002::154|:443... failed: Network is unreachable.
Connecting to raw.githubusercontent.com|2606:50c0:8001::154|:443... failed: Network is unreachable.
Connecting to raw.githubusercontent.com|2606:50c0:8000::154|:443... failed: Network is unreachable.
Connecting to raw.githubusercontent.com|185.199.110.133|:443... connected.
HTTP request sent, awaiting response... 200 OK
Length: 1450318 (1.4M) [text/plain]
Saving to: '/usr/share/hwdata/pci.ids'

     0K .......... .......... .......... .......... ..........  3% 8.45M 0s
    50K .......... .......... .......... .......... ..........  7% 9.69M 0s
   100K .......... .......... .......... .......... .......... 10%  131M 0s
   150K .......... .......... .......... .......... .......... 14% 41.1M 0s
   200K .......... .......... .......... .......... .......... 17% 13.7M 0s
   250K .......... .......... .......... .......... .......... 21%  136M 0s
   300K .......... .......... .......... .......... .......... 24% 49.6M 0s
   350K .......... .......... .......... .......... .......... 28%  166M 0s
   400K .......... .......... .......... .......... .......... 31% 82.9M 0s
   450K .......... .......... .......... .......... .......... 35% 23.5M 0s
   500K .......... .......... .......... .......... .......... 38% 70.6M 0s
   550K .......... .......... .......... .......... .......... 42% 88.8M 0s
   600K .......... .......... .......... .......... .......... 45% 58.4M 0s
   650K .......... .......... .......... .......... .......... 49%  147M 0s
   700K .......... .......... .......... .......... .......... 52%  181M 0s
   750K .......... .......... .......... .......... .......... 56%  174M 0s
   800K .......... .......... .......... .......... .......... 60%  137M 0s
   850K .......... .......... .......... .......... .......... 63%  165M 0s
   900K .......... .......... .......... .......... .......... 67%  180M 0s
   950K .......... .......... .......... .......... .......... 70% 43.3M 0s
  1000K .......... .......... .......... .......... .......... 74%  152M 0s
  1050K .......... .......... .......... .......... .......... 77% 9.64M 0s
  1100K .......... .......... .......... .......... .......... 81%  155M 0s
  1150K .......... .......... .......... .......... .......... 84%  199M 0s
  1200K .......... .......... .......... .......... .......... 88%  199M 0s
  1250K .......... .......... .......... .......... .......... 91%  200M 0s
  1300K .......... .......... .......... .......... .......... 95%  177M 0s
  1350K .......... .......... .......... .......... .......... 98%  200M 0s
  1400K .......... ......                                     100%  150M=0.03s

2024-05-03 10:40:28 (42.8 MB/s) - '/usr/share/hwdata/pci.ids' saved [1450318/1450318]



CFLAGS:: -march=x86-64-v3 -mtune=haswell -Os -pipe -fno-plt -fPIC -fstack-clash-protection -ffunction-sections -fdata-sections
CXXFLAGS:: -march=x86-64-v3 -mtune=haswell -Os -pipe -fno-plt -fPIC -fstack-clash-protection -ffunction-sections -fdata-sections -Wp,-D_GLIBCXX_ASSERTIONS
CPPFLAGS:: -DNDEBUG
LDFLAGS:: -Wl,-O2,--sort-common,--as-needed,-z,relro,-z,now,--gc-sections,--compress-debug-sections=zstd


Fri May  3 10:40:28 UTC 2024

Totalseconds: 3

KB: 1856900	/

