Fri Mar 29 02:41:51 UTC 2024
KB: 1778568	/

checking for a BSD-compatible install... /usr/bin/install -c
checking whether build environment is sane... yes
checking for a race-free mkdir -p... /usr/bin/mkdir -p
checking for gawk... gawk
checking whether make sets $(MAKE)... yes
checking whether make supports nested variables... yes
checking whether make supports nested variables... (cached) yes
checking whether make supports the include directive... yes (GNU style)
checking for gcc... gcc
checking whether the C compiler works... yes
checking for C compiler default output file name... a.out
checking for suffix of executables... 
checking whether we are cross compiling... no
checking for suffix of object files... o
checking whether the compiler supports GNU C... yes
checking whether gcc accepts -g... yes
checking for gcc option to enable C11 features... none needed
checking whether gcc understands -c and -o together... yes
checking dependency style of gcc... gcc3
checking for stdio.h... yes
checking for stdlib.h... yes
checking for string.h... yes
checking for inttypes.h... yes
checking for stdint.h... yes
checking for strings.h... yes
checking for sys/stat.h... yes
checking for sys/types.h... yes
checking for unistd.h... yes
checking for wchar.h... yes
checking for minix/config.h... no
checking whether it is safe to define __EXTENSIONS__... yes
checking whether _XOPEN_SOURCE should be defined... no
checking for special C compiler options needed for large files... no
checking for _FILE_OFFSET_BITS value needed for large files... no
checking for byteswap.h... yes
checking for nl_langinfo... yes
checking for iconv... yes
checking for pkg-config... /usr/bin/pkg-config
checking pkg-config is at least version 0.9.0... yes
checking for LIBUSB... yes
checking for UDEV... yes
checking that generated files are newer than configure... done
configure: creating ./config.status
config.status: creating usbutils.pc
config.status: WARNING:  'usbutils.pc.in' seems to ignore the --datarootdir setting
config.status: creating Makefile
config.status: creating config.h
config.status: executing depfiles commands
=== configuring in usbhid-dump (/sources/usbutils-017/usbhid-dump)
configure: running /bin/sh ./configure --disable-option-checking '--prefix=/usr'  '--datadir=/usr/share/hwdata' 'CFLAGS=-march=x86-64-v3 -mtune=haswell -Os -pipe -fno-plt -fPIC -fstack-clash-protection -ffunction-sections -fdata-sections' 'LDFLAGS=-Wl,-O2,--sort-common,--as-needed,-z,relro,-z,now,--gc-sections,--compress-debug-sections=zstd' 'CPPFLAGS=-DNDEBUG' --cache-file=/dev/null --srcdir=.
checking for a BSD-compatible install... /usr/bin/install -c
checking whether build environment is sane... yes
checking for a race-free mkdir -p... /usr/bin/mkdir -p
checking for gawk... gawk
checking whether make sets $(MAKE)... yes
checking whether make supports nested variables... yes
checking whether make supports nested variables... (cached) yes
checking whether to enable maintainer-specific portions of Makefiles... no
checking whether make supports the include directive... yes (GNU style)
checking for gcc... gcc
checking whether the C compiler works... yes
checking for C compiler default output file name... a.out
checking for suffix of executables... 
checking whether we are cross compiling... no
checking for suffix of object files... o
checking whether the compiler supports GNU C... yes
checking whether gcc accepts -g... yes
checking for gcc option to enable C11 features... none needed
checking whether gcc understands -c and -o together... yes
checking dependency style of gcc... gcc3
checking for stdio.h... yes
checking for stdlib.h... yes
checking for string.h... yes
checking for inttypes.h... yes
checking for stdint.h... yes
checking for strings.h... yes
checking for sys/stat.h... yes
checking for sys/types.h... yes
checking for unistd.h... yes
checking for wchar.h... yes
checking for minix/config.h... no
checking whether it is safe to define __EXTENSIONS__... yes
checking whether _XOPEN_SOURCE should be defined... no
checking for pkg-config... /usr/bin/pkg-config
checking pkg-config is at least version 0.9.0... yes
checking for LIBUSB... yes
checking for libusb_set_option... yes
checking that generated files are newer than configure... done
configure: creating ./config.status
config.status: creating Makefile
config.status: creating src/Makefile
config.status: creating config.h
config.status: executing depfiles commands

	usbutils 017
	=============

	prefix:                 /usr
	datarootdir:            ${prefix}/share
	datadir:                /usr/share/hwdata
	pkgconfigdir:		${libdir}/pkgconfig
	mandir:                 ${datarootdir}/man

	usb.ids:                /usr/share/hwdata/usb.ids

	compiler:               gcc
	cflags:                 -march=x86-64-v3 -mtune=haswell -Os -pipe -fno-plt -fPIC -fstack-clash-protection -ffunction-sections -fdata-sections
	ldflags:                -Wl,-O2,--sort-common,--as-needed,-z,relro,-z,now,--gc-sections,--compress-debug-sections=zstd

make  all-recursive
make[1]: Entering directory '/sources/usbutils-017'
Making all in usbhid-dump
make[2]: Entering directory '/sources/usbutils-017/usbhid-dump'
make  all-recursive
make[3]: Entering directory '/sources/usbutils-017/usbhid-dump'
Making all in src
make[4]: Entering directory '/sources/usbutils-017/usbhid-dump/src'
  CC       dev.o
  CC       dev_list.o
  CC       iface.o
  CC       iface_list.o
  CC       usbhid-dump.o
  CCLD     usbhid-dump
make[4]: Leaving directory '/sources/usbutils-017/usbhid-dump/src'
make[4]: Entering directory '/sources/usbutils-017/usbhid-dump'
make[4]: Leaving directory '/sources/usbutils-017/usbhid-dump'
make[3]: Leaving directory '/sources/usbutils-017/usbhid-dump'
make[2]: Leaving directory '/sources/usbutils-017/usbhid-dump'
make[2]: Entering directory '/sources/usbutils-017'
  CC       lsusb-lsusb.o
  CC       lsusb-lsusb-t.o
  CC       lsusb-desc-defs.o
  CC       lsusb-desc-dump.o
  CC       lsusb-names.o
  CC       lsusb-sysfs.o
  CC       lsusb-usbmisc.o
  CC       usbreset.o
sed 's|VERSION|017|g;s|@usbids@|/usr/share/hwdata/usb.ids|g' lsusb.py.in >lsusb.py
chmod 755 lsusb.py
sed 's|VERSION|017|g' lsusb.8.in >lsusb.8
sed 's|VERSION|017|g' usbhid-dump.8.in >usbhid-dump.8
sed 's|VERSION|017|g' usb-devices.1.in >usb-devices.1
  CCLD     usbreset
  CCLD     lsusb
make[2]: Leaving directory '/sources/usbutils-017'
make[1]: Leaving directory '/sources/usbutils-017'
Making install in usbhid-dump
make[1]: Entering directory '/sources/usbutils-017/usbhid-dump'
Making install in src
make[2]: Entering directory '/sources/usbutils-017/usbhid-dump/src'
make[3]: Entering directory '/sources/usbutils-017/usbhid-dump/src'
make[3]: Nothing to be done for 'install-data-am'.
 /usr/bin/mkdir -p '/usr/bin'
  /usr/bin/install -c usbhid-dump '/usr/bin'
make[3]: Leaving directory '/sources/usbutils-017/usbhid-dump/src'
make[2]: Leaving directory '/sources/usbutils-017/usbhid-dump/src'
make[2]: Entering directory '/sources/usbutils-017/usbhid-dump'
make[3]: Entering directory '/sources/usbutils-017/usbhid-dump'
make[3]: Nothing to be done for 'install-exec-am'.
make[3]: Nothing to be done for 'install-data-am'.
make[3]: Leaving directory '/sources/usbutils-017/usbhid-dump'
make[2]: Leaving directory '/sources/usbutils-017/usbhid-dump'
make[1]: Leaving directory '/sources/usbutils-017/usbhid-dump'
make[1]: Entering directory '/sources/usbutils-017'
make[2]: Entering directory '/sources/usbutils-017'
 /usr/bin/mkdir -p '/usr/bin'
 /usr/bin/mkdir -p '/usr/share/man/man1'
 /usr/bin/install -c usb-devices lsusb.py '/usr/bin'
 /usr/bin/mkdir -p '/usr/lib/pkgconfig'
 /usr/bin/mkdir -p '/usr/share/man/man8'
 /usr/bin/mkdir -p '/usr/bin'
 /usr/bin/install -c -m 644 usbutils.pc '/usr/lib/pkgconfig'
 /usr/bin/install -c -m 644 usb-devices.1 '/usr/share/man/man1'
  /usr/bin/install -c lsusb '/usr/bin'
 /usr/bin/install -c -m 644 lsusb.8 usbhid-dump.8 '/usr/share/man/man8'
make[2]: Leaving directory '/sources/usbutils-017'
make[1]: Leaving directory '/sources/usbutils-017'
--2024-03-29 02:41:55--  http://www.linux-usb.org/usb.ids
Resolving www.linux-usb.org... 204.68.111.100
Connecting to www.linux-usb.org|204.68.111.100|:80... connected.
HTTP request sent, awaiting response... 200 OK
Length: 728227 (711K) [text/plain]
Saving to: '/usr/share/hwdata/usb.ids'

     0K .......... .......... .......... .......... ..........  7% 1.84M 0s
    50K .......... .......... .......... .......... .......... 14% 3.57M 0s
   100K .......... .......... .......... .......... .......... 21% 93.1T 0s
   150K .......... .......... .......... .......... .......... 28%  145M 0s
   200K .......... .......... .......... .......... .......... 35% 3.68M 0s
   250K .......... .......... .......... .......... .......... 42%  182M 0s
   300K .......... .......... .......... .......... .......... 49%  232M 0s
   350K .......... .......... .......... .......... .......... 56%  170M 0s
   400K .......... .......... .......... .......... .......... 63% 3.95M 0s
   450K .......... .......... .......... .......... .......... 70%  112M 0s
   500K .......... .......... .......... .......... .......... 77%  140M 0s
   550K .......... .......... .......... .......... .......... 84%  143M 0s
   600K .......... .......... .......... .......... .......... 91%  181M 0s
   650K .......... .......... .......... .......... .......... 98%  148M 0s
   700K .......... .                                          100% 20.8T=0.07s

2024-03-29 02:41:56 (10.1 MB/s) - '/usr/share/hwdata/usb.ids' saved [728227/728227]



CFLAGS:: -march=x86-64-v3 -mtune=haswell -Os -pipe -fno-plt -fPIC -fstack-clash-protection -ffunction-sections -fdata-sections
CXXFLAGS:: -march=x86-64-v3 -mtune=haswell -Os -pipe -fno-plt -fPIC -fstack-clash-protection -ffunction-sections -fdata-sections -Wp,-D_GLIBCXX_ASSERTIONS
CPPFLAGS:: -DNDEBUG
LDFLAGS:: -Wl,-O2,--sort-common,--as-needed,-z,relro,-z,now,--gc-sections,--compress-debug-sections=zstd


Fri Mar 29 02:41:56 UTC 2024

Totalseconds: 5

KB: 1782000	/

